<?xml version="1.0" encoding="UTF-8"?>
<!-- Generated by org.testng.reporters.JUnitXMLReporter -->
<testsuite ignored="0" hostname="DESKTOP-47P2MTB" failures="5" tests="24" name="Test" time="620.687" errors="0" timestamp="2024-10-25T14:59:25 IST">
  <testcase classname="testCase.SwagLabs1LoginPageTest" name="checkLoginFunctionality" time="13.571"/>
  <testcase classname="testCase.SwagLabs1LoginPageTest" name="checkLoginFunctionality" time="13.298"/>
  <testcase classname="testCase.SwagLabs1LoginPageTest" name="checkLoginFunctionality" time="13.246"/>
  <testcase classname="testCase.SwagLabs1LoginPageTest" name="checkLoginFunctionality" time="13.17"/>
  <testcase classname="testCase.SwagLabs1LoginPageTest" name="checkLoginFunctionality" time="13.195"/>
  <testcase classname="testCase.SwagLabs1LoginPageTest" name="checkLoginFunctionality" time="13.234"/>
  <testcase classname="testCase.SwagLabs2InventoryPageTest" name="verifySortFunctionality" time="29.733"/>
  <testcase classname="testCase.SwagLabs2InventoryPageTest" name="verifyUserIsAbleToNavigateToSocialMediaSites" time="50.511"/>
  <testcase classname="testCase.SwagLabs2InventoryPageTest" name="verifyUserCanAddItemToCart" time="27.479">
    <failure type="java.lang.AssertionError" message="Both array length does not matches. expected [true] but found [false]">
      <![CDATA[java.lang.AssertionError: Both array length does not matches. expected [true] but found [false]
at testCase.SwagLabs2InventoryPageTest.verifyUserCanAddItemToCart(SwagLabs2InventoryPageTest.java:126)
at java.base/java.util.ArrayList.forEach(ArrayList.java:1511)
... Removed 34 stack frames]]>
    </failure>
  </testcase> <!-- verifyUserCanAddItemToCart -->
  <testcase classname="testCase.SwagLabs3ProductPageTest" name="verifyUserCanAddProductToCart" time="4.636"/>
  <testcase classname="testCase.SwagLabs3ProductPageTest" name="verifyUserCanRemoveProductFromCart" time="18.294">
    <failure type="org.openqa.selenium.NoSuchElementException" message="no such element: Unable to locate element: {&amp;quot;method&amp;quot;:&amp;quot;xpath&amp;quot;,&amp;quot;selector&amp;quot;:&amp;quot;//div[text()=&amp;apos;Sauce Labs Backpack&amp;apos;]&amp;quot;}
  (Session info: chrome=130.0.6723.59)
For documentation on this error, please visit: https://www.selenium.dev/documentation/webdriver/troubleshooting/errors#no-such-element-exception
Build info: version: &amp;apos;4.23.0&amp;apos;, revision: &amp;apos;4df0a231af&amp;apos;
System info: os.name: &amp;apos;Windows 10&amp;apos;, os.arch: &amp;apos;amd64&amp;apos;, os.version: &amp;apos;10.0&amp;apos;, java.version: &amp;apos;17.0.7&amp;apos;
Driver info: org.openqa.selenium.chrome.ChromeDriver
Command: [37c4b637ff4e964457bde12b82cb2151, findElement {using=xpath, value=//div[text()=&amp;apos;Sauce Labs Backpack&amp;apos;]}]
Capabilities {acceptInsecureCerts: false, browserName: chrome, browserVersion: 130.0.6723.59, chrome: {chromedriverVersion: 130.0.6723.69 (3ec172b971b9..., userDataDir: C:\Users\Admin\AppData\Loca...}, fedcm:accounts: true, goog:chromeOptions: {debuggerAddress: localhost:57994}, networkConnectionEnabled: false, pageLoadStrategy: normal, platformName: windows, proxy: Proxy(), se:cdp: ws://localhost:57994/devtoo..., se:cdpVersion: 130.0.6723.59, setWindowRect: true, strictFileInteractability: false, timeouts: {implicit: 0, pageLoad: 300000, script: 30000}, unhandledPromptBehavior: dismiss and notify, webauthn:extension:credBlob: true, webauthn:extension:largeBlob: true, webauthn:extension:minPinLength: true, webauthn:extension:prf: true, webauthn:virtualAuthenticators: true}
Session ID: 37c4b637ff4e964457bde12b82cb2151">
      <![CDATA[org.openqa.selenium.NoSuchElementException: no such element: Unable to locate element: {"method":"xpath","selector":"//div[text()='Sauce Labs Backpack']"}
  (Session info: chrome=130.0.6723.59)
For documentation on this error, please visit: https://www.selenium.dev/documentation/webdriver/troubleshooting/errors#no-such-element-exception
Build info: version: '4.23.0', revision: '4df0a231af'
System info: os.name: 'Windows 10', os.arch: 'amd64', os.version: '10.0', java.version: '17.0.7'
Driver info: org.openqa.selenium.chrome.ChromeDriver
Command: [37c4b637ff4e964457bde12b82cb2151, findElement {using=xpath, value=//div[text()='Sauce Labs Backpack']}]
Capabilities {acceptInsecureCerts: false, browserName: chrome, browserVersion: 130.0.6723.59, chrome: {chromedriverVersion: 130.0.6723.69 (3ec172b971b9..., userDataDir: C:\Users\Admin\AppData\Loca...}, fedcm:accounts: true, goog:chromeOptions: {debuggerAddress: localhost:57994}, networkConnectionEnabled: false, pageLoadStrategy: normal, platformName: windows, proxy: Proxy(), se:cdp: ws://localhost:57994/devtoo..., se:cdpVersion: 130.0.6723.59, setWindowRect: true, strictFileInteractability: false, timeouts: {implicit: 0, pageLoad: 300000, script: 30000}, unhandledPromptBehavior: dismiss and notify, webauthn:extension:credBlob: true, webauthn:extension:largeBlob: true, webauthn:extension:minPinLength: true, webauthn:extension:prf: true, webauthn:virtualAuthenticators: true}
Session ID: 37c4b637ff4e964457bde12b82cb2151
at org.openqa.selenium.remote.ErrorCodec.decode(ErrorCodec.java:167)
at org.openqa.selenium.remote.codec.w3c.W3CHttpResponseCodec.decode(W3CHttpResponseCodec.java:138)
at org.openqa.selenium.remote.codec.w3c.W3CHttpResponseCodec.decode(W3CHttpResponseCodec.java:50)
at org.openqa.selenium.remote.HttpCommandExecutor.execute(HttpCommandExecutor.java:190)
at org.openqa.selenium.remote.service.DriverCommandExecutor.invokeExecute(DriverCommandExecutor.java:216)
at org.openqa.selenium.remote.service.DriverCommandExecutor.execute(DriverCommandExecutor.java:174)
at org.openqa.selenium.remote.RemoteWebDriver.execute(RemoteWebDriver.java:527)
at org.openqa.selenium.remote.ElementLocation$ElementFinder$2.findElement(ElementLocation.java:165)
at org.openqa.selenium.remote.ElementLocation.findElement(ElementLocation.java:59)
at org.openqa.selenium.remote.RemoteWebDriver.findElement(RemoteWebDriver.java:357)
at org.openqa.selenium.remote.RemoteWebDriver.findElement(RemoteWebDriver.java:351)
at testCase.SwagLabs3ProductPageTest.verifyUserCanRemoveProductFromCart(SwagLabs3ProductPageTest.java:89)
at java.base/java.util.ArrayList.forEach(ArrayList.java:1511)
... Removed 36 stack frames]]>
    </failure>
  </testcase> <!-- verifyUserCanRemoveProductFromCart -->
  <testcase classname="testCase.SwagLabs4CartPageTest" name="verifyNavigationToCheckoutPage" time="4.344"/>
  <testcase classname="testCase.SwagLabs4CartPageTest" name="navigateToHomepageAndAddItems" time="7.657"/>
  <testcase classname="testCase.SwagLabs5CheckoutPageTest" name="verifyCancelCheckoutFunctionality" time="2.212"/>
  <testcase classname="testCase.SwagLabs5CheckoutPageTest" name="verifyCheckoutFunctionality" time="3.067"/>
  <testcase classname="testCase.SwagLabs5CheckoutPageTest" name="verifyCheckoutFunctionality" time="2.921">
    <failure type="java.lang.AssertionError" message="Url should not match. did not expect [https://www.saucedemo.com/checkout-step-two.html] but found [https://www.saucedemo.com/checkout-step-two.html]">
      <![CDATA[java.lang.AssertionError: Url should not match. did not expect [https://www.saucedemo.com/checkout-step-two.html] but found [https://www.saucedemo.com/checkout-step-two.html]
at testCase.SwagLabs5CheckoutPageTest.verifyCheckoutFunctionality(SwagLabs5CheckoutPageTest.java:90)
at java.base/java.util.ArrayList.forEach(ArrayList.java:1511)
... Removed 35 stack frames]]>
    </failure>
  </testcase> <!-- verifyCheckoutFunctionality -->
  <testcase classname="testCase.SwagLabs5CheckoutPageTest" name="verifyCheckoutFunctionality" time="3.098">
    <failure type="java.lang.AssertionError" message="Url should not match. did not expect [https://www.saucedemo.com/checkout-step-two.html] but found [https://www.saucedemo.com/checkout-step-two.html]">
      <![CDATA[java.lang.AssertionError: Url should not match. did not expect [https://www.saucedemo.com/checkout-step-two.html] but found [https://www.saucedemo.com/checkout-step-two.html]
at testCase.SwagLabs5CheckoutPageTest.verifyCheckoutFunctionality(SwagLabs5CheckoutPageTest.java:90)
at java.base/java.util.ArrayList.forEach(ArrayList.java:1511)
... Removed 35 stack frames]]>
    </failure>
  </testcase> <!-- verifyCheckoutFunctionality -->
  <testcase classname="testCase.SwagLabs5CheckoutPageTest" name="verifyCheckoutFunctionality" time="2.913">
    <failure type="java.lang.AssertionError" message="Url should not match. did not expect [https://www.saucedemo.com/checkout-step-two.html] but found [https://www.saucedemo.com/checkout-step-two.html]">
      <![CDATA[java.lang.AssertionError: Url should not match. did not expect [https://www.saucedemo.com/checkout-step-two.html] but found [https://www.saucedemo.com/checkout-step-two.html]
at testCase.SwagLabs5CheckoutPageTest.verifyCheckoutFunctionality(SwagLabs5CheckoutPageTest.java:90)
at java.base/java.util.ArrayList.forEach(ArrayList.java:1511)
... Removed 35 stack frames]]>
    </failure>
  </testcase> <!-- verifyCheckoutFunctionality -->
  <testcase classname="testCase.SwagLabs5CheckoutPageTest" name="verifyCheckoutFunctionality" time="2.919"/>
  <testcase classname="testCase.SwagLabs5CheckoutPageTest" name="verifyCheckoutFunctionality" time="2.958"/>
  <testcase classname="testCase.SwagLabs6CheckoutOverviewPageTest" name="verifyUserCanOrderSuccessfully" time="2.193"/>
  <testcase classname="testCase.SwagLabs6CheckoutOverviewPageTest" name="verifyCheckoutProcessCancellation" time="2.284"/>
  <testcase classname="testCase.SwagLabs7CheckoutCompletepageTest" name="verifyOrderConformationMessageDisplayed" time="0.16"/>
  <testcase classname="testCase.SwagLabs7CheckoutCompletepageTest" name="openCheckoutComplete_BackToHomeButton_RedirectedToProductpage" time="2.353"/>
</testsuite> <!-- Test -->
