<html>
<head>
<title>TestNG:  Test</title>
<link href="../testng.css" rel="stylesheet" type="text/css" />
<link href="../my-testng.css" rel="stylesheet" type="text/css" />

<style type="text/css">
.log { display: none;} 
.stack-trace { display: none;} 
</style>
<script type="text/javascript">
<!--
function flip(e) {
  current = e.style.display;
  if (current == 'block') {
    e.style.display = 'none';
    return 0;
  }
  else {
    e.style.display = 'block';
    return 1;
  }
}

function toggleBox(szDivId, elem, msg1, msg2)
{
  var res = -1;  if (document.getElementById) {
    res = flip(document.getElementById(szDivId));
  }
  else if (document.all) {
    // this is the way old msie versions work
    res = flip(document.all[szDivId]);
  }
  if(elem) {
    if(res == 0) elem.innerHTML = msg1; else elem.innerHTML = msg2;
  }

}

function toggleAllBoxes() {
  if (document.getElementsByTagName) {
    d = document.getElementsByTagName('div');
    for (i = 0; i < d.length; i++) {
      if (d[i].className == 'log') {
        flip(d[i]);
      }
    }
  }
}

// -->
</script>

</head>
<body>
<h2 align='center'>Test</h2><table border='1' align="center">
<tr>
<td>Tests passed/Failed/Skipped:</td><td>19/5/0</td>
</tr><tr>
<td>Started on:</td><td>Fri Oct 25 14:49:04 IST 2024</td>
</tr>
<tr><td>Total time:</td><td>620 seconds (620687 ms)</td>
</tr><tr>
<td>Included groups:</td><td></td>
</tr><tr>
<td>Excluded groups:</td><td></td>
</tr>
</table><p/>
<small><i>(Hover the method name to see the test class name)</i></small><p/>
<table width='100%' border='1' class='invocation-failed'>
<tr><td colspan='4' align='center'><b>FAILED TESTS</b></td></tr>
<tr><td><b>Test method</b></td>
<td><b>Attribute(s)</b></td>
<td width="30%"><b>Exception</b></td>
<td width="10%"><b>Time (seconds)</b></td>
<td><b>Instance</b></td>
</tr>
<tr>
<td title='testCase.SwagLabs2InventoryPageTest.verifyUserCanAddItemToCart()'><b>verifyUserCanAddItemToCart</b><br>Test class: testCase.SwagLabs2InventoryPageTest</td>
<td><div><pre>java.lang.AssertionError: Both array length does not matches. expected [true] but found [false]
	at testCase.SwagLabs2InventoryPageTest.verifyUserCanAddItemToCart(SwagLabs2InventoryPageTest.java:126)
	at java.base/java.util.ArrayList.forEach(ArrayList.java:1511)
... Removed 34 stack frames</pre></div><a href='#' onClick='toggleBox("stack-trace967369466", this, "Click to show all stack frames", "Click to hide stack frames")'>Click to show all stack frames</a>
<div class='stack-trace' id='stack-trace967369466'><pre>java.lang.AssertionError: Both array length does not matches. expected [true] but found [false]
	at org.testng.Assert.fail(Assert.java:111)
	at org.testng.Assert.failNotEquals(Assert.java:1578)
	at org.testng.Assert.assertTrue(Assert.java:57)
	at testCase.SwagLabs2InventoryPageTest.verifyUserCanAddItemToCart(SwagLabs2InventoryPageTest.java:126)
	at java.base/jdk.internal.reflect.NativeMethodAccessorImpl.invoke0(Native Method)
	at java.base/jdk.internal.reflect.NativeMethodAccessorImpl.invoke(NativeMethodAccessorImpl.java:77)
	at java.base/jdk.internal.reflect.DelegatingMethodAccessorImpl.invoke(DelegatingMethodAccessorImpl.java:43)
	at java.base/java.lang.reflect.Method.invoke(Method.java:568)
	at org.testng.internal.invokers.MethodInvocationHelper.invokeMethod(MethodInvocationHelper.java:139)
	at org.testng.internal.invokers.TestInvoker.invokeMethod(TestInvoker.java:664)
	at org.testng.internal.invokers.TestInvoker.invokeTestMethod(TestInvoker.java:227)
	at org.testng.internal.invokers.MethodRunner.runInSequence(MethodRunner.java:50)
	at org.testng.internal.invokers.TestInvoker$MethodInvocationAgent.invoke(TestInvoker.java:957)
	at org.testng.internal.invokers.TestInvoker.invokeTestMethods(TestInvoker.java:200)
	at org.testng.internal.invokers.TestMethodWorker.invokeTestMethods(TestMethodWorker.java:148)
	at org.testng.internal.invokers.TestMethodWorker.run(TestMethodWorker.java:128)
	at java.base/java.util.ArrayList.forEach(ArrayList.java:1511)
	at org.testng.TestRunner.privateRun(TestRunner.java:848)
	at org.testng.TestRunner.run(TestRunner.java:621)
	at org.testng.SuiteRunner.runTest(SuiteRunner.java:443)
	at org.testng.SuiteRunner.runSequentially(SuiteRunner.java:437)
	at org.testng.SuiteRunner.privateRun(SuiteRunner.java:397)
	at org.testng.SuiteRunner.run(SuiteRunner.java:336)
	at org.testng.SuiteRunnerWorker.runSuite(SuiteRunnerWorker.java:52)
	at org.testng.SuiteRunnerWorker.run(SuiteRunnerWorker.java:95)
	at org.testng.TestNG.runSuitesSequentially(TestNG.java:1280)
	at org.testng.TestNG.runSuitesLocally(TestNG.java:1200)
	at org.testng.TestNG.runSuites(TestNG.java:1114)
	at org.testng.TestNG.run(TestNG.java:1082)
	at org.apache.maven.surefire.testng.TestNGExecutor.run(TestNGExecutor.java:308)
	at org.apache.maven.surefire.testng.TestNGXmlTestSuite.execute(TestNGXmlTestSuite.java:71)
	at org.apache.maven.surefire.testng.TestNGProvider.invoke(TestNGProvider.java:113)
	at org.apache.maven.surefire.booter.ForkedBooter.runSuitesInProcess(ForkedBooter.java:385)
	at org.apache.maven.surefire.booter.ForkedBooter.execute(ForkedBooter.java:162)
	at org.apache.maven.surefire.booter.ForkedBooter.run(ForkedBooter.java:507)
	at org.apache.maven.surefire.booter.ForkedBooter.main(ForkedBooter.java:495)
</pre></div></td>
<td>27</td>
<td>testCase.SwagLabs2InventoryPageTest@6b81ce95</td></tr>
<tr>
<td title='testCase.SwagLabs5CheckoutPageTest.verifyCheckoutFunctionality()'><b>verifyCheckoutFunctionality</b><br>Test class: testCase.SwagLabs5CheckoutPageTest<br>Parameters: Verify Login functionality using invalid data. (wrong username and wrong password.), AAAA, AAAA, Fail</td>
<td><div><pre>java.lang.AssertionError: Url should not match. did not expect [https://www.saucedemo.com/checkout-step-two.html] but found [https://www.saucedemo.com/checkout-step-two.html]
	at testCase.SwagLabs5CheckoutPageTest.verifyCheckoutFunctionality(SwagLabs5CheckoutPageTest.java:90)
	at java.base/java.util.ArrayList.forEach(ArrayList.java:1511)
... Removed 35 stack frames</pre></div><a href='#' onClick='toggleBox("stack-trace443806673", this, "Click to show all stack frames", "Click to hide stack frames")'>Click to show all stack frames</a>
<div class='stack-trace' id='stack-trace443806673'><pre>java.lang.AssertionError: Url should not match. did not expect [https://www.saucedemo.com/checkout-step-two.html] but found [https://www.saucedemo.com/checkout-step-two.html]
	at org.testng.Assert.fail(Assert.java:111)
	at org.testng.Assert.failEquals(Assert.java:1582)
	at org.testng.Assert.assertNotEqualsImpl(Assert.java:157)
	at org.testng.Assert.assertNotEquals(Assert.java:2198)
	at testCase.SwagLabs5CheckoutPageTest.verifyCheckoutFunctionality(SwagLabs5CheckoutPageTest.java:90)
	at java.base/jdk.internal.reflect.NativeMethodAccessorImpl.invoke0(Native Method)
	at java.base/jdk.internal.reflect.NativeMethodAccessorImpl.invoke(NativeMethodAccessorImpl.java:77)
	at java.base/jdk.internal.reflect.DelegatingMethodAccessorImpl.invoke(DelegatingMethodAccessorImpl.java:43)
	at java.base/java.lang.reflect.Method.invoke(Method.java:568)
	at org.testng.internal.invokers.MethodInvocationHelper.invokeMethod(MethodInvocationHelper.java:139)
	at org.testng.internal.invokers.TestInvoker.invokeMethod(TestInvoker.java:664)
	at org.testng.internal.invokers.TestInvoker.invokeTestMethod(TestInvoker.java:227)
	at org.testng.internal.invokers.MethodRunner.runInSequence(MethodRunner.java:50)
	at org.testng.internal.invokers.TestInvoker$MethodInvocationAgent.invoke(TestInvoker.java:957)
	at org.testng.internal.invokers.TestInvoker.invokeTestMethods(TestInvoker.java:200)
	at org.testng.internal.invokers.TestMethodWorker.invokeTestMethods(TestMethodWorker.java:148)
	at org.testng.internal.invokers.TestMethodWorker.run(TestMethodWorker.java:128)
	at java.base/java.util.ArrayList.forEach(ArrayList.java:1511)
	at org.testng.TestRunner.privateRun(TestRunner.java:848)
	at org.testng.TestRunner.run(TestRunner.java:621)
	at org.testng.SuiteRunner.runTest(SuiteRunner.java:443)
	at org.testng.SuiteRunner.runSequentially(SuiteRunner.java:437)
	at org.testng.SuiteRunner.privateRun(SuiteRunner.java:397)
	at org.testng.SuiteRunner.run(SuiteRunner.java:336)
	at org.testng.SuiteRunnerWorker.runSuite(SuiteRunnerWorker.java:52)
	at org.testng.SuiteRunnerWorker.run(SuiteRunnerWorker.java:95)
	at org.testng.TestNG.runSuitesSequentially(TestNG.java:1280)
	at org.testng.TestNG.runSuitesLocally(TestNG.java:1200)
	at org.testng.TestNG.runSuites(TestNG.java:1114)
	at org.testng.TestNG.run(TestNG.java:1082)
	at org.apache.maven.surefire.testng.TestNGExecutor.run(TestNGExecutor.java:308)
	at org.apache.maven.surefire.testng.TestNGXmlTestSuite.execute(TestNGXmlTestSuite.java:71)
	at org.apache.maven.surefire.testng.TestNGProvider.invoke(TestNGProvider.java:113)
	at org.apache.maven.surefire.booter.ForkedBooter.runSuitesInProcess(ForkedBooter.java:385)
	at org.apache.maven.surefire.booter.ForkedBooter.execute(ForkedBooter.java:162)
	at org.apache.maven.surefire.booter.ForkedBooter.run(ForkedBooter.java:507)
	at org.apache.maven.surefire.booter.ForkedBooter.main(ForkedBooter.java:495)
</pre></div></td>
<td>2</td>
<td>testCase.SwagLabs5CheckoutPageTest@52bf72b5</td></tr>
<tr>
<td title='testCase.SwagLabs5CheckoutPageTest.verifyCheckoutFunctionality()'><b>verifyCheckoutFunctionality</b><br>Test class: testCase.SwagLabs5CheckoutPageTest<br>Parameters: Verify Login functionality using data. (wrong username and correct password.), AAAA, secret_sauce, Fail</td>
<td><div><pre>java.lang.AssertionError: Url should not match. did not expect [https://www.saucedemo.com/checkout-step-two.html] but found [https://www.saucedemo.com/checkout-step-two.html]
	at testCase.SwagLabs5CheckoutPageTest.verifyCheckoutFunctionality(SwagLabs5CheckoutPageTest.java:90)
	at java.base/java.util.ArrayList.forEach(ArrayList.java:1511)
... Removed 35 stack frames</pre></div><a href='#' onClick='toggleBox("stack-trace467970019", this, "Click to show all stack frames", "Click to hide stack frames")'>Click to show all stack frames</a>
<div class='stack-trace' id='stack-trace467970019'><pre>java.lang.AssertionError: Url should not match. did not expect [https://www.saucedemo.com/checkout-step-two.html] but found [https://www.saucedemo.com/checkout-step-two.html]
	at org.testng.Assert.fail(Assert.java:111)
	at org.testng.Assert.failEquals(Assert.java:1582)
	at org.testng.Assert.assertNotEqualsImpl(Assert.java:157)
	at org.testng.Assert.assertNotEquals(Assert.java:2198)
	at testCase.SwagLabs5CheckoutPageTest.verifyCheckoutFunctionality(SwagLabs5CheckoutPageTest.java:90)
	at java.base/jdk.internal.reflect.NativeMethodAccessorImpl.invoke0(Native Method)
	at java.base/jdk.internal.reflect.NativeMethodAccessorImpl.invoke(NativeMethodAccessorImpl.java:77)
	at java.base/jdk.internal.reflect.DelegatingMethodAccessorImpl.invoke(DelegatingMethodAccessorImpl.java:43)
	at java.base/java.lang.reflect.Method.invoke(Method.java:568)
	at org.testng.internal.invokers.MethodInvocationHelper.invokeMethod(MethodInvocationHelper.java:139)
	at org.testng.internal.invokers.TestInvoker.invokeMethod(TestInvoker.java:664)
	at org.testng.internal.invokers.TestInvoker.invokeTestMethod(TestInvoker.java:227)
	at org.testng.internal.invokers.MethodRunner.runInSequence(MethodRunner.java:50)
	at org.testng.internal.invokers.TestInvoker$MethodInvocationAgent.invoke(TestInvoker.java:957)
	at org.testng.internal.invokers.TestInvoker.invokeTestMethods(TestInvoker.java:200)
	at org.testng.internal.invokers.TestMethodWorker.invokeTestMethods(TestMethodWorker.java:148)
	at org.testng.internal.invokers.TestMethodWorker.run(TestMethodWorker.java:128)
	at java.base/java.util.ArrayList.forEach(ArrayList.java:1511)
	at org.testng.TestRunner.privateRun(TestRunner.java:848)
	at org.testng.TestRunner.run(TestRunner.java:621)
	at org.testng.SuiteRunner.runTest(SuiteRunner.java:443)
	at org.testng.SuiteRunner.runSequentially(SuiteRunner.java:437)
	at org.testng.SuiteRunner.privateRun(SuiteRunner.java:397)
	at org.testng.SuiteRunner.run(SuiteRunner.java:336)
	at org.testng.SuiteRunnerWorker.runSuite(SuiteRunnerWorker.java:52)
	at org.testng.SuiteRunnerWorker.run(SuiteRunnerWorker.java:95)
	at org.testng.TestNG.runSuitesSequentially(TestNG.java:1280)
	at org.testng.TestNG.runSuitesLocally(TestNG.java:1200)
	at org.testng.TestNG.runSuites(TestNG.java:1114)
	at org.testng.TestNG.run(TestNG.java:1082)
	at org.apache.maven.surefire.testng.TestNGExecutor.run(TestNGExecutor.java:308)
	at org.apache.maven.surefire.testng.TestNGXmlTestSuite.execute(TestNGXmlTestSuite.java:71)
	at org.apache.maven.surefire.testng.TestNGProvider.invoke(TestNGProvider.java:113)
	at org.apache.maven.surefire.booter.ForkedBooter.runSuitesInProcess(ForkedBooter.java:385)
	at org.apache.maven.surefire.booter.ForkedBooter.execute(ForkedBooter.java:162)
	at org.apache.maven.surefire.booter.ForkedBooter.run(ForkedBooter.java:507)
	at org.apache.maven.surefire.booter.ForkedBooter.main(ForkedBooter.java:495)
</pre></div></td>
<td>2</td>
<td>testCase.SwagLabs5CheckoutPageTest@52bf72b5</td></tr>
<tr>
<td title='testCase.SwagLabs5CheckoutPageTest.verifyCheckoutFunctionality()'><b>verifyCheckoutFunctionality</b><br>Test class: testCase.SwagLabs5CheckoutPageTest<br>Parameters: Verify Login functionality using invalid data. (correct username and wrong password.), standard_user, AAAA, Fail</td>
<td><div><pre>java.lang.AssertionError: Url should not match. did not expect [https://www.saucedemo.com/checkout-step-two.html] but found [https://www.saucedemo.com/checkout-step-two.html]
	at testCase.SwagLabs5CheckoutPageTest.verifyCheckoutFunctionality(SwagLabs5CheckoutPageTest.java:90)
	at java.base/java.util.ArrayList.forEach(ArrayList.java:1511)
... Removed 35 stack frames</pre></div><a href='#' onClick='toggleBox("stack-trace976592764", this, "Click to show all stack frames", "Click to hide stack frames")'>Click to show all stack frames</a>
<div class='stack-trace' id='stack-trace976592764'><pre>java.lang.AssertionError: Url should not match. did not expect [https://www.saucedemo.com/checkout-step-two.html] but found [https://www.saucedemo.com/checkout-step-two.html]
	at org.testng.Assert.fail(Assert.java:111)
	at org.testng.Assert.failEquals(Assert.java:1582)
	at org.testng.Assert.assertNotEqualsImpl(Assert.java:157)
	at org.testng.Assert.assertNotEquals(Assert.java:2198)
	at testCase.SwagLabs5CheckoutPageTest.verifyCheckoutFunctionality(SwagLabs5CheckoutPageTest.java:90)
	at java.base/jdk.internal.reflect.NativeMethodAccessorImpl.invoke0(Native Method)
	at java.base/jdk.internal.reflect.NativeMethodAccessorImpl.invoke(NativeMethodAccessorImpl.java:77)
	at java.base/jdk.internal.reflect.DelegatingMethodAccessorImpl.invoke(DelegatingMethodAccessorImpl.java:43)
	at java.base/java.lang.reflect.Method.invoke(Method.java:568)
	at org.testng.internal.invokers.MethodInvocationHelper.invokeMethod(MethodInvocationHelper.java:139)
	at org.testng.internal.invokers.TestInvoker.invokeMethod(TestInvoker.java:664)
	at org.testng.internal.invokers.TestInvoker.invokeTestMethod(TestInvoker.java:227)
	at org.testng.internal.invokers.MethodRunner.runInSequence(MethodRunner.java:50)
	at org.testng.internal.invokers.TestInvoker$MethodInvocationAgent.invoke(TestInvoker.java:957)
	at org.testng.internal.invokers.TestInvoker.invokeTestMethods(TestInvoker.java:200)
	at org.testng.internal.invokers.TestMethodWorker.invokeTestMethods(TestMethodWorker.java:148)
	at org.testng.internal.invokers.TestMethodWorker.run(TestMethodWorker.java:128)
	at java.base/java.util.ArrayList.forEach(ArrayList.java:1511)
	at org.testng.TestRunner.privateRun(TestRunner.java:848)
	at org.testng.TestRunner.run(TestRunner.java:621)
	at org.testng.SuiteRunner.runTest(SuiteRunner.java:443)
	at org.testng.SuiteRunner.runSequentially(SuiteRunner.java:437)
	at org.testng.SuiteRunner.privateRun(SuiteRunner.java:397)
	at org.testng.SuiteRunner.run(SuiteRunner.java:336)
	at org.testng.SuiteRunnerWorker.runSuite(SuiteRunnerWorker.java:52)
	at org.testng.SuiteRunnerWorker.run(SuiteRunnerWorker.java:95)
	at org.testng.TestNG.runSuitesSequentially(TestNG.java:1280)
	at org.testng.TestNG.runSuitesLocally(TestNG.java:1200)
	at org.testng.TestNG.runSuites(TestNG.java:1114)
	at org.testng.TestNG.run(TestNG.java:1082)
	at org.apache.maven.surefire.testng.TestNGExecutor.run(TestNGExecutor.java:308)
	at org.apache.maven.surefire.testng.TestNGXmlTestSuite.execute(TestNGXmlTestSuite.java:71)
	at org.apache.maven.surefire.testng.TestNGProvider.invoke(TestNGProvider.java:113)
	at org.apache.maven.surefire.booter.ForkedBooter.runSuitesInProcess(ForkedBooter.java:385)
	at org.apache.maven.surefire.booter.ForkedBooter.execute(ForkedBooter.java:162)
	at org.apache.maven.surefire.booter.ForkedBooter.run(ForkedBooter.java:507)
	at org.apache.maven.surefire.booter.ForkedBooter.main(ForkedBooter.java:495)
</pre></div></td>
<td>3</td>
<td>testCase.SwagLabs5CheckoutPageTest@52bf72b5</td></tr>
<tr>
<td title='testCase.SwagLabs3ProductPageTest.verifyUserCanRemoveProductFromCart()'><b>verifyUserCanRemoveProductFromCart</b><br>Test class: testCase.SwagLabs3ProductPageTest</td>
<td><div><pre>org.openqa.selenium.NoSuchElementException: no such element: Unable to locate element: {&quot;method&quot;:&quot;xpath&quot;,&quot;selector&quot;:&quot;//div[text()=&apos;Sauce Labs Backpack&apos;]&quot;}
  (Session info: chrome=130.0.6723.59)
For documentation on this error, please visit: https://www.selenium.dev/documentation/webdriver/troubleshooting/errors#no-such-element-exception
Build info: version: &apos;4.23.0&apos;, revision: &apos;4df0a231af&apos;
System info: os.name: &apos;Windows 10&apos;, os.arch: &apos;amd64&apos;, os.version: &apos;10.0&apos;, java.version: &apos;17.0.7&apos;
Driver info: org.openqa.selenium.chrome.ChromeDriver
Command: [37c4b637ff4e964457bde12b82cb2151, findElement {using=xpath, value=//div[text()=&apos;Sauce Labs Backpack&apos;]}]
Capabilities {acceptInsecureCerts: false, browserName: chrome, browserVersion: 130.0.6723.59, chrome: {chromedriverVersion: 130.0.6723.69 (3ec172b971b9..., userDataDir: C:\Users\Admin\AppData\Loca...}, fedcm:accounts: true, goog:chromeOptions: {debuggerAddress: localhost:57994}, networkConnectionEnabled: false, pageLoadStrategy: normal, platformName: windows, proxy: Proxy(), se:cdp: ws://localhost:57994/devtoo..., se:cdpVersion: 130.0.6723.59, setWindowRect: true, strictFileInteractability: false, timeouts: {implicit: 0, pageLoad: 300000, script: 30000}, unhandledPromptBehavior: dismiss and notify, webauthn:extension:credBlob: true, webauthn:extension:largeBlob: true, webauthn:extension:minPinLength: true, webauthn:extension:prf: true, webauthn:virtualAuthenticators: true}
Session ID: 37c4b637ff4e964457bde12b82cb2151
	at org.openqa.selenium.remote.ErrorCodec.decode(ErrorCodec.java:167)
	at org.openqa.selenium.remote.codec.w3c.W3CHttpResponseCodec.decode(W3CHttpResponseCodec.java:138)
	at org.openqa.selenium.remote.codec.w3c.W3CHttpResponseCodec.decode(W3CHttpResponseCodec.java:50)
	at org.openqa.selenium.remote.HttpCommandExecutor.execute(HttpCommandExecutor.java:190)
	at org.openqa.selenium.remote.service.DriverCommandExecutor.invokeExecute(DriverCommandExecutor.java:216)
	at org.openqa.selenium.remote.service.DriverCommandExecutor.execute(DriverCommandExecutor.java:174)
	at org.openqa.selenium.remote.RemoteWebDriver.execute(RemoteWebDriver.java:527)
	at org.openqa.selenium.remote.ElementLocation$ElementFinder$2.findElement(ElementLocation.java:165)
	at org.openqa.selenium.remote.ElementLocation.findElement(ElementLocation.java:59)
	at org.openqa.selenium.remote.RemoteWebDriver.findElement(RemoteWebDriver.java:357)
	at org.openqa.selenium.remote.RemoteWebDriver.findElement(RemoteWebDriver.java:351)
	at testCase.SwagLabs3ProductPageTest.verifyUserCanRemoveProductFromCart(SwagLabs3ProductPageTest.java:89)
	at java.base/java.util.ArrayList.forEach(ArrayList.java:1511)
... Removed 36 stack frames</pre></div><a href='#' onClick='toggleBox("stack-trace693026321", this, "Click to show all stack frames", "Click to hide stack frames")'>Click to show all stack frames</a>
<div class='stack-trace' id='stack-trace693026321'><pre>org.openqa.selenium.NoSuchElementException: no such element: Unable to locate element: {&quot;method&quot;:&quot;xpath&quot;,&quot;selector&quot;:&quot;//div[text()=&apos;Sauce Labs Backpack&apos;]&quot;}
  (Session info: chrome=130.0.6723.59)
For documentation on this error, please visit: https://www.selenium.dev/documentation/webdriver/troubleshooting/errors#no-such-element-exception
Build info: version: &apos;4.23.0&apos;, revision: &apos;4df0a231af&apos;
System info: os.name: &apos;Windows 10&apos;, os.arch: &apos;amd64&apos;, os.version: &apos;10.0&apos;, java.version: &apos;17.0.7&apos;
Driver info: org.openqa.selenium.chrome.ChromeDriver
Command: [37c4b637ff4e964457bde12b82cb2151, findElement {using=xpath, value=//div[text()=&apos;Sauce Labs Backpack&apos;]}]
Capabilities {acceptInsecureCerts: false, browserName: chrome, browserVersion: 130.0.6723.59, chrome: {chromedriverVersion: 130.0.6723.69 (3ec172b971b9..., userDataDir: C:\Users\Admin\AppData\Loca...}, fedcm:accounts: true, goog:chromeOptions: {debuggerAddress: localhost:57994}, networkConnectionEnabled: false, pageLoadStrategy: normal, platformName: windows, proxy: Proxy(), se:cdp: ws://localhost:57994/devtoo..., se:cdpVersion: 130.0.6723.59, setWindowRect: true, strictFileInteractability: false, timeouts: {implicit: 0, pageLoad: 300000, script: 30000}, unhandledPromptBehavior: dismiss and notify, webauthn:extension:credBlob: true, webauthn:extension:largeBlob: true, webauthn:extension:minPinLength: true, webauthn:extension:prf: true, webauthn:virtualAuthenticators: true}
Session ID: 37c4b637ff4e964457bde12b82cb2151
	at java.base/jdk.internal.reflect.NativeConstructorAccessorImpl.newInstance0(Native Method)
	at java.base/jdk.internal.reflect.NativeConstructorAccessorImpl.newInstance(NativeConstructorAccessorImpl.java:77)
	at java.base/jdk.internal.reflect.DelegatingConstructorAccessorImpl.newInstance(DelegatingConstructorAccessorImpl.java:45)
	at java.base/java.lang.reflect.Constructor.newInstanceWithCaller(Constructor.java:499)
	at java.base/java.lang.reflect.Constructor.newInstance(Constructor.java:480)
	at org.openqa.selenium.remote.ErrorCodec.decode(ErrorCodec.java:167)
	at org.openqa.selenium.remote.codec.w3c.W3CHttpResponseCodec.decode(W3CHttpResponseCodec.java:138)
	at org.openqa.selenium.remote.codec.w3c.W3CHttpResponseCodec.decode(W3CHttpResponseCodec.java:50)
	at org.openqa.selenium.remote.HttpCommandExecutor.execute(HttpCommandExecutor.java:190)
	at org.openqa.selenium.remote.service.DriverCommandExecutor.invokeExecute(DriverCommandExecutor.java:216)
	at org.openqa.selenium.remote.service.DriverCommandExecutor.execute(DriverCommandExecutor.java:174)
	at org.openqa.selenium.remote.RemoteWebDriver.execute(RemoteWebDriver.java:527)
	at org.openqa.selenium.remote.ElementLocation$ElementFinder$2.findElement(ElementLocation.java:165)
	at org.openqa.selenium.remote.ElementLocation.findElement(ElementLocation.java:59)
	at org.openqa.selenium.remote.RemoteWebDriver.findElement(RemoteWebDriver.java:357)
	at org.openqa.selenium.remote.RemoteWebDriver.findElement(RemoteWebDriver.java:351)
	at testCase.SwagLabs3ProductPageTest.verifyUserCanRemoveProductFromCart(SwagLabs3ProductPageTest.java:89)
	at java.base/jdk.internal.reflect.NativeMethodAccessorImpl.invoke0(Native Method)
	at java.base/jdk.internal.reflect.NativeMethodAccessorImpl.invoke(NativeMethodAccessorImpl.java:77)
	at java.base/jdk.internal.reflect.DelegatingMethodAccessorImpl.invoke(DelegatingMethodAccessorImpl.java:43)
	at java.base/java.lang.reflect.Method.invoke(Method.java:568)
	at org.testng.internal.invokers.MethodInvocationHelper.invokeMethod(MethodInvocationHelper.java:139)
	at org.testng.internal.invokers.TestInvoker.invokeMethod(TestInvoker.java:664)
	at org.testng.internal.invokers.TestInvoker.invokeTestMethod(TestInvoker.java:227)
	at org.testng.internal.invokers.MethodRunner.runInSequence(MethodRunner.java:50)
	at org.testng.internal.invokers.TestInvoker$MethodInvocationAgent.invoke(TestInvoker.java:957)
	at org.testng.internal.invokers.TestInvoker.invokeTestMethods(TestInvoker.java:200)
	at org.testng.internal.invokers.TestMethodWorker.invokeTestMethods(TestMethodWorker.java:148)
	at org.testng.internal.invokers.TestMethodWorker.run(TestMethodWorker.java:128)
	at java.base/java.util.ArrayList.forEach(ArrayList.java:1511)
	at org.testng.TestRunner.privateRun(TestRunner.java:848)
	at org.testng.TestRunner.run(TestRunner.java:621)
	at org.testng.SuiteRunner.runTest(SuiteRunner.java:443)
	at org.testng.SuiteRunner.runSequentially(SuiteRunner.java:437)
	at org.testng.SuiteRunner.privateRun(SuiteRunner.java:397)
	at org.testng.SuiteRunner.run(SuiteRunner.java:336)
	at org.testng.SuiteRunnerWorker.runSuite(SuiteRunnerWorker.java:52)
	at org.testng.SuiteRunnerWorker.run(SuiteRunnerWorker.java:95)
	at org.testng.TestNG.runSuitesSequentially(TestNG.java:1280)
	at org.testng.TestNG.runSuitesLocally(TestNG.java:1200)
	at org.testng.TestNG.runSuites(TestNG.java:1114)
	at org.testng.TestNG.run(TestNG.java:1082)
	at org.apache.maven.surefire.testng.TestNGExecutor.run(TestNGExecutor.java:308)
	at org.apache.maven.surefire.testng.TestNGXmlTestSuite.execute(TestNGXmlTestSuite.java:71)
	at org.apache.maven.surefire.testng.TestNGProvider.invoke(TestNGProvider.java:113)
	at org.apache.maven.surefire.booter.ForkedBooter.runSuitesInProcess(ForkedBooter.java:385)
	at org.apache.maven.surefire.booter.ForkedBooter.execute(ForkedBooter.java:162)
	at org.apache.maven.surefire.booter.ForkedBooter.run(ForkedBooter.java:507)
	at org.apache.maven.surefire.booter.ForkedBooter.main(ForkedBooter.java:495)
</pre></div></td>
<td>18</td>
<td>testCase.SwagLabs3ProductPageTest@2a798d51</td></tr>
</table><p>
<table width='100%' border='1' class='invocation-passed'>
<tr><td colspan='4' align='center'><b>PASSED TESTS</b></td></tr>
<tr><td><b>Test method</b></td>
<td><b>Attribute(s)</b></td>
<td width="30%"><b>Exception</b></td>
<td width="10%"><b>Time (seconds)</b></td>
<td><b>Instance</b></td>
</tr>
<tr>
<td title='testCase.SwagLabs6CheckoutOverviewPageTest.verifyUserCanOrderSuccessfully()'><b>verifyUserCanOrderSuccessfully</b><br>Test class: testCase.SwagLabs6CheckoutOverviewPageTest</td>
<td></td>
<td>2</td>
<td>testCase.SwagLabs6CheckoutOverviewPageTest@37afeb11</td></tr>
<tr>
<td title='testCase.SwagLabs5CheckoutPageTest.verifyCheckoutFunctionality()'><b>verifyCheckoutFunctionality</b><br>Test class: testCase.SwagLabs5CheckoutPageTest<br>Parameters: Verify Login functionality using valid data. (correct username and correct password.), standard_user, secret_sauce, Pass</td>
<td></td>
<td>3</td>
<td>testCase.SwagLabs5CheckoutPageTest@52bf72b5</td></tr>
<tr>
<td title='testCase.SwagLabs7CheckoutCompletepageTest.openCheckoutComplete_BackToHomeButton_RedirectedToProductpage()'><b>openCheckoutComplete_BackToHomeButton_RedirectedToProductpage</b><br>Test class: testCase.SwagLabs7CheckoutCompletepageTest</td>
<td></td>
<td>2</td>
<td>testCase.SwagLabs7CheckoutCompletepageTest@515aebb0</td></tr>
<tr>
<td title='testCase.SwagLabs5CheckoutPageTest.verifyCheckoutFunctionality()'><b>verifyCheckoutFunctionality</b><br>Test class: testCase.SwagLabs5CheckoutPageTest<br>Parameters: Verify Login functionality for username field is mandatory. (empty username and correct password.), , secret_sauce, Fail</td>
<td></td>
<td>2</td>
<td>testCase.SwagLabs5CheckoutPageTest@52bf72b5</td></tr>
<tr>
<td title='testCase.SwagLabs1LoginPageTest.checkLoginFunctionality()'><b>checkLoginFunctionality</b><br>Test class: testCase.SwagLabs1LoginPageTest<br>Parameters: Verify Login functionality using valid data. (correct username and correct password.), standard_user, secret_sauce, Pass</td>
<td></td>
<td>13</td>
<td>testCase.SwagLabs1LoginPageTest@52e6fdee</td></tr>
<tr>
<td title='testCase.SwagLabs5CheckoutPageTest.verifyCheckoutFunctionality()'><b>verifyCheckoutFunctionality</b><br>Test class: testCase.SwagLabs5CheckoutPageTest<br>Parameters: Verify Login functionality for password field is mandatory. (empty username and correct password.), standard_user, , Fail</td>
<td></td>
<td>2</td>
<td>testCase.SwagLabs5CheckoutPageTest@52bf72b5</td></tr>
<tr>
<td title='testCase.SwagLabs4CartPageTest.verifyNavigationToCheckoutPage()'><b>verifyNavigationToCheckoutPage</b><br>Test class: testCase.SwagLabs4CartPageTest</td>
<td></td>
<td>4</td>
<td>testCase.SwagLabs4CartPageTest@6d763516</td></tr>
<tr>
<td title='testCase.SwagLabs6CheckoutOverviewPageTest.verifyCheckoutProcessCancellation()'><b>verifyCheckoutProcessCancellation</b><br>Test class: testCase.SwagLabs6CheckoutOverviewPageTest</td>
<td></td>
<td>2</td>
<td>testCase.SwagLabs6CheckoutOverviewPageTest@37afeb11</td></tr>
<tr>
<td title='testCase.SwagLabs1LoginPageTest.checkLoginFunctionality()'><b>checkLoginFunctionality</b><br>Test class: testCase.SwagLabs1LoginPageTest<br>Parameters: Verify Login functionality for username field is mandatory. (empty username and correct password.), , secret_sauce, Fail</td>
<td></td>
<td>13</td>
<td>testCase.SwagLabs1LoginPageTest@52e6fdee</td></tr>
<tr>
<td title='testCase.SwagLabs4CartPageTest.navigateToHomepageAndAddItems()'><b>navigateToHomepageAndAddItems</b><br>Test class: testCase.SwagLabs4CartPageTest</td>
<td></td>
<td>7</td>
<td>testCase.SwagLabs4CartPageTest@6d763516</td></tr>
<tr>
<td title='testCase.SwagLabs7CheckoutCompletepageTest.verifyOrderConformationMessageDisplayed()'><b>verifyOrderConformationMessageDisplayed</b><br>Test class: testCase.SwagLabs7CheckoutCompletepageTest</td>
<td></td>
<td>0</td>
<td>testCase.SwagLabs7CheckoutCompletepageTest@515aebb0</td></tr>
<tr>
<td title='testCase.SwagLabs1LoginPageTest.checkLoginFunctionality()'><b>checkLoginFunctionality</b><br>Test class: testCase.SwagLabs1LoginPageTest<br>Parameters: Verify Login functionality using data. (wrong username and correct password.), AAAA, secret_sauce, Fail</td>
<td></td>
<td>13</td>
<td>testCase.SwagLabs1LoginPageTest@52e6fdee</td></tr>
<tr>
<td title='testCase.SwagLabs1LoginPageTest.checkLoginFunctionality()'><b>checkLoginFunctionality</b><br>Test class: testCase.SwagLabs1LoginPageTest<br>Parameters: Verify Login functionality using invalid data. (correct username and wrong password.), standard_user, AAAA, Fail</td>
<td></td>
<td>13</td>
<td>testCase.SwagLabs1LoginPageTest@52e6fdee</td></tr>
<tr>
<td title='testCase.SwagLabs1LoginPageTest.checkLoginFunctionality()'><b>checkLoginFunctionality</b><br>Test class: testCase.SwagLabs1LoginPageTest<br>Parameters: Verify Login functionality for password field is mandatory. (empty username and correct password.), standard_user, , Fail</td>
<td></td>
<td>13</td>
<td>testCase.SwagLabs1LoginPageTest@52e6fdee</td></tr>
<tr>
<td title='testCase.SwagLabs2InventoryPageTest.verifySortFunctionality()'><b>verifySortFunctionality</b><br>Test class: testCase.SwagLabs2InventoryPageTest</td>
<td></td>
<td>29</td>
<td>testCase.SwagLabs2InventoryPageTest@6b81ce95</td></tr>
<tr>
<td title='testCase.SwagLabs3ProductPageTest.verifyUserCanAddProductToCart()'><b>verifyUserCanAddProductToCart</b><br>Test class: testCase.SwagLabs3ProductPageTest</td>
<td></td>
<td>4</td>
<td>testCase.SwagLabs3ProductPageTest@2a798d51</td></tr>
<tr>
<td title='testCase.SwagLabs2InventoryPageTest.verifyUserIsAbleToNavigateToSocialMediaSites()'><b>verifyUserIsAbleToNavigateToSocialMediaSites</b><br>Test class: testCase.SwagLabs2InventoryPageTest</td>
<td></td>
<td>50</td>
<td>testCase.SwagLabs2InventoryPageTest@6b81ce95</td></tr>
<tr>
<td title='testCase.SwagLabs5CheckoutPageTest.verifyCancelCheckoutFunctionality()'><b>verifyCancelCheckoutFunctionality</b><br>Test class: testCase.SwagLabs5CheckoutPageTest</td>
<td></td>
<td>2</td>
<td>testCase.SwagLabs5CheckoutPageTest@52bf72b5</td></tr>
<tr>
<td title='testCase.SwagLabs1LoginPageTest.checkLoginFunctionality()'><b>checkLoginFunctionality</b><br>Test class: testCase.SwagLabs1LoginPageTest<br>Parameters: Verify Login functionality using invalid data. (wrong username and wrong password.), AAAA, AAAA, Fail</td>
<td></td>
<td>13</td>
<td>testCase.SwagLabs1LoginPageTest@52e6fdee</td></tr>
</table><p>
</body>
</html>