

<!DOCTYPE html>
<html>
<head>
<meta charset="UTF-8">
<meta name="viewport" content="width=device-width, initial-scale=1, shrink-to-fit=no">
<title>SwagLabs Automation Report</title>
<link rel="apple-touch-icon" href="https://cdn.jsdelivr.net/gh/extent-framework/extent-github-cdn@b00a2d0486596e73dd7326beacf352c639623a0e/commons/img/logo.png">
<link rel="shortcut icon" href="https://cdn.jsdelivr.net/gh/extent-framework/extent-github-cdn@b00a2d0486596e73dd7326beacf352c639623a0e/commons/img/logo.png">
<link href="https://cdn.jsdelivr.net/gh/extent-framework/extent-github-cdn@ce8b10435bcbae260c334c0d0c6b61d2c19b6168/spark/css/spark-style.css" rel="stylesheet" />
<link href="https://stackpath.bootstrapcdn.com/font-awesome/4.7.0/css/font-awesome.min.css" rel="stylesheet">
<script src="https://cdn.jsdelivr.net/gh/extent-framework/extent-github-cdn@7cc78ce/spark/js/jsontree.js"></script>
<style type="text/css"></style></head><body class="spa -report dark">
  <div class="app">
    <div class="layout">
<div class="header navbar">
<div class="vheader">
<div class="nav-logo">
<a href="#">
<div class="logo" style="background-image: url('https://cdn.jsdelivr.net/gh/extent-framework/extent-github-cdn@b00a2d0486596e73dd7326beacf352c639623a0e/commons/img/logo.png')"></div>
</a>
</div>
<ul class="nav-left">
<li class="search-box">
<a class="search-toggle" href="#">
<i class="search-icon fa fa-search"></i>
<i class="search-icon-close fa fa-close"></i>
</a>
</li>
<li class="search-input"><input id="search-tests" class="form-control" type="text" placeholder="Search..."></li>
</ul>
<ul class="nav-right">
<li class="m-r-10">
<a href="#"><span class="badge badge-primary">SwagLabs Test Automation Results Report</span></a>
</li>
<li class="m-r-10">
<a href="#"><span class="badge badge-primary">25/10/2024 12:51:46 PM</span></a>
</li>
</ul>
</div>
</div><div class="side-nav">
<div class="side-nav-inner">
<ul class="side-nav-menu">
<li class="nav-item dropdown" onclick="toggleView('test-view')">
<a id="nav-test" class="dropdown-toggle" href="#">
<span class="ico"><i class="fa fa-list"></i></span>
</a>
</li>
<li class="nav-item dropdown" onclick="toggleView('exception-view')">
<a id="nav-exception" class="dropdown-toggle" href="#">
<span class="ico"><i class="fa fa-bug"></i></span>
</a>
</li>
<li class="nav-item dropdown" onclick="toggleView('author-view')">
<a id="nav-author" class="dropdown-toggle" href="#">
<span class="ico"><i class="fa fa-user"></i></span>
</a>
</li>
<li class="nav-item dropdown" onclick="toggleView('dashboard-view')">
<a id="nav-dashboard" class="dropdown-toggle" href="#">
<span class="ico"><i class="fa fa-bar-chart"></i></span>
</a>
</li>
</ul>
</div>
</div>      <div class="vcontainer">
        <div class="main-content">
<div class="test-wrapper row view test-view">
  <div class="test-list">
    <div class="test-list-tools">
<ul class="tools pull-left">
<li><a href="#"><span class="font-size-14">Tests</span></a></li>
</ul>
<ul class="tools text-right">
<li class="dropdown">
<a href="#" class="dropdown-toggle" data-toggle="dropdown"><i class="fa fa-exclamation-circle"></i></a>
<ul id="status-toggle" class="dropdown-menu dropdown-md p-v-0">
<a class="dropdown-item" status="fail" href="#"><span>Fail</span><span class="status danger"></span></a>
<a class="dropdown-item" status="skip" href="#"><span>Skip</span><span class="status warning"></span></a>
<div class="dropdown-divider"></div>
<a status="clear" class="dropdown-item" href="#"><span>Clear</span><span class="pull-right"><i class="fa fa-close"></i></span></a>
</ul>
</li>
<li class="dropdown">
<a href="#" class="dropdown-toggle" data-toggle="dropdown"><i class="fa fa-user"></i></a>
<ul id="author-toggle" class="dropdown-menu dropdown-md p-v-0">
<a class="dropdown-item" href="#">KrushnaPatare.</a>
</ul>
</li>
</ul>
</div>    <div class="test-list-wrapper scrollable">
      <ul class="test-list-item">
        <li class="test-item"  status="skip" test-id="1"
          author="KrushnaPatare."
          tag=""
          device="">
          <div class="test-detail">
            <p class="name">testCase.SwagLabs1LoginPageTest - 1. checkLoginFunctionality</p>
            <p class="text-sm">
              <span>12:51:51 PM</span> / <span>00:00:00:015</span>
              <span class="badge skip-bg log float-right">Skip</span>
            </p>
          </div>
          <div class="test-contents d-none">
<div class="detail-head">
<div class="p-v-10">
<div class="info">
<h5 class="test-status text-skip">testCase.SwagLabs1LoginPageTest - 1. checkLoginFunctionality</h5>
<span class='badge badge-success'>10.25.2024 12:51:51 PM</span>
<span class='badge badge-danger'>10.25.2024 12:51:51 PM</span>
<span class='badge badge-default'>00:00:00:015</span>
&middot; <span class='uri-anchor badge badge-default'>#test-id=1</span>
<span title='Skip to the next failed step' class='badge badge-danger pointer float-right ne ml-1'><i class="fa fa-fast-forward"></i></span>
<span title='Collapse all nodes' class='badge badge-default pointer float-right ct ml-1'><i class="fa fa-compress"></i></span>
<span title='Expand all nodes' class='badge badge-default pointer float-right et'><i class="fa fa-expand"></i></span>
</div>
<div class="m-t-15"><span class="badge badge-pill badge-default">KrushnaPatare.</span></div>
</div>
</div><div class="detail-body mt-4">
<table class="table table-sm">
  <thead><tr><th class="status-col">Status</th><th class="timestamp-col">Timestamp</th><th class="details-col">Details</th></tr></thead>
  <tbody>
      <tr class="event-row">
        <td><span class="badge log info-bg">Info</span></td>
        <td>12:51:51 PM</td>
        <td>
          checkLoginFunctionality started executing.
        </td>
      </tr>
      <tr class="event-row">
        <td><span class="badge log info-bg">Info</span></td>
        <td>12:51:51 PM</td>
        <td>
          <textarea readonly class="code-block">java.lang.NullPointerException: Cannot invoke "org.openqa.selenium.TakesScreenshot.getScreenshotAs(org.openqa.selenium.OutputType)" because "driver" is null
	at com.swagLabs.utilities.Screenshot.generateScreenshot(Screenshot.java:27)
	at com.swagLabs.utilities.Screenshot.takeScreenshotAndLog(Screenshot.java:40)
	at testCase.SwagLabs1LoginPageTest.setUp(SwagLabs1LoginPageTest.java:28)
	at java.base/jdk.internal.reflect.NativeMethodAccessorImpl.invoke0(Native Method)
	at java.base/jdk.internal.reflect.NativeMethodAccessorImpl.invoke(NativeMethodAccessorImpl.java:77)
	at java.base/jdk.internal.reflect.DelegatingMethodAccessorImpl.invoke(DelegatingMethodAccessorImpl.java:43)
	at java.base/java.lang.reflect.Method.invoke(Method.java:568)
	at org.testng.internal.invokers.MethodInvocationHelper.invokeMethod(MethodInvocationHelper.java:139)
	at org.testng.internal.invokers.MethodInvocationHelper.invokeMethodConsideringTimeout(MethodInvocationHelper.java:69)
	at org.testng.internal.invokers.ConfigInvoker.invokeConfigurationMethod(ConfigInvoker.java:390)
	at org.testng.internal.invokers.ConfigInvoker.invokeConfigurations(ConfigInvoker.java:325)
	at org.testng.internal.invokers.TestInvoker.runConfigMethods(TestInvoker.java:810)
	at org.testng.internal.invokers.TestInvoker.invokeMethod(TestInvoker.java:577)
	at org.testng.internal.invokers.TestInvoker.invokeTestMethod(TestInvoker.java:227)
	at org.testng.internal.invokers.MethodRunner.runInSequence(MethodRunner.java:50)
	at org.testng.internal.invokers.TestInvoker$MethodInvocationAgent.invoke(TestInvoker.java:957)
	at org.testng.internal.invokers.TestInvoker.invokeTestMethods(TestInvoker.java:200)
	at org.testng.internal.invokers.TestMethodWorker.invokeTestMethods(TestMethodWorker.java:148)
	at org.testng.internal.invokers.TestMethodWorker.run(TestMethodWorker.java:128)
	at java.base/java.util.ArrayList.forEach(ArrayList.java:1511)
	at org.testng.TestRunner.privateRun(TestRunner.java:848)
	at org.testng.TestRunner.run(TestRunner.java:621)
	at org.testng.SuiteRunner.runTest(SuiteRunner.java:443)
	at org.testng.SuiteRunner.runSequentially(SuiteRunner.java:437)
	at org.testng.SuiteRunner.privateRun(SuiteRunner.java:397)
	at org.testng.SuiteRunner.run(SuiteRunner.java:336)
	at org.testng.SuiteRunnerWorker.runSuite(SuiteRunnerWorker.java:52)
	at org.testng.SuiteRunnerWorker.run(SuiteRunnerWorker.java:95)
	at org.testng.TestNG.runSuitesSequentially(TestNG.java:1280)
	at org.testng.TestNG.runSuitesLocally(TestNG.java:1200)
	at org.testng.TestNG.runSuites(TestNG.java:1114)
	at org.testng.TestNG.run(TestNG.java:1082)
	at org.apache.maven.surefire.testng.TestNGExecutor.run(TestNGExecutor.java:308)
	at org.apache.maven.surefire.testng.TestNGXmlTestSuite.execute(TestNGXmlTestSuite.java:71)
	at org.apache.maven.surefire.testng.TestNGProvider.invoke(TestNGProvider.java:113)
	at org.apache.maven.surefire.booter.ForkedBooter.runSuitesInProcess(ForkedBooter.java:385)
	at org.apache.maven.surefire.booter.ForkedBooter.execute(ForkedBooter.java:162)
	at org.apache.maven.surefire.booter.ForkedBooter.run(ForkedBooter.java:507)
	at org.apache.maven.surefire.booter.ForkedBooter.main(ForkedBooter.java:495)
</textarea>
          
        </td>
      </tr>
      <tr class="event-row">
        <td><span class="badge log skip-bg">Skip</span></td>
        <td>12:51:51 PM</td>
        <td>
          checkLoginFunctionality got skipped
        </td>
      </tr>
  </tbody>
</table>
</div>
  <div class="mt-4">  <div class="accordion" role="tablist">
      <div class="card">
        <div class="card-header">
          <div class="card-toolbar node-info">
            <ul class="list-inline d-none d-sm-block">
              <li><span class="badge pass-bg log ">Pass</span></li>
              <li><span class='badge badge-default'>30:00:000</span></li>
              <li></li>
            </ul>
          </div>
          <div class="card-title">
            <a class="node " id="2"><span>checkLoginFunctionality</span></a>
            <div class="node-attr">
<span class="badge badge-pill badge-default">KrushnaPatare.</span>            </div>
          </div>
        </div>
      </div>
  </div>
</div>
          </div>
        </li>
        <li class="test-item"  status="skip" test-id="3"
          author="KrushnaPatare."
          tag=""
          device="">
          <div class="test-detail">
            <p class="name">testCase.SwagLabs1LoginPageTest - 1. checkLoginFunctionality</p>
            <p class="text-sm">
              <span>12:51:51 PM</span> / <span>00:00:00:009</span>
              <span class="badge skip-bg log float-right">Skip</span>
            </p>
          </div>
          <div class="test-contents d-none">
<div class="detail-head">
<div class="p-v-10">
<div class="info">
<h5 class="test-status text-skip">testCase.SwagLabs1LoginPageTest - 1. checkLoginFunctionality</h5>
<span class='badge badge-success'>10.25.2024 12:51:51 PM</span>
<span class='badge badge-danger'>10.25.2024 12:51:51 PM</span>
<span class='badge badge-default'>00:00:00:009</span>
&middot; <span class='uri-anchor badge badge-default'>#test-id=3</span>
<span title='Skip to the next failed step' class='badge badge-danger pointer float-right ne ml-1'><i class="fa fa-fast-forward"></i></span>
<span title='Collapse all nodes' class='badge badge-default pointer float-right ct ml-1'><i class="fa fa-compress"></i></span>
<span title='Expand all nodes' class='badge badge-default pointer float-right et'><i class="fa fa-expand"></i></span>
</div>
<div class="m-t-15"><span class="badge badge-pill badge-default">KrushnaPatare.</span></div>
</div>
</div><div class="detail-body mt-4">
<table class="table table-sm">
  <thead><tr><th class="status-col">Status</th><th class="timestamp-col">Timestamp</th><th class="details-col">Details</th></tr></thead>
  <tbody>
      <tr class="event-row">
        <td><span class="badge log info-bg">Info</span></td>
        <td>12:51:51 PM</td>
        <td>
          checkLoginFunctionality started executing.
        </td>
      </tr>
      <tr class="event-row">
        <td><span class="badge log info-bg">Info</span></td>
        <td>12:51:51 PM</td>
        <td>
          <textarea readonly class="code-block">java.lang.NullPointerException: Cannot invoke "org.openqa.selenium.TakesScreenshot.getScreenshotAs(org.openqa.selenium.OutputType)" because "driver" is null
	at com.swagLabs.utilities.Screenshot.generateScreenshot(Screenshot.java:27)
	at com.swagLabs.utilities.Screenshot.takeScreenshotAndLog(Screenshot.java:40)
	at testCase.SwagLabs1LoginPageTest.setUp(SwagLabs1LoginPageTest.java:28)
	at java.base/jdk.internal.reflect.NativeMethodAccessorImpl.invoke0(Native Method)
	at java.base/jdk.internal.reflect.NativeMethodAccessorImpl.invoke(NativeMethodAccessorImpl.java:77)
	at java.base/jdk.internal.reflect.DelegatingMethodAccessorImpl.invoke(DelegatingMethodAccessorImpl.java:43)
	at java.base/java.lang.reflect.Method.invoke(Method.java:568)
	at org.testng.internal.invokers.MethodInvocationHelper.invokeMethod(MethodInvocationHelper.java:139)
	at org.testng.internal.invokers.MethodInvocationHelper.invokeMethodConsideringTimeout(MethodInvocationHelper.java:69)
	at org.testng.internal.invokers.ConfigInvoker.invokeConfigurationMethod(ConfigInvoker.java:390)
	at org.testng.internal.invokers.ConfigInvoker.invokeConfigurations(ConfigInvoker.java:325)
	at org.testng.internal.invokers.TestInvoker.runConfigMethods(TestInvoker.java:810)
	at org.testng.internal.invokers.TestInvoker.invokeMethod(TestInvoker.java:577)
	at org.testng.internal.invokers.TestInvoker.invokeTestMethod(TestInvoker.java:227)
	at org.testng.internal.invokers.MethodRunner.runInSequence(MethodRunner.java:50)
	at org.testng.internal.invokers.TestInvoker$MethodInvocationAgent.invoke(TestInvoker.java:957)
	at org.testng.internal.invokers.TestInvoker.invokeTestMethods(TestInvoker.java:200)
	at org.testng.internal.invokers.TestMethodWorker.invokeTestMethods(TestMethodWorker.java:148)
	at org.testng.internal.invokers.TestMethodWorker.run(TestMethodWorker.java:128)
	at java.base/java.util.ArrayList.forEach(ArrayList.java:1511)
	at org.testng.TestRunner.privateRun(TestRunner.java:848)
	at org.testng.TestRunner.run(TestRunner.java:621)
	at org.testng.SuiteRunner.runTest(SuiteRunner.java:443)
	at org.testng.SuiteRunner.runSequentially(SuiteRunner.java:437)
	at org.testng.SuiteRunner.privateRun(SuiteRunner.java:397)
	at org.testng.SuiteRunner.run(SuiteRunner.java:336)
	at org.testng.SuiteRunnerWorker.runSuite(SuiteRunnerWorker.java:52)
	at org.testng.SuiteRunnerWorker.run(SuiteRunnerWorker.java:95)
	at org.testng.TestNG.runSuitesSequentially(TestNG.java:1280)
	at org.testng.TestNG.runSuitesLocally(TestNG.java:1200)
	at org.testng.TestNG.runSuites(TestNG.java:1114)
	at org.testng.TestNG.run(TestNG.java:1082)
	at org.apache.maven.surefire.testng.TestNGExecutor.run(TestNGExecutor.java:308)
	at org.apache.maven.surefire.testng.TestNGXmlTestSuite.execute(TestNGXmlTestSuite.java:71)
	at org.apache.maven.surefire.testng.TestNGProvider.invoke(TestNGProvider.java:113)
	at org.apache.maven.surefire.booter.ForkedBooter.runSuitesInProcess(ForkedBooter.java:385)
	at org.apache.maven.surefire.booter.ForkedBooter.execute(ForkedBooter.java:162)
	at org.apache.maven.surefire.booter.ForkedBooter.run(ForkedBooter.java:507)
	at org.apache.maven.surefire.booter.ForkedBooter.main(ForkedBooter.java:495)
</textarea>
          
        </td>
      </tr>
      <tr class="event-row">
        <td><span class="badge log skip-bg">Skip</span></td>
        <td>12:51:51 PM</td>
        <td>
          checkLoginFunctionality got skipped
        </td>
      </tr>
  </tbody>
</table>
</div>
  <div class="mt-4">  <div class="accordion" role="tablist">
      <div class="card">
        <div class="card-header">
          <div class="card-toolbar node-info">
            <ul class="list-inline d-none d-sm-block">
              <li><span class="badge pass-bg log ">Pass</span></li>
              <li><span class='badge badge-default'>30:00:000</span></li>
              <li></li>
            </ul>
          </div>
          <div class="card-title">
            <a class="node " id="4"><span>checkLoginFunctionality</span></a>
            <div class="node-attr">
<span class="badge badge-pill badge-default">KrushnaPatare.</span>            </div>
          </div>
        </div>
      </div>
  </div>
</div>
          </div>
        </li>
        <li class="test-item"  status="skip" test-id="5"
          author="KrushnaPatare."
          tag=""
          device="">
          <div class="test-detail">
            <p class="name">testCase.SwagLabs1LoginPageTest - 1. checkLoginFunctionality</p>
            <p class="text-sm">
              <span>12:51:51 PM</span> / <span>00:00:00:005</span>
              <span class="badge skip-bg log float-right">Skip</span>
            </p>
          </div>
          <div class="test-contents d-none">
<div class="detail-head">
<div class="p-v-10">
<div class="info">
<h5 class="test-status text-skip">testCase.SwagLabs1LoginPageTest - 1. checkLoginFunctionality</h5>
<span class='badge badge-success'>10.25.2024 12:51:51 PM</span>
<span class='badge badge-danger'>10.25.2024 12:51:51 PM</span>
<span class='badge badge-default'>00:00:00:005</span>
&middot; <span class='uri-anchor badge badge-default'>#test-id=5</span>
<span title='Skip to the next failed step' class='badge badge-danger pointer float-right ne ml-1'><i class="fa fa-fast-forward"></i></span>
<span title='Collapse all nodes' class='badge badge-default pointer float-right ct ml-1'><i class="fa fa-compress"></i></span>
<span title='Expand all nodes' class='badge badge-default pointer float-right et'><i class="fa fa-expand"></i></span>
</div>
<div class="m-t-15"><span class="badge badge-pill badge-default">KrushnaPatare.</span></div>
</div>
</div><div class="detail-body mt-4">
<table class="table table-sm">
  <thead><tr><th class="status-col">Status</th><th class="timestamp-col">Timestamp</th><th class="details-col">Details</th></tr></thead>
  <tbody>
      <tr class="event-row">
        <td><span class="badge log info-bg">Info</span></td>
        <td>12:51:51 PM</td>
        <td>
          checkLoginFunctionality started executing.
        </td>
      </tr>
      <tr class="event-row">
        <td><span class="badge log info-bg">Info</span></td>
        <td>12:51:51 PM</td>
        <td>
          <textarea readonly class="code-block">java.lang.NullPointerException: Cannot invoke "org.openqa.selenium.TakesScreenshot.getScreenshotAs(org.openqa.selenium.OutputType)" because "driver" is null
	at com.swagLabs.utilities.Screenshot.generateScreenshot(Screenshot.java:27)
	at com.swagLabs.utilities.Screenshot.takeScreenshotAndLog(Screenshot.java:40)
	at testCase.SwagLabs1LoginPageTest.setUp(SwagLabs1LoginPageTest.java:28)
	at java.base/jdk.internal.reflect.NativeMethodAccessorImpl.invoke0(Native Method)
	at java.base/jdk.internal.reflect.NativeMethodAccessorImpl.invoke(NativeMethodAccessorImpl.java:77)
	at java.base/jdk.internal.reflect.DelegatingMethodAccessorImpl.invoke(DelegatingMethodAccessorImpl.java:43)
	at java.base/java.lang.reflect.Method.invoke(Method.java:568)
	at org.testng.internal.invokers.MethodInvocationHelper.invokeMethod(MethodInvocationHelper.java:139)
	at org.testng.internal.invokers.MethodInvocationHelper.invokeMethodConsideringTimeout(MethodInvocationHelper.java:69)
	at org.testng.internal.invokers.ConfigInvoker.invokeConfigurationMethod(ConfigInvoker.java:390)
	at org.testng.internal.invokers.ConfigInvoker.invokeConfigurations(ConfigInvoker.java:325)
	at org.testng.internal.invokers.TestInvoker.runConfigMethods(TestInvoker.java:810)
	at org.testng.internal.invokers.TestInvoker.invokeMethod(TestInvoker.java:577)
	at org.testng.internal.invokers.TestInvoker.invokeTestMethod(TestInvoker.java:227)
	at org.testng.internal.invokers.MethodRunner.runInSequence(MethodRunner.java:50)
	at org.testng.internal.invokers.TestInvoker$MethodInvocationAgent.invoke(TestInvoker.java:957)
	at org.testng.internal.invokers.TestInvoker.invokeTestMethods(TestInvoker.java:200)
	at org.testng.internal.invokers.TestMethodWorker.invokeTestMethods(TestMethodWorker.java:148)
	at org.testng.internal.invokers.TestMethodWorker.run(TestMethodWorker.java:128)
	at java.base/java.util.ArrayList.forEach(ArrayList.java:1511)
	at org.testng.TestRunner.privateRun(TestRunner.java:848)
	at org.testng.TestRunner.run(TestRunner.java:621)
	at org.testng.SuiteRunner.runTest(SuiteRunner.java:443)
	at org.testng.SuiteRunner.runSequentially(SuiteRunner.java:437)
	at org.testng.SuiteRunner.privateRun(SuiteRunner.java:397)
	at org.testng.SuiteRunner.run(SuiteRunner.java:336)
	at org.testng.SuiteRunnerWorker.runSuite(SuiteRunnerWorker.java:52)
	at org.testng.SuiteRunnerWorker.run(SuiteRunnerWorker.java:95)
	at org.testng.TestNG.runSuitesSequentially(TestNG.java:1280)
	at org.testng.TestNG.runSuitesLocally(TestNG.java:1200)
	at org.testng.TestNG.runSuites(TestNG.java:1114)
	at org.testng.TestNG.run(TestNG.java:1082)
	at org.apache.maven.surefire.testng.TestNGExecutor.run(TestNGExecutor.java:308)
	at org.apache.maven.surefire.testng.TestNGXmlTestSuite.execute(TestNGXmlTestSuite.java:71)
	at org.apache.maven.surefire.testng.TestNGProvider.invoke(TestNGProvider.java:113)
	at org.apache.maven.surefire.booter.ForkedBooter.runSuitesInProcess(ForkedBooter.java:385)
	at org.apache.maven.surefire.booter.ForkedBooter.execute(ForkedBooter.java:162)
	at org.apache.maven.surefire.booter.ForkedBooter.run(ForkedBooter.java:507)
	at org.apache.maven.surefire.booter.ForkedBooter.main(ForkedBooter.java:495)
</textarea>
          
        </td>
      </tr>
      <tr class="event-row">
        <td><span class="badge log skip-bg">Skip</span></td>
        <td>12:51:51 PM</td>
        <td>
          checkLoginFunctionality got skipped
        </td>
      </tr>
  </tbody>
</table>
</div>
  <div class="mt-4">  <div class="accordion" role="tablist">
      <div class="card">
        <div class="card-header">
          <div class="card-toolbar node-info">
            <ul class="list-inline d-none d-sm-block">
              <li><span class="badge pass-bg log ">Pass</span></li>
              <li><span class='badge badge-default'>30:00:000</span></li>
              <li></li>
            </ul>
          </div>
          <div class="card-title">
            <a class="node " id="6"><span>checkLoginFunctionality</span></a>
            <div class="node-attr">
<span class="badge badge-pill badge-default">KrushnaPatare.</span>            </div>
          </div>
        </div>
      </div>
  </div>
</div>
          </div>
        </li>
        <li class="test-item"  status="skip" test-id="7"
          author="KrushnaPatare."
          tag=""
          device="">
          <div class="test-detail">
            <p class="name">testCase.SwagLabs1LoginPageTest - 1. checkLoginFunctionality</p>
            <p class="text-sm">
              <span>12:51:51 PM</span> / <span>00:00:00:004</span>
              <span class="badge skip-bg log float-right">Skip</span>
            </p>
          </div>
          <div class="test-contents d-none">
<div class="detail-head">
<div class="p-v-10">
<div class="info">
<h5 class="test-status text-skip">testCase.SwagLabs1LoginPageTest - 1. checkLoginFunctionality</h5>
<span class='badge badge-success'>10.25.2024 12:51:51 PM</span>
<span class='badge badge-danger'>10.25.2024 12:51:51 PM</span>
<span class='badge badge-default'>00:00:00:004</span>
&middot; <span class='uri-anchor badge badge-default'>#test-id=7</span>
<span title='Skip to the next failed step' class='badge badge-danger pointer float-right ne ml-1'><i class="fa fa-fast-forward"></i></span>
<span title='Collapse all nodes' class='badge badge-default pointer float-right ct ml-1'><i class="fa fa-compress"></i></span>
<span title='Expand all nodes' class='badge badge-default pointer float-right et'><i class="fa fa-expand"></i></span>
</div>
<div class="m-t-15"><span class="badge badge-pill badge-default">KrushnaPatare.</span></div>
</div>
</div><div class="detail-body mt-4">
<table class="table table-sm">
  <thead><tr><th class="status-col">Status</th><th class="timestamp-col">Timestamp</th><th class="details-col">Details</th></tr></thead>
  <tbody>
      <tr class="event-row">
        <td><span class="badge log info-bg">Info</span></td>
        <td>12:51:51 PM</td>
        <td>
          checkLoginFunctionality started executing.
        </td>
      </tr>
      <tr class="event-row">
        <td><span class="badge log info-bg">Info</span></td>
        <td>12:51:51 PM</td>
        <td>
          <textarea readonly class="code-block">java.lang.NullPointerException: Cannot invoke "org.openqa.selenium.TakesScreenshot.getScreenshotAs(org.openqa.selenium.OutputType)" because "driver" is null
	at com.swagLabs.utilities.Screenshot.generateScreenshot(Screenshot.java:27)
	at com.swagLabs.utilities.Screenshot.takeScreenshotAndLog(Screenshot.java:40)
	at testCase.SwagLabs1LoginPageTest.setUp(SwagLabs1LoginPageTest.java:28)
	at java.base/jdk.internal.reflect.NativeMethodAccessorImpl.invoke0(Native Method)
	at java.base/jdk.internal.reflect.NativeMethodAccessorImpl.invoke(NativeMethodAccessorImpl.java:77)
	at java.base/jdk.internal.reflect.DelegatingMethodAccessorImpl.invoke(DelegatingMethodAccessorImpl.java:43)
	at java.base/java.lang.reflect.Method.invoke(Method.java:568)
	at org.testng.internal.invokers.MethodInvocationHelper.invokeMethod(MethodInvocationHelper.java:139)
	at org.testng.internal.invokers.MethodInvocationHelper.invokeMethodConsideringTimeout(MethodInvocationHelper.java:69)
	at org.testng.internal.invokers.ConfigInvoker.invokeConfigurationMethod(ConfigInvoker.java:390)
	at org.testng.internal.invokers.ConfigInvoker.invokeConfigurations(ConfigInvoker.java:325)
	at org.testng.internal.invokers.TestInvoker.runConfigMethods(TestInvoker.java:810)
	at org.testng.internal.invokers.TestInvoker.invokeMethod(TestInvoker.java:577)
	at org.testng.internal.invokers.TestInvoker.invokeTestMethod(TestInvoker.java:227)
	at org.testng.internal.invokers.MethodRunner.runInSequence(MethodRunner.java:50)
	at org.testng.internal.invokers.TestInvoker$MethodInvocationAgent.invoke(TestInvoker.java:957)
	at org.testng.internal.invokers.TestInvoker.invokeTestMethods(TestInvoker.java:200)
	at org.testng.internal.invokers.TestMethodWorker.invokeTestMethods(TestMethodWorker.java:148)
	at org.testng.internal.invokers.TestMethodWorker.run(TestMethodWorker.java:128)
	at java.base/java.util.ArrayList.forEach(ArrayList.java:1511)
	at org.testng.TestRunner.privateRun(TestRunner.java:848)
	at org.testng.TestRunner.run(TestRunner.java:621)
	at org.testng.SuiteRunner.runTest(SuiteRunner.java:443)
	at org.testng.SuiteRunner.runSequentially(SuiteRunner.java:437)
	at org.testng.SuiteRunner.privateRun(SuiteRunner.java:397)
	at org.testng.SuiteRunner.run(SuiteRunner.java:336)
	at org.testng.SuiteRunnerWorker.runSuite(SuiteRunnerWorker.java:52)
	at org.testng.SuiteRunnerWorker.run(SuiteRunnerWorker.java:95)
	at org.testng.TestNG.runSuitesSequentially(TestNG.java:1280)
	at org.testng.TestNG.runSuitesLocally(TestNG.java:1200)
	at org.testng.TestNG.runSuites(TestNG.java:1114)
	at org.testng.TestNG.run(TestNG.java:1082)
	at org.apache.maven.surefire.testng.TestNGExecutor.run(TestNGExecutor.java:308)
	at org.apache.maven.surefire.testng.TestNGXmlTestSuite.execute(TestNGXmlTestSuite.java:71)
	at org.apache.maven.surefire.testng.TestNGProvider.invoke(TestNGProvider.java:113)
	at org.apache.maven.surefire.booter.ForkedBooter.runSuitesInProcess(ForkedBooter.java:385)
	at org.apache.maven.surefire.booter.ForkedBooter.execute(ForkedBooter.java:162)
	at org.apache.maven.surefire.booter.ForkedBooter.run(ForkedBooter.java:507)
	at org.apache.maven.surefire.booter.ForkedBooter.main(ForkedBooter.java:495)
</textarea>
          
        </td>
      </tr>
      <tr class="event-row">
        <td><span class="badge log skip-bg">Skip</span></td>
        <td>12:51:51 PM</td>
        <td>
          checkLoginFunctionality got skipped
        </td>
      </tr>
  </tbody>
</table>
</div>
  <div class="mt-4">  <div class="accordion" role="tablist">
      <div class="card">
        <div class="card-header">
          <div class="card-toolbar node-info">
            <ul class="list-inline d-none d-sm-block">
              <li><span class="badge pass-bg log ">Pass</span></li>
              <li><span class='badge badge-default'>30:00:000</span></li>
              <li></li>
            </ul>
          </div>
          <div class="card-title">
            <a class="node " id="8"><span>checkLoginFunctionality</span></a>
            <div class="node-attr">
<span class="badge badge-pill badge-default">KrushnaPatare.</span>            </div>
          </div>
        </div>
      </div>
  </div>
</div>
          </div>
        </li>
        <li class="test-item"  status="skip" test-id="9"
          author="KrushnaPatare."
          tag=""
          device="">
          <div class="test-detail">
            <p class="name">testCase.SwagLabs1LoginPageTest - 1. checkLoginFunctionality</p>
            <p class="text-sm">
              <span>12:51:51 PM</span> / <span>00:00:00:010</span>
              <span class="badge skip-bg log float-right">Skip</span>
            </p>
          </div>
          <div class="test-contents d-none">
<div class="detail-head">
<div class="p-v-10">
<div class="info">
<h5 class="test-status text-skip">testCase.SwagLabs1LoginPageTest - 1. checkLoginFunctionality</h5>
<span class='badge badge-success'>10.25.2024 12:51:51 PM</span>
<span class='badge badge-danger'>10.25.2024 12:51:51 PM</span>
<span class='badge badge-default'>00:00:00:010</span>
&middot; <span class='uri-anchor badge badge-default'>#test-id=9</span>
<span title='Skip to the next failed step' class='badge badge-danger pointer float-right ne ml-1'><i class="fa fa-fast-forward"></i></span>
<span title='Collapse all nodes' class='badge badge-default pointer float-right ct ml-1'><i class="fa fa-compress"></i></span>
<span title='Expand all nodes' class='badge badge-default pointer float-right et'><i class="fa fa-expand"></i></span>
</div>
<div class="m-t-15"><span class="badge badge-pill badge-default">KrushnaPatare.</span></div>
</div>
</div><div class="detail-body mt-4">
<table class="table table-sm">
  <thead><tr><th class="status-col">Status</th><th class="timestamp-col">Timestamp</th><th class="details-col">Details</th></tr></thead>
  <tbody>
      <tr class="event-row">
        <td><span class="badge log info-bg">Info</span></td>
        <td>12:51:51 PM</td>
        <td>
          checkLoginFunctionality started executing.
        </td>
      </tr>
      <tr class="event-row">
        <td><span class="badge log info-bg">Info</span></td>
        <td>12:51:51 PM</td>
        <td>
          <textarea readonly class="code-block">java.lang.NullPointerException: Cannot invoke "org.openqa.selenium.TakesScreenshot.getScreenshotAs(org.openqa.selenium.OutputType)" because "driver" is null
	at com.swagLabs.utilities.Screenshot.generateScreenshot(Screenshot.java:27)
	at com.swagLabs.utilities.Screenshot.takeScreenshotAndLog(Screenshot.java:40)
	at testCase.SwagLabs1LoginPageTest.setUp(SwagLabs1LoginPageTest.java:28)
	at java.base/jdk.internal.reflect.NativeMethodAccessorImpl.invoke0(Native Method)
	at java.base/jdk.internal.reflect.NativeMethodAccessorImpl.invoke(NativeMethodAccessorImpl.java:77)
	at java.base/jdk.internal.reflect.DelegatingMethodAccessorImpl.invoke(DelegatingMethodAccessorImpl.java:43)
	at java.base/java.lang.reflect.Method.invoke(Method.java:568)
	at org.testng.internal.invokers.MethodInvocationHelper.invokeMethod(MethodInvocationHelper.java:139)
	at org.testng.internal.invokers.MethodInvocationHelper.invokeMethodConsideringTimeout(MethodInvocationHelper.java:69)
	at org.testng.internal.invokers.ConfigInvoker.invokeConfigurationMethod(ConfigInvoker.java:390)
	at org.testng.internal.invokers.ConfigInvoker.invokeConfigurations(ConfigInvoker.java:325)
	at org.testng.internal.invokers.TestInvoker.runConfigMethods(TestInvoker.java:810)
	at org.testng.internal.invokers.TestInvoker.invokeMethod(TestInvoker.java:577)
	at org.testng.internal.invokers.TestInvoker.invokeTestMethod(TestInvoker.java:227)
	at org.testng.internal.invokers.MethodRunner.runInSequence(MethodRunner.java:50)
	at org.testng.internal.invokers.TestInvoker$MethodInvocationAgent.invoke(TestInvoker.java:957)
	at org.testng.internal.invokers.TestInvoker.invokeTestMethods(TestInvoker.java:200)
	at org.testng.internal.invokers.TestMethodWorker.invokeTestMethods(TestMethodWorker.java:148)
	at org.testng.internal.invokers.TestMethodWorker.run(TestMethodWorker.java:128)
	at java.base/java.util.ArrayList.forEach(ArrayList.java:1511)
	at org.testng.TestRunner.privateRun(TestRunner.java:848)
	at org.testng.TestRunner.run(TestRunner.java:621)
	at org.testng.SuiteRunner.runTest(SuiteRunner.java:443)
	at org.testng.SuiteRunner.runSequentially(SuiteRunner.java:437)
	at org.testng.SuiteRunner.privateRun(SuiteRunner.java:397)
	at org.testng.SuiteRunner.run(SuiteRunner.java:336)
	at org.testng.SuiteRunnerWorker.runSuite(SuiteRunnerWorker.java:52)
	at org.testng.SuiteRunnerWorker.run(SuiteRunnerWorker.java:95)
	at org.testng.TestNG.runSuitesSequentially(TestNG.java:1280)
	at org.testng.TestNG.runSuitesLocally(TestNG.java:1200)
	at org.testng.TestNG.runSuites(TestNG.java:1114)
	at org.testng.TestNG.run(TestNG.java:1082)
	at org.apache.maven.surefire.testng.TestNGExecutor.run(TestNGExecutor.java:308)
	at org.apache.maven.surefire.testng.TestNGXmlTestSuite.execute(TestNGXmlTestSuite.java:71)
	at org.apache.maven.surefire.testng.TestNGProvider.invoke(TestNGProvider.java:113)
	at org.apache.maven.surefire.booter.ForkedBooter.runSuitesInProcess(ForkedBooter.java:385)
	at org.apache.maven.surefire.booter.ForkedBooter.execute(ForkedBooter.java:162)
	at org.apache.maven.surefire.booter.ForkedBooter.run(ForkedBooter.java:507)
	at org.apache.maven.surefire.booter.ForkedBooter.main(ForkedBooter.java:495)
</textarea>
          
        </td>
      </tr>
      <tr class="event-row">
        <td><span class="badge log skip-bg">Skip</span></td>
        <td>12:51:51 PM</td>
        <td>
          checkLoginFunctionality got skipped
        </td>
      </tr>
  </tbody>
</table>
</div>
  <div class="mt-4">  <div class="accordion" role="tablist">
      <div class="card">
        <div class="card-header">
          <div class="card-toolbar node-info">
            <ul class="list-inline d-none d-sm-block">
              <li><span class="badge pass-bg log ">Pass</span></li>
              <li><span class='badge badge-default'>30:00:000</span></li>
              <li></li>
            </ul>
          </div>
          <div class="card-title">
            <a class="node " id="10"><span>checkLoginFunctionality</span></a>
            <div class="node-attr">
<span class="badge badge-pill badge-default">KrushnaPatare.</span>            </div>
          </div>
        </div>
      </div>
  </div>
</div>
          </div>
        </li>
        <li class="test-item"  status="skip" test-id="11"
          author="KrushnaPatare."
          tag=""
          device="">
          <div class="test-detail">
            <p class="name">testCase.SwagLabs1LoginPageTest - 1. checkLoginFunctionality</p>
            <p class="text-sm">
              <span>12:51:51 PM</span> / <span>00:00:00:003</span>
              <span class="badge skip-bg log float-right">Skip</span>
            </p>
          </div>
          <div class="test-contents d-none">
<div class="detail-head">
<div class="p-v-10">
<div class="info">
<h5 class="test-status text-skip">testCase.SwagLabs1LoginPageTest - 1. checkLoginFunctionality</h5>
<span class='badge badge-success'>10.25.2024 12:51:51 PM</span>
<span class='badge badge-danger'>10.25.2024 12:51:51 PM</span>
<span class='badge badge-default'>00:00:00:003</span>
&middot; <span class='uri-anchor badge badge-default'>#test-id=11</span>
<span title='Skip to the next failed step' class='badge badge-danger pointer float-right ne ml-1'><i class="fa fa-fast-forward"></i></span>
<span title='Collapse all nodes' class='badge badge-default pointer float-right ct ml-1'><i class="fa fa-compress"></i></span>
<span title='Expand all nodes' class='badge badge-default pointer float-right et'><i class="fa fa-expand"></i></span>
</div>
<div class="m-t-15"><span class="badge badge-pill badge-default">KrushnaPatare.</span></div>
</div>
</div><div class="detail-body mt-4">
<table class="table table-sm">
  <thead><tr><th class="status-col">Status</th><th class="timestamp-col">Timestamp</th><th class="details-col">Details</th></tr></thead>
  <tbody>
      <tr class="event-row">
        <td><span class="badge log info-bg">Info</span></td>
        <td>12:51:51 PM</td>
        <td>
          checkLoginFunctionality started executing.
        </td>
      </tr>
      <tr class="event-row">
        <td><span class="badge log info-bg">Info</span></td>
        <td>12:51:51 PM</td>
        <td>
          <textarea readonly class="code-block">java.lang.NullPointerException: Cannot invoke "org.openqa.selenium.TakesScreenshot.getScreenshotAs(org.openqa.selenium.OutputType)" because "driver" is null
	at com.swagLabs.utilities.Screenshot.generateScreenshot(Screenshot.java:27)
	at com.swagLabs.utilities.Screenshot.takeScreenshotAndLog(Screenshot.java:40)
	at testCase.SwagLabs1LoginPageTest.setUp(SwagLabs1LoginPageTest.java:28)
	at java.base/jdk.internal.reflect.NativeMethodAccessorImpl.invoke0(Native Method)
	at java.base/jdk.internal.reflect.NativeMethodAccessorImpl.invoke(NativeMethodAccessorImpl.java:77)
	at java.base/jdk.internal.reflect.DelegatingMethodAccessorImpl.invoke(DelegatingMethodAccessorImpl.java:43)
	at java.base/java.lang.reflect.Method.invoke(Method.java:568)
	at org.testng.internal.invokers.MethodInvocationHelper.invokeMethod(MethodInvocationHelper.java:139)
	at org.testng.internal.invokers.MethodInvocationHelper.invokeMethodConsideringTimeout(MethodInvocationHelper.java:69)
	at org.testng.internal.invokers.ConfigInvoker.invokeConfigurationMethod(ConfigInvoker.java:390)
	at org.testng.internal.invokers.ConfigInvoker.invokeConfigurations(ConfigInvoker.java:325)
	at org.testng.internal.invokers.TestInvoker.runConfigMethods(TestInvoker.java:810)
	at org.testng.internal.invokers.TestInvoker.invokeMethod(TestInvoker.java:577)
	at org.testng.internal.invokers.TestInvoker.invokeTestMethod(TestInvoker.java:227)
	at org.testng.internal.invokers.MethodRunner.runInSequence(MethodRunner.java:50)
	at org.testng.internal.invokers.TestInvoker$MethodInvocationAgent.invoke(TestInvoker.java:957)
	at org.testng.internal.invokers.TestInvoker.invokeTestMethods(TestInvoker.java:200)
	at org.testng.internal.invokers.TestMethodWorker.invokeTestMethods(TestMethodWorker.java:148)
	at org.testng.internal.invokers.TestMethodWorker.run(TestMethodWorker.java:128)
	at java.base/java.util.ArrayList.forEach(ArrayList.java:1511)
	at org.testng.TestRunner.privateRun(TestRunner.java:848)
	at org.testng.TestRunner.run(TestRunner.java:621)
	at org.testng.SuiteRunner.runTest(SuiteRunner.java:443)
	at org.testng.SuiteRunner.runSequentially(SuiteRunner.java:437)
	at org.testng.SuiteRunner.privateRun(SuiteRunner.java:397)
	at org.testng.SuiteRunner.run(SuiteRunner.java:336)
	at org.testng.SuiteRunnerWorker.runSuite(SuiteRunnerWorker.java:52)
	at org.testng.SuiteRunnerWorker.run(SuiteRunnerWorker.java:95)
	at org.testng.TestNG.runSuitesSequentially(TestNG.java:1280)
	at org.testng.TestNG.runSuitesLocally(TestNG.java:1200)
	at org.testng.TestNG.runSuites(TestNG.java:1114)
	at org.testng.TestNG.run(TestNG.java:1082)
	at org.apache.maven.surefire.testng.TestNGExecutor.run(TestNGExecutor.java:308)
	at org.apache.maven.surefire.testng.TestNGXmlTestSuite.execute(TestNGXmlTestSuite.java:71)
	at org.apache.maven.surefire.testng.TestNGProvider.invoke(TestNGProvider.java:113)
	at org.apache.maven.surefire.booter.ForkedBooter.runSuitesInProcess(ForkedBooter.java:385)
	at org.apache.maven.surefire.booter.ForkedBooter.execute(ForkedBooter.java:162)
	at org.apache.maven.surefire.booter.ForkedBooter.run(ForkedBooter.java:507)
	at org.apache.maven.surefire.booter.ForkedBooter.main(ForkedBooter.java:495)
</textarea>
          
        </td>
      </tr>
      <tr class="event-row">
        <td><span class="badge log skip-bg">Skip</span></td>
        <td>12:51:51 PM</td>
        <td>
          checkLoginFunctionality got skipped
        </td>
      </tr>
  </tbody>
</table>
</div>
  <div class="mt-4">  <div class="accordion" role="tablist">
      <div class="card">
        <div class="card-header">
          <div class="card-toolbar node-info">
            <ul class="list-inline d-none d-sm-block">
              <li><span class="badge pass-bg log ">Pass</span></li>
              <li><span class='badge badge-default'>30:00:000</span></li>
              <li></li>
            </ul>
          </div>
          <div class="card-title">
            <a class="node " id="12"><span>checkLoginFunctionality</span></a>
            <div class="node-attr">
<span class="badge badge-pill badge-default">KrushnaPatare.</span>            </div>
          </div>
        </div>
      </div>
  </div>
</div>
          </div>
        </li>
        <li class="test-item"  status="skip" test-id="13"
          author="KrushnaPatare."
          tag=""
          device="">
          <div class="test-detail">
            <p class="name">testCase.SwagLabs2InventoryPageTest - 1. verifySortFunctionality</p>
            <p class="text-sm">
              <span>12:51:56 PM</span> / <span>00:00:00:006</span>
              <span class="badge skip-bg log float-right">Skip</span>
            </p>
          </div>
          <div class="test-contents d-none">
<div class="detail-head">
<div class="p-v-10">
<div class="info">
<h5 class="test-status text-skip">testCase.SwagLabs2InventoryPageTest - 1. verifySortFunctionality</h5>
<span class='badge badge-success'>10.25.2024 12:51:56 PM</span>
<span class='badge badge-danger'>10.25.2024 12:51:56 PM</span>
<span class='badge badge-default'>00:00:00:006</span>
&middot; <span class='uri-anchor badge badge-default'>#test-id=13</span>
<span title='Skip to the next failed step' class='badge badge-danger pointer float-right ne ml-1'><i class="fa fa-fast-forward"></i></span>
<span title='Collapse all nodes' class='badge badge-default pointer float-right ct ml-1'><i class="fa fa-compress"></i></span>
<span title='Expand all nodes' class='badge badge-default pointer float-right et'><i class="fa fa-expand"></i></span>
</div>
<div class="m-t-15"><span class="badge badge-pill badge-default">KrushnaPatare.</span></div>
</div>
</div><div class="detail-body mt-4">
<table class="table table-sm">
  <thead><tr><th class="status-col">Status</th><th class="timestamp-col">Timestamp</th><th class="details-col">Details</th></tr></thead>
  <tbody>
      <tr class="event-row">
        <td><span class="badge log info-bg">Info</span></td>
        <td>12:51:56 PM</td>
        <td>
          verifySortFunctionality started executing.
        </td>
      </tr>
      <tr class="event-row">
        <td><span class="badge log info-bg">Info</span></td>
        <td>12:51:56 PM</td>
        <td>
          <textarea readonly class="code-block">java.lang.NullPointerException: Cannot invoke "org.openqa.selenium.SearchContext.findElement(org.openqa.selenium.By)" because "this.searchContext" is null
	at org.openqa.selenium.support.pagefactory.DefaultElementLocator.findElement(DefaultElementLocator.java:68)
	at org.openqa.selenium.support.pagefactory.internal.LocatingElementHandler.invoke(LocatingElementHandler.java:38)
	at jdk.proxy2/jdk.proxy2.$Proxy17.sendKeys(Unknown Source)
	at com.swagLabs.pom.SwagLabsLoginPage.enterUsername(SwagLabsLoginPage.java:37)
	at com.swagLabs.pojo.BaseClass.login(BaseClass.java:81)
	at testCase.SwagLabs2InventoryPageTest.Setup(SwagLabs2InventoryPageTest.java:29)
	at java.base/jdk.internal.reflect.NativeMethodAccessorImpl.invoke0(Native Method)
	at java.base/jdk.internal.reflect.NativeMethodAccessorImpl.invoke(NativeMethodAccessorImpl.java:77)
	at java.base/jdk.internal.reflect.DelegatingMethodAccessorImpl.invoke(DelegatingMethodAccessorImpl.java:43)
	at java.base/java.lang.reflect.Method.invoke(Method.java:568)
	at org.testng.internal.invokers.MethodInvocationHelper.invokeMethod(MethodInvocationHelper.java:139)
	at org.testng.internal.invokers.MethodInvocationHelper.invokeMethodConsideringTimeout(MethodInvocationHelper.java:69)
	at org.testng.internal.invokers.ConfigInvoker.invokeConfigurationMethod(ConfigInvoker.java:390)
	at org.testng.internal.invokers.ConfigInvoker.invokeConfigurations(ConfigInvoker.java:325)
	at org.testng.internal.invokers.TestInvoker.runConfigMethods(TestInvoker.java:810)
	at org.testng.internal.invokers.TestInvoker.invokeMethod(TestInvoker.java:577)
	at org.testng.internal.invokers.TestInvoker.invokeTestMethod(TestInvoker.java:227)
	at org.testng.internal.invokers.MethodRunner.runInSequence(MethodRunner.java:50)
	at org.testng.internal.invokers.TestInvoker$MethodInvocationAgent.invoke(TestInvoker.java:957)
	at org.testng.internal.invokers.TestInvoker.invokeTestMethods(TestInvoker.java:200)
	at org.testng.internal.invokers.TestMethodWorker.invokeTestMethods(TestMethodWorker.java:148)
	at org.testng.internal.invokers.TestMethodWorker.run(TestMethodWorker.java:128)
	at java.base/java.util.ArrayList.forEach(ArrayList.java:1511)
	at org.testng.TestRunner.privateRun(TestRunner.java:848)
	at org.testng.TestRunner.run(TestRunner.java:621)
	at org.testng.SuiteRunner.runTest(SuiteRunner.java:443)
	at org.testng.SuiteRunner.runSequentially(SuiteRunner.java:437)
	at org.testng.SuiteRunner.privateRun(SuiteRunner.java:397)
	at org.testng.SuiteRunner.run(SuiteRunner.java:336)
	at org.testng.SuiteRunnerWorker.runSuite(SuiteRunnerWorker.java:52)
	at org.testng.SuiteRunnerWorker.run(SuiteRunnerWorker.java:95)
	at org.testng.TestNG.runSuitesSequentially(TestNG.java:1280)
	at org.testng.TestNG.runSuitesLocally(TestNG.java:1200)
	at org.testng.TestNG.runSuites(TestNG.java:1114)
	at org.testng.TestNG.run(TestNG.java:1082)
	at org.apache.maven.surefire.testng.TestNGExecutor.run(TestNGExecutor.java:308)
	at org.apache.maven.surefire.testng.TestNGXmlTestSuite.execute(TestNGXmlTestSuite.java:71)
	at org.apache.maven.surefire.testng.TestNGProvider.invoke(TestNGProvider.java:113)
	at org.apache.maven.surefire.booter.ForkedBooter.runSuitesInProcess(ForkedBooter.java:385)
	at org.apache.maven.surefire.booter.ForkedBooter.execute(ForkedBooter.java:162)
	at org.apache.maven.surefire.booter.ForkedBooter.run(ForkedBooter.java:507)
	at org.apache.maven.surefire.booter.ForkedBooter.main(ForkedBooter.java:495)
</textarea>
          
        </td>
      </tr>
      <tr class="event-row">
        <td><span class="badge log skip-bg">Skip</span></td>
        <td>12:51:56 PM</td>
        <td>
          verifySortFunctionality got skipped
        </td>
      </tr>
  </tbody>
</table>
</div>
  <div class="mt-4">  <div class="accordion" role="tablist">
      <div class="card">
        <div class="card-header">
          <div class="card-toolbar node-info">
            <ul class="list-inline d-none d-sm-block">
              <li><span class="badge pass-bg log ">Pass</span></li>
              <li><span class='badge badge-default'>30:00:000</span></li>
              <li></li>
            </ul>
          </div>
          <div class="card-title">
            <a class="node " id="14"><span>verifySortFunctionality</span></a>
            <div class="node-attr">
<span class="badge badge-pill badge-default">KrushnaPatare.</span>            </div>
          </div>
        </div>
      </div>
  </div>
</div>
          </div>
        </li>
        <li class="test-item"  status="skip" test-id="15"
          author="KrushnaPatare."
          tag=""
          device="">
          <div class="test-detail">
            <p class="name">testCase.SwagLabs2InventoryPageTest - 2. verifyUserIsAbleToNavigateToSocialMediaSites</p>
            <p class="text-sm">
              <span>12:51:56 PM</span> / <span>00:00:00:005</span>
              <span class="badge skip-bg log float-right">Skip</span>
            </p>
          </div>
          <div class="test-contents d-none">
<div class="detail-head">
<div class="p-v-10">
<div class="info">
<h5 class="test-status text-skip">testCase.SwagLabs2InventoryPageTest - 2. verifyUserIsAbleToNavigateToSocialMediaSites</h5>
<span class='badge badge-success'>10.25.2024 12:51:56 PM</span>
<span class='badge badge-danger'>10.25.2024 12:51:56 PM</span>
<span class='badge badge-default'>00:00:00:005</span>
&middot; <span class='uri-anchor badge badge-default'>#test-id=15</span>
<span title='Skip to the next failed step' class='badge badge-danger pointer float-right ne ml-1'><i class="fa fa-fast-forward"></i></span>
<span title='Collapse all nodes' class='badge badge-default pointer float-right ct ml-1'><i class="fa fa-compress"></i></span>
<span title='Expand all nodes' class='badge badge-default pointer float-right et'><i class="fa fa-expand"></i></span>
</div>
<div class="m-t-15"><span class="badge badge-pill badge-default">KrushnaPatare.</span></div>
</div>
</div><div class="detail-body mt-4">
<table class="table table-sm">
  <thead><tr><th class="status-col">Status</th><th class="timestamp-col">Timestamp</th><th class="details-col">Details</th></tr></thead>
  <tbody>
      <tr class="event-row">
        <td><span class="badge log info-bg">Info</span></td>
        <td>12:51:56 PM</td>
        <td>
          verifyUserIsAbleToNavigateToSocialMediaSites started executing.
        </td>
      </tr>
      <tr class="event-row">
        <td><span class="badge log info-bg">Info</span></td>
        <td>12:51:56 PM</td>
        <td>
          <textarea readonly class="code-block">java.lang.NullPointerException: Cannot invoke "org.openqa.selenium.SearchContext.findElement(org.openqa.selenium.By)" because "this.searchContext" is null
	at org.openqa.selenium.support.pagefactory.DefaultElementLocator.findElement(DefaultElementLocator.java:68)
	at org.openqa.selenium.support.pagefactory.internal.LocatingElementHandler.invoke(LocatingElementHandler.java:38)
	at jdk.proxy2/jdk.proxy2.$Proxy17.sendKeys(Unknown Source)
	at com.swagLabs.pom.SwagLabsLoginPage.enterUsername(SwagLabsLoginPage.java:37)
	at com.swagLabs.pojo.BaseClass.login(BaseClass.java:81)
	at testCase.SwagLabs2InventoryPageTest.Setup(SwagLabs2InventoryPageTest.java:29)
	at java.base/jdk.internal.reflect.NativeMethodAccessorImpl.invoke0(Native Method)
	at java.base/jdk.internal.reflect.NativeMethodAccessorImpl.invoke(NativeMethodAccessorImpl.java:77)
	at java.base/jdk.internal.reflect.DelegatingMethodAccessorImpl.invoke(DelegatingMethodAccessorImpl.java:43)
	at java.base/java.lang.reflect.Method.invoke(Method.java:568)
	at org.testng.internal.invokers.MethodInvocationHelper.invokeMethod(MethodInvocationHelper.java:139)
	at org.testng.internal.invokers.MethodInvocationHelper.invokeMethodConsideringTimeout(MethodInvocationHelper.java:69)
	at org.testng.internal.invokers.ConfigInvoker.invokeConfigurationMethod(ConfigInvoker.java:390)
	at org.testng.internal.invokers.ConfigInvoker.invokeConfigurations(ConfigInvoker.java:325)
	at org.testng.internal.invokers.TestInvoker.runConfigMethods(TestInvoker.java:810)
	at org.testng.internal.invokers.TestInvoker.invokeMethod(TestInvoker.java:577)
	at org.testng.internal.invokers.TestInvoker.invokeTestMethod(TestInvoker.java:227)
	at org.testng.internal.invokers.MethodRunner.runInSequence(MethodRunner.java:50)
	at org.testng.internal.invokers.TestInvoker$MethodInvocationAgent.invoke(TestInvoker.java:957)
	at org.testng.internal.invokers.TestInvoker.invokeTestMethods(TestInvoker.java:200)
	at org.testng.internal.invokers.TestMethodWorker.invokeTestMethods(TestMethodWorker.java:148)
	at org.testng.internal.invokers.TestMethodWorker.run(TestMethodWorker.java:128)
	at java.base/java.util.ArrayList.forEach(ArrayList.java:1511)
	at org.testng.TestRunner.privateRun(TestRunner.java:848)
	at org.testng.TestRunner.run(TestRunner.java:621)
	at org.testng.SuiteRunner.runTest(SuiteRunner.java:443)
	at org.testng.SuiteRunner.runSequentially(SuiteRunner.java:437)
	at org.testng.SuiteRunner.privateRun(SuiteRunner.java:397)
	at org.testng.SuiteRunner.run(SuiteRunner.java:336)
	at org.testng.SuiteRunnerWorker.runSuite(SuiteRunnerWorker.java:52)
	at org.testng.SuiteRunnerWorker.run(SuiteRunnerWorker.java:95)
	at org.testng.TestNG.runSuitesSequentially(TestNG.java:1280)
	at org.testng.TestNG.runSuitesLocally(TestNG.java:1200)
	at org.testng.TestNG.runSuites(TestNG.java:1114)
	at org.testng.TestNG.run(TestNG.java:1082)
	at org.apache.maven.surefire.testng.TestNGExecutor.run(TestNGExecutor.java:308)
	at org.apache.maven.surefire.testng.TestNGXmlTestSuite.execute(TestNGXmlTestSuite.java:71)
	at org.apache.maven.surefire.testng.TestNGProvider.invoke(TestNGProvider.java:113)
	at org.apache.maven.surefire.booter.ForkedBooter.runSuitesInProcess(ForkedBooter.java:385)
	at org.apache.maven.surefire.booter.ForkedBooter.execute(ForkedBooter.java:162)
	at org.apache.maven.surefire.booter.ForkedBooter.run(ForkedBooter.java:507)
	at org.apache.maven.surefire.booter.ForkedBooter.main(ForkedBooter.java:495)
</textarea>
          
        </td>
      </tr>
      <tr class="event-row">
        <td><span class="badge log skip-bg">Skip</span></td>
        <td>12:51:56 PM</td>
        <td>
          verifyUserIsAbleToNavigateToSocialMediaSites got skipped
        </td>
      </tr>
  </tbody>
</table>
</div>
  <div class="mt-4">  <div class="accordion" role="tablist">
      <div class="card">
        <div class="card-header">
          <div class="card-toolbar node-info">
            <ul class="list-inline d-none d-sm-block">
              <li><span class="badge pass-bg log ">Pass</span></li>
              <li><span class='badge badge-default'>30:00:000</span></li>
              <li></li>
            </ul>
          </div>
          <div class="card-title">
            <a class="node " id="16"><span>verifyUserIsAbleToNavigateToSocialMediaSites</span></a>
            <div class="node-attr">
<span class="badge badge-pill badge-default">KrushnaPatare.</span>            </div>
          </div>
        </div>
      </div>
  </div>
</div>
          </div>
        </li>
        <li class="test-item"  status="skip" test-id="17"
          author="KrushnaPatare."
          tag=""
          device="">
          <div class="test-detail">
            <p class="name">testCase.SwagLabs2InventoryPageTest - 3. verifyUserCanAddItemToCart</p>
            <p class="text-sm">
              <span>12:51:56 PM</span> / <span>00:00:00:002</span>
              <span class="badge skip-bg log float-right">Skip</span>
            </p>
          </div>
          <div class="test-contents d-none">
<div class="detail-head">
<div class="p-v-10">
<div class="info">
<h5 class="test-status text-skip">testCase.SwagLabs2InventoryPageTest - 3. verifyUserCanAddItemToCart</h5>
<span class='badge badge-success'>10.25.2024 12:51:56 PM</span>
<span class='badge badge-danger'>10.25.2024 12:51:56 PM</span>
<span class='badge badge-default'>00:00:00:002</span>
&middot; <span class='uri-anchor badge badge-default'>#test-id=17</span>
<span title='Skip to the next failed step' class='badge badge-danger pointer float-right ne ml-1'><i class="fa fa-fast-forward"></i></span>
<span title='Collapse all nodes' class='badge badge-default pointer float-right ct ml-1'><i class="fa fa-compress"></i></span>
<span title='Expand all nodes' class='badge badge-default pointer float-right et'><i class="fa fa-expand"></i></span>
</div>
<div class="m-t-15"><span class="badge badge-pill badge-default">KrushnaPatare.</span></div>
</div>
</div><div class="detail-body mt-4">
<table class="table table-sm">
  <thead><tr><th class="status-col">Status</th><th class="timestamp-col">Timestamp</th><th class="details-col">Details</th></tr></thead>
  <tbody>
      <tr class="event-row">
        <td><span class="badge log info-bg">Info</span></td>
        <td>12:51:56 PM</td>
        <td>
          verifyUserCanAddItemToCart started executing.
        </td>
      </tr>
      <tr class="event-row">
        <td><span class="badge log info-bg">Info</span></td>
        <td>12:51:56 PM</td>
        <td>
          <textarea readonly class="code-block">java.lang.NullPointerException: Cannot invoke "org.openqa.selenium.SearchContext.findElement(org.openqa.selenium.By)" because "this.searchContext" is null
	at org.openqa.selenium.support.pagefactory.DefaultElementLocator.findElement(DefaultElementLocator.java:68)
	at org.openqa.selenium.support.pagefactory.internal.LocatingElementHandler.invoke(LocatingElementHandler.java:38)
	at jdk.proxy2/jdk.proxy2.$Proxy17.sendKeys(Unknown Source)
	at com.swagLabs.pom.SwagLabsLoginPage.enterUsername(SwagLabsLoginPage.java:37)
	at com.swagLabs.pojo.BaseClass.login(BaseClass.java:81)
	at testCase.SwagLabs2InventoryPageTest.Setup(SwagLabs2InventoryPageTest.java:29)
	at java.base/jdk.internal.reflect.NativeMethodAccessorImpl.invoke0(Native Method)
	at java.base/jdk.internal.reflect.NativeMethodAccessorImpl.invoke(NativeMethodAccessorImpl.java:77)
	at java.base/jdk.internal.reflect.DelegatingMethodAccessorImpl.invoke(DelegatingMethodAccessorImpl.java:43)
	at java.base/java.lang.reflect.Method.invoke(Method.java:568)
	at org.testng.internal.invokers.MethodInvocationHelper.invokeMethod(MethodInvocationHelper.java:139)
	at org.testng.internal.invokers.MethodInvocationHelper.invokeMethodConsideringTimeout(MethodInvocationHelper.java:69)
	at org.testng.internal.invokers.ConfigInvoker.invokeConfigurationMethod(ConfigInvoker.java:390)
	at org.testng.internal.invokers.ConfigInvoker.invokeConfigurations(ConfigInvoker.java:325)
	at org.testng.internal.invokers.TestInvoker.runConfigMethods(TestInvoker.java:810)
	at org.testng.internal.invokers.TestInvoker.invokeMethod(TestInvoker.java:577)
	at org.testng.internal.invokers.TestInvoker.invokeTestMethod(TestInvoker.java:227)
	at org.testng.internal.invokers.MethodRunner.runInSequence(MethodRunner.java:50)
	at org.testng.internal.invokers.TestInvoker$MethodInvocationAgent.invoke(TestInvoker.java:957)
	at org.testng.internal.invokers.TestInvoker.invokeTestMethods(TestInvoker.java:200)
	at org.testng.internal.invokers.TestMethodWorker.invokeTestMethods(TestMethodWorker.java:148)
	at org.testng.internal.invokers.TestMethodWorker.run(TestMethodWorker.java:128)
	at java.base/java.util.ArrayList.forEach(ArrayList.java:1511)
	at org.testng.TestRunner.privateRun(TestRunner.java:848)
	at org.testng.TestRunner.run(TestRunner.java:621)
	at org.testng.SuiteRunner.runTest(SuiteRunner.java:443)
	at org.testng.SuiteRunner.runSequentially(SuiteRunner.java:437)
	at org.testng.SuiteRunner.privateRun(SuiteRunner.java:397)
	at org.testng.SuiteRunner.run(SuiteRunner.java:336)
	at org.testng.SuiteRunnerWorker.runSuite(SuiteRunnerWorker.java:52)
	at org.testng.SuiteRunnerWorker.run(SuiteRunnerWorker.java:95)
	at org.testng.TestNG.runSuitesSequentially(TestNG.java:1280)
	at org.testng.TestNG.runSuitesLocally(TestNG.java:1200)
	at org.testng.TestNG.runSuites(TestNG.java:1114)
	at org.testng.TestNG.run(TestNG.java:1082)
	at org.apache.maven.surefire.testng.TestNGExecutor.run(TestNGExecutor.java:308)
	at org.apache.maven.surefire.testng.TestNGXmlTestSuite.execute(TestNGXmlTestSuite.java:71)
	at org.apache.maven.surefire.testng.TestNGProvider.invoke(TestNGProvider.java:113)
	at org.apache.maven.surefire.booter.ForkedBooter.runSuitesInProcess(ForkedBooter.java:385)
	at org.apache.maven.surefire.booter.ForkedBooter.execute(ForkedBooter.java:162)
	at org.apache.maven.surefire.booter.ForkedBooter.run(ForkedBooter.java:507)
	at org.apache.maven.surefire.booter.ForkedBooter.main(ForkedBooter.java:495)
</textarea>
          
        </td>
      </tr>
      <tr class="event-row">
        <td><span class="badge log skip-bg">Skip</span></td>
        <td>12:51:56 PM</td>
        <td>
          verifyUserCanAddItemToCart got skipped
        </td>
      </tr>
  </tbody>
</table>
</div>
  <div class="mt-4">  <div class="accordion" role="tablist">
      <div class="card">
        <div class="card-header">
          <div class="card-toolbar node-info">
            <ul class="list-inline d-none d-sm-block">
              <li><span class="badge pass-bg log ">Pass</span></li>
              <li><span class='badge badge-default'>30:00:000</span></li>
              <li></li>
            </ul>
          </div>
          <div class="card-title">
            <a class="node " id="18"><span>verifyUserCanAddItemToCart</span></a>
            <div class="node-attr">
<span class="badge badge-pill badge-default">KrushnaPatare.</span>            </div>
          </div>
        </div>
      </div>
  </div>
</div>
          </div>
        </li>
        <li class="test-item"  status="fail" test-id="19"
          author="KrushnaPatare."
          tag=""
          device="">
          <div class="test-detail">
            <p class="name">testCase.SwagLabs3ProductPageTest - 1. verifyUserCanAddProductToCart</p>
            <p class="text-sm">
              <span>12:52:03 PM</span> / <span>00:00:17:968</span>
              <span class="badge fail-bg log float-right">Fail</span>
            </p>
          </div>
          <div class="test-contents d-none">
<div class="detail-head">
<div class="p-v-10">
<div class="info">
<h5 class="test-status text-fail">testCase.SwagLabs3ProductPageTest - 1. verifyUserCanAddProductToCart</h5>
<span class='badge badge-success'>10.25.2024 12:52:03 PM</span>
<span class='badge badge-danger'>10.25.2024 12:52:21 PM</span>
<span class='badge badge-default'>00:00:17:968</span>
&middot; <span class='uri-anchor badge badge-default'>#test-id=19</span>
<span title='Skip to the next failed step' class='badge badge-danger pointer float-right ne ml-1'><i class="fa fa-fast-forward"></i></span>
<span title='Collapse all nodes' class='badge badge-default pointer float-right ct ml-1'><i class="fa fa-compress"></i></span>
<span title='Expand all nodes' class='badge badge-default pointer float-right et'><i class="fa fa-expand"></i></span>
</div>
<div class="m-t-15"><span class="badge badge-pill badge-default">KrushnaPatare.</span></div>
</div>
</div>    <div class="row mb-3"><div class="col-md-3">
    

<img data-featherlight='F:\WorkSpace\SwagLabs-Ecommerce\Screenshots\25-52-2024 12-52-13 PM.png' src="F:\WorkSpace\SwagLabs-Ecommerce\Screenshots\25-52-2024 12-52-13 PM.png">
  
    

    </div></div>
<div class="detail-body mt-4">
<table class="table table-sm">
  <thead><tr><th class="status-col">Status</th><th class="timestamp-col">Timestamp</th><th class="details-col">Details</th></tr></thead>
  <tbody>
      <tr class="event-row">
        <td><span class="badge log info-bg">Info</span></td>
        <td>12:52:03 PM</td>
        <td>
          verifyUserCanAddProductToCart started executing.
        </td>
      </tr>
      <tr class="event-row">
        <td><span class="badge log info-bg">Info</span></td>
        <td>12:52:05 PM</td>
        <td>
          <b>clicked on 'Add To cart' button.</b>
    <div class="row mb-3"><div class="col-md-3">
    

<img data-featherlight='F:\WorkSpace\SwagLabs-Ecommerce\Screenshots\25-52-2024 12-52-05 PM.png' src="F:\WorkSpace\SwagLabs-Ecommerce\Screenshots\25-52-2024 12-52-05 PM.png">
  
    

    </div></div>
        </td>
      </tr>
      <tr class="event-row">
        <td><span class="badge log info-bg">Info</span></td>
        <td>12:52:08 PM</td>
        <td>
          <b>Opened cart page.</b>
    <div class="row mb-3"><div class="col-md-3">
    

<img data-featherlight='F:\WorkSpace\SwagLabs-Ecommerce\Screenshots\25-52-2024 12-52-08 PM.png' src="F:\WorkSpace\SwagLabs-Ecommerce\Screenshots\25-52-2024 12-52-08 PM.png">
  
    

    </div></div>
        </td>
      </tr>
      <tr class="event-row">
        <td><span class="badge log info-bg">Info</span></td>
        <td>12:52:13 PM</td>
        <td>
          <textarea readonly class="code-block">org.openqa.selenium.NoSuchElementException: no such element: Unable to locate element: {"method":"xpath","selector":"//div[text()='Sauce Labs Backpack']"}
  (Session info: chrome=130.0.6723.59)
For documentation on this error, please visit: https://www.selenium.dev/documentation/webdriver/troubleshooting/errors#no-such-element-exception
Build info: version: '4.23.0', revision: '4df0a231af'
System info: os.name: 'Windows 10', os.arch: 'amd64', os.version: '10.0', java.version: '17.0.7'
Driver info: org.openqa.selenium.chrome.ChromeDriver
Command: [463bf9dbb03d9edd0d5a01e4108a3af4, findElement {using=xpath, value=//div[text()='Sauce Labs Backpack']}]
Capabilities {acceptInsecureCerts: false, browserName: chrome, browserVersion: 130.0.6723.59, chrome: {chromedriverVersion: 130.0.6723.69 (3ec172b971b9..., userDataDir: C:\Users\Admin\AppData\Loca...}, fedcm:accounts: true, goog:chromeOptions: {debuggerAddress: localhost:49260}, networkConnectionEnabled: false, pageLoadStrategy: normal, platformName: windows, proxy: Proxy(), se:cdp: ws://localhost:49260/devtoo..., se:cdpVersion: 130.0.6723.59, setWindowRect: true, strictFileInteractability: false, timeouts: {implicit: 0, pageLoad: 300000, script: 30000}, unhandledPromptBehavior: dismiss and notify, webauthn:extension:credBlob: true, webauthn:extension:largeBlob: true, webauthn:extension:minPinLength: true, webauthn:extension:prf: true, webauthn:virtualAuthenticators: true}
Session ID: 463bf9dbb03d9edd0d5a01e4108a3af4
	at java.base/jdk.internal.reflect.NativeConstructorAccessorImpl.newInstance0(Native Method)
	at java.base/jdk.internal.reflect.NativeConstructorAccessorImpl.newInstance(NativeConstructorAccessorImpl.java:77)
	at java.base/jdk.internal.reflect.DelegatingConstructorAccessorImpl.newInstance(DelegatingConstructorAccessorImpl.java:45)
	at java.base/java.lang.reflect.Constructor.newInstanceWithCaller(Constructor.java:499)
	at java.base/java.lang.reflect.Constructor.newInstance(Constructor.java:480)
	at org.openqa.selenium.remote.ErrorCodec.decode(ErrorCodec.java:167)
	at org.openqa.selenium.remote.codec.w3c.W3CHttpResponseCodec.decode(W3CHttpResponseCodec.java:138)
	at org.openqa.selenium.remote.codec.w3c.W3CHttpResponseCodec.decode(W3CHttpResponseCodec.java:50)
	at org.openqa.selenium.remote.HttpCommandExecutor.execute(HttpCommandExecutor.java:190)
	at org.openqa.selenium.remote.service.DriverCommandExecutor.invokeExecute(DriverCommandExecutor.java:216)
	at org.openqa.selenium.remote.service.DriverCommandExecutor.execute(DriverCommandExecutor.java:174)
	at org.openqa.selenium.remote.RemoteWebDriver.execute(RemoteWebDriver.java:527)
	at org.openqa.selenium.remote.ElementLocation$ElementFinder$2.findElement(ElementLocation.java:165)
	at org.openqa.selenium.remote.ElementLocation.findElement(ElementLocation.java:59)
	at org.openqa.selenium.remote.RemoteWebDriver.findElement(RemoteWebDriver.java:357)
	at org.openqa.selenium.remote.RemoteWebDriver.findElement(RemoteWebDriver.java:351)
	at testCase.SwagLabs3ProductPageTest.verifyUserCanAddProductToCart(SwagLabs3ProductPageTest.java:60)
	at java.base/jdk.internal.reflect.NativeMethodAccessorImpl.invoke0(Native Method)
	at java.base/jdk.internal.reflect.NativeMethodAccessorImpl.invoke(NativeMethodAccessorImpl.java:77)
	at java.base/jdk.internal.reflect.DelegatingMethodAccessorImpl.invoke(DelegatingMethodAccessorImpl.java:43)
	at java.base/java.lang.reflect.Method.invoke(Method.java:568)
	at org.testng.internal.invokers.MethodInvocationHelper.invokeMethod(MethodInvocationHelper.java:139)
	at org.testng.internal.invokers.TestInvoker.invokeMethod(TestInvoker.java:664)
	at org.testng.internal.invokers.TestInvoker.invokeTestMethod(TestInvoker.java:227)
	at org.testng.internal.invokers.MethodRunner.runInSequence(MethodRunner.java:50)
	at org.testng.internal.invokers.TestInvoker$MethodInvocationAgent.invoke(TestInvoker.java:957)
	at org.testng.internal.invokers.TestInvoker.invokeTestMethods(TestInvoker.java:200)
	at org.testng.internal.invokers.TestMethodWorker.invokeTestMethods(TestMethodWorker.java:148)
	at org.testng.internal.invokers.TestMethodWorker.run(TestMethodWorker.java:128)
	at java.base/java.util.ArrayList.forEach(ArrayList.java:1511)
	at org.testng.TestRunner.privateRun(TestRunner.java:848)
	at org.testng.TestRunner.run(TestRunner.java:621)
	at org.testng.SuiteRunner.runTest(SuiteRunner.java:443)
	at org.testng.SuiteRunner.runSequentially(SuiteRunner.java:437)
	at org.testng.SuiteRunner.privateRun(SuiteRunner.java:397)
	at org.testng.SuiteRunner.run(SuiteRunner.java:336)
	at org.testng.SuiteRunnerWorker.runSuite(SuiteRunnerWorker.java:52)
	at org.testng.SuiteRunnerWorker.run(SuiteRunnerWorker.java:95)
	at org.testng.TestNG.runSuitesSequentially(TestNG.java:1280)
	at org.testng.TestNG.runSuitesLocally(TestNG.java:1200)
	at org.testng.TestNG.runSuites(TestNG.java:1114)
	at org.testng.TestNG.run(TestNG.java:1082)
	at org.apache.maven.surefire.testng.TestNGExecutor.run(TestNGExecutor.java:308)
	at org.apache.maven.surefire.testng.TestNGXmlTestSuite.execute(TestNGXmlTestSuite.java:71)
	at org.apache.maven.surefire.testng.TestNGProvider.invoke(TestNGProvider.java:113)
	at org.apache.maven.surefire.booter.ForkedBooter.runSuitesInProcess(ForkedBooter.java:385)
	at org.apache.maven.surefire.booter.ForkedBooter.execute(ForkedBooter.java:162)
	at org.apache.maven.surefire.booter.ForkedBooter.run(ForkedBooter.java:507)
	at org.apache.maven.surefire.booter.ForkedBooter.main(ForkedBooter.java:495)
</textarea>
          
        </td>
      </tr>
      <tr class="event-row">
        <td><span class="badge log fail-bg">Fail</span></td>
        <td>12:52:13 PM</td>
        <td>
          verifyUserCanAddProductToCart got failed
        </td>
      </tr>
      <tr class="event-row">
        <td><span class="badge log info-bg">Info</span></td>
        <td>12:52:21 PM</td>
        <td>
          <b>Lougout successfully.</b>
    <div class="row mb-3"><div class="col-md-3">
    

<img data-featherlight='F:\WorkSpace\SwagLabs-Ecommerce\Screenshots\25-52-2024 12-52-21 PM.png' src="F:\WorkSpace\SwagLabs-Ecommerce\Screenshots\25-52-2024 12-52-21 PM.png">
  
    

    </div></div>
        </td>
      </tr>
  </tbody>
</table>
</div>
  <div class="mt-4">  <div class="accordion" role="tablist">
      <div class="card">
        <div class="card-header">
          <div class="card-toolbar node-info">
            <ul class="list-inline d-none d-sm-block">
              <li><span class="badge pass-bg log ">Pass</span></li>
              <li><span class='badge badge-default'>30:00:000</span></li>
              <li></li>
            </ul>
          </div>
          <div class="card-title">
            <a class="node " id="20"><span>verifyUserCanAddProductToCart</span></a>
            <div class="node-attr">
<span class="badge badge-pill badge-default">KrushnaPatare.</span>            </div>
          </div>
        </div>
      </div>
  </div>
</div>
          </div>
        </li>
        <li class="test-item"  status="skip" test-id="21"
          author="KrushnaPatare."
          tag=""
          device="">
          <div class="test-detail">
            <p class="name">testCase.SwagLabs3ProductPageTest - 2. verifyUserCanRemoveProductFromCart</p>
            <p class="text-sm">
              <span>12:52:28 PM</span> / <span>00:00:16:109</span>
              <span class="badge skip-bg log float-right">Skip</span>
            </p>
          </div>
          <div class="test-contents d-none">
<div class="detail-head">
<div class="p-v-10">
<div class="info">
<h5 class="test-status text-skip">testCase.SwagLabs3ProductPageTest - 2. verifyUserCanRemoveProductFromCart</h5>
<span class='badge badge-success'>10.25.2024 12:52:28 PM</span>
<span class='badge badge-danger'>10.25.2024 12:52:45 PM</span>
<span class='badge badge-default'>00:00:16:109</span>
&middot; <span class='uri-anchor badge badge-default'>#test-id=21</span>
<span title='Skip to the next failed step' class='badge badge-danger pointer float-right ne ml-1'><i class="fa fa-fast-forward"></i></span>
<span title='Collapse all nodes' class='badge badge-default pointer float-right ct ml-1'><i class="fa fa-compress"></i></span>
<span title='Expand all nodes' class='badge badge-default pointer float-right et'><i class="fa fa-expand"></i></span>
</div>
<div class="m-t-15"><span class="badge badge-pill badge-default">KrushnaPatare.</span></div>
</div>
</div><div class="detail-body mt-4">
<table class="table table-sm">
  <thead><tr><th class="status-col">Status</th><th class="timestamp-col">Timestamp</th><th class="details-col">Details</th></tr></thead>
  <tbody>
      <tr class="event-row">
        <td><span class="badge log info-bg">Info</span></td>
        <td>12:52:28 PM</td>
        <td>
          verifyUserCanRemoveProductFromCart started executing.
        </td>
      </tr>
      <tr class="event-row">
        <td><span class="badge log info-bg">Info</span></td>
        <td>12:52:28 PM</td>
        <td>
          <textarea readonly class="code-block">org.openqa.selenium.NoSuchSessionException: Session ID is null. Using WebDriver after calling quit()?
Build info: version: '4.23.0', revision: '4df0a231af'
System info: os.name: 'Windows 10', os.arch: 'amd64', os.version: '10.0', java.version: '17.0.7'
Driver info: org.openqa.selenium.chrome.ChromeDriver
Command: [null, findElement {using=xpath, value=//input[@id='user-name']}]
Capabilities {acceptInsecureCerts: false, browserName: chrome, browserVersion: 130.0.6723.59, chrome: {chromedriverVersion: 130.0.6723.69 (3ec172b971b9..., userDataDir: C:\Users\Admin\AppData\Loca...}, fedcm:accounts: true, goog:chromeOptions: {debuggerAddress: localhost:49260}, networkConnectionEnabled: false, pageLoadStrategy: normal, platformName: windows, proxy: Proxy(), se:cdp: ws://localhost:49260/devtoo..., se:cdpVersion: 130.0.6723.59, setWindowRect: true, strictFileInteractability: false, timeouts: {implicit: 0, pageLoad: 300000, script: 30000}, unhandledPromptBehavior: dismiss and notify, webauthn:extension:credBlob: true, webauthn:extension:largeBlob: true, webauthn:extension:minPinLength: true, webauthn:extension:prf: true, webauthn:virtualAuthenticators: true}
	at org.openqa.selenium.remote.HttpCommandExecutor.execute(HttpCommandExecutor.java:151)
	at org.openqa.selenium.remote.service.DriverCommandExecutor.invokeExecute(DriverCommandExecutor.java:216)
	at org.openqa.selenium.remote.service.DriverCommandExecutor.execute(DriverCommandExecutor.java:174)
	at org.openqa.selenium.remote.RemoteWebDriver.execute(RemoteWebDriver.java:527)
	at org.openqa.selenium.remote.ElementLocation$ElementFinder$2.findElement(ElementLocation.java:165)
	at org.openqa.selenium.remote.ElementLocation.findElement(ElementLocation.java:59)
	at org.openqa.selenium.remote.RemoteWebDriver.findElement(RemoteWebDriver.java:357)
	at org.openqa.selenium.remote.RemoteWebDriver.findElement(RemoteWebDriver.java:351)
	at org.openqa.selenium.support.pagefactory.DefaultElementLocator.findElement(DefaultElementLocator.java:68)
	at org.openqa.selenium.support.pagefactory.internal.LocatingElementHandler.invoke(LocatingElementHandler.java:38)
	at jdk.proxy2/jdk.proxy2.$Proxy17.sendKeys(Unknown Source)
	at com.swagLabs.pom.SwagLabsLoginPage.enterUsername(SwagLabsLoginPage.java:37)
	at com.swagLabs.pojo.BaseClass.login(BaseClass.java:81)
	at testCase.SwagLabs3ProductPageTest.setUp(SwagLabs3ProductPageTest.java:27)
	at java.base/jdk.internal.reflect.NativeMethodAccessorImpl.invoke0(Native Method)
	at java.base/jdk.internal.reflect.NativeMethodAccessorImpl.invoke(NativeMethodAccessorImpl.java:77)
	at java.base/jdk.internal.reflect.DelegatingMethodAccessorImpl.invoke(DelegatingMethodAccessorImpl.java:43)
	at java.base/java.lang.reflect.Method.invoke(Method.java:568)
	at org.testng.internal.invokers.MethodInvocationHelper.invokeMethod(MethodInvocationHelper.java:139)
	at org.testng.internal.invokers.MethodInvocationHelper.invokeMethodConsideringTimeout(MethodInvocationHelper.java:69)
	at org.testng.internal.invokers.ConfigInvoker.invokeConfigurationMethod(ConfigInvoker.java:390)
	at org.testng.internal.invokers.ConfigInvoker.invokeConfigurations(ConfigInvoker.java:325)
	at org.testng.internal.invokers.TestInvoker.runConfigMethods(TestInvoker.java:810)
	at org.testng.internal.invokers.TestInvoker.invokeMethod(TestInvoker.java:577)
	at org.testng.internal.invokers.TestInvoker.invokeTestMethod(TestInvoker.java:227)
	at org.testng.internal.invokers.MethodRunner.runInSequence(MethodRunner.java:50)
	at org.testng.internal.invokers.TestInvoker$MethodInvocationAgent.invoke(TestInvoker.java:957)
	at org.testng.internal.invokers.TestInvoker.invokeTestMethods(TestInvoker.java:200)
	at org.testng.internal.invokers.TestMethodWorker.invokeTestMethods(TestMethodWorker.java:148)
	at org.testng.internal.invokers.TestMethodWorker.run(TestMethodWorker.java:128)
	at java.base/java.util.ArrayList.forEach(ArrayList.java:1511)
	at org.testng.TestRunner.privateRun(TestRunner.java:848)
	at org.testng.TestRunner.run(TestRunner.java:621)
	at org.testng.SuiteRunner.runTest(SuiteRunner.java:443)
	at org.testng.SuiteRunner.runSequentially(SuiteRunner.java:437)
	at org.testng.SuiteRunner.privateRun(SuiteRunner.java:397)
	at org.testng.SuiteRunner.run(SuiteRunner.java:336)
	at org.testng.SuiteRunnerWorker.runSuite(SuiteRunnerWorker.java:52)
	at org.testng.SuiteRunnerWorker.run(SuiteRunnerWorker.java:95)
	at org.testng.TestNG.runSuitesSequentially(TestNG.java:1280)
	at org.testng.TestNG.runSuitesLocally(TestNG.java:1200)
	at org.testng.TestNG.runSuites(TestNG.java:1114)
	at org.testng.TestNG.run(TestNG.java:1082)
	at org.apache.maven.surefire.testng.TestNGExecutor.run(TestNGExecutor.java:308)
	at org.apache.maven.surefire.testng.TestNGXmlTestSuite.execute(TestNGXmlTestSuite.java:71)
	at org.apache.maven.surefire.testng.TestNGProvider.invoke(TestNGProvider.java:113)
	at org.apache.maven.surefire.booter.ForkedBooter.runSuitesInProcess(ForkedBooter.java:385)
	at org.apache.maven.surefire.booter.ForkedBooter.execute(ForkedBooter.java:162)
	at org.apache.maven.surefire.booter.ForkedBooter.run(ForkedBooter.java:507)
	at org.apache.maven.surefire.booter.ForkedBooter.main(ForkedBooter.java:495)
</textarea>
          
        </td>
      </tr>
      <tr class="event-row">
        <td><span class="badge log skip-bg">Skip</span></td>
        <td>12:52:28 PM</td>
        <td>
          verifyUserCanRemoveProductFromCart got skipped
        </td>
      </tr>
      <tr class="event-row">
        <td><span class="badge log info-bg">Info</span></td>
        <td>12:52:39 PM</td>
        <td>
          <b>Added item to cart.</b>
    <div class="row mb-3"><div class="col-md-3">
    

<img data-featherlight='F:\WorkSpace\SwagLabs-Ecommerce\Screenshots\25-52-2024 12-52-39 PM.png' src="F:\WorkSpace\SwagLabs-Ecommerce\Screenshots\25-52-2024 12-52-39 PM.png">
  
    

    </div></div>
        </td>
      </tr>
      <tr class="event-row">
        <td><span class="badge log info-bg">Info</span></td>
        <td>12:52:45 PM</td>
        <td>
          <b>Added item to cart.</b>
    <div class="row mb-3"><div class="col-md-3">
    

<img data-featherlight='F:\WorkSpace\SwagLabs-Ecommerce\Screenshots\25-52-2024 12-52-44 PM.png' src="F:\WorkSpace\SwagLabs-Ecommerce\Screenshots\25-52-2024 12-52-44 PM.png">
  
    

    </div></div>
        </td>
      </tr>
  </tbody>
</table>
</div>
  <div class="mt-4">  <div class="accordion" role="tablist">
      <div class="card">
        <div class="card-header">
          <div class="card-toolbar node-info">
            <ul class="list-inline d-none d-sm-block">
              <li><span class="badge pass-bg log ">Pass</span></li>
              <li><span class='badge badge-default'>30:00:000</span></li>
              <li></li>
            </ul>
          </div>
          <div class="card-title">
            <a class="node " id="22"><span>verifyUserCanRemoveProductFromCart</span></a>
            <div class="node-attr">
<span class="badge badge-pill badge-default">KrushnaPatare.</span>            </div>
          </div>
        </div>
      </div>
  </div>
</div>
          </div>
        </li>
        <li class="test-item"  status="fail" test-id="23"
          author="KrushnaPatare."
          tag=""
          device="">
          <div class="test-detail">
            <p class="name">testCase.SwagLabs4CartPageTest - 1. verifyNavigationToCheckoutPage</p>
            <p class="text-sm">
              <span>12:52:47 PM</span> / <span>00:00:12:736</span>
              <span class="badge fail-bg log float-right">Fail</span>
            </p>
          </div>
          <div class="test-contents d-none">
<div class="detail-head">
<div class="p-v-10">
<div class="info">
<h5 class="test-status text-fail">testCase.SwagLabs4CartPageTest - 1. verifyNavigationToCheckoutPage</h5>
<span class='badge badge-success'>10.25.2024 12:52:47 PM</span>
<span class='badge badge-danger'>10.25.2024 12:52:59 PM</span>
<span class='badge badge-default'>00:00:12:736</span>
&middot; <span class='uri-anchor badge badge-default'>#test-id=23</span>
<span title='Skip to the next failed step' class='badge badge-danger pointer float-right ne ml-1'><i class="fa fa-fast-forward"></i></span>
<span title='Collapse all nodes' class='badge badge-default pointer float-right ct ml-1'><i class="fa fa-compress"></i></span>
<span title='Expand all nodes' class='badge badge-default pointer float-right et'><i class="fa fa-expand"></i></span>
</div>
<div class="m-t-15"><span class="badge badge-pill badge-default">KrushnaPatare.</span></div>
</div>
</div>    <div class="row mb-3"><div class="col-md-3">
    

<img data-featherlight='F:\WorkSpace\SwagLabs-Ecommerce\Screenshots\25-52-2024 12-52-51 PM.png' src="F:\WorkSpace\SwagLabs-Ecommerce\Screenshots\25-52-2024 12-52-51 PM.png">
  
    

    </div></div>
<div class="detail-body mt-4">
<table class="table table-sm">
  <thead><tr><th class="status-col">Status</th><th class="timestamp-col">Timestamp</th><th class="details-col">Details</th></tr></thead>
  <tbody>
      <tr class="event-row">
        <td><span class="badge log info-bg">Info</span></td>
        <td>12:52:47 PM</td>
        <td>
          verifyNavigationToCheckoutPage started executing.
        </td>
      </tr>
      <tr class="event-row">
        <td><span class="badge log info-bg">Info</span></td>
        <td>12:52:49 PM</td>
        <td>
          <b>Opened checkout page.</b>
    <div class="row mb-3"><div class="col-md-3">
    

<img data-featherlight='F:\WorkSpace\SwagLabs-Ecommerce\Screenshots\25-52-2024 12-52-49 PM.png' src="F:\WorkSpace\SwagLabs-Ecommerce\Screenshots\25-52-2024 12-52-49 PM.png">
  
    

    </div></div>
        </td>
      </tr>
      <tr class="event-row">
        <td><span class="badge log info-bg">Info</span></td>
        <td>12:52:51 PM</td>
        <td>
          <textarea readonly class="code-block">java.lang.AssertionError: The page title are not matching expected [https://www.saucedemo.com/] but found [https://www.saucedemo.com/checkout-step-one.html]
	at org.testng.Assert.fail(Assert.java:111)
	at org.testng.Assert.failNotEquals(Assert.java:1578)
	at org.testng.Assert.assertEqualsImpl(Assert.java:150)
	at org.testng.Assert.assertEquals(Assert.java:132)
	at org.testng.Assert.assertEquals(Assert.java:656)
	at testCase.SwagLabs4CartPageTest.verifyNavigationToCheckoutPage(SwagLabs4CartPageTest.java:67)
	at java.base/jdk.internal.reflect.NativeMethodAccessorImpl.invoke0(Native Method)
	at java.base/jdk.internal.reflect.NativeMethodAccessorImpl.invoke(NativeMethodAccessorImpl.java:77)
	at java.base/jdk.internal.reflect.DelegatingMethodAccessorImpl.invoke(DelegatingMethodAccessorImpl.java:43)
	at java.base/java.lang.reflect.Method.invoke(Method.java:568)
	at org.testng.internal.invokers.MethodInvocationHelper.invokeMethod(MethodInvocationHelper.java:139)
	at org.testng.internal.invokers.TestInvoker.invokeMethod(TestInvoker.java:664)
	at org.testng.internal.invokers.TestInvoker.invokeTestMethod(TestInvoker.java:227)
	at org.testng.internal.invokers.MethodRunner.runInSequence(MethodRunner.java:50)
	at org.testng.internal.invokers.TestInvoker$MethodInvocationAgent.invoke(TestInvoker.java:957)
	at org.testng.internal.invokers.TestInvoker.invokeTestMethods(TestInvoker.java:200)
	at org.testng.internal.invokers.TestMethodWorker.invokeTestMethods(TestMethodWorker.java:148)
	at org.testng.internal.invokers.TestMethodWorker.run(TestMethodWorker.java:128)
	at java.base/java.util.ArrayList.forEach(ArrayList.java:1511)
	at org.testng.TestRunner.privateRun(TestRunner.java:848)
	at org.testng.TestRunner.run(TestRunner.java:621)
	at org.testng.SuiteRunner.runTest(SuiteRunner.java:443)
	at org.testng.SuiteRunner.runSequentially(SuiteRunner.java:437)
	at org.testng.SuiteRunner.privateRun(SuiteRunner.java:397)
	at org.testng.SuiteRunner.run(SuiteRunner.java:336)
	at org.testng.SuiteRunnerWorker.runSuite(SuiteRunnerWorker.java:52)
	at org.testng.SuiteRunnerWorker.run(SuiteRunnerWorker.java:95)
	at org.testng.TestNG.runSuitesSequentially(TestNG.java:1280)
	at org.testng.TestNG.runSuitesLocally(TestNG.java:1200)
	at org.testng.TestNG.runSuites(TestNG.java:1114)
	at org.testng.TestNG.run(TestNG.java:1082)
	at org.apache.maven.surefire.testng.TestNGExecutor.run(TestNGExecutor.java:308)
	at org.apache.maven.surefire.testng.TestNGXmlTestSuite.execute(TestNGXmlTestSuite.java:71)
	at org.apache.maven.surefire.testng.TestNGProvider.invoke(TestNGProvider.java:113)
	at org.apache.maven.surefire.booter.ForkedBooter.runSuitesInProcess(ForkedBooter.java:385)
	at org.apache.maven.surefire.booter.ForkedBooter.execute(ForkedBooter.java:162)
	at org.apache.maven.surefire.booter.ForkedBooter.run(ForkedBooter.java:507)
	at org.apache.maven.surefire.booter.ForkedBooter.main(ForkedBooter.java:495)
</textarea>
          
        </td>
      </tr>
      <tr class="event-row">
        <td><span class="badge log fail-bg">Fail</span></td>
        <td>12:52:51 PM</td>
        <td>
          verifyNavigationToCheckoutPage got failed
        </td>
      </tr>
      <tr class="event-row">
        <td><span class="badge log info-bg">Info</span></td>
        <td>12:52:59 PM</td>
        <td>
          <b>Lougout successfully.</b>
    <div class="row mb-3"><div class="col-md-3">
    

<img data-featherlight='F:\WorkSpace\SwagLabs-Ecommerce\Screenshots\25-52-2024 12-52-59 PM.png' src="F:\WorkSpace\SwagLabs-Ecommerce\Screenshots\25-52-2024 12-52-59 PM.png">
  
    

    </div></div>
        </td>
      </tr>
  </tbody>
</table>
</div>
  <div class="mt-4">  <div class="accordion" role="tablist">
      <div class="card">
        <div class="card-header">
          <div class="card-toolbar node-info">
            <ul class="list-inline d-none d-sm-block">
              <li><span class="badge pass-bg log ">Pass</span></li>
              <li><span class='badge badge-default'>30:00:000</span></li>
              <li></li>
            </ul>
          </div>
          <div class="card-title">
            <a class="node " id="24"><span>verifyNavigationToCheckoutPage</span></a>
            <div class="node-attr">
<span class="badge badge-pill badge-default">KrushnaPatare.</span>            </div>
          </div>
        </div>
      </div>
  </div>
</div>
          </div>
        </li>
        <li class="test-item"  status="skip" test-id="25"
          author="KrushnaPatare."
          tag=""
          device="">
          <div class="test-detail">
            <p class="name">testCase.SwagLabs4CartPageTest - 2. navigateToHomepageAndAddItems</p>
            <p class="text-sm">
              <span>12:53:09 PM</span> / <span>00:00:13:273</span>
              <span class="badge skip-bg log float-right">Skip</span>
            </p>
          </div>
          <div class="test-contents d-none">
<div class="detail-head">
<div class="p-v-10">
<div class="info">
<h5 class="test-status text-skip">testCase.SwagLabs4CartPageTest - 2. navigateToHomepageAndAddItems</h5>
<span class='badge badge-success'>10.25.2024 12:53:09 PM</span>
<span class='badge badge-danger'>10.25.2024 12:53:22 PM</span>
<span class='badge badge-default'>00:00:13:273</span>
&middot; <span class='uri-anchor badge badge-default'>#test-id=25</span>
<span title='Skip to the next failed step' class='badge badge-danger pointer float-right ne ml-1'><i class="fa fa-fast-forward"></i></span>
<span title='Collapse all nodes' class='badge badge-default pointer float-right ct ml-1'><i class="fa fa-compress"></i></span>
<span title='Expand all nodes' class='badge badge-default pointer float-right et'><i class="fa fa-expand"></i></span>
</div>
<div class="m-t-15"><span class="badge badge-pill badge-default">KrushnaPatare.</span></div>
</div>
</div><div class="detail-body mt-4">
<table class="table table-sm">
  <thead><tr><th class="status-col">Status</th><th class="timestamp-col">Timestamp</th><th class="details-col">Details</th></tr></thead>
  <tbody>
      <tr class="event-row">
        <td><span class="badge log info-bg">Info</span></td>
        <td>12:53:09 PM</td>
        <td>
          navigateToHomepageAndAddItems started executing.
        </td>
      </tr>
      <tr class="event-row">
        <td><span class="badge log info-bg">Info</span></td>
        <td>12:53:09 PM</td>
        <td>
          <textarea readonly class="code-block">org.openqa.selenium.NoSuchSessionException: Session ID is null. Using WebDriver after calling quit()?
Build info: version: '4.23.0', revision: '4df0a231af'
System info: os.name: 'Windows 10', os.arch: 'amd64', os.version: '10.0', java.version: '17.0.7'
Driver info: org.openqa.selenium.chrome.ChromeDriver
Command: [null, findElement {using=xpath, value=//input[@id='user-name']}]
Capabilities {acceptInsecureCerts: false, browserName: chrome, browserVersion: 130.0.6723.59, chrome: {chromedriverVersion: 130.0.6723.69 (3ec172b971b9..., userDataDir: C:\Users\Admin\AppData\Loca...}, fedcm:accounts: true, goog:chromeOptions: {debuggerAddress: localhost:49373}, networkConnectionEnabled: false, pageLoadStrategy: normal, platformName: windows, proxy: Proxy(), se:cdp: ws://localhost:49373/devtoo..., se:cdpVersion: 130.0.6723.59, setWindowRect: true, strictFileInteractability: false, timeouts: {implicit: 0, pageLoad: 300000, script: 30000}, unhandledPromptBehavior: dismiss and notify, webauthn:extension:credBlob: true, webauthn:extension:largeBlob: true, webauthn:extension:minPinLength: true, webauthn:extension:prf: true, webauthn:virtualAuthenticators: true}
	at org.openqa.selenium.remote.HttpCommandExecutor.execute(HttpCommandExecutor.java:151)
	at org.openqa.selenium.remote.service.DriverCommandExecutor.invokeExecute(DriverCommandExecutor.java:216)
	at org.openqa.selenium.remote.service.DriverCommandExecutor.execute(DriverCommandExecutor.java:174)
	at org.openqa.selenium.remote.RemoteWebDriver.execute(RemoteWebDriver.java:527)
	at org.openqa.selenium.remote.ElementLocation$ElementFinder$2.findElement(ElementLocation.java:165)
	at org.openqa.selenium.remote.ElementLocation.findElement(ElementLocation.java:59)
	at org.openqa.selenium.remote.RemoteWebDriver.findElement(RemoteWebDriver.java:357)
	at org.openqa.selenium.remote.RemoteWebDriver.findElement(RemoteWebDriver.java:351)
	at org.openqa.selenium.support.pagefactory.DefaultElementLocator.findElement(DefaultElementLocator.java:68)
	at org.openqa.selenium.support.pagefactory.internal.LocatingElementHandler.invoke(LocatingElementHandler.java:38)
	at jdk.proxy2/jdk.proxy2.$Proxy17.sendKeys(Unknown Source)
	at com.swagLabs.pom.SwagLabsLoginPage.enterUsername(SwagLabsLoginPage.java:37)
	at com.swagLabs.pojo.BaseClass.login(BaseClass.java:81)
	at testCase.SwagLabs4CartPageTest.Setup(SwagLabs4CartPageTest.java:27)
	at java.base/jdk.internal.reflect.NativeMethodAccessorImpl.invoke0(Native Method)
	at java.base/jdk.internal.reflect.NativeMethodAccessorImpl.invoke(NativeMethodAccessorImpl.java:77)
	at java.base/jdk.internal.reflect.DelegatingMethodAccessorImpl.invoke(DelegatingMethodAccessorImpl.java:43)
	at java.base/java.lang.reflect.Method.invoke(Method.java:568)
	at org.testng.internal.invokers.MethodInvocationHelper.invokeMethod(MethodInvocationHelper.java:139)
	at org.testng.internal.invokers.MethodInvocationHelper.invokeMethodConsideringTimeout(MethodInvocationHelper.java:69)
	at org.testng.internal.invokers.ConfigInvoker.invokeConfigurationMethod(ConfigInvoker.java:390)
	at org.testng.internal.invokers.ConfigInvoker.invokeConfigurations(ConfigInvoker.java:325)
	at org.testng.internal.invokers.TestInvoker.runConfigMethods(TestInvoker.java:810)
	at org.testng.internal.invokers.TestInvoker.invokeMethod(TestInvoker.java:577)
	at org.testng.internal.invokers.TestInvoker.invokeTestMethod(TestInvoker.java:227)
	at org.testng.internal.invokers.MethodRunner.runInSequence(MethodRunner.java:50)
	at org.testng.internal.invokers.TestInvoker$MethodInvocationAgent.invoke(TestInvoker.java:957)
	at org.testng.internal.invokers.TestInvoker.invokeTestMethods(TestInvoker.java:200)
	at org.testng.internal.invokers.TestMethodWorker.invokeTestMethods(TestMethodWorker.java:148)
	at org.testng.internal.invokers.TestMethodWorker.run(TestMethodWorker.java:128)
	at java.base/java.util.ArrayList.forEach(ArrayList.java:1511)
	at org.testng.TestRunner.privateRun(TestRunner.java:848)
	at org.testng.TestRunner.run(TestRunner.java:621)
	at org.testng.SuiteRunner.runTest(SuiteRunner.java:443)
	at org.testng.SuiteRunner.runSequentially(SuiteRunner.java:437)
	at org.testng.SuiteRunner.privateRun(SuiteRunner.java:397)
	at org.testng.SuiteRunner.run(SuiteRunner.java:336)
	at org.testng.SuiteRunnerWorker.runSuite(SuiteRunnerWorker.java:52)
	at org.testng.SuiteRunnerWorker.run(SuiteRunnerWorker.java:95)
	at org.testng.TestNG.runSuitesSequentially(TestNG.java:1280)
	at org.testng.TestNG.runSuitesLocally(TestNG.java:1200)
	at org.testng.TestNG.runSuites(TestNG.java:1114)
	at org.testng.TestNG.run(TestNG.java:1082)
	at org.apache.maven.surefire.testng.TestNGExecutor.run(TestNGExecutor.java:308)
	at org.apache.maven.surefire.testng.TestNGXmlTestSuite.execute(TestNGXmlTestSuite.java:71)
	at org.apache.maven.surefire.testng.TestNGProvider.invoke(TestNGProvider.java:113)
	at org.apache.maven.surefire.booter.ForkedBooter.runSuitesInProcess(ForkedBooter.java:385)
	at org.apache.maven.surefire.booter.ForkedBooter.execute(ForkedBooter.java:162)
	at org.apache.maven.surefire.booter.ForkedBooter.run(ForkedBooter.java:507)
	at org.apache.maven.surefire.booter.ForkedBooter.main(ForkedBooter.java:495)
</textarea>
          
        </td>
      </tr>
      <tr class="event-row">
        <td><span class="badge log skip-bg">Skip</span></td>
        <td>12:53:09 PM</td>
        <td>
          navigateToHomepageAndAddItems got skipped
        </td>
      </tr>
      <tr class="event-row">
        <td><span class="badge log info-bg">Info</span></td>
        <td>12:53:11 PM</td>
        <td>
          <b>Opened login page.</b>
    <div class="row mb-3"><div class="col-md-3">
    

<img data-featherlight='F:\WorkSpace\SwagLabs-Ecommerce\Screenshots\25-53-2024 12-53-11 PM.png' src="F:\WorkSpace\SwagLabs-Ecommerce\Screenshots\25-53-2024 12-53-11 PM.png">
  
    

    </div></div>
        </td>
      </tr>
      <tr class="event-row">
        <td><span class="badge log info-bg">Info</span></td>
        <td>12:53:22 PM</td>
        <td>
          <b>Opened inventory page.</b>
    <div class="row mb-3"><div class="col-md-3">
    

<img data-featherlight='F:\WorkSpace\SwagLabs-Ecommerce\Screenshots\25-53-2024 12-53-22 PM.png' src="F:\WorkSpace\SwagLabs-Ecommerce\Screenshots\25-53-2024 12-53-22 PM.png">
  
    

    </div></div>
        </td>
      </tr>
  </tbody>
</table>
</div>
  <div class="mt-4">  <div class="accordion" role="tablist">
      <div class="card">
        <div class="card-header">
          <div class="card-toolbar node-info">
            <ul class="list-inline d-none d-sm-block">
              <li><span class="badge pass-bg log ">Pass</span></li>
              <li><span class='badge badge-default'>30:00:000</span></li>
              <li></li>
            </ul>
          </div>
          <div class="card-title">
            <a class="node " id="26"><span>navigateToHomepageAndAddItems</span></a>
            <div class="node-attr">
<span class="badge badge-pill badge-default">KrushnaPatare.</span>            </div>
          </div>
        </div>
      </div>
  </div>
</div>
          </div>
        </li>
        <li class="test-item"  status="skip" test-id="27"
          author="KrushnaPatare."
          tag=""
          device="">
          <div class="test-detail">
            <p class="name">testCase.SwagLabs5CheckoutPageTest - 1. verifyCancelCheckoutFunctionality</p>
            <p class="text-sm">
              <span>12:53:27 PM</span> / <span>00:00:00:005</span>
              <span class="badge skip-bg log float-right">Skip</span>
            </p>
          </div>
          <div class="test-contents d-none">
<div class="detail-head">
<div class="p-v-10">
<div class="info">
<h5 class="test-status text-skip">testCase.SwagLabs5CheckoutPageTest - 1. verifyCancelCheckoutFunctionality</h5>
<span class='badge badge-success'>10.25.2024 12:53:27 PM</span>
<span class='badge badge-danger'>10.25.2024 12:53:27 PM</span>
<span class='badge badge-default'>00:00:00:005</span>
&middot; <span class='uri-anchor badge badge-default'>#test-id=27</span>
<span title='Skip to the next failed step' class='badge badge-danger pointer float-right ne ml-1'><i class="fa fa-fast-forward"></i></span>
<span title='Collapse all nodes' class='badge badge-default pointer float-right ct ml-1'><i class="fa fa-compress"></i></span>
<span title='Expand all nodes' class='badge badge-default pointer float-right et'><i class="fa fa-expand"></i></span>
</div>
<div class="m-t-15"><span class="badge badge-pill badge-default">KrushnaPatare.</span></div>
</div>
</div><div class="detail-body mt-4">
<table class="table table-sm">
  <thead><tr><th class="status-col">Status</th><th class="timestamp-col">Timestamp</th><th class="details-col">Details</th></tr></thead>
  <tbody>
      <tr class="event-row">
        <td><span class="badge log info-bg">Info</span></td>
        <td>12:53:27 PM</td>
        <td>
          verifyCancelCheckoutFunctionality started executing.
        </td>
      </tr>
      <tr class="event-row">
        <td><span class="badge log info-bg">Info</span></td>
        <td>12:53:27 PM</td>
        <td>
          <textarea readonly class="code-block">org.openqa.selenium.NoSuchElementException: no such element: Unable to locate element: {"method":"xpath","selector":"//button[text()='Add to cart']"}
  (Session info: chrome=130.0.6723.59)
For documentation on this error, please visit: https://www.selenium.dev/documentation/webdriver/troubleshooting/errors#no-such-element-exception
Build info: version: '4.23.0', revision: '4df0a231af'
System info: os.name: 'Windows 10', os.arch: 'amd64', os.version: '10.0', java.version: '17.0.7'
Driver info: org.openqa.selenium.chrome.ChromeDriver
Command: [ba63cafc625b0e014f1ec6cae4bfaecd, findElement {using=xpath, value=//button[text()='Add to cart']}]
Capabilities {acceptInsecureCerts: false, browserName: chrome, browserVersion: 130.0.6723.59, chrome: {chromedriverVersion: 130.0.6723.69 (3ec172b971b9..., userDataDir: C:\Users\Admin\AppData\Loca...}, fedcm:accounts: true, goog:chromeOptions: {debuggerAddress: localhost:49510}, networkConnectionEnabled: false, pageLoadStrategy: normal, platformName: windows, proxy: Proxy(), se:cdp: ws://localhost:49510/devtoo..., se:cdpVersion: 130.0.6723.59, setWindowRect: true, strictFileInteractability: false, timeouts: {implicit: 0, pageLoad: 300000, script: 30000}, unhandledPromptBehavior: dismiss and notify, webauthn:extension:credBlob: true, webauthn:extension:largeBlob: true, webauthn:extension:minPinLength: true, webauthn:extension:prf: true, webauthn:virtualAuthenticators: true}
Session ID: ba63cafc625b0e014f1ec6cae4bfaecd
	at java.base/jdk.internal.reflect.NativeConstructorAccessorImpl.newInstance0(Native Method)
	at java.base/jdk.internal.reflect.NativeConstructorAccessorImpl.newInstance(NativeConstructorAccessorImpl.java:77)
	at java.base/jdk.internal.reflect.DelegatingConstructorAccessorImpl.newInstance(DelegatingConstructorAccessorImpl.java:45)
	at java.base/java.lang.reflect.Constructor.newInstanceWithCaller(Constructor.java:499)
	at java.base/java.lang.reflect.Constructor.newInstance(Constructor.java:480)
	at org.openqa.selenium.remote.ErrorCodec.decode(ErrorCodec.java:167)
	at org.openqa.selenium.remote.codec.w3c.W3CHttpResponseCodec.decode(W3CHttpResponseCodec.java:138)
	at org.openqa.selenium.remote.codec.w3c.W3CHttpResponseCodec.decode(W3CHttpResponseCodec.java:50)
	at org.openqa.selenium.remote.HttpCommandExecutor.execute(HttpCommandExecutor.java:190)
	at org.openqa.selenium.remote.service.DriverCommandExecutor.invokeExecute(DriverCommandExecutor.java:216)
	at org.openqa.selenium.remote.service.DriverCommandExecutor.execute(DriverCommandExecutor.java:174)
	at org.openqa.selenium.remote.RemoteWebDriver.execute(RemoteWebDriver.java:527)
	at org.openqa.selenium.remote.ElementLocation$ElementFinder$2.findElement(ElementLocation.java:165)
	at org.openqa.selenium.remote.ElementLocation.findElement(ElementLocation.java:59)
	at org.openqa.selenium.remote.RemoteWebDriver.findElement(RemoteWebDriver.java:357)
	at org.openqa.selenium.remote.RemoteWebDriver.findElement(RemoteWebDriver.java:351)
	at testCase.SwagLabs5CheckoutPageTest.Setup(SwagLabs5CheckoutPageTest.java:34)
	at java.base/jdk.internal.reflect.NativeMethodAccessorImpl.invoke0(Native Method)
	at java.base/jdk.internal.reflect.NativeMethodAccessorImpl.invoke(NativeMethodAccessorImpl.java:77)
	at java.base/jdk.internal.reflect.DelegatingMethodAccessorImpl.invoke(DelegatingMethodAccessorImpl.java:43)
	at java.base/java.lang.reflect.Method.invoke(Method.java:568)
	at org.testng.internal.invokers.MethodInvocationHelper.invokeMethod(MethodInvocationHelper.java:139)
	at org.testng.internal.invokers.MethodInvocationHelper.invokeMethodConsideringTimeout(MethodInvocationHelper.java:69)
	at org.testng.internal.invokers.ConfigInvoker.invokeConfigurationMethod(ConfigInvoker.java:390)
	at org.testng.internal.invokers.ConfigInvoker.invokeConfigurations(ConfigInvoker.java:325)
	at org.testng.internal.invokers.TestInvoker.runConfigMethods(TestInvoker.java:810)
	at org.testng.internal.invokers.TestInvoker.invokeMethod(TestInvoker.java:577)
	at org.testng.internal.invokers.TestInvoker.invokeTestMethod(TestInvoker.java:227)
	at org.testng.internal.invokers.MethodRunner.runInSequence(MethodRunner.java:50)
	at org.testng.internal.invokers.TestInvoker$MethodInvocationAgent.invoke(TestInvoker.java:957)
	at org.testng.internal.invokers.TestInvoker.invokeTestMethods(TestInvoker.java:200)
	at org.testng.internal.invokers.TestMethodWorker.invokeTestMethods(TestMethodWorker.java:148)
	at org.testng.internal.invokers.TestMethodWorker.run(TestMethodWorker.java:128)
	at java.base/java.util.ArrayList.forEach(ArrayList.java:1511)
	at org.testng.TestRunner.privateRun(TestRunner.java:848)
	at org.testng.TestRunner.run(TestRunner.java:621)
	at org.testng.SuiteRunner.runTest(SuiteRunner.java:443)
	at org.testng.SuiteRunner.runSequentially(SuiteRunner.java:437)
	at org.testng.SuiteRunner.privateRun(SuiteRunner.java:397)
	at org.testng.SuiteRunner.run(SuiteRunner.java:336)
	at org.testng.SuiteRunnerWorker.runSuite(SuiteRunnerWorker.java:52)
	at org.testng.SuiteRunnerWorker.run(SuiteRunnerWorker.java:95)
	at org.testng.TestNG.runSuitesSequentially(TestNG.java:1280)
	at org.testng.TestNG.runSuitesLocally(TestNG.java:1200)
	at org.testng.TestNG.runSuites(TestNG.java:1114)
	at org.testng.TestNG.run(TestNG.java:1082)
	at org.apache.maven.surefire.testng.TestNGExecutor.run(TestNGExecutor.java:308)
	at org.apache.maven.surefire.testng.TestNGXmlTestSuite.execute(TestNGXmlTestSuite.java:71)
	at org.apache.maven.surefire.testng.TestNGProvider.invoke(TestNGProvider.java:113)
	at org.apache.maven.surefire.booter.ForkedBooter.runSuitesInProcess(ForkedBooter.java:385)
	at org.apache.maven.surefire.booter.ForkedBooter.execute(ForkedBooter.java:162)
	at org.apache.maven.surefire.booter.ForkedBooter.run(ForkedBooter.java:507)
	at org.apache.maven.surefire.booter.ForkedBooter.main(ForkedBooter.java:495)
</textarea>
          
        </td>
      </tr>
      <tr class="event-row">
        <td><span class="badge log skip-bg">Skip</span></td>
        <td>12:53:27 PM</td>
        <td>
          verifyCancelCheckoutFunctionality got skipped
        </td>
      </tr>
  </tbody>
</table>
</div>
  <div class="mt-4">  <div class="accordion" role="tablist">
      <div class="card">
        <div class="card-header">
          <div class="card-toolbar node-info">
            <ul class="list-inline d-none d-sm-block">
              <li><span class="badge pass-bg log ">Pass</span></li>
              <li><span class='badge badge-default'>30:00:000</span></li>
              <li></li>
            </ul>
          </div>
          <div class="card-title">
            <a class="node " id="28"><span>verifyCancelCheckoutFunctionality</span></a>
            <div class="node-attr">
<span class="badge badge-pill badge-default">KrushnaPatare.</span>            </div>
          </div>
        </div>
      </div>
  </div>
</div>
          </div>
        </li>
        <li class="test-item"  status="skip" test-id="29"
          author="KrushnaPatare."
          tag=""
          device="">
          <div class="test-detail">
            <p class="name">testCase.SwagLabs5CheckoutPageTest - 2. verifyCheckoutFunctionality</p>
            <p class="text-sm">
              <span>12:53:29 PM</span> / <span>00:00:00:004</span>
              <span class="badge skip-bg log float-right">Skip</span>
            </p>
          </div>
          <div class="test-contents d-none">
<div class="detail-head">
<div class="p-v-10">
<div class="info">
<h5 class="test-status text-skip">testCase.SwagLabs5CheckoutPageTest - 2. verifyCheckoutFunctionality</h5>
<span class='badge badge-success'>10.25.2024 12:53:29 PM</span>
<span class='badge badge-danger'>10.25.2024 12:53:29 PM</span>
<span class='badge badge-default'>00:00:00:004</span>
&middot; <span class='uri-anchor badge badge-default'>#test-id=29</span>
<span title='Skip to the next failed step' class='badge badge-danger pointer float-right ne ml-1'><i class="fa fa-fast-forward"></i></span>
<span title='Collapse all nodes' class='badge badge-default pointer float-right ct ml-1'><i class="fa fa-compress"></i></span>
<span title='Expand all nodes' class='badge badge-default pointer float-right et'><i class="fa fa-expand"></i></span>
</div>
<div class="m-t-15"><span class="badge badge-pill badge-default">KrushnaPatare.</span></div>
</div>
</div><div class="detail-body mt-4">
<table class="table table-sm">
  <thead><tr><th class="status-col">Status</th><th class="timestamp-col">Timestamp</th><th class="details-col">Details</th></tr></thead>
  <tbody>
      <tr class="event-row">
        <td><span class="badge log info-bg">Info</span></td>
        <td>12:53:29 PM</td>
        <td>
          verifyCheckoutFunctionality started executing.
        </td>
      </tr>
      <tr class="event-row">
        <td><span class="badge log info-bg">Info</span></td>
        <td>12:53:29 PM</td>
        <td>
          <textarea readonly class="code-block">org.openqa.selenium.NoSuchElementException: no such element: Unable to locate element: {"method":"xpath","selector":"//button[text()='Add to cart']"}
  (Session info: chrome=130.0.6723.59)
For documentation on this error, please visit: https://www.selenium.dev/documentation/webdriver/troubleshooting/errors#no-such-element-exception
Build info: version: '4.23.0', revision: '4df0a231af'
System info: os.name: 'Windows 10', os.arch: 'amd64', os.version: '10.0', java.version: '17.0.7'
Driver info: org.openqa.selenium.chrome.ChromeDriver
Command: [ba63cafc625b0e014f1ec6cae4bfaecd, findElement {using=xpath, value=//button[text()='Add to cart']}]
Capabilities {acceptInsecureCerts: false, browserName: chrome, browserVersion: 130.0.6723.59, chrome: {chromedriverVersion: 130.0.6723.69 (3ec172b971b9..., userDataDir: C:\Users\Admin\AppData\Loca...}, fedcm:accounts: true, goog:chromeOptions: {debuggerAddress: localhost:49510}, networkConnectionEnabled: false, pageLoadStrategy: normal, platformName: windows, proxy: Proxy(), se:cdp: ws://localhost:49510/devtoo..., se:cdpVersion: 130.0.6723.59, setWindowRect: true, strictFileInteractability: false, timeouts: {implicit: 0, pageLoad: 300000, script: 30000}, unhandledPromptBehavior: dismiss and notify, webauthn:extension:credBlob: true, webauthn:extension:largeBlob: true, webauthn:extension:minPinLength: true, webauthn:extension:prf: true, webauthn:virtualAuthenticators: true}
Session ID: ba63cafc625b0e014f1ec6cae4bfaecd
	at java.base/jdk.internal.reflect.NativeConstructorAccessorImpl.newInstance0(Native Method)
	at java.base/jdk.internal.reflect.NativeConstructorAccessorImpl.newInstance(NativeConstructorAccessorImpl.java:77)
	at java.base/jdk.internal.reflect.DelegatingConstructorAccessorImpl.newInstance(DelegatingConstructorAccessorImpl.java:45)
	at java.base/java.lang.reflect.Constructor.newInstanceWithCaller(Constructor.java:499)
	at java.base/java.lang.reflect.Constructor.newInstance(Constructor.java:480)
	at org.openqa.selenium.remote.ErrorCodec.decode(ErrorCodec.java:167)
	at org.openqa.selenium.remote.codec.w3c.W3CHttpResponseCodec.decode(W3CHttpResponseCodec.java:138)
	at org.openqa.selenium.remote.codec.w3c.W3CHttpResponseCodec.decode(W3CHttpResponseCodec.java:50)
	at org.openqa.selenium.remote.HttpCommandExecutor.execute(HttpCommandExecutor.java:190)
	at org.openqa.selenium.remote.service.DriverCommandExecutor.invokeExecute(DriverCommandExecutor.java:216)
	at org.openqa.selenium.remote.service.DriverCommandExecutor.execute(DriverCommandExecutor.java:174)
	at org.openqa.selenium.remote.RemoteWebDriver.execute(RemoteWebDriver.java:527)
	at org.openqa.selenium.remote.ElementLocation$ElementFinder$2.findElement(ElementLocation.java:165)
	at org.openqa.selenium.remote.ElementLocation.findElement(ElementLocation.java:59)
	at org.openqa.selenium.remote.RemoteWebDriver.findElement(RemoteWebDriver.java:357)
	at org.openqa.selenium.remote.RemoteWebDriver.findElement(RemoteWebDriver.java:351)
	at testCase.SwagLabs5CheckoutPageTest.Setup(SwagLabs5CheckoutPageTest.java:34)
	at java.base/jdk.internal.reflect.NativeMethodAccessorImpl.invoke0(Native Method)
	at java.base/jdk.internal.reflect.NativeMethodAccessorImpl.invoke(NativeMethodAccessorImpl.java:77)
	at java.base/jdk.internal.reflect.DelegatingMethodAccessorImpl.invoke(DelegatingMethodAccessorImpl.java:43)
	at java.base/java.lang.reflect.Method.invoke(Method.java:568)
	at org.testng.internal.invokers.MethodInvocationHelper.invokeMethod(MethodInvocationHelper.java:139)
	at org.testng.internal.invokers.MethodInvocationHelper.invokeMethodConsideringTimeout(MethodInvocationHelper.java:69)
	at org.testng.internal.invokers.ConfigInvoker.invokeConfigurationMethod(ConfigInvoker.java:390)
	at org.testng.internal.invokers.ConfigInvoker.invokeConfigurations(ConfigInvoker.java:325)
	at org.testng.internal.invokers.TestInvoker.runConfigMethods(TestInvoker.java:810)
	at org.testng.internal.invokers.TestInvoker.invokeMethod(TestInvoker.java:577)
	at org.testng.internal.invokers.TestInvoker.invokeTestMethod(TestInvoker.java:227)
	at org.testng.internal.invokers.MethodRunner.runInSequence(MethodRunner.java:50)
	at org.testng.internal.invokers.TestInvoker$MethodInvocationAgent.invoke(TestInvoker.java:957)
	at org.testng.internal.invokers.TestInvoker.invokeTestMethods(TestInvoker.java:200)
	at org.testng.internal.invokers.TestMethodWorker.invokeTestMethods(TestMethodWorker.java:148)
	at org.testng.internal.invokers.TestMethodWorker.run(TestMethodWorker.java:128)
	at java.base/java.util.ArrayList.forEach(ArrayList.java:1511)
	at org.testng.TestRunner.privateRun(TestRunner.java:848)
	at org.testng.TestRunner.run(TestRunner.java:621)
	at org.testng.SuiteRunner.runTest(SuiteRunner.java:443)
	at org.testng.SuiteRunner.runSequentially(SuiteRunner.java:437)
	at org.testng.SuiteRunner.privateRun(SuiteRunner.java:397)
	at org.testng.SuiteRunner.run(SuiteRunner.java:336)
	at org.testng.SuiteRunnerWorker.runSuite(SuiteRunnerWorker.java:52)
	at org.testng.SuiteRunnerWorker.run(SuiteRunnerWorker.java:95)
	at org.testng.TestNG.runSuitesSequentially(TestNG.java:1280)
	at org.testng.TestNG.runSuitesLocally(TestNG.java:1200)
	at org.testng.TestNG.runSuites(TestNG.java:1114)
	at org.testng.TestNG.run(TestNG.java:1082)
	at org.apache.maven.surefire.testng.TestNGExecutor.run(TestNGExecutor.java:308)
	at org.apache.maven.surefire.testng.TestNGXmlTestSuite.execute(TestNGXmlTestSuite.java:71)
	at org.apache.maven.surefire.testng.TestNGProvider.invoke(TestNGProvider.java:113)
	at org.apache.maven.surefire.booter.ForkedBooter.runSuitesInProcess(ForkedBooter.java:385)
	at org.apache.maven.surefire.booter.ForkedBooter.execute(ForkedBooter.java:162)
	at org.apache.maven.surefire.booter.ForkedBooter.run(ForkedBooter.java:507)
	at org.apache.maven.surefire.booter.ForkedBooter.main(ForkedBooter.java:495)
</textarea>
          
        </td>
      </tr>
      <tr class="event-row">
        <td><span class="badge log skip-bg">Skip</span></td>
        <td>12:53:29 PM</td>
        <td>
          verifyCheckoutFunctionality got skipped
        </td>
      </tr>
  </tbody>
</table>
</div>
  <div class="mt-4">  <div class="accordion" role="tablist">
      <div class="card">
        <div class="card-header">
          <div class="card-toolbar node-info">
            <ul class="list-inline d-none d-sm-block">
              <li><span class="badge pass-bg log ">Pass</span></li>
              <li><span class='badge badge-default'>30:00:000</span></li>
              <li></li>
            </ul>
          </div>
          <div class="card-title">
            <a class="node " id="30"><span>verifyCheckoutFunctionality</span></a>
            <div class="node-attr">
<span class="badge badge-pill badge-default">KrushnaPatare.</span>            </div>
          </div>
        </div>
      </div>
  </div>
</div>
          </div>
        </li>
        <li class="test-item"  status="skip" test-id="31"
          author="KrushnaPatare."
          tag=""
          device="">
          <div class="test-detail">
            <p class="name">testCase.SwagLabs5CheckoutPageTest - 2. verifyCheckoutFunctionality</p>
            <p class="text-sm">
              <span>12:53:29 PM</span> / <span>00:00:00:007</span>
              <span class="badge skip-bg log float-right">Skip</span>
            </p>
          </div>
          <div class="test-contents d-none">
<div class="detail-head">
<div class="p-v-10">
<div class="info">
<h5 class="test-status text-skip">testCase.SwagLabs5CheckoutPageTest - 2. verifyCheckoutFunctionality</h5>
<span class='badge badge-success'>10.25.2024 12:53:29 PM</span>
<span class='badge badge-danger'>10.25.2024 12:53:29 PM</span>
<span class='badge badge-default'>00:00:00:007</span>
&middot; <span class='uri-anchor badge badge-default'>#test-id=31</span>
<span title='Skip to the next failed step' class='badge badge-danger pointer float-right ne ml-1'><i class="fa fa-fast-forward"></i></span>
<span title='Collapse all nodes' class='badge badge-default pointer float-right ct ml-1'><i class="fa fa-compress"></i></span>
<span title='Expand all nodes' class='badge badge-default pointer float-right et'><i class="fa fa-expand"></i></span>
</div>
<div class="m-t-15"><span class="badge badge-pill badge-default">KrushnaPatare.</span></div>
</div>
</div><div class="detail-body mt-4">
<table class="table table-sm">
  <thead><tr><th class="status-col">Status</th><th class="timestamp-col">Timestamp</th><th class="details-col">Details</th></tr></thead>
  <tbody>
      <tr class="event-row">
        <td><span class="badge log info-bg">Info</span></td>
        <td>12:53:29 PM</td>
        <td>
          verifyCheckoutFunctionality started executing.
        </td>
      </tr>
      <tr class="event-row">
        <td><span class="badge log info-bg">Info</span></td>
        <td>12:53:29 PM</td>
        <td>
          <textarea readonly class="code-block">org.openqa.selenium.NoSuchElementException: no such element: Unable to locate element: {"method":"xpath","selector":"//button[text()='Add to cart']"}
  (Session info: chrome=130.0.6723.59)
For documentation on this error, please visit: https://www.selenium.dev/documentation/webdriver/troubleshooting/errors#no-such-element-exception
Build info: version: '4.23.0', revision: '4df0a231af'
System info: os.name: 'Windows 10', os.arch: 'amd64', os.version: '10.0', java.version: '17.0.7'
Driver info: org.openqa.selenium.chrome.ChromeDriver
Command: [ba63cafc625b0e014f1ec6cae4bfaecd, findElement {using=xpath, value=//button[text()='Add to cart']}]
Capabilities {acceptInsecureCerts: false, browserName: chrome, browserVersion: 130.0.6723.59, chrome: {chromedriverVersion: 130.0.6723.69 (3ec172b971b9..., userDataDir: C:\Users\Admin\AppData\Loca...}, fedcm:accounts: true, goog:chromeOptions: {debuggerAddress: localhost:49510}, networkConnectionEnabled: false, pageLoadStrategy: normal, platformName: windows, proxy: Proxy(), se:cdp: ws://localhost:49510/devtoo..., se:cdpVersion: 130.0.6723.59, setWindowRect: true, strictFileInteractability: false, timeouts: {implicit: 0, pageLoad: 300000, script: 30000}, unhandledPromptBehavior: dismiss and notify, webauthn:extension:credBlob: true, webauthn:extension:largeBlob: true, webauthn:extension:minPinLength: true, webauthn:extension:prf: true, webauthn:virtualAuthenticators: true}
Session ID: ba63cafc625b0e014f1ec6cae4bfaecd
	at java.base/jdk.internal.reflect.NativeConstructorAccessorImpl.newInstance0(Native Method)
	at java.base/jdk.internal.reflect.NativeConstructorAccessorImpl.newInstance(NativeConstructorAccessorImpl.java:77)
	at java.base/jdk.internal.reflect.DelegatingConstructorAccessorImpl.newInstance(DelegatingConstructorAccessorImpl.java:45)
	at java.base/java.lang.reflect.Constructor.newInstanceWithCaller(Constructor.java:499)
	at java.base/java.lang.reflect.Constructor.newInstance(Constructor.java:480)
	at org.openqa.selenium.remote.ErrorCodec.decode(ErrorCodec.java:167)
	at org.openqa.selenium.remote.codec.w3c.W3CHttpResponseCodec.decode(W3CHttpResponseCodec.java:138)
	at org.openqa.selenium.remote.codec.w3c.W3CHttpResponseCodec.decode(W3CHttpResponseCodec.java:50)
	at org.openqa.selenium.remote.HttpCommandExecutor.execute(HttpCommandExecutor.java:190)
	at org.openqa.selenium.remote.service.DriverCommandExecutor.invokeExecute(DriverCommandExecutor.java:216)
	at org.openqa.selenium.remote.service.DriverCommandExecutor.execute(DriverCommandExecutor.java:174)
	at org.openqa.selenium.remote.RemoteWebDriver.execute(RemoteWebDriver.java:527)
	at org.openqa.selenium.remote.ElementLocation$ElementFinder$2.findElement(ElementLocation.java:165)
	at org.openqa.selenium.remote.ElementLocation.findElement(ElementLocation.java:59)
	at org.openqa.selenium.remote.RemoteWebDriver.findElement(RemoteWebDriver.java:357)
	at org.openqa.selenium.remote.RemoteWebDriver.findElement(RemoteWebDriver.java:351)
	at testCase.SwagLabs5CheckoutPageTest.Setup(SwagLabs5CheckoutPageTest.java:34)
	at java.base/jdk.internal.reflect.NativeMethodAccessorImpl.invoke0(Native Method)
	at java.base/jdk.internal.reflect.NativeMethodAccessorImpl.invoke(NativeMethodAccessorImpl.java:77)
	at java.base/jdk.internal.reflect.DelegatingMethodAccessorImpl.invoke(DelegatingMethodAccessorImpl.java:43)
	at java.base/java.lang.reflect.Method.invoke(Method.java:568)
	at org.testng.internal.invokers.MethodInvocationHelper.invokeMethod(MethodInvocationHelper.java:139)
	at org.testng.internal.invokers.MethodInvocationHelper.invokeMethodConsideringTimeout(MethodInvocationHelper.java:69)
	at org.testng.internal.invokers.ConfigInvoker.invokeConfigurationMethod(ConfigInvoker.java:390)
	at org.testng.internal.invokers.ConfigInvoker.invokeConfigurations(ConfigInvoker.java:325)
	at org.testng.internal.invokers.TestInvoker.runConfigMethods(TestInvoker.java:810)
	at org.testng.internal.invokers.TestInvoker.invokeMethod(TestInvoker.java:577)
	at org.testng.internal.invokers.TestInvoker.invokeTestMethod(TestInvoker.java:227)
	at org.testng.internal.invokers.MethodRunner.runInSequence(MethodRunner.java:50)
	at org.testng.internal.invokers.TestInvoker$MethodInvocationAgent.invoke(TestInvoker.java:957)
	at org.testng.internal.invokers.TestInvoker.invokeTestMethods(TestInvoker.java:200)
	at org.testng.internal.invokers.TestMethodWorker.invokeTestMethods(TestMethodWorker.java:148)
	at org.testng.internal.invokers.TestMethodWorker.run(TestMethodWorker.java:128)
	at java.base/java.util.ArrayList.forEach(ArrayList.java:1511)
	at org.testng.TestRunner.privateRun(TestRunner.java:848)
	at org.testng.TestRunner.run(TestRunner.java:621)
	at org.testng.SuiteRunner.runTest(SuiteRunner.java:443)
	at org.testng.SuiteRunner.runSequentially(SuiteRunner.java:437)
	at org.testng.SuiteRunner.privateRun(SuiteRunner.java:397)
	at org.testng.SuiteRunner.run(SuiteRunner.java:336)
	at org.testng.SuiteRunnerWorker.runSuite(SuiteRunnerWorker.java:52)
	at org.testng.SuiteRunnerWorker.run(SuiteRunnerWorker.java:95)
	at org.testng.TestNG.runSuitesSequentially(TestNG.java:1280)
	at org.testng.TestNG.runSuitesLocally(TestNG.java:1200)
	at org.testng.TestNG.runSuites(TestNG.java:1114)
	at org.testng.TestNG.run(TestNG.java:1082)
	at org.apache.maven.surefire.testng.TestNGExecutor.run(TestNGExecutor.java:308)
	at org.apache.maven.surefire.testng.TestNGXmlTestSuite.execute(TestNGXmlTestSuite.java:71)
	at org.apache.maven.surefire.testng.TestNGProvider.invoke(TestNGProvider.java:113)
	at org.apache.maven.surefire.booter.ForkedBooter.runSuitesInProcess(ForkedBooter.java:385)
	at org.apache.maven.surefire.booter.ForkedBooter.execute(ForkedBooter.java:162)
	at org.apache.maven.surefire.booter.ForkedBooter.run(ForkedBooter.java:507)
	at org.apache.maven.surefire.booter.ForkedBooter.main(ForkedBooter.java:495)
</textarea>
          
        </td>
      </tr>
      <tr class="event-row">
        <td><span class="badge log skip-bg">Skip</span></td>
        <td>12:53:29 PM</td>
        <td>
          verifyCheckoutFunctionality got skipped
        </td>
      </tr>
  </tbody>
</table>
</div>
  <div class="mt-4">  <div class="accordion" role="tablist">
      <div class="card">
        <div class="card-header">
          <div class="card-toolbar node-info">
            <ul class="list-inline d-none d-sm-block">
              <li><span class="badge pass-bg log ">Pass</span></li>
              <li><span class='badge badge-default'>30:00:000</span></li>
              <li></li>
            </ul>
          </div>
          <div class="card-title">
            <a class="node " id="32"><span>verifyCheckoutFunctionality</span></a>
            <div class="node-attr">
<span class="badge badge-pill badge-default">KrushnaPatare.</span>            </div>
          </div>
        </div>
      </div>
  </div>
</div>
          </div>
        </li>
        <li class="test-item"  status="skip" test-id="33"
          author="KrushnaPatare."
          tag=""
          device="">
          <div class="test-detail">
            <p class="name">testCase.SwagLabs5CheckoutPageTest - 2. verifyCheckoutFunctionality</p>
            <p class="text-sm">
              <span>12:53:29 PM</span> / <span>00:00:00:009</span>
              <span class="badge skip-bg log float-right">Skip</span>
            </p>
          </div>
          <div class="test-contents d-none">
<div class="detail-head">
<div class="p-v-10">
<div class="info">
<h5 class="test-status text-skip">testCase.SwagLabs5CheckoutPageTest - 2. verifyCheckoutFunctionality</h5>
<span class='badge badge-success'>10.25.2024 12:53:29 PM</span>
<span class='badge badge-danger'>10.25.2024 12:53:29 PM</span>
<span class='badge badge-default'>00:00:00:009</span>
&middot; <span class='uri-anchor badge badge-default'>#test-id=33</span>
<span title='Skip to the next failed step' class='badge badge-danger pointer float-right ne ml-1'><i class="fa fa-fast-forward"></i></span>
<span title='Collapse all nodes' class='badge badge-default pointer float-right ct ml-1'><i class="fa fa-compress"></i></span>
<span title='Expand all nodes' class='badge badge-default pointer float-right et'><i class="fa fa-expand"></i></span>
</div>
<div class="m-t-15"><span class="badge badge-pill badge-default">KrushnaPatare.</span></div>
</div>
</div><div class="detail-body mt-4">
<table class="table table-sm">
  <thead><tr><th class="status-col">Status</th><th class="timestamp-col">Timestamp</th><th class="details-col">Details</th></tr></thead>
  <tbody>
      <tr class="event-row">
        <td><span class="badge log info-bg">Info</span></td>
        <td>12:53:29 PM</td>
        <td>
          verifyCheckoutFunctionality started executing.
        </td>
      </tr>
      <tr class="event-row">
        <td><span class="badge log info-bg">Info</span></td>
        <td>12:53:29 PM</td>
        <td>
          <textarea readonly class="code-block">org.openqa.selenium.NoSuchElementException: no such element: Unable to locate element: {"method":"xpath","selector":"//button[text()='Add to cart']"}
  (Session info: chrome=130.0.6723.59)
For documentation on this error, please visit: https://www.selenium.dev/documentation/webdriver/troubleshooting/errors#no-such-element-exception
Build info: version: '4.23.0', revision: '4df0a231af'
System info: os.name: 'Windows 10', os.arch: 'amd64', os.version: '10.0', java.version: '17.0.7'
Driver info: org.openqa.selenium.chrome.ChromeDriver
Command: [ba63cafc625b0e014f1ec6cae4bfaecd, findElement {using=xpath, value=//button[text()='Add to cart']}]
Capabilities {acceptInsecureCerts: false, browserName: chrome, browserVersion: 130.0.6723.59, chrome: {chromedriverVersion: 130.0.6723.69 (3ec172b971b9..., userDataDir: C:\Users\Admin\AppData\Loca...}, fedcm:accounts: true, goog:chromeOptions: {debuggerAddress: localhost:49510}, networkConnectionEnabled: false, pageLoadStrategy: normal, platformName: windows, proxy: Proxy(), se:cdp: ws://localhost:49510/devtoo..., se:cdpVersion: 130.0.6723.59, setWindowRect: true, strictFileInteractability: false, timeouts: {implicit: 0, pageLoad: 300000, script: 30000}, unhandledPromptBehavior: dismiss and notify, webauthn:extension:credBlob: true, webauthn:extension:largeBlob: true, webauthn:extension:minPinLength: true, webauthn:extension:prf: true, webauthn:virtualAuthenticators: true}
Session ID: ba63cafc625b0e014f1ec6cae4bfaecd
	at java.base/jdk.internal.reflect.NativeConstructorAccessorImpl.newInstance0(Native Method)
	at java.base/jdk.internal.reflect.NativeConstructorAccessorImpl.newInstance(NativeConstructorAccessorImpl.java:77)
	at java.base/jdk.internal.reflect.DelegatingConstructorAccessorImpl.newInstance(DelegatingConstructorAccessorImpl.java:45)
	at java.base/java.lang.reflect.Constructor.newInstanceWithCaller(Constructor.java:499)
	at java.base/java.lang.reflect.Constructor.newInstance(Constructor.java:480)
	at org.openqa.selenium.remote.ErrorCodec.decode(ErrorCodec.java:167)
	at org.openqa.selenium.remote.codec.w3c.W3CHttpResponseCodec.decode(W3CHttpResponseCodec.java:138)
	at org.openqa.selenium.remote.codec.w3c.W3CHttpResponseCodec.decode(W3CHttpResponseCodec.java:50)
	at org.openqa.selenium.remote.HttpCommandExecutor.execute(HttpCommandExecutor.java:190)
	at org.openqa.selenium.remote.service.DriverCommandExecutor.invokeExecute(DriverCommandExecutor.java:216)
	at org.openqa.selenium.remote.service.DriverCommandExecutor.execute(DriverCommandExecutor.java:174)
	at org.openqa.selenium.remote.RemoteWebDriver.execute(RemoteWebDriver.java:527)
	at org.openqa.selenium.remote.ElementLocation$ElementFinder$2.findElement(ElementLocation.java:165)
	at org.openqa.selenium.remote.ElementLocation.findElement(ElementLocation.java:59)
	at org.openqa.selenium.remote.RemoteWebDriver.findElement(RemoteWebDriver.java:357)
	at org.openqa.selenium.remote.RemoteWebDriver.findElement(RemoteWebDriver.java:351)
	at testCase.SwagLabs5CheckoutPageTest.Setup(SwagLabs5CheckoutPageTest.java:34)
	at java.base/jdk.internal.reflect.NativeMethodAccessorImpl.invoke0(Native Method)
	at java.base/jdk.internal.reflect.NativeMethodAccessorImpl.invoke(NativeMethodAccessorImpl.java:77)
	at java.base/jdk.internal.reflect.DelegatingMethodAccessorImpl.invoke(DelegatingMethodAccessorImpl.java:43)
	at java.base/java.lang.reflect.Method.invoke(Method.java:568)
	at org.testng.internal.invokers.MethodInvocationHelper.invokeMethod(MethodInvocationHelper.java:139)
	at org.testng.internal.invokers.MethodInvocationHelper.invokeMethodConsideringTimeout(MethodInvocationHelper.java:69)
	at org.testng.internal.invokers.ConfigInvoker.invokeConfigurationMethod(ConfigInvoker.java:390)
	at org.testng.internal.invokers.ConfigInvoker.invokeConfigurations(ConfigInvoker.java:325)
	at org.testng.internal.invokers.TestInvoker.runConfigMethods(TestInvoker.java:810)
	at org.testng.internal.invokers.TestInvoker.invokeMethod(TestInvoker.java:577)
	at org.testng.internal.invokers.TestInvoker.invokeTestMethod(TestInvoker.java:227)
	at org.testng.internal.invokers.MethodRunner.runInSequence(MethodRunner.java:50)
	at org.testng.internal.invokers.TestInvoker$MethodInvocationAgent.invoke(TestInvoker.java:957)
	at org.testng.internal.invokers.TestInvoker.invokeTestMethods(TestInvoker.java:200)
	at org.testng.internal.invokers.TestMethodWorker.invokeTestMethods(TestMethodWorker.java:148)
	at org.testng.internal.invokers.TestMethodWorker.run(TestMethodWorker.java:128)
	at java.base/java.util.ArrayList.forEach(ArrayList.java:1511)
	at org.testng.TestRunner.privateRun(TestRunner.java:848)
	at org.testng.TestRunner.run(TestRunner.java:621)
	at org.testng.SuiteRunner.runTest(SuiteRunner.java:443)
	at org.testng.SuiteRunner.runSequentially(SuiteRunner.java:437)
	at org.testng.SuiteRunner.privateRun(SuiteRunner.java:397)
	at org.testng.SuiteRunner.run(SuiteRunner.java:336)
	at org.testng.SuiteRunnerWorker.runSuite(SuiteRunnerWorker.java:52)
	at org.testng.SuiteRunnerWorker.run(SuiteRunnerWorker.java:95)
	at org.testng.TestNG.runSuitesSequentially(TestNG.java:1280)
	at org.testng.TestNG.runSuitesLocally(TestNG.java:1200)
	at org.testng.TestNG.runSuites(TestNG.java:1114)
	at org.testng.TestNG.run(TestNG.java:1082)
	at org.apache.maven.surefire.testng.TestNGExecutor.run(TestNGExecutor.java:308)
	at org.apache.maven.surefire.testng.TestNGXmlTestSuite.execute(TestNGXmlTestSuite.java:71)
	at org.apache.maven.surefire.testng.TestNGProvider.invoke(TestNGProvider.java:113)
	at org.apache.maven.surefire.booter.ForkedBooter.runSuitesInProcess(ForkedBooter.java:385)
	at org.apache.maven.surefire.booter.ForkedBooter.execute(ForkedBooter.java:162)
	at org.apache.maven.surefire.booter.ForkedBooter.run(ForkedBooter.java:507)
	at org.apache.maven.surefire.booter.ForkedBooter.main(ForkedBooter.java:495)
</textarea>
          
        </td>
      </tr>
      <tr class="event-row">
        <td><span class="badge log skip-bg">Skip</span></td>
        <td>12:53:29 PM</td>
        <td>
          verifyCheckoutFunctionality got skipped
        </td>
      </tr>
  </tbody>
</table>
</div>
  <div class="mt-4">  <div class="accordion" role="tablist">
      <div class="card">
        <div class="card-header">
          <div class="card-toolbar node-info">
            <ul class="list-inline d-none d-sm-block">
              <li><span class="badge pass-bg log ">Pass</span></li>
              <li><span class='badge badge-default'>30:00:000</span></li>
              <li></li>
            </ul>
          </div>
          <div class="card-title">
            <a class="node " id="34"><span>verifyCheckoutFunctionality</span></a>
            <div class="node-attr">
<span class="badge badge-pill badge-default">KrushnaPatare.</span>            </div>
          </div>
        </div>
      </div>
  </div>
</div>
          </div>
        </li>
        <li class="test-item"  status="skip" test-id="35"
          author="KrushnaPatare."
          tag=""
          device="">
          <div class="test-detail">
            <p class="name">testCase.SwagLabs5CheckoutPageTest - 2. verifyCheckoutFunctionality</p>
            <p class="text-sm">
              <span>12:53:29 PM</span> / <span>00:00:00:007</span>
              <span class="badge skip-bg log float-right">Skip</span>
            </p>
          </div>
          <div class="test-contents d-none">
<div class="detail-head">
<div class="p-v-10">
<div class="info">
<h5 class="test-status text-skip">testCase.SwagLabs5CheckoutPageTest - 2. verifyCheckoutFunctionality</h5>
<span class='badge badge-success'>10.25.2024 12:53:29 PM</span>
<span class='badge badge-danger'>10.25.2024 12:53:29 PM</span>
<span class='badge badge-default'>00:00:00:007</span>
&middot; <span class='uri-anchor badge badge-default'>#test-id=35</span>
<span title='Skip to the next failed step' class='badge badge-danger pointer float-right ne ml-1'><i class="fa fa-fast-forward"></i></span>
<span title='Collapse all nodes' class='badge badge-default pointer float-right ct ml-1'><i class="fa fa-compress"></i></span>
<span title='Expand all nodes' class='badge badge-default pointer float-right et'><i class="fa fa-expand"></i></span>
</div>
<div class="m-t-15"><span class="badge badge-pill badge-default">KrushnaPatare.</span></div>
</div>
</div><div class="detail-body mt-4">
<table class="table table-sm">
  <thead><tr><th class="status-col">Status</th><th class="timestamp-col">Timestamp</th><th class="details-col">Details</th></tr></thead>
  <tbody>
      <tr class="event-row">
        <td><span class="badge log info-bg">Info</span></td>
        <td>12:53:29 PM</td>
        <td>
          verifyCheckoutFunctionality started executing.
        </td>
      </tr>
      <tr class="event-row">
        <td><span class="badge log info-bg">Info</span></td>
        <td>12:53:29 PM</td>
        <td>
          <textarea readonly class="code-block">org.openqa.selenium.NoSuchElementException: no such element: Unable to locate element: {"method":"xpath","selector":"//button[text()='Add to cart']"}
  (Session info: chrome=130.0.6723.59)
For documentation on this error, please visit: https://www.selenium.dev/documentation/webdriver/troubleshooting/errors#no-such-element-exception
Build info: version: '4.23.0', revision: '4df0a231af'
System info: os.name: 'Windows 10', os.arch: 'amd64', os.version: '10.0', java.version: '17.0.7'
Driver info: org.openqa.selenium.chrome.ChromeDriver
Command: [ba63cafc625b0e014f1ec6cae4bfaecd, findElement {using=xpath, value=//button[text()='Add to cart']}]
Capabilities {acceptInsecureCerts: false, browserName: chrome, browserVersion: 130.0.6723.59, chrome: {chromedriverVersion: 130.0.6723.69 (3ec172b971b9..., userDataDir: C:\Users\Admin\AppData\Loca...}, fedcm:accounts: true, goog:chromeOptions: {debuggerAddress: localhost:49510}, networkConnectionEnabled: false, pageLoadStrategy: normal, platformName: windows, proxy: Proxy(), se:cdp: ws://localhost:49510/devtoo..., se:cdpVersion: 130.0.6723.59, setWindowRect: true, strictFileInteractability: false, timeouts: {implicit: 0, pageLoad: 300000, script: 30000}, unhandledPromptBehavior: dismiss and notify, webauthn:extension:credBlob: true, webauthn:extension:largeBlob: true, webauthn:extension:minPinLength: true, webauthn:extension:prf: true, webauthn:virtualAuthenticators: true}
Session ID: ba63cafc625b0e014f1ec6cae4bfaecd
	at java.base/jdk.internal.reflect.NativeConstructorAccessorImpl.newInstance0(Native Method)
	at java.base/jdk.internal.reflect.NativeConstructorAccessorImpl.newInstance(NativeConstructorAccessorImpl.java:77)
	at java.base/jdk.internal.reflect.DelegatingConstructorAccessorImpl.newInstance(DelegatingConstructorAccessorImpl.java:45)
	at java.base/java.lang.reflect.Constructor.newInstanceWithCaller(Constructor.java:499)
	at java.base/java.lang.reflect.Constructor.newInstance(Constructor.java:480)
	at org.openqa.selenium.remote.ErrorCodec.decode(ErrorCodec.java:167)
	at org.openqa.selenium.remote.codec.w3c.W3CHttpResponseCodec.decode(W3CHttpResponseCodec.java:138)
	at org.openqa.selenium.remote.codec.w3c.W3CHttpResponseCodec.decode(W3CHttpResponseCodec.java:50)
	at org.openqa.selenium.remote.HttpCommandExecutor.execute(HttpCommandExecutor.java:190)
	at org.openqa.selenium.remote.service.DriverCommandExecutor.invokeExecute(DriverCommandExecutor.java:216)
	at org.openqa.selenium.remote.service.DriverCommandExecutor.execute(DriverCommandExecutor.java:174)
	at org.openqa.selenium.remote.RemoteWebDriver.execute(RemoteWebDriver.java:527)
	at org.openqa.selenium.remote.ElementLocation$ElementFinder$2.findElement(ElementLocation.java:165)
	at org.openqa.selenium.remote.ElementLocation.findElement(ElementLocation.java:59)
	at org.openqa.selenium.remote.RemoteWebDriver.findElement(RemoteWebDriver.java:357)
	at org.openqa.selenium.remote.RemoteWebDriver.findElement(RemoteWebDriver.java:351)
	at testCase.SwagLabs5CheckoutPageTest.Setup(SwagLabs5CheckoutPageTest.java:34)
	at java.base/jdk.internal.reflect.NativeMethodAccessorImpl.invoke0(Native Method)
	at java.base/jdk.internal.reflect.NativeMethodAccessorImpl.invoke(NativeMethodAccessorImpl.java:77)
	at java.base/jdk.internal.reflect.DelegatingMethodAccessorImpl.invoke(DelegatingMethodAccessorImpl.java:43)
	at java.base/java.lang.reflect.Method.invoke(Method.java:568)
	at org.testng.internal.invokers.MethodInvocationHelper.invokeMethod(MethodInvocationHelper.java:139)
	at org.testng.internal.invokers.MethodInvocationHelper.invokeMethodConsideringTimeout(MethodInvocationHelper.java:69)
	at org.testng.internal.invokers.ConfigInvoker.invokeConfigurationMethod(ConfigInvoker.java:390)
	at org.testng.internal.invokers.ConfigInvoker.invokeConfigurations(ConfigInvoker.java:325)
	at org.testng.internal.invokers.TestInvoker.runConfigMethods(TestInvoker.java:810)
	at org.testng.internal.invokers.TestInvoker.invokeMethod(TestInvoker.java:577)
	at org.testng.internal.invokers.TestInvoker.invokeTestMethod(TestInvoker.java:227)
	at org.testng.internal.invokers.MethodRunner.runInSequence(MethodRunner.java:50)
	at org.testng.internal.invokers.TestInvoker$MethodInvocationAgent.invoke(TestInvoker.java:957)
	at org.testng.internal.invokers.TestInvoker.invokeTestMethods(TestInvoker.java:200)
	at org.testng.internal.invokers.TestMethodWorker.invokeTestMethods(TestMethodWorker.java:148)
	at org.testng.internal.invokers.TestMethodWorker.run(TestMethodWorker.java:128)
	at java.base/java.util.ArrayList.forEach(ArrayList.java:1511)
	at org.testng.TestRunner.privateRun(TestRunner.java:848)
	at org.testng.TestRunner.run(TestRunner.java:621)
	at org.testng.SuiteRunner.runTest(SuiteRunner.java:443)
	at org.testng.SuiteRunner.runSequentially(SuiteRunner.java:437)
	at org.testng.SuiteRunner.privateRun(SuiteRunner.java:397)
	at org.testng.SuiteRunner.run(SuiteRunner.java:336)
	at org.testng.SuiteRunnerWorker.runSuite(SuiteRunnerWorker.java:52)
	at org.testng.SuiteRunnerWorker.run(SuiteRunnerWorker.java:95)
	at org.testng.TestNG.runSuitesSequentially(TestNG.java:1280)
	at org.testng.TestNG.runSuitesLocally(TestNG.java:1200)
	at org.testng.TestNG.runSuites(TestNG.java:1114)
	at org.testng.TestNG.run(TestNG.java:1082)
	at org.apache.maven.surefire.testng.TestNGExecutor.run(TestNGExecutor.java:308)
	at org.apache.maven.surefire.testng.TestNGXmlTestSuite.execute(TestNGXmlTestSuite.java:71)
	at org.apache.maven.surefire.testng.TestNGProvider.invoke(TestNGProvider.java:113)
	at org.apache.maven.surefire.booter.ForkedBooter.runSuitesInProcess(ForkedBooter.java:385)
	at org.apache.maven.surefire.booter.ForkedBooter.execute(ForkedBooter.java:162)
	at org.apache.maven.surefire.booter.ForkedBooter.run(ForkedBooter.java:507)
	at org.apache.maven.surefire.booter.ForkedBooter.main(ForkedBooter.java:495)
</textarea>
          
        </td>
      </tr>
      <tr class="event-row">
        <td><span class="badge log skip-bg">Skip</span></td>
        <td>12:53:29 PM</td>
        <td>
          verifyCheckoutFunctionality got skipped
        </td>
      </tr>
  </tbody>
</table>
</div>
  <div class="mt-4">  <div class="accordion" role="tablist">
      <div class="card">
        <div class="card-header">
          <div class="card-toolbar node-info">
            <ul class="list-inline d-none d-sm-block">
              <li><span class="badge pass-bg log ">Pass</span></li>
              <li><span class='badge badge-default'>30:00:000</span></li>
              <li></li>
            </ul>
          </div>
          <div class="card-title">
            <a class="node " id="36"><span>verifyCheckoutFunctionality</span></a>
            <div class="node-attr">
<span class="badge badge-pill badge-default">KrushnaPatare.</span>            </div>
          </div>
        </div>
      </div>
  </div>
</div>
          </div>
        </li>
        <li class="test-item"  status="skip" test-id="37"
          author="KrushnaPatare."
          tag=""
          device="">
          <div class="test-detail">
            <p class="name">testCase.SwagLabs5CheckoutPageTest - 2. verifyCheckoutFunctionality</p>
            <p class="text-sm">
              <span>12:53:29 PM</span> / <span>00:00:00:012</span>
              <span class="badge skip-bg log float-right">Skip</span>
            </p>
          </div>
          <div class="test-contents d-none">
<div class="detail-head">
<div class="p-v-10">
<div class="info">
<h5 class="test-status text-skip">testCase.SwagLabs5CheckoutPageTest - 2. verifyCheckoutFunctionality</h5>
<span class='badge badge-success'>10.25.2024 12:53:29 PM</span>
<span class='badge badge-danger'>10.25.2024 12:53:29 PM</span>
<span class='badge badge-default'>00:00:00:012</span>
&middot; <span class='uri-anchor badge badge-default'>#test-id=37</span>
<span title='Skip to the next failed step' class='badge badge-danger pointer float-right ne ml-1'><i class="fa fa-fast-forward"></i></span>
<span title='Collapse all nodes' class='badge badge-default pointer float-right ct ml-1'><i class="fa fa-compress"></i></span>
<span title='Expand all nodes' class='badge badge-default pointer float-right et'><i class="fa fa-expand"></i></span>
</div>
<div class="m-t-15"><span class="badge badge-pill badge-default">KrushnaPatare.</span></div>
</div>
</div><div class="detail-body mt-4">
<table class="table table-sm">
  <thead><tr><th class="status-col">Status</th><th class="timestamp-col">Timestamp</th><th class="details-col">Details</th></tr></thead>
  <tbody>
      <tr class="event-row">
        <td><span class="badge log info-bg">Info</span></td>
        <td>12:53:29 PM</td>
        <td>
          verifyCheckoutFunctionality started executing.
        </td>
      </tr>
      <tr class="event-row">
        <td><span class="badge log info-bg">Info</span></td>
        <td>12:53:29 PM</td>
        <td>
          <textarea readonly class="code-block">org.openqa.selenium.NoSuchElementException: no such element: Unable to locate element: {"method":"xpath","selector":"//button[text()='Add to cart']"}
  (Session info: chrome=130.0.6723.59)
For documentation on this error, please visit: https://www.selenium.dev/documentation/webdriver/troubleshooting/errors#no-such-element-exception
Build info: version: '4.23.0', revision: '4df0a231af'
System info: os.name: 'Windows 10', os.arch: 'amd64', os.version: '10.0', java.version: '17.0.7'
Driver info: org.openqa.selenium.chrome.ChromeDriver
Command: [ba63cafc625b0e014f1ec6cae4bfaecd, findElement {using=xpath, value=//button[text()='Add to cart']}]
Capabilities {acceptInsecureCerts: false, browserName: chrome, browserVersion: 130.0.6723.59, chrome: {chromedriverVersion: 130.0.6723.69 (3ec172b971b9..., userDataDir: C:\Users\Admin\AppData\Loca...}, fedcm:accounts: true, goog:chromeOptions: {debuggerAddress: localhost:49510}, networkConnectionEnabled: false, pageLoadStrategy: normal, platformName: windows, proxy: Proxy(), se:cdp: ws://localhost:49510/devtoo..., se:cdpVersion: 130.0.6723.59, setWindowRect: true, strictFileInteractability: false, timeouts: {implicit: 0, pageLoad: 300000, script: 30000}, unhandledPromptBehavior: dismiss and notify, webauthn:extension:credBlob: true, webauthn:extension:largeBlob: true, webauthn:extension:minPinLength: true, webauthn:extension:prf: true, webauthn:virtualAuthenticators: true}
Session ID: ba63cafc625b0e014f1ec6cae4bfaecd
	at java.base/jdk.internal.reflect.NativeConstructorAccessorImpl.newInstance0(Native Method)
	at java.base/jdk.internal.reflect.NativeConstructorAccessorImpl.newInstance(NativeConstructorAccessorImpl.java:77)
	at java.base/jdk.internal.reflect.DelegatingConstructorAccessorImpl.newInstance(DelegatingConstructorAccessorImpl.java:45)
	at java.base/java.lang.reflect.Constructor.newInstanceWithCaller(Constructor.java:499)
	at java.base/java.lang.reflect.Constructor.newInstance(Constructor.java:480)
	at org.openqa.selenium.remote.ErrorCodec.decode(ErrorCodec.java:167)
	at org.openqa.selenium.remote.codec.w3c.W3CHttpResponseCodec.decode(W3CHttpResponseCodec.java:138)
	at org.openqa.selenium.remote.codec.w3c.W3CHttpResponseCodec.decode(W3CHttpResponseCodec.java:50)
	at org.openqa.selenium.remote.HttpCommandExecutor.execute(HttpCommandExecutor.java:190)
	at org.openqa.selenium.remote.service.DriverCommandExecutor.invokeExecute(DriverCommandExecutor.java:216)
	at org.openqa.selenium.remote.service.DriverCommandExecutor.execute(DriverCommandExecutor.java:174)
	at org.openqa.selenium.remote.RemoteWebDriver.execute(RemoteWebDriver.java:527)
	at org.openqa.selenium.remote.ElementLocation$ElementFinder$2.findElement(ElementLocation.java:165)
	at org.openqa.selenium.remote.ElementLocation.findElement(ElementLocation.java:59)
	at org.openqa.selenium.remote.RemoteWebDriver.findElement(RemoteWebDriver.java:357)
	at org.openqa.selenium.remote.RemoteWebDriver.findElement(RemoteWebDriver.java:351)
	at testCase.SwagLabs5CheckoutPageTest.Setup(SwagLabs5CheckoutPageTest.java:34)
	at java.base/jdk.internal.reflect.NativeMethodAccessorImpl.invoke0(Native Method)
	at java.base/jdk.internal.reflect.NativeMethodAccessorImpl.invoke(NativeMethodAccessorImpl.java:77)
	at java.base/jdk.internal.reflect.DelegatingMethodAccessorImpl.invoke(DelegatingMethodAccessorImpl.java:43)
	at java.base/java.lang.reflect.Method.invoke(Method.java:568)
	at org.testng.internal.invokers.MethodInvocationHelper.invokeMethod(MethodInvocationHelper.java:139)
	at org.testng.internal.invokers.MethodInvocationHelper.invokeMethodConsideringTimeout(MethodInvocationHelper.java:69)
	at org.testng.internal.invokers.ConfigInvoker.invokeConfigurationMethod(ConfigInvoker.java:390)
	at org.testng.internal.invokers.ConfigInvoker.invokeConfigurations(ConfigInvoker.java:325)
	at org.testng.internal.invokers.TestInvoker.runConfigMethods(TestInvoker.java:810)
	at org.testng.internal.invokers.TestInvoker.invokeMethod(TestInvoker.java:577)
	at org.testng.internal.invokers.TestInvoker.invokeTestMethod(TestInvoker.java:227)
	at org.testng.internal.invokers.MethodRunner.runInSequence(MethodRunner.java:50)
	at org.testng.internal.invokers.TestInvoker$MethodInvocationAgent.invoke(TestInvoker.java:957)
	at org.testng.internal.invokers.TestInvoker.invokeTestMethods(TestInvoker.java:200)
	at org.testng.internal.invokers.TestMethodWorker.invokeTestMethods(TestMethodWorker.java:148)
	at org.testng.internal.invokers.TestMethodWorker.run(TestMethodWorker.java:128)
	at java.base/java.util.ArrayList.forEach(ArrayList.java:1511)
	at org.testng.TestRunner.privateRun(TestRunner.java:848)
	at org.testng.TestRunner.run(TestRunner.java:621)
	at org.testng.SuiteRunner.runTest(SuiteRunner.java:443)
	at org.testng.SuiteRunner.runSequentially(SuiteRunner.java:437)
	at org.testng.SuiteRunner.privateRun(SuiteRunner.java:397)
	at org.testng.SuiteRunner.run(SuiteRunner.java:336)
	at org.testng.SuiteRunnerWorker.runSuite(SuiteRunnerWorker.java:52)
	at org.testng.SuiteRunnerWorker.run(SuiteRunnerWorker.java:95)
	at org.testng.TestNG.runSuitesSequentially(TestNG.java:1280)
	at org.testng.TestNG.runSuitesLocally(TestNG.java:1200)
	at org.testng.TestNG.runSuites(TestNG.java:1114)
	at org.testng.TestNG.run(TestNG.java:1082)
	at org.apache.maven.surefire.testng.TestNGExecutor.run(TestNGExecutor.java:308)
	at org.apache.maven.surefire.testng.TestNGXmlTestSuite.execute(TestNGXmlTestSuite.java:71)
	at org.apache.maven.surefire.testng.TestNGProvider.invoke(TestNGProvider.java:113)
	at org.apache.maven.surefire.booter.ForkedBooter.runSuitesInProcess(ForkedBooter.java:385)
	at org.apache.maven.surefire.booter.ForkedBooter.execute(ForkedBooter.java:162)
	at org.apache.maven.surefire.booter.ForkedBooter.run(ForkedBooter.java:507)
	at org.apache.maven.surefire.booter.ForkedBooter.main(ForkedBooter.java:495)
</textarea>
          
        </td>
      </tr>
      <tr class="event-row">
        <td><span class="badge log skip-bg">Skip</span></td>
        <td>12:53:29 PM</td>
        <td>
          verifyCheckoutFunctionality got skipped
        </td>
      </tr>
  </tbody>
</table>
</div>
  <div class="mt-4">  <div class="accordion" role="tablist">
      <div class="card">
        <div class="card-header">
          <div class="card-toolbar node-info">
            <ul class="list-inline d-none d-sm-block">
              <li><span class="badge pass-bg log ">Pass</span></li>
              <li><span class='badge badge-default'>30:00:000</span></li>
              <li></li>
            </ul>
          </div>
          <div class="card-title">
            <a class="node " id="38"><span>verifyCheckoutFunctionality</span></a>
            <div class="node-attr">
<span class="badge badge-pill badge-default">KrushnaPatare.</span>            </div>
          </div>
        </div>
      </div>
  </div>
</div>
          </div>
        </li>
        <li class="test-item"  status="skip" test-id="39"
          author="KrushnaPatare."
          tag=""
          device="">
          <div class="test-detail">
            <p class="name">testCase.SwagLabs5CheckoutPageTest - 2. verifyCheckoutFunctionality</p>
            <p class="text-sm">
              <span>12:53:29 PM</span> / <span>00:00:25:578</span>
              <span class="badge skip-bg log float-right">Skip</span>
            </p>
          </div>
          <div class="test-contents d-none">
<div class="detail-head">
<div class="p-v-10">
<div class="info">
<h5 class="test-status text-skip">testCase.SwagLabs5CheckoutPageTest - 2. verifyCheckoutFunctionality</h5>
<span class='badge badge-success'>10.25.2024 12:53:29 PM</span>
<span class='badge badge-danger'>10.25.2024 12:53:55 PM</span>
<span class='badge badge-default'>00:00:25:578</span>
&middot; <span class='uri-anchor badge badge-default'>#test-id=39</span>
<span title='Skip to the next failed step' class='badge badge-danger pointer float-right ne ml-1'><i class="fa fa-fast-forward"></i></span>
<span title='Collapse all nodes' class='badge badge-default pointer float-right ct ml-1'><i class="fa fa-compress"></i></span>
<span title='Expand all nodes' class='badge badge-default pointer float-right et'><i class="fa fa-expand"></i></span>
</div>
<div class="m-t-15"><span class="badge badge-pill badge-default">KrushnaPatare.</span></div>
</div>
</div><div class="detail-body mt-4">
<table class="table table-sm">
  <thead><tr><th class="status-col">Status</th><th class="timestamp-col">Timestamp</th><th class="details-col">Details</th></tr></thead>
  <tbody>
      <tr class="event-row">
        <td><span class="badge log info-bg">Info</span></td>
        <td>12:53:29 PM</td>
        <td>
          verifyCheckoutFunctionality started executing.
        </td>
      </tr>
      <tr class="event-row">
        <td><span class="badge log info-bg">Info</span></td>
        <td>12:53:29 PM</td>
        <td>
          <textarea readonly class="code-block">org.openqa.selenium.NoSuchElementException: no such element: Unable to locate element: {"method":"xpath","selector":"//button[text()='Add to cart']"}
  (Session info: chrome=130.0.6723.59)
For documentation on this error, please visit: https://www.selenium.dev/documentation/webdriver/troubleshooting/errors#no-such-element-exception
Build info: version: '4.23.0', revision: '4df0a231af'
System info: os.name: 'Windows 10', os.arch: 'amd64', os.version: '10.0', java.version: '17.0.7'
Driver info: org.openqa.selenium.chrome.ChromeDriver
Command: [ba63cafc625b0e014f1ec6cae4bfaecd, findElement {using=xpath, value=//button[text()='Add to cart']}]
Capabilities {acceptInsecureCerts: false, browserName: chrome, browserVersion: 130.0.6723.59, chrome: {chromedriverVersion: 130.0.6723.69 (3ec172b971b9..., userDataDir: C:\Users\Admin\AppData\Loca...}, fedcm:accounts: true, goog:chromeOptions: {debuggerAddress: localhost:49510}, networkConnectionEnabled: false, pageLoadStrategy: normal, platformName: windows, proxy: Proxy(), se:cdp: ws://localhost:49510/devtoo..., se:cdpVersion: 130.0.6723.59, setWindowRect: true, strictFileInteractability: false, timeouts: {implicit: 0, pageLoad: 300000, script: 30000}, unhandledPromptBehavior: dismiss and notify, webauthn:extension:credBlob: true, webauthn:extension:largeBlob: true, webauthn:extension:minPinLength: true, webauthn:extension:prf: true, webauthn:virtualAuthenticators: true}
Session ID: ba63cafc625b0e014f1ec6cae4bfaecd
	at java.base/jdk.internal.reflect.NativeConstructorAccessorImpl.newInstance0(Native Method)
	at java.base/jdk.internal.reflect.NativeConstructorAccessorImpl.newInstance(NativeConstructorAccessorImpl.java:77)
	at java.base/jdk.internal.reflect.DelegatingConstructorAccessorImpl.newInstance(DelegatingConstructorAccessorImpl.java:45)
	at java.base/java.lang.reflect.Constructor.newInstanceWithCaller(Constructor.java:499)
	at java.base/java.lang.reflect.Constructor.newInstance(Constructor.java:480)
	at org.openqa.selenium.remote.ErrorCodec.decode(ErrorCodec.java:167)
	at org.openqa.selenium.remote.codec.w3c.W3CHttpResponseCodec.decode(W3CHttpResponseCodec.java:138)
	at org.openqa.selenium.remote.codec.w3c.W3CHttpResponseCodec.decode(W3CHttpResponseCodec.java:50)
	at org.openqa.selenium.remote.HttpCommandExecutor.execute(HttpCommandExecutor.java:190)
	at org.openqa.selenium.remote.service.DriverCommandExecutor.invokeExecute(DriverCommandExecutor.java:216)
	at org.openqa.selenium.remote.service.DriverCommandExecutor.execute(DriverCommandExecutor.java:174)
	at org.openqa.selenium.remote.RemoteWebDriver.execute(RemoteWebDriver.java:527)
	at org.openqa.selenium.remote.ElementLocation$ElementFinder$2.findElement(ElementLocation.java:165)
	at org.openqa.selenium.remote.ElementLocation.findElement(ElementLocation.java:59)
	at org.openqa.selenium.remote.RemoteWebDriver.findElement(RemoteWebDriver.java:357)
	at org.openqa.selenium.remote.RemoteWebDriver.findElement(RemoteWebDriver.java:351)
	at testCase.SwagLabs5CheckoutPageTest.Setup(SwagLabs5CheckoutPageTest.java:34)
	at java.base/jdk.internal.reflect.NativeMethodAccessorImpl.invoke0(Native Method)
	at java.base/jdk.internal.reflect.NativeMethodAccessorImpl.invoke(NativeMethodAccessorImpl.java:77)
	at java.base/jdk.internal.reflect.DelegatingMethodAccessorImpl.invoke(DelegatingMethodAccessorImpl.java:43)
	at java.base/java.lang.reflect.Method.invoke(Method.java:568)
	at org.testng.internal.invokers.MethodInvocationHelper.invokeMethod(MethodInvocationHelper.java:139)
	at org.testng.internal.invokers.MethodInvocationHelper.invokeMethodConsideringTimeout(MethodInvocationHelper.java:69)
	at org.testng.internal.invokers.ConfigInvoker.invokeConfigurationMethod(ConfigInvoker.java:390)
	at org.testng.internal.invokers.ConfigInvoker.invokeConfigurations(ConfigInvoker.java:325)
	at org.testng.internal.invokers.TestInvoker.runConfigMethods(TestInvoker.java:810)
	at org.testng.internal.invokers.TestInvoker.invokeMethod(TestInvoker.java:577)
	at org.testng.internal.invokers.TestInvoker.invokeTestMethod(TestInvoker.java:227)
	at org.testng.internal.invokers.MethodRunner.runInSequence(MethodRunner.java:50)
	at org.testng.internal.invokers.TestInvoker$MethodInvocationAgent.invoke(TestInvoker.java:957)
	at org.testng.internal.invokers.TestInvoker.invokeTestMethods(TestInvoker.java:200)
	at org.testng.internal.invokers.TestMethodWorker.invokeTestMethods(TestMethodWorker.java:148)
	at org.testng.internal.invokers.TestMethodWorker.run(TestMethodWorker.java:128)
	at java.base/java.util.ArrayList.forEach(ArrayList.java:1511)
	at org.testng.TestRunner.privateRun(TestRunner.java:848)
	at org.testng.TestRunner.run(TestRunner.java:621)
	at org.testng.SuiteRunner.runTest(SuiteRunner.java:443)
	at org.testng.SuiteRunner.runSequentially(SuiteRunner.java:437)
	at org.testng.SuiteRunner.privateRun(SuiteRunner.java:397)
	at org.testng.SuiteRunner.run(SuiteRunner.java:336)
	at org.testng.SuiteRunnerWorker.runSuite(SuiteRunnerWorker.java:52)
	at org.testng.SuiteRunnerWorker.run(SuiteRunnerWorker.java:95)
	at org.testng.TestNG.runSuitesSequentially(TestNG.java:1280)
	at org.testng.TestNG.runSuitesLocally(TestNG.java:1200)
	at org.testng.TestNG.runSuites(TestNG.java:1114)
	at org.testng.TestNG.run(TestNG.java:1082)
	at org.apache.maven.surefire.testng.TestNGExecutor.run(TestNGExecutor.java:308)
	at org.apache.maven.surefire.testng.TestNGXmlTestSuite.execute(TestNGXmlTestSuite.java:71)
	at org.apache.maven.surefire.testng.TestNGProvider.invoke(TestNGProvider.java:113)
	at org.apache.maven.surefire.booter.ForkedBooter.runSuitesInProcess(ForkedBooter.java:385)
	at org.apache.maven.surefire.booter.ForkedBooter.execute(ForkedBooter.java:162)
	at org.apache.maven.surefire.booter.ForkedBooter.run(ForkedBooter.java:507)
	at org.apache.maven.surefire.booter.ForkedBooter.main(ForkedBooter.java:495)
</textarea>
          
        </td>
      </tr>
      <tr class="event-row">
        <td><span class="badge log skip-bg">Skip</span></td>
        <td>12:53:29 PM</td>
        <td>
          verifyCheckoutFunctionality got skipped
        </td>
      </tr>
      <tr class="event-row">
        <td><span class="badge log info-bg">Info</span></td>
        <td>12:53:31 PM</td>
        <td>
          <b>Opened login page.</b>
    <div class="row mb-3"><div class="col-md-3">
    

<img data-featherlight='F:\WorkSpace\SwagLabs-Ecommerce\Screenshots\25-53-2024 12-53-31 PM.png' src="F:\WorkSpace\SwagLabs-Ecommerce\Screenshots\25-53-2024 12-53-31 PM.png">
  
    

    </div></div>
        </td>
      </tr>
      <tr class="event-row">
        <td><span class="badge log info-bg">Info</span></td>
        <td>12:53:44 PM</td>
        <td>
          <b>Opened inventory page.</b>
    <div class="row mb-3"><div class="col-md-3">
    

<img data-featherlight='F:\WorkSpace\SwagLabs-Ecommerce\Screenshots\25-53-2024 12-53-44 PM.png' src="F:\WorkSpace\SwagLabs-Ecommerce\Screenshots\25-53-2024 12-53-44 PM.png">
  
    

    </div></div>
        </td>
      </tr>
      <tr class="event-row">
        <td><span class="badge log info-bg">Info</span></td>
        <td>12:53:50 PM</td>
        <td>
          <b>Opened Cart page.</b>
    <div class="row mb-3"><div class="col-md-3">
    

<img data-featherlight='F:\WorkSpace\SwagLabs-Ecommerce\Screenshots\25-53-2024 12-53-50 PM.png' src="F:\WorkSpace\SwagLabs-Ecommerce\Screenshots\25-53-2024 12-53-50 PM.png">
  
    

    </div></div>
        </td>
      </tr>
      <tr class="event-row">
        <td><span class="badge log info-bg">Info</span></td>
        <td>12:53:52 PM</td>
        <td>
          <b>Opened checkout details page.</b>
    <div class="row mb-3"><div class="col-md-3">
    

<img data-featherlight='F:\WorkSpace\SwagLabs-Ecommerce\Screenshots\25-53-2024 12-53-52 PM.png' src="F:\WorkSpace\SwagLabs-Ecommerce\Screenshots\25-53-2024 12-53-52 PM.png">
  
    

    </div></div>
        </td>
      </tr>
      <tr class="event-row">
        <td><span class="badge log info-bg">Info</span></td>
        <td>12:53:55 PM</td>
        <td>
          <b>Opened Checkout overview page.</b>
    <div class="row mb-3"><div class="col-md-3">
    

<img data-featherlight='F:\WorkSpace\SwagLabs-Ecommerce\Screenshots\25-53-2024 12-53-54 PM.png' src="F:\WorkSpace\SwagLabs-Ecommerce\Screenshots\25-53-2024 12-53-54 PM.png">
  
    

    </div></div>
        </td>
      </tr>
  </tbody>
</table>
</div>
  <div class="mt-4">  <div class="accordion" role="tablist">
      <div class="card">
        <div class="card-header">
          <div class="card-toolbar node-info">
            <ul class="list-inline d-none d-sm-block">
              <li><span class="badge pass-bg log ">Pass</span></li>
              <li><span class='badge badge-default'>30:00:000</span></li>
              <li></li>
            </ul>
          </div>
          <div class="card-title">
            <a class="node " id="40"><span>verifyCheckoutFunctionality</span></a>
            <div class="node-attr">
<span class="badge badge-pill badge-default">KrushnaPatare.</span>            </div>
          </div>
        </div>
      </div>
  </div>
</div>
          </div>
        </li>
        <li class="test-item"  status="fail" test-id="41"
          author="KrushnaPatare."
          tag=""
          device="">
          <div class="test-detail">
            <p class="name">testCase.SwagLabs6CheckoutOverviewPageTest - 1. verifyUserCanOrderSuccessfully</p>
            <p class="text-sm">
              <span>12:53:55 PM</span> / <span>00:00:10:627</span>
              <span class="badge fail-bg log float-right">Fail</span>
            </p>
          </div>
          <div class="test-contents d-none">
<div class="detail-head">
<div class="p-v-10">
<div class="info">
<h5 class="test-status text-fail">testCase.SwagLabs6CheckoutOverviewPageTest - 1. verifyUserCanOrderSuccessfully</h5>
<span class='badge badge-success'>10.25.2024 12:53:55 PM</span>
<span class='badge badge-danger'>10.25.2024 12:54:05 PM</span>
<span class='badge badge-default'>00:00:10:627</span>
&middot; <span class='uri-anchor badge badge-default'>#test-id=41</span>
<span title='Skip to the next failed step' class='badge badge-danger pointer float-right ne ml-1'><i class="fa fa-fast-forward"></i></span>
<span title='Collapse all nodes' class='badge badge-default pointer float-right ct ml-1'><i class="fa fa-compress"></i></span>
<span title='Expand all nodes' class='badge badge-default pointer float-right et'><i class="fa fa-expand"></i></span>
</div>
<div class="m-t-15"><span class="badge badge-pill badge-default">KrushnaPatare.</span></div>
</div>
</div>    <div class="row mb-3"><div class="col-md-3">
    

<img data-featherlight='F:\WorkSpace\SwagLabs-Ecommerce\Screenshots\25-53-2024 12-53-57 PM.png' src="F:\WorkSpace\SwagLabs-Ecommerce\Screenshots\25-53-2024 12-53-57 PM.png">
  
    

    </div></div>
<div class="detail-body mt-4">
<table class="table table-sm">
  <thead><tr><th class="status-col">Status</th><th class="timestamp-col">Timestamp</th><th class="details-col">Details</th></tr></thead>
  <tbody>
      <tr class="event-row">
        <td><span class="badge log info-bg">Info</span></td>
        <td>12:53:55 PM</td>
        <td>
          verifyUserCanOrderSuccessfully started executing.
        </td>
      </tr>
      <tr class="event-row">
        <td><span class="badge log info-bg">Info</span></td>
        <td>12:53:57 PM</td>
        <td>
          <b>Opened inventory page.</b>
    <div class="row mb-3"><div class="col-md-3">
    

<img data-featherlight='F:\WorkSpace\SwagLabs-Ecommerce\Screenshots\25-53-2024 12-53-57 PM.png' src="F:\WorkSpace\SwagLabs-Ecommerce\Screenshots\25-53-2024 12-53-57 PM.png">
  
    

    </div></div>
        </td>
      </tr>
      <tr class="event-row">
        <td><span class="badge log info-bg">Info</span></td>
        <td>12:53:57 PM</td>
        <td>
          <textarea readonly class="code-block">java.lang.AssertionError: Url should not match. expected [https://www.saucedemo.com/] but found [https://www.saucedemo.com/checkout-complete.html]
	at org.testng.Assert.fail(Assert.java:111)
	at org.testng.Assert.failNotEquals(Assert.java:1578)
	at org.testng.Assert.assertEqualsImpl(Assert.java:150)
	at org.testng.Assert.assertEquals(Assert.java:132)
	at org.testng.Assert.assertEquals(Assert.java:656)
	at testCase.SwagLabs6CheckoutOverviewPageTest.verifyUserCanOrderSuccessfully(SwagLabs6CheckoutOverviewPageTest.java:73)
	at java.base/jdk.internal.reflect.NativeMethodAccessorImpl.invoke0(Native Method)
	at java.base/jdk.internal.reflect.NativeMethodAccessorImpl.invoke(NativeMethodAccessorImpl.java:77)
	at java.base/jdk.internal.reflect.DelegatingMethodAccessorImpl.invoke(DelegatingMethodAccessorImpl.java:43)
	at java.base/java.lang.reflect.Method.invoke(Method.java:568)
	at org.testng.internal.invokers.MethodInvocationHelper.invokeMethod(MethodInvocationHelper.java:139)
	at org.testng.internal.invokers.TestInvoker.invokeMethod(TestInvoker.java:664)
	at org.testng.internal.invokers.TestInvoker.invokeTestMethod(TestInvoker.java:227)
	at org.testng.internal.invokers.MethodRunner.runInSequence(MethodRunner.java:50)
	at org.testng.internal.invokers.TestInvoker$MethodInvocationAgent.invoke(TestInvoker.java:957)
	at org.testng.internal.invokers.TestInvoker.invokeTestMethods(TestInvoker.java:200)
	at org.testng.internal.invokers.TestMethodWorker.invokeTestMethods(TestMethodWorker.java:148)
	at org.testng.internal.invokers.TestMethodWorker.run(TestMethodWorker.java:128)
	at java.base/java.util.ArrayList.forEach(ArrayList.java:1511)
	at org.testng.TestRunner.privateRun(TestRunner.java:848)
	at org.testng.TestRunner.run(TestRunner.java:621)
	at org.testng.SuiteRunner.runTest(SuiteRunner.java:443)
	at org.testng.SuiteRunner.runSequentially(SuiteRunner.java:437)
	at org.testng.SuiteRunner.privateRun(SuiteRunner.java:397)
	at org.testng.SuiteRunner.run(SuiteRunner.java:336)
	at org.testng.SuiteRunnerWorker.runSuite(SuiteRunnerWorker.java:52)
	at org.testng.SuiteRunnerWorker.run(SuiteRunnerWorker.java:95)
	at org.testng.TestNG.runSuitesSequentially(TestNG.java:1280)
	at org.testng.TestNG.runSuitesLocally(TestNG.java:1200)
	at org.testng.TestNG.runSuites(TestNG.java:1114)
	at org.testng.TestNG.run(TestNG.java:1082)
	at org.apache.maven.surefire.testng.TestNGExecutor.run(TestNGExecutor.java:308)
	at org.apache.maven.surefire.testng.TestNGXmlTestSuite.execute(TestNGXmlTestSuite.java:71)
	at org.apache.maven.surefire.testng.TestNGProvider.invoke(TestNGProvider.java:113)
	at org.apache.maven.surefire.booter.ForkedBooter.runSuitesInProcess(ForkedBooter.java:385)
	at org.apache.maven.surefire.booter.ForkedBooter.execute(ForkedBooter.java:162)
	at org.apache.maven.surefire.booter.ForkedBooter.run(ForkedBooter.java:507)
	at org.apache.maven.surefire.booter.ForkedBooter.main(ForkedBooter.java:495)
</textarea>
          
        </td>
      </tr>
      <tr class="event-row">
        <td><span class="badge log fail-bg">Fail</span></td>
        <td>12:53:57 PM</td>
        <td>
          verifyUserCanOrderSuccessfully got failed
        </td>
      </tr>
      <tr class="event-row">
        <td><span class="badge log info-bg">Info</span></td>
        <td>12:54:05 PM</td>
        <td>
          <b>Lougout successfully.</b>
    <div class="row mb-3"><div class="col-md-3">
    

<img data-featherlight='F:\WorkSpace\SwagLabs-Ecommerce\Screenshots\25-54-2024 12-54-05 PM.png' src="F:\WorkSpace\SwagLabs-Ecommerce\Screenshots\25-54-2024 12-54-05 PM.png">
  
    

    </div></div>
        </td>
      </tr>
  </tbody>
</table>
</div>
  <div class="mt-4">  <div class="accordion" role="tablist">
      <div class="card">
        <div class="card-header">
          <div class="card-toolbar node-info">
            <ul class="list-inline d-none d-sm-block">
              <li><span class="badge pass-bg log ">Pass</span></li>
              <li><span class='badge badge-default'>30:00:000</span></li>
              <li></li>
            </ul>
          </div>
          <div class="card-title">
            <a class="node " id="42"><span>verifyUserCanOrderSuccessfully</span></a>
            <div class="node-attr">
<span class="badge badge-pill badge-default">KrushnaPatare.</span>            </div>
          </div>
        </div>
      </div>
  </div>
</div>
          </div>
        </li>
        <li class="test-item"  status="skip" test-id="43"
          author="KrushnaPatare."
          tag=""
          device="">
          <div class="test-detail">
            <p class="name">testCase.SwagLabs6CheckoutOverviewPageTest - 2. verifyCheckoutProcessCancellation</p>
            <p class="text-sm">
              <span>12:54:09 PM</span> / <span>00:00:00:002</span>
              <span class="badge skip-bg log float-right">Skip</span>
            </p>
          </div>
          <div class="test-contents d-none">
<div class="detail-head">
<div class="p-v-10">
<div class="info">
<h5 class="test-status text-skip">testCase.SwagLabs6CheckoutOverviewPageTest - 2. verifyCheckoutProcessCancellation</h5>
<span class='badge badge-success'>10.25.2024 12:54:09 PM</span>
<span class='badge badge-danger'>10.25.2024 12:54:09 PM</span>
<span class='badge badge-default'>00:00:00:002</span>
&middot; <span class='uri-anchor badge badge-default'>#test-id=43</span>
<span title='Skip to the next failed step' class='badge badge-danger pointer float-right ne ml-1'><i class="fa fa-fast-forward"></i></span>
<span title='Collapse all nodes' class='badge badge-default pointer float-right ct ml-1'><i class="fa fa-compress"></i></span>
<span title='Expand all nodes' class='badge badge-default pointer float-right et'><i class="fa fa-expand"></i></span>
</div>
<div class="m-t-15"><span class="badge badge-pill badge-default">KrushnaPatare.</span></div>
</div>
</div><div class="detail-body mt-4">
<table class="table table-sm">
  <thead><tr><th class="status-col">Status</th><th class="timestamp-col">Timestamp</th><th class="details-col">Details</th></tr></thead>
  <tbody>
      <tr class="event-row">
        <td><span class="badge log info-bg">Info</span></td>
        <td>12:54:09 PM</td>
        <td>
          verifyCheckoutProcessCancellation started executing.
        </td>
      </tr>
      <tr class="event-row">
        <td><span class="badge log info-bg">Info</span></td>
        <td>12:54:09 PM</td>
        <td>
          <textarea readonly class="code-block">org.openqa.selenium.NoSuchSessionException: Session ID is null. Using WebDriver after calling quit()?
Build info: version: '4.23.0', revision: '4df0a231af'
System info: os.name: 'Windows 10', os.arch: 'amd64', os.version: '10.0', java.version: '17.0.7'
Driver info: org.openqa.selenium.chrome.ChromeDriver
Command: [null, screenshot {}]
Capabilities {acceptInsecureCerts: false, browserName: chrome, browserVersion: 130.0.6723.59, chrome: {chromedriverVersion: 130.0.6723.69 (3ec172b971b9..., userDataDir: C:\Users\Admin\AppData\Loca...}, fedcm:accounts: true, goog:chromeOptions: {debuggerAddress: localhost:49584}, networkConnectionEnabled: false, pageLoadStrategy: normal, platformName: windows, proxy: Proxy(), se:cdp: ws://localhost:49584/devtoo..., se:cdpVersion: 130.0.6723.59, setWindowRect: true, strictFileInteractability: false, timeouts: {implicit: 0, pageLoad: 300000, script: 30000}, unhandledPromptBehavior: dismiss and notify, webauthn:extension:credBlob: true, webauthn:extension:largeBlob: true, webauthn:extension:minPinLength: true, webauthn:extension:prf: true, webauthn:virtualAuthenticators: true}
	at org.openqa.selenium.remote.HttpCommandExecutor.execute(HttpCommandExecutor.java:151)
	at org.openqa.selenium.remote.service.DriverCommandExecutor.invokeExecute(DriverCommandExecutor.java:216)
	at org.openqa.selenium.remote.service.DriverCommandExecutor.execute(DriverCommandExecutor.java:174)
	at org.openqa.selenium.remote.RemoteWebDriver.execute(RemoteWebDriver.java:527)
	at org.openqa.selenium.remote.RemoteWebDriver.execute(RemoteWebDriver.java:600)
	at org.openqa.selenium.remote.RemoteWebDriver.execute(RemoteWebDriver.java:604)
	at org.openqa.selenium.remote.RemoteWebDriver.getScreenshotAs(RemoteWebDriver.java:323)
	at com.swagLabs.utilities.Screenshot.generateScreenshot(Screenshot.java:27)
	at com.swagLabs.utilities.Screenshot.takeScreenshotAndLog(Screenshot.java:40)
	at testCase.SwagLabs6CheckoutOverviewPageTest.setUp(SwagLabs6CheckoutOverviewPageTest.java:26)
	at java.base/jdk.internal.reflect.NativeMethodAccessorImpl.invoke0(Native Method)
	at java.base/jdk.internal.reflect.NativeMethodAccessorImpl.invoke(NativeMethodAccessorImpl.java:77)
	at java.base/jdk.internal.reflect.DelegatingMethodAccessorImpl.invoke(DelegatingMethodAccessorImpl.java:43)
	at java.base/java.lang.reflect.Method.invoke(Method.java:568)
	at org.testng.internal.invokers.MethodInvocationHelper.invokeMethod(MethodInvocationHelper.java:139)
	at org.testng.internal.invokers.MethodInvocationHelper.invokeMethodConsideringTimeout(MethodInvocationHelper.java:69)
	at org.testng.internal.invokers.ConfigInvoker.invokeConfigurationMethod(ConfigInvoker.java:390)
	at org.testng.internal.invokers.ConfigInvoker.invokeConfigurations(ConfigInvoker.java:325)
	at org.testng.internal.invokers.TestInvoker.runConfigMethods(TestInvoker.java:810)
	at org.testng.internal.invokers.TestInvoker.invokeMethod(TestInvoker.java:577)
	at org.testng.internal.invokers.TestInvoker.invokeTestMethod(TestInvoker.java:227)
	at org.testng.internal.invokers.MethodRunner.runInSequence(MethodRunner.java:50)
	at org.testng.internal.invokers.TestInvoker$MethodInvocationAgent.invoke(TestInvoker.java:957)
	at org.testng.internal.invokers.TestInvoker.invokeTestMethods(TestInvoker.java:200)
	at org.testng.internal.invokers.TestMethodWorker.invokeTestMethods(TestMethodWorker.java:148)
	at org.testng.internal.invokers.TestMethodWorker.run(TestMethodWorker.java:128)
	at java.base/java.util.ArrayList.forEach(ArrayList.java:1511)
	at org.testng.TestRunner.privateRun(TestRunner.java:848)
	at org.testng.TestRunner.run(TestRunner.java:621)
	at org.testng.SuiteRunner.runTest(SuiteRunner.java:443)
	at org.testng.SuiteRunner.runSequentially(SuiteRunner.java:437)
	at org.testng.SuiteRunner.privateRun(SuiteRunner.java:397)
	at org.testng.SuiteRunner.run(SuiteRunner.java:336)
	at org.testng.SuiteRunnerWorker.runSuite(SuiteRunnerWorker.java:52)
	at org.testng.SuiteRunnerWorker.run(SuiteRunnerWorker.java:95)
	at org.testng.TestNG.runSuitesSequentially(TestNG.java:1280)
	at org.testng.TestNG.runSuitesLocally(TestNG.java:1200)
	at org.testng.TestNG.runSuites(TestNG.java:1114)
	at org.testng.TestNG.run(TestNG.java:1082)
	at org.apache.maven.surefire.testng.TestNGExecutor.run(TestNGExecutor.java:308)
	at org.apache.maven.surefire.testng.TestNGXmlTestSuite.execute(TestNGXmlTestSuite.java:71)
	at org.apache.maven.surefire.testng.TestNGProvider.invoke(TestNGProvider.java:113)
	at org.apache.maven.surefire.booter.ForkedBooter.runSuitesInProcess(ForkedBooter.java:385)
	at org.apache.maven.surefire.booter.ForkedBooter.execute(ForkedBooter.java:162)
	at org.apache.maven.surefire.booter.ForkedBooter.run(ForkedBooter.java:507)
	at org.apache.maven.surefire.booter.ForkedBooter.main(ForkedBooter.java:495)
</textarea>
          
        </td>
      </tr>
      <tr class="event-row">
        <td><span class="badge log skip-bg">Skip</span></td>
        <td>12:54:09 PM</td>
        <td>
          verifyCheckoutProcessCancellation got skipped
        </td>
      </tr>
  </tbody>
</table>
</div>
  <div class="mt-4">  <div class="accordion" role="tablist">
      <div class="card">
        <div class="card-header">
          <div class="card-toolbar node-info">
            <ul class="list-inline d-none d-sm-block">
              <li><span class="badge pass-bg log ">Pass</span></li>
              <li><span class='badge badge-default'>30:00:000</span></li>
              <li></li>
            </ul>
          </div>
          <div class="card-title">
            <a class="node " id="44"><span>verifyCheckoutProcessCancellation</span></a>
            <div class="node-attr">
<span class="badge badge-pill badge-default">KrushnaPatare.</span>            </div>
          </div>
        </div>
      </div>
  </div>
</div>
          </div>
        </li>
        <li class="test-item"  status="skip" test-id="45"
          author="KrushnaPatare."
          tag=""
          device="">
          <div class="test-detail">
            <p class="name">testCase.SwagLabs7CheckoutCompletepageTest - 1. verifyOrderConformationMessageDisplayed</p>
            <p class="text-sm">
              <span>12:54:11 PM</span> / <span>00:00:00:002</span>
              <span class="badge skip-bg log float-right">Skip</span>
            </p>
          </div>
          <div class="test-contents d-none">
<div class="detail-head">
<div class="p-v-10">
<div class="info">
<h5 class="test-status text-skip">testCase.SwagLabs7CheckoutCompletepageTest - 1. verifyOrderConformationMessageDisplayed</h5>
<span class='badge badge-success'>10.25.2024 12:54:11 PM</span>
<span class='badge badge-danger'>10.25.2024 12:54:11 PM</span>
<span class='badge badge-default'>00:00:00:002</span>
&middot; <span class='uri-anchor badge badge-default'>#test-id=45</span>
<span title='Skip to the next failed step' class='badge badge-danger pointer float-right ne ml-1'><i class="fa fa-fast-forward"></i></span>
<span title='Collapse all nodes' class='badge badge-default pointer float-right ct ml-1'><i class="fa fa-compress"></i></span>
<span title='Expand all nodes' class='badge badge-default pointer float-right et'><i class="fa fa-expand"></i></span>
</div>
<div class="m-t-15"><span class="badge badge-pill badge-default">KrushnaPatare.</span></div>
</div>
</div><div class="detail-body mt-4">
<table class="table table-sm">
  <thead><tr><th class="status-col">Status</th><th class="timestamp-col">Timestamp</th><th class="details-col">Details</th></tr></thead>
  <tbody>
      <tr class="event-row">
        <td><span class="badge log info-bg">Info</span></td>
        <td>12:54:11 PM</td>
        <td>
          verifyOrderConformationMessageDisplayed started executing.
        </td>
      </tr>
      <tr class="event-row">
        <td><span class="badge log info-bg">Info</span></td>
        <td>12:54:11 PM</td>
        <td>
          <textarea readonly class="code-block">org.openqa.selenium.NoSuchSessionException: Session ID is null. Using WebDriver after calling quit()?
Build info: version: '4.23.0', revision: '4df0a231af'
System info: os.name: 'Windows 10', os.arch: 'amd64', os.version: '10.0', java.version: '17.0.7'
Driver info: org.openqa.selenium.chrome.ChromeDriver
Command: [null, screenshot {}]
Capabilities {acceptInsecureCerts: false, browserName: chrome, browserVersion: 130.0.6723.59, chrome: {chromedriverVersion: 130.0.6723.69 (3ec172b971b9..., userDataDir: C:\Users\Admin\AppData\Loca...}, fedcm:accounts: true, goog:chromeOptions: {debuggerAddress: localhost:49584}, networkConnectionEnabled: false, pageLoadStrategy: normal, platformName: windows, proxy: Proxy(), se:cdp: ws://localhost:49584/devtoo..., se:cdpVersion: 130.0.6723.59, setWindowRect: true, strictFileInteractability: false, timeouts: {implicit: 0, pageLoad: 300000, script: 30000}, unhandledPromptBehavior: dismiss and notify, webauthn:extension:credBlob: true, webauthn:extension:largeBlob: true, webauthn:extension:minPinLength: true, webauthn:extension:prf: true, webauthn:virtualAuthenticators: true}
	at org.openqa.selenium.remote.HttpCommandExecutor.execute(HttpCommandExecutor.java:151)
	at org.openqa.selenium.remote.service.DriverCommandExecutor.invokeExecute(DriverCommandExecutor.java:216)
	at org.openqa.selenium.remote.service.DriverCommandExecutor.execute(DriverCommandExecutor.java:174)
	at org.openqa.selenium.remote.RemoteWebDriver.execute(RemoteWebDriver.java:527)
	at org.openqa.selenium.remote.RemoteWebDriver.execute(RemoteWebDriver.java:600)
	at org.openqa.selenium.remote.RemoteWebDriver.execute(RemoteWebDriver.java:604)
	at org.openqa.selenium.remote.RemoteWebDriver.getScreenshotAs(RemoteWebDriver.java:323)
	at com.swagLabs.utilities.Screenshot.generateScreenshot(Screenshot.java:27)
	at com.swagLabs.utilities.Screenshot.takeScreenshotAndLog(Screenshot.java:40)
	at testCase.SwagLabs7CheckoutCompletepageTest.setUp(SwagLabs7CheckoutCompletepageTest.java:26)
	at java.base/jdk.internal.reflect.NativeMethodAccessorImpl.invoke0(Native Method)
	at java.base/jdk.internal.reflect.NativeMethodAccessorImpl.invoke(NativeMethodAccessorImpl.java:77)
	at java.base/jdk.internal.reflect.DelegatingMethodAccessorImpl.invoke(DelegatingMethodAccessorImpl.java:43)
	at java.base/java.lang.reflect.Method.invoke(Method.java:568)
	at org.testng.internal.invokers.MethodInvocationHelper.invokeMethod(MethodInvocationHelper.java:139)
	at org.testng.internal.invokers.MethodInvocationHelper.invokeMethodConsideringTimeout(MethodInvocationHelper.java:69)
	at org.testng.internal.invokers.ConfigInvoker.invokeConfigurationMethod(ConfigInvoker.java:390)
	at org.testng.internal.invokers.ConfigInvoker.invokeConfigurations(ConfigInvoker.java:325)
	at org.testng.internal.invokers.TestInvoker.runConfigMethods(TestInvoker.java:810)
	at org.testng.internal.invokers.TestInvoker.invokeMethod(TestInvoker.java:577)
	at org.testng.internal.invokers.TestInvoker.invokeTestMethod(TestInvoker.java:227)
	at org.testng.internal.invokers.MethodRunner.runInSequence(MethodRunner.java:50)
	at org.testng.internal.invokers.TestInvoker$MethodInvocationAgent.invoke(TestInvoker.java:957)
	at org.testng.internal.invokers.TestInvoker.invokeTestMethods(TestInvoker.java:200)
	at org.testng.internal.invokers.TestMethodWorker.invokeTestMethods(TestMethodWorker.java:148)
	at org.testng.internal.invokers.TestMethodWorker.run(TestMethodWorker.java:128)
	at java.base/java.util.ArrayList.forEach(ArrayList.java:1511)
	at org.testng.TestRunner.privateRun(TestRunner.java:848)
	at org.testng.TestRunner.run(TestRunner.java:621)
	at org.testng.SuiteRunner.runTest(SuiteRunner.java:443)
	at org.testng.SuiteRunner.runSequentially(SuiteRunner.java:437)
	at org.testng.SuiteRunner.privateRun(SuiteRunner.java:397)
	at org.testng.SuiteRunner.run(SuiteRunner.java:336)
	at org.testng.SuiteRunnerWorker.runSuite(SuiteRunnerWorker.java:52)
	at org.testng.SuiteRunnerWorker.run(SuiteRunnerWorker.java:95)
	at org.testng.TestNG.runSuitesSequentially(TestNG.java:1280)
	at org.testng.TestNG.runSuitesLocally(TestNG.java:1200)
	at org.testng.TestNG.runSuites(TestNG.java:1114)
	at org.testng.TestNG.run(TestNG.java:1082)
	at org.apache.maven.surefire.testng.TestNGExecutor.run(TestNGExecutor.java:308)
	at org.apache.maven.surefire.testng.TestNGXmlTestSuite.execute(TestNGXmlTestSuite.java:71)
	at org.apache.maven.surefire.testng.TestNGProvider.invoke(TestNGProvider.java:113)
	at org.apache.maven.surefire.booter.ForkedBooter.runSuitesInProcess(ForkedBooter.java:385)
	at org.apache.maven.surefire.booter.ForkedBooter.execute(ForkedBooter.java:162)
	at org.apache.maven.surefire.booter.ForkedBooter.run(ForkedBooter.java:507)
	at org.apache.maven.surefire.booter.ForkedBooter.main(ForkedBooter.java:495)
</textarea>
          
        </td>
      </tr>
      <tr class="event-row">
        <td><span class="badge log skip-bg">Skip</span></td>
        <td>12:54:11 PM</td>
        <td>
          verifyOrderConformationMessageDisplayed got skipped
        </td>
      </tr>
  </tbody>
</table>
</div>
  <div class="mt-4">  <div class="accordion" role="tablist">
      <div class="card">
        <div class="card-header">
          <div class="card-toolbar node-info">
            <ul class="list-inline d-none d-sm-block">
              <li><span class="badge pass-bg log ">Pass</span></li>
              <li><span class='badge badge-default'>30:00:000</span></li>
              <li></li>
            </ul>
          </div>
          <div class="card-title">
            <a class="node " id="46"><span>verifyOrderConformationMessageDisplayed</span></a>
            <div class="node-attr">
<span class="badge badge-pill badge-default">KrushnaPatare.</span>            </div>
          </div>
        </div>
      </div>
  </div>
</div>
          </div>
        </li>
        <li class="test-item"  status="skip" test-id="47"
          author="KrushnaPatare."
          tag=""
          device="">
          <div class="test-detail">
            <p class="name">testCase.SwagLabs7CheckoutCompletepageTest - 2. openCheckoutComplete_BackToHomeButton_RedirectedToProductpage</p>
            <p class="text-sm">
              <span>12:54:11 PM</span> / <span>00:00:00:006</span>
              <span class="badge skip-bg log float-right">Skip</span>
            </p>
          </div>
          <div class="test-contents d-none">
<div class="detail-head">
<div class="p-v-10">
<div class="info">
<h5 class="test-status text-skip">testCase.SwagLabs7CheckoutCompletepageTest - 2. openCheckoutComplete_BackToHomeButton_RedirectedToProductpage</h5>
<span class='badge badge-success'>10.25.2024 12:54:11 PM</span>
<span class='badge badge-danger'>10.25.2024 12:54:11 PM</span>
<span class='badge badge-default'>00:00:00:006</span>
&middot; <span class='uri-anchor badge badge-default'>#test-id=47</span>
<span title='Skip to the next failed step' class='badge badge-danger pointer float-right ne ml-1'><i class="fa fa-fast-forward"></i></span>
<span title='Collapse all nodes' class='badge badge-default pointer float-right ct ml-1'><i class="fa fa-compress"></i></span>
<span title='Expand all nodes' class='badge badge-default pointer float-right et'><i class="fa fa-expand"></i></span>
</div>
<div class="m-t-15"><span class="badge badge-pill badge-default">KrushnaPatare.</span></div>
</div>
</div><div class="detail-body mt-4">
<table class="table table-sm">
  <thead><tr><th class="status-col">Status</th><th class="timestamp-col">Timestamp</th><th class="details-col">Details</th></tr></thead>
  <tbody>
      <tr class="event-row">
        <td><span class="badge log info-bg">Info</span></td>
        <td>12:54:11 PM</td>
        <td>
          openCheckoutComplete_BackToHomeButton_RedirectedToProductpage started executing.
        </td>
      </tr>
      <tr class="event-row">
        <td><span class="badge log info-bg">Info</span></td>
        <td>12:54:11 PM</td>
        <td>
          <textarea readonly class="code-block">org.openqa.selenium.NoSuchSessionException: Session ID is null. Using WebDriver after calling quit()?
Build info: version: '4.23.0', revision: '4df0a231af'
System info: os.name: 'Windows 10', os.arch: 'amd64', os.version: '10.0', java.version: '17.0.7'
Driver info: org.openqa.selenium.chrome.ChromeDriver
Command: [null, screenshot {}]
Capabilities {acceptInsecureCerts: false, browserName: chrome, browserVersion: 130.0.6723.59, chrome: {chromedriverVersion: 130.0.6723.69 (3ec172b971b9..., userDataDir: C:\Users\Admin\AppData\Loca...}, fedcm:accounts: true, goog:chromeOptions: {debuggerAddress: localhost:49584}, networkConnectionEnabled: false, pageLoadStrategy: normal, platformName: windows, proxy: Proxy(), se:cdp: ws://localhost:49584/devtoo..., se:cdpVersion: 130.0.6723.59, setWindowRect: true, strictFileInteractability: false, timeouts: {implicit: 0, pageLoad: 300000, script: 30000}, unhandledPromptBehavior: dismiss and notify, webauthn:extension:credBlob: true, webauthn:extension:largeBlob: true, webauthn:extension:minPinLength: true, webauthn:extension:prf: true, webauthn:virtualAuthenticators: true}
	at org.openqa.selenium.remote.HttpCommandExecutor.execute(HttpCommandExecutor.java:151)
	at org.openqa.selenium.remote.service.DriverCommandExecutor.invokeExecute(DriverCommandExecutor.java:216)
	at org.openqa.selenium.remote.service.DriverCommandExecutor.execute(DriverCommandExecutor.java:174)
	at org.openqa.selenium.remote.RemoteWebDriver.execute(RemoteWebDriver.java:527)
	at org.openqa.selenium.remote.RemoteWebDriver.execute(RemoteWebDriver.java:600)
	at org.openqa.selenium.remote.RemoteWebDriver.execute(RemoteWebDriver.java:604)
	at org.openqa.selenium.remote.RemoteWebDriver.getScreenshotAs(RemoteWebDriver.java:323)
	at com.swagLabs.utilities.Screenshot.generateScreenshot(Screenshot.java:27)
	at com.swagLabs.utilities.Screenshot.takeScreenshotAndLog(Screenshot.java:40)
	at testCase.SwagLabs7CheckoutCompletepageTest.setUp(SwagLabs7CheckoutCompletepageTest.java:26)
	at java.base/jdk.internal.reflect.NativeMethodAccessorImpl.invoke0(Native Method)
	at java.base/jdk.internal.reflect.NativeMethodAccessorImpl.invoke(NativeMethodAccessorImpl.java:77)
	at java.base/jdk.internal.reflect.DelegatingMethodAccessorImpl.invoke(DelegatingMethodAccessorImpl.java:43)
	at java.base/java.lang.reflect.Method.invoke(Method.java:568)
	at org.testng.internal.invokers.MethodInvocationHelper.invokeMethod(MethodInvocationHelper.java:139)
	at org.testng.internal.invokers.MethodInvocationHelper.invokeMethodConsideringTimeout(MethodInvocationHelper.java:69)
	at org.testng.internal.invokers.ConfigInvoker.invokeConfigurationMethod(ConfigInvoker.java:390)
	at org.testng.internal.invokers.ConfigInvoker.invokeConfigurations(ConfigInvoker.java:325)
	at org.testng.internal.invokers.TestInvoker.runConfigMethods(TestInvoker.java:810)
	at org.testng.internal.invokers.TestInvoker.invokeMethod(TestInvoker.java:577)
	at org.testng.internal.invokers.TestInvoker.invokeTestMethod(TestInvoker.java:227)
	at org.testng.internal.invokers.MethodRunner.runInSequence(MethodRunner.java:50)
	at org.testng.internal.invokers.TestInvoker$MethodInvocationAgent.invoke(TestInvoker.java:957)
	at org.testng.internal.invokers.TestInvoker.invokeTestMethods(TestInvoker.java:200)
	at org.testng.internal.invokers.TestMethodWorker.invokeTestMethods(TestMethodWorker.java:148)
	at org.testng.internal.invokers.TestMethodWorker.run(TestMethodWorker.java:128)
	at java.base/java.util.ArrayList.forEach(ArrayList.java:1511)
	at org.testng.TestRunner.privateRun(TestRunner.java:848)
	at org.testng.TestRunner.run(TestRunner.java:621)
	at org.testng.SuiteRunner.runTest(SuiteRunner.java:443)
	at org.testng.SuiteRunner.runSequentially(SuiteRunner.java:437)
	at org.testng.SuiteRunner.privateRun(SuiteRunner.java:397)
	at org.testng.SuiteRunner.run(SuiteRunner.java:336)
	at org.testng.SuiteRunnerWorker.runSuite(SuiteRunnerWorker.java:52)
	at org.testng.SuiteRunnerWorker.run(SuiteRunnerWorker.java:95)
	at org.testng.TestNG.runSuitesSequentially(TestNG.java:1280)
	at org.testng.TestNG.runSuitesLocally(TestNG.java:1200)
	at org.testng.TestNG.runSuites(TestNG.java:1114)
	at org.testng.TestNG.run(TestNG.java:1082)
	at org.apache.maven.surefire.testng.TestNGExecutor.run(TestNGExecutor.java:308)
	at org.apache.maven.surefire.testng.TestNGXmlTestSuite.execute(TestNGXmlTestSuite.java:71)
	at org.apache.maven.surefire.testng.TestNGProvider.invoke(TestNGProvider.java:113)
	at org.apache.maven.surefire.booter.ForkedBooter.runSuitesInProcess(ForkedBooter.java:385)
	at org.apache.maven.surefire.booter.ForkedBooter.execute(ForkedBooter.java:162)
	at org.apache.maven.surefire.booter.ForkedBooter.run(ForkedBooter.java:507)
	at org.apache.maven.surefire.booter.ForkedBooter.main(ForkedBooter.java:495)
</textarea>
          
        </td>
      </tr>
      <tr class="event-row">
        <td><span class="badge log skip-bg">Skip</span></td>
        <td>12:54:11 PM</td>
        <td>
          openCheckoutComplete_BackToHomeButton_RedirectedToProductpage got skipped
        </td>
      </tr>
  </tbody>
</table>
</div>
  <div class="mt-4">  <div class="accordion" role="tablist">
      <div class="card">
        <div class="card-header">
          <div class="card-toolbar node-info">
            <ul class="list-inline d-none d-sm-block">
              <li><span class="badge pass-bg log ">Pass</span></li>
              <li><span class='badge badge-default'>30:00:001</span></li>
              <li></li>
            </ul>
          </div>
          <div class="card-title">
            <a class="node " id="48"><span>openCheckoutComplete_BackToHomeButton_RedirectedToProductpage</span></a>
            <div class="node-attr">
<span class="badge badge-pill badge-default">KrushnaPatare.</span>            </div>
          </div>
        </div>
      </div>
  </div>
</div>
          </div>
        </li>
      </ul>
    </div>
  </div>
<div class="test-content scrollable">
<div class="test-content-tools">
<ul><li><a class="back-to-test" href="#"><i class="fa fa-arrow-left"></i></a></li></ul>
</div>
<div class="test-content-detail"><div class="detail-body"></div></div>
</div></div>
<div class="test-wrapper row view exception-view attributes-view">
<div class="test-list">
<div class="test-list-tools">
<ul class="tools pull-left"><li><a href=""><span class="font-size-14">Exception</span></a></li></ul>
<ul class="tools text-right"><li><a href="#"><span class="badge badge-primary">4</span></a></li></ul>
</div>
<div class="test-list-wrapper scrollable">
<ul class="test-list-item">
<li class="test-item">
<div class="test-detail">
<span class="meta">
<span class='badge log badge-skip'>9</span>
</span>
<p class="name">java.lang.NullPointerException</p>
<p class="duration text-sm">9 tests</p>
</div>
<div class="test-contents d-none">
<div class="info">
<h4>java.lang.NullPointerException</h4>
<span status="skip" class='badge log badge-skip'>9 skipped</span>
</div>
<table class='table table-sm mt-4'>
<thead>
<tr>
<th class="status-col">Status</th>
<th class="timestamp-col">Timestamp</th>
<th>TestName</th>
</tr>
</thead>
<tbody>
<tr class="tag-test-status" status="skip">
<td><span class="badge log skip-bg">Skip</span></td>
<td>12:51:51 PM</td>
<td>
<a href="#" class="linked" test-id='1' id='1'>testCase.SwagLabs1LoginPageTest - 1. checkLoginFunctionality</a>
</td>
</tr>
<tr class="tag-test-status" status="skip">
<td><span class="badge log skip-bg">Skip</span></td>
<td>12:51:51 PM</td>
<td>
<a href="#" class="linked" test-id='3' id='3'>testCase.SwagLabs1LoginPageTest - 1. checkLoginFunctionality</a>
</td>
</tr>
<tr class="tag-test-status" status="skip">
<td><span class="badge log skip-bg">Skip</span></td>
<td>12:51:51 PM</td>
<td>
<a href="#" class="linked" test-id='5' id='5'>testCase.SwagLabs1LoginPageTest - 1. checkLoginFunctionality</a>
</td>
</tr>
<tr class="tag-test-status" status="skip">
<td><span class="badge log skip-bg">Skip</span></td>
<td>12:51:51 PM</td>
<td>
<a href="#" class="linked" test-id='7' id='7'>testCase.SwagLabs1LoginPageTest - 1. checkLoginFunctionality</a>
</td>
</tr>
<tr class="tag-test-status" status="skip">
<td><span class="badge log skip-bg">Skip</span></td>
<td>12:51:51 PM</td>
<td>
<a href="#" class="linked" test-id='9' id='9'>testCase.SwagLabs1LoginPageTest - 1. checkLoginFunctionality</a>
</td>
</tr>
<tr class="tag-test-status" status="skip">
<td><span class="badge log skip-bg">Skip</span></td>
<td>12:51:51 PM</td>
<td>
<a href="#" class="linked" test-id='11' id='11'>testCase.SwagLabs1LoginPageTest - 1. checkLoginFunctionality</a>
</td>
</tr>
<tr class="tag-test-status" status="skip">
<td><span class="badge log skip-bg">Skip</span></td>
<td>12:51:56 PM</td>
<td>
<a href="#" class="linked" test-id='13' id='13'>testCase.SwagLabs2InventoryPageTest - 1. verifySortFunctionality</a>
</td>
</tr>
<tr class="tag-test-status" status="skip">
<td><span class="badge log skip-bg">Skip</span></td>
<td>12:51:56 PM</td>
<td>
<a href="#" class="linked" test-id='15' id='15'>testCase.SwagLabs2InventoryPageTest - 2. verifyUserIsAbleToNavigateToSocialMediaSites</a>
</td>
</tr>
<tr class="tag-test-status" status="skip">
<td><span class="badge log skip-bg">Skip</span></td>
<td>12:51:56 PM</td>
<td>
<a href="#" class="linked" test-id='17' id='17'>testCase.SwagLabs2InventoryPageTest - 3. verifyUserCanAddItemToCart</a>
</td>
</tr>
</tbody>
</table>
</div>
</li>
<li class="test-item">
<div class="test-detail">
<span class="meta">
<span class='badge log badge-skip'>5</span>
</span>
<p class="name">org.openqa.selenium.NoSuchSessionException</p>
<p class="duration text-sm">5 tests</p>
</div>
<div class="test-contents d-none">
<div class="info">
<h4>org.openqa.selenium.NoSuchSessionException</h4>
<span status="skip" class='badge log badge-skip'>5 skipped</span>
</div>
<table class='table table-sm mt-4'>
<thead>
<tr>
<th class="status-col">Status</th>
<th class="timestamp-col">Timestamp</th>
<th>TestName</th>
</tr>
</thead>
<tbody>
<tr class="tag-test-status" status="skip">
<td><span class="badge log skip-bg">Skip</span></td>
<td>12:52:28 PM</td>
<td>
<a href="#" class="linked" test-id='21' id='21'>testCase.SwagLabs3ProductPageTest - 2. verifyUserCanRemoveProductFromCart</a>
</td>
</tr>
<tr class="tag-test-status" status="skip">
<td><span class="badge log skip-bg">Skip</span></td>
<td>12:53:09 PM</td>
<td>
<a href="#" class="linked" test-id='25' id='25'>testCase.SwagLabs4CartPageTest - 2. navigateToHomepageAndAddItems</a>
</td>
</tr>
<tr class="tag-test-status" status="skip">
<td><span class="badge log skip-bg">Skip</span></td>
<td>12:54:09 PM</td>
<td>
<a href="#" class="linked" test-id='43' id='43'>testCase.SwagLabs6CheckoutOverviewPageTest - 2. verifyCheckoutProcessCancellation</a>
</td>
</tr>
<tr class="tag-test-status" status="skip">
<td><span class="badge log skip-bg">Skip</span></td>
<td>12:54:11 PM</td>
<td>
<a href="#" class="linked" test-id='45' id='45'>testCase.SwagLabs7CheckoutCompletepageTest - 1. verifyOrderConformationMessageDisplayed</a>
</td>
</tr>
<tr class="tag-test-status" status="skip">
<td><span class="badge log skip-bg">Skip</span></td>
<td>12:54:11 PM</td>
<td>
<a href="#" class="linked" test-id='47' id='47'>testCase.SwagLabs7CheckoutCompletepageTest - 2. openCheckoutComplete_BackToHomeButton_RedirectedToProductpage</a>
</td>
</tr>
</tbody>
</table>
</div>
</li>
<li class="test-item">
<div class="test-detail">
<span class="meta">
<span class='badge log badge-danger'>2</span>
</span>
<p class="name">java.lang.AssertionError</p>
<p class="duration text-sm">2 tests</p>
</div>
<div class="test-contents d-none">
<div class="info">
<h4>java.lang.AssertionError</h4>
<span status="fail" class='badge log badge-danger'>2 failed</span>
</div>
<table class='table table-sm mt-4'>
<thead>
<tr>
<th class="status-col">Status</th>
<th class="timestamp-col">Timestamp</th>
<th>TestName</th>
</tr>
</thead>
<tbody>
<tr class="tag-test-status" status="fail">
<td><span class="badge log fail-bg">Fail</span></td>
<td>12:52:47 PM</td>
<td>
<a href="#" class="linked" test-id='23' id='23'>testCase.SwagLabs4CartPageTest - 1. verifyNavigationToCheckoutPage</a>
</td>
</tr>
<tr class="tag-test-status" status="fail">
<td><span class="badge log fail-bg">Fail</span></td>
<td>12:53:55 PM</td>
<td>
<a href="#" class="linked" test-id='41' id='41'>testCase.SwagLabs6CheckoutOverviewPageTest - 1. verifyUserCanOrderSuccessfully</a>
</td>
</tr>
</tbody>
</table>
</div>
</li>
<li class="test-item">
<div class="test-detail">
<span class="meta">
<span class='badge log badge-danger'>1</span>
<span class='badge log badge-skip'>7</span>
</span>
<p class="name">org.openqa.selenium.NoSuchElementException</p>
<p class="duration text-sm">8 tests</p>
</div>
<div class="test-contents d-none">
<div class="info">
<h4>org.openqa.selenium.NoSuchElementException</h4>
<span status="fail" class='badge log badge-danger'>1 failed</span>
<span status="skip" class='badge log badge-skip'>7 skipped</span>
</div>
<table class='table table-sm mt-4'>
<thead>
<tr>
<th class="status-col">Status</th>
<th class="timestamp-col">Timestamp</th>
<th>TestName</th>
</tr>
</thead>
<tbody>
<tr class="tag-test-status" status="fail">
<td><span class="badge log fail-bg">Fail</span></td>
<td>12:52:03 PM</td>
<td>
<a href="#" class="linked" test-id='19' id='19'>testCase.SwagLabs3ProductPageTest - 1. verifyUserCanAddProductToCart</a>
</td>
</tr>
<tr class="tag-test-status" status="skip">
<td><span class="badge log skip-bg">Skip</span></td>
<td>12:53:27 PM</td>
<td>
<a href="#" class="linked" test-id='27' id='27'>testCase.SwagLabs5CheckoutPageTest - 1. verifyCancelCheckoutFunctionality</a>
</td>
</tr>
<tr class="tag-test-status" status="skip">
<td><span class="badge log skip-bg">Skip</span></td>
<td>12:53:29 PM</td>
<td>
<a href="#" class="linked" test-id='29' id='29'>testCase.SwagLabs5CheckoutPageTest - 2. verifyCheckoutFunctionality</a>
</td>
</tr>
<tr class="tag-test-status" status="skip">
<td><span class="badge log skip-bg">Skip</span></td>
<td>12:53:29 PM</td>
<td>
<a href="#" class="linked" test-id='31' id='31'>testCase.SwagLabs5CheckoutPageTest - 2. verifyCheckoutFunctionality</a>
</td>
</tr>
<tr class="tag-test-status" status="skip">
<td><span class="badge log skip-bg">Skip</span></td>
<td>12:53:29 PM</td>
<td>
<a href="#" class="linked" test-id='33' id='33'>testCase.SwagLabs5CheckoutPageTest - 2. verifyCheckoutFunctionality</a>
</td>
</tr>
<tr class="tag-test-status" status="skip">
<td><span class="badge log skip-bg">Skip</span></td>
<td>12:53:29 PM</td>
<td>
<a href="#" class="linked" test-id='35' id='35'>testCase.SwagLabs5CheckoutPageTest - 2. verifyCheckoutFunctionality</a>
</td>
</tr>
<tr class="tag-test-status" status="skip">
<td><span class="badge log skip-bg">Skip</span></td>
<td>12:53:29 PM</td>
<td>
<a href="#" class="linked" test-id='37' id='37'>testCase.SwagLabs5CheckoutPageTest - 2. verifyCheckoutFunctionality</a>
</td>
</tr>
<tr class="tag-test-status" status="skip">
<td><span class="badge log skip-bg">Skip</span></td>
<td>12:53:29 PM</td>
<td>
<a href="#" class="linked" test-id='39' id='39'>testCase.SwagLabs5CheckoutPageTest - 2. verifyCheckoutFunctionality</a>
</td>
</tr>
</tbody>
</table>
</div>
</li>
</ul>
</div>
</div>
<div class="test-content scrollable">
<div class="test-content-detail">
<div class="detail-body"></div>
</div>
</div>
</div><div class="test-wrapper row view author-view attributes-view">
<div class="test-list">
<div class="test-list-tools">
<ul class="tools pull-left"><li><a href=""><span class="font-size-14">Author</span></a></li></ul>
<ul class="tools text-right"><li><a href="#"><span class="badge badge-primary">1</span></a></li></ul>
</div>
<div class="test-list-wrapper scrollable">
<ul class="test-list-item">
<li class="test-item">
<div class="test-detail">
<span class="meta">
<span class='badge log badge-danger'>3</span>
<span class='badge log badge-skip'>21</span>
</span>
<p class="name">KrushnaPatare.</p>
<p class="duration text-sm">24 tests</p>
</div>
<div class="test-contents d-none">
<div class="info">
<h4>KrushnaPatare.</h4>
<span status="fail" class='badge log badge-danger'>3 failed</span>
<span status="skip" class='badge log badge-skip'>21 skipped</span>
</div>
<table class='table table-sm mt-4'>
<thead>
<tr>
<th class="status-col">Status</th>
<th class="timestamp-col">Timestamp</th>
<th>TestName</th>
</tr>
</thead>
<tbody>
<tr class="tag-test-status" status="skip">
<td><span class="badge log skip-bg">Skip</span></td>
<td>12:51:51 PM</td>
<td>
<a href="#" class="linked" test-id='1' id='1'>testCase.SwagLabs1LoginPageTest - 1. checkLoginFunctionality</a>
</td>
</tr>
<tr class="tag-test-status" status="skip">
<td><span class="badge log skip-bg">Skip</span></td>
<td>12:51:51 PM</td>
<td>
<a href="#" class="linked" test-id='3' id='3'>testCase.SwagLabs1LoginPageTest - 1. checkLoginFunctionality</a>
</td>
</tr>
<tr class="tag-test-status" status="skip">
<td><span class="badge log skip-bg">Skip</span></td>
<td>12:51:51 PM</td>
<td>
<a href="#" class="linked" test-id='5' id='5'>testCase.SwagLabs1LoginPageTest - 1. checkLoginFunctionality</a>
</td>
</tr>
<tr class="tag-test-status" status="skip">
<td><span class="badge log skip-bg">Skip</span></td>
<td>12:51:51 PM</td>
<td>
<a href="#" class="linked" test-id='7' id='7'>testCase.SwagLabs1LoginPageTest - 1. checkLoginFunctionality</a>
</td>
</tr>
<tr class="tag-test-status" status="skip">
<td><span class="badge log skip-bg">Skip</span></td>
<td>12:51:51 PM</td>
<td>
<a href="#" class="linked" test-id='9' id='9'>testCase.SwagLabs1LoginPageTest - 1. checkLoginFunctionality</a>
</td>
</tr>
<tr class="tag-test-status" status="skip">
<td><span class="badge log skip-bg">Skip</span></td>
<td>12:51:51 PM</td>
<td>
<a href="#" class="linked" test-id='11' id='11'>testCase.SwagLabs1LoginPageTest - 1. checkLoginFunctionality</a>
</td>
</tr>
<tr class="tag-test-status" status="skip">
<td><span class="badge log skip-bg">Skip</span></td>
<td>12:51:56 PM</td>
<td>
<a href="#" class="linked" test-id='13' id='13'>testCase.SwagLabs2InventoryPageTest - 1. verifySortFunctionality</a>
</td>
</tr>
<tr class="tag-test-status" status="skip">
<td><span class="badge log skip-bg">Skip</span></td>
<td>12:51:56 PM</td>
<td>
<a href="#" class="linked" test-id='15' id='15'>testCase.SwagLabs2InventoryPageTest - 2. verifyUserIsAbleToNavigateToSocialMediaSites</a>
</td>
</tr>
<tr class="tag-test-status" status="skip">
<td><span class="badge log skip-bg">Skip</span></td>
<td>12:51:56 PM</td>
<td>
<a href="#" class="linked" test-id='17' id='17'>testCase.SwagLabs2InventoryPageTest - 3. verifyUserCanAddItemToCart</a>
</td>
</tr>
<tr class="tag-test-status" status="fail">
<td><span class="badge log fail-bg">Fail</span></td>
<td>12:52:03 PM</td>
<td>
<a href="#" class="linked" test-id='19' id='19'>testCase.SwagLabs3ProductPageTest - 1. verifyUserCanAddProductToCart</a>
</td>
</tr>
<tr class="tag-test-status" status="skip">
<td><span class="badge log skip-bg">Skip</span></td>
<td>12:52:28 PM</td>
<td>
<a href="#" class="linked" test-id='21' id='21'>testCase.SwagLabs3ProductPageTest - 2. verifyUserCanRemoveProductFromCart</a>
</td>
</tr>
<tr class="tag-test-status" status="fail">
<td><span class="badge log fail-bg">Fail</span></td>
<td>12:52:47 PM</td>
<td>
<a href="#" class="linked" test-id='23' id='23'>testCase.SwagLabs4CartPageTest - 1. verifyNavigationToCheckoutPage</a>
</td>
</tr>
<tr class="tag-test-status" status="skip">
<td><span class="badge log skip-bg">Skip</span></td>
<td>12:53:09 PM</td>
<td>
<a href="#" class="linked" test-id='25' id='25'>testCase.SwagLabs4CartPageTest - 2. navigateToHomepageAndAddItems</a>
</td>
</tr>
<tr class="tag-test-status" status="skip">
<td><span class="badge log skip-bg">Skip</span></td>
<td>12:53:27 PM</td>
<td>
<a href="#" class="linked" test-id='27' id='27'>testCase.SwagLabs5CheckoutPageTest - 1. verifyCancelCheckoutFunctionality</a>
</td>
</tr>
<tr class="tag-test-status" status="skip">
<td><span class="badge log skip-bg">Skip</span></td>
<td>12:53:29 PM</td>
<td>
<a href="#" class="linked" test-id='29' id='29'>testCase.SwagLabs5CheckoutPageTest - 2. verifyCheckoutFunctionality</a>
</td>
</tr>
<tr class="tag-test-status" status="skip">
<td><span class="badge log skip-bg">Skip</span></td>
<td>12:53:29 PM</td>
<td>
<a href="#" class="linked" test-id='31' id='31'>testCase.SwagLabs5CheckoutPageTest - 2. verifyCheckoutFunctionality</a>
</td>
</tr>
<tr class="tag-test-status" status="skip">
<td><span class="badge log skip-bg">Skip</span></td>
<td>12:53:29 PM</td>
<td>
<a href="#" class="linked" test-id='33' id='33'>testCase.SwagLabs5CheckoutPageTest - 2. verifyCheckoutFunctionality</a>
</td>
</tr>
<tr class="tag-test-status" status="skip">
<td><span class="badge log skip-bg">Skip</span></td>
<td>12:53:29 PM</td>
<td>
<a href="#" class="linked" test-id='35' id='35'>testCase.SwagLabs5CheckoutPageTest - 2. verifyCheckoutFunctionality</a>
</td>
</tr>
<tr class="tag-test-status" status="skip">
<td><span class="badge log skip-bg">Skip</span></td>
<td>12:53:29 PM</td>
<td>
<a href="#" class="linked" test-id='37' id='37'>testCase.SwagLabs5CheckoutPageTest - 2. verifyCheckoutFunctionality</a>
</td>
</tr>
<tr class="tag-test-status" status="skip">
<td><span class="badge log skip-bg">Skip</span></td>
<td>12:53:29 PM</td>
<td>
<a href="#" class="linked" test-id='39' id='39'>testCase.SwagLabs5CheckoutPageTest - 2. verifyCheckoutFunctionality</a>
</td>
</tr>
<tr class="tag-test-status" status="fail">
<td><span class="badge log fail-bg">Fail</span></td>
<td>12:53:55 PM</td>
<td>
<a href="#" class="linked" test-id='41' id='41'>testCase.SwagLabs6CheckoutOverviewPageTest - 1. verifyUserCanOrderSuccessfully</a>
</td>
</tr>
<tr class="tag-test-status" status="skip">
<td><span class="badge log skip-bg">Skip</span></td>
<td>12:54:09 PM</td>
<td>
<a href="#" class="linked" test-id='43' id='43'>testCase.SwagLabs6CheckoutOverviewPageTest - 2. verifyCheckoutProcessCancellation</a>
</td>
</tr>
<tr class="tag-test-status" status="skip">
<td><span class="badge log skip-bg">Skip</span></td>
<td>12:54:11 PM</td>
<td>
<a href="#" class="linked" test-id='45' id='45'>testCase.SwagLabs7CheckoutCompletepageTest - 1. verifyOrderConformationMessageDisplayed</a>
</td>
</tr>
<tr class="tag-test-status" status="skip">
<td><span class="badge log skip-bg">Skip</span></td>
<td>12:54:11 PM</td>
<td>
<a href="#" class="linked" test-id='47' id='47'>testCase.SwagLabs7CheckoutCompletepageTest - 2. openCheckoutComplete_BackToHomeButton_RedirectedToProductpage</a>
</td>
</tr>
</tbody>
</table>
</div>
</li>
</ul>
</div>
</div>
<div class="test-content scrollable">
<div class="test-content-detail">
<div class="detail-body"></div>
</div>
</div>
</div><div class="container-fluid p-4 view dashboard-view">
<div class="row">
<div class="col-md-3">
<div class="card"><div class="card-body">
<p class="m-b-0">Started</p>
<h3>25/10/2024 12:51:46 PM</h3>
</div></div>
</div>
<div class="col-md-3">
<div class="card"><div class="card-body">
<p class="m-b-0">Ended</p>
<h3>25/10/2024 12:54:11 PM</h3>
</div></div>
</div>
<div class="col-md-3">
<div class="card"><div class="card-body">
<p class="m-b-0 text-pass">Tests Passed</p>
<h3>0</h3>
</div></div>
</div>
<div class="col-md-3">
<div class="card"><div class="card-body">
<p class="m-b-0 text-fail">Tests Failed</p>
<h3>3</h3>
</div></div>
</div>
</div>
<div class="row">
<div class="col-md-4">
<div class="card">
<div class="card-header">
<h6 class="card-title">Tests</h6>
</div>
<div class="card-body">
<div class="">
<canvas id='parent-analysis' width='115' height='90'></canvas>
</div>
</div>
<div class="card-footer">
<div><small data-tooltip='0%'>
<b>0</b> tests passed
</small>
</div>
<div>
<small data-tooltip='12%'><b>3</b> tests failed,
<b>21</b> skipped, <b data-tooltip='0%'>0</b> others
</small>
</div>
</div>
</div>
</div>
<div class="col-md-4">
<div class="card">
<div class="card-header">
<h6 class="card-title">Steps</h6>
</div>
<div class="card-body">
<div class="">
<canvas id='child-analysis' width='115' height='90'></canvas>
</div>
</div>
<div class="card-footer">
<div><small data-tooltip='100%'><b>24</b> steps passed</small></div>
<div>
<small data-tooltip='0%'><b>0</b> steps failed,
<b>0</b> skipped, <b data-tooltip='%'>0</b> others
</small>
</div>
</div>
</div>
</div>
<div class="col-md-4">
<div class="card">
<div class="card-header">
<h6 class="card-title">Log events</h6>
</div>
<div class="card-body">
<div class="">
<canvas id='events-analysis' width='115' height='90'></canvas>
</div>
</div>
<div class="card-footer">
<div><small data-tooltip='0%'><b>0</b> events passed</small></div>
<div>
<small data-tooltip='3%'><b>3</b> events failed,
<b data-tooltip='%'>85</b> others
</small>
</div>
</div>
</div>
</div>
</div>
<div class="row"><div class="col-md-12">
<div class="card"><div class="card-header"><p>Timeline</p></div>
<div class="card-body pt-0"><div>
<canvas id="timeline" height="120"></canvas>
</div></div>
</div>
</div></div>
<script>
var timeline = {
"testCase.SwagLabs1LoginPageTest - 1. checkLoginFunctionality":0.015,"testCase.SwagLabs1LoginPageTest - 1. checkLoginFunctionality":0.009,"testCase.SwagLabs1LoginPageTest - 1. checkLoginFunctionality":0.005,"testCase.SwagLabs1LoginPageTest - 1. checkLoginFunctionality":0.004,"testCase.SwagLabs1LoginPageTest - 1. checkLoginFunctionality":0.01,"testCase.SwagLabs1LoginPageTest - 1. checkLoginFunctionality":0.003,"testCase.SwagLabs2InventoryPageTest - 1. verifySortFunctionality":0.006,"testCase.SwagLabs2InventoryPageTest - 2. verifyUserIsAbleToNavigateToSocialMediaSites":0.005,"testCase.SwagLabs2InventoryPageTest - 3. verifyUserCanAddItemToCart":0.002,"testCase.SwagLabs3ProductPageTest - 1. verifyUserCanAddProductToCart":17.968,"testCase.SwagLabs3ProductPageTest - 2. verifyUserCanRemoveProductFromCart":16.109,"testCase.SwagLabs4CartPageTest - 1. verifyNavigationToCheckoutPage":12.736,"testCase.SwagLabs4CartPageTest - 2. navigateToHomepageAndAddItems":13.273,"testCase.SwagLabs5CheckoutPageTest - 1. verifyCancelCheckoutFunctionality":0.005,"testCase.SwagLabs5CheckoutPageTest - 2. verifyCheckoutFunctionality":0.004,"testCase.SwagLabs5CheckoutPageTest - 2. verifyCheckoutFunctionality":0.007,"testCase.SwagLabs5CheckoutPageTest - 2. verifyCheckoutFunctionality":0.009,"testCase.SwagLabs5CheckoutPageTest - 2. verifyCheckoutFunctionality":0.007,"testCase.SwagLabs5CheckoutPageTest - 2. verifyCheckoutFunctionality":0.012,"testCase.SwagLabs5CheckoutPageTest - 2. verifyCheckoutFunctionality":25.578,"testCase.SwagLabs6CheckoutOverviewPageTest - 1. verifyUserCanOrderSuccessfully":10.627,"testCase.SwagLabs6CheckoutOverviewPageTest - 2. verifyCheckoutProcessCancellation":0.002,"testCase.SwagLabs7CheckoutCompletepageTest - 1. verifyOrderConformationMessageDisplayed":0.002,"testCase.SwagLabs7CheckoutCompletepageTest - 2. openCheckoutComplete_BackToHomeButton_RedirectedToProductpage":0.006
};
</script>
<div class="row">
<div class="col-lg-6 col-md-12 author-container">
<div class="card">
<div class="card-header"><p>Author</p></div>
<div class="card-body pb-0 pt-0"><table class="table table-sm table-bordered">
<thead><tr class="bg-gray"><th>Name</th><th>Passed</th><th>Failed</th><th>Skipped</th><th>Others</th><th>Passed %</th></tr></thead>
<tbody>
<tr>
<td>KrushnaPatare.</td>
<td>0</td>
<td>3</td>
<td>21</td>
<td>0</td>
<td>0%</td>
</tr>
</tbody>
</table></div>
</div>
</div>
<div class="col-lg-6 col-md-12 sysenv-container">
<div class="card">
<div class="card-header"><p>System/Environment</p></div>
<div class="card-body pb-0 pt-0"><table class="table table-sm table-bordered">
<thead><tr class="bg-gray"><th>Name</th><th>Value</th></tr></thead>
<tbody>
<tr>
<td>Application URL</td>
<td>https://www.saucedemo.com</td>
</tr>
<tr>
<td>Browser Name</td>
<td>set this from config.properties</td>
</tr>
<tr>
<td>Username</td>
<td>Admin</td>
</tr>
<tr>
<td>Operating System</td>
<td>Windows 10</td>
</tr>
<tr>
<td>OS Version</td>
<td>10.0</td>
</tr>
<tr>
<td>OS Architecture</td>
<td>amd64</td>
</tr>
<tr>
<td>Java Version</td>
<td>17.0.7</td>
</tr>
</tbody>
</table></div>
</div>
</div>
</div>
</div>
<script>
var statusGroup = {
parentCount: 5,
passParent: 0,
failParent: 3,
warningParent: 0,
skipParent: 21,
childCount: 5,
passChild: 24,
failChild: 0,
warningChild: 0,
skipChild: 0,
infoChild: 0,
grandChildCount: 5,
passGrandChild: 0,
failGrandChild: 0,
warningGrandChild: 0,
skipGrandChild: 0,
infoGrandChild: 0,
eventsCount: 5,
passEvents: 0,
failEvents: 3,
warningEvents: 0,
skipEvents: 21,
infoEvents: 64
};
</script>        </div>
      </div>
    </div>
  </div>
<script src="https://cdn.jsdelivr.net/gh/extent-framework/extent-github-cdn@c05cd28cde1617b9d0c05a831daff6cb97fd9fd5/spark/js/spark-script.js"></script>
<script type="text/javascript"></script></body>
</html>