<!DOCTYPE html PUBLIC "-//W3C//DTD XHTML 1.1//EN" "https://www.w3.org/TR/xhtml11/DTD/xhtml11.dtd">
<html xmlns="https://www.w3.org/1999/xhtml">
<head>
<meta http-equiv="content-type" content="text/html; charset=UTF-8"/>
<title>TestNG Report</title>
<style type="text/css">table {margin-bottom:10px;border-collapse:collapse;empty-cells:show}th,td {border:1px solid #009;padding:.25em .5em}th {vertical-align:bottom}td {vertical-align:top}table a {font-weight:bold}.stripe td {background-color: #E6EBF9}.num {text-align:right}.passedodd td {background-color: #3F3}.passedeven td {background-color: #0A0}.skippedodd td {background-color: #DDD}.skippedeven td {background-color: #CCC}.failedodd td,.attn {background-color: #F33}.failedeven td,.stripe .attn {background-color: #D00}.stacktrace {white-space:pre;font-family:monospace}.totop {font-size:85%;text-align:center;border-bottom:2px solid #000}.invisible {display:none}</style>
</head>
<body>
<table>
<tr><th>Test</th><th># Passed</th><th># Skipped</th><th># Retried</th><th># Failed</th><th>Time (ms)</th><th>Included Groups</th><th>Excluded Groups</th></tr>
<tr><th colspan="8">Suite</th></tr>
<tr><td><a href="#t0">Test</a></td><td class="num">19</td><td class="num">0</td><td class="num">0</td><td class="num attn">5</td><td class="num">620,687</td><td></td><td></td></tr>
</table>
<table id='summary'><thead><tr><th>Class</th><th>Method</th><th>Start</th><th>Time (ms)</th></tr></thead><tbody><tr><th colspan="4">Suite</th></tr></tbody><tbody id="t0"><tr><th colspan="4">Test &#8212; failed</th></tr><tr class="failedeven"><td rowspan="1">testCase.SwagLabs2InventoryPageTest</td><td><a href="#m0">verifyUserCanAddItemToCart</a></td><td rowspan="1">1729848200046</td><td rowspan="1">27479</td></tr><tr class="failedodd"><td rowspan="1">testCase.SwagLabs3ProductPageTest</td><td><a href="#m1">verifyUserCanRemoveProductFromCart</a></td><td rowspan="1">1729848259168</td><td rowspan="1">18294</td></tr><tr class="failedeven"><td rowspan="3">testCase.SwagLabs5CheckoutPageTest</td><td><a href="#m2">verifyCheckoutFunctionality</a></td><td rowspan="3">1729848430153</td><td rowspan="3">2913</td></tr><tr class="failedeven"><td><a href="#m3">verifyCheckoutFunctionality</a></td></tr><tr class="failedeven"><td><a href="#m4">verifyCheckoutFunctionality</a></td></tr><tr><th colspan="4">Test &#8212; passed</th></tr><tr class="passedeven"><td rowspan="6">testCase.SwagLabs1LoginPageTest</td><td><a href="#m5">checkLoginFunctionality</a></td><td rowspan="6">1729847953430</td><td rowspan="6">13571</td></tr><tr class="passedeven"><td><a href="#m6">checkLoginFunctionality</a></td></tr><tr class="passedeven"><td><a href="#m7">checkLoginFunctionality</a></td></tr><tr class="passedeven"><td><a href="#m8">checkLoginFunctionality</a></td></tr><tr class="passedeven"><td><a href="#m9">checkLoginFunctionality</a></td></tr><tr class="passedeven"><td><a href="#m10">checkLoginFunctionality</a></td></tr><tr class="passedodd"><td rowspan="2">testCase.SwagLabs2InventoryPageTest</td><td><a href="#m11">verifySortFunctionality</a></td><td rowspan="1">1729848092559</td><td rowspan="1">29733</td></tr><tr class="passedodd"><td><a href="#m12">verifyUserIsAbleToNavigateToSocialMediaSites</a></td><td rowspan="1">1729848135732</td><td rowspan="1">50511</td></tr><tr class="passedeven"><td rowspan="1">testCase.SwagLabs3ProductPageTest</td><td><a href="#m13">verifyUserCanAddProductToCart</a></td><td rowspan="1">1729848241287</td><td rowspan="1">4636</td></tr><tr class="passedodd"><td rowspan="2">testCase.SwagLabs4CartPageTest</td><td><a href="#m14">navigateToHomepageAndAddItems</a></td><td rowspan="1">1729848319807</td><td rowspan="1">7657</td></tr><tr class="passedodd"><td><a href="#m15">verifyNavigationToCheckoutPage</a></td><td rowspan="1">1729848296915</td><td rowspan="1">4344</td></tr><tr class="passedeven"><td rowspan="4">testCase.SwagLabs5CheckoutPageTest</td><td><a href="#m16">verifyCancelCheckoutFunctionality</a></td><td rowspan="1">1729848344369</td><td rowspan="1">2212</td></tr><tr class="passedeven"><td><a href="#m17">verifyCheckoutFunctionality</a></td><td rowspan="3">1729848366167</td><td rowspan="3">3067</td></tr><tr class="passedeven"><td><a href="#m18">verifyCheckoutFunctionality</a></td></tr><tr class="passedeven"><td><a href="#m19">verifyCheckoutFunctionality</a></td></tr><tr class="passedodd"><td rowspan="2">testCase.SwagLabs6CheckoutOverviewPageTest</td><td><a href="#m20">verifyCheckoutProcessCancellation</a></td><td rowspan="1">1729848515735</td><td rowspan="1">2284</td></tr><tr class="passedodd"><td><a href="#m21">verifyUserCanOrderSuccessfully</a></td><td rowspan="1">1729848496426</td><td rowspan="1">2193</td></tr><tr class="passedeven"><td rowspan="2">testCase.SwagLabs7CheckoutCompletepageTest</td><td><a href="#m22">openCheckoutComplete_BackToHomeButton_RedirectedToProductpage</a></td><td rowspan="1">1729848553026</td><td rowspan="1">2353</td></tr><tr class="passedeven"><td><a href="#m23">verifyOrderConformationMessageDisplayed</a></td><td rowspan="1">1729848535384</td><td rowspan="1">160</td></tr></tbody>
</table>
<h2>Test</h2><h3 id="m0">testCase.SwagLabs2InventoryPageTest#verifyUserCanAddItemToCart</h3><table class="result"><tr><th>Exception</th></tr><tr><td><div class="stacktrace">java.lang.AssertionError: Both array length does not matches. expected [true] but found [false]
	at testCase.SwagLabs2InventoryPageTest.verifyUserCanAddItemToCart(SwagLabs2InventoryPageTest.java:126)
	at java.base/java.util.ArrayList.forEach(ArrayList.java:1511)
... Removed 34 stack frames</div></td></tr></table><p class="totop"><a href="#summary">back to summary</a></p>
<h3 id="m1">testCase.SwagLabs3ProductPageTest#verifyUserCanRemoveProductFromCart</h3><table class="result"><tr><th>Exception</th></tr><tr><td><div class="stacktrace">org.openqa.selenium.NoSuchElementException: no such element: Unable to locate element: {&quot;method&quot;:&quot;xpath&quot;,&quot;selector&quot;:&quot;//div[text()=&apos;Sauce Labs Backpack&apos;]&quot;}
  (Session info: chrome=130.0.6723.59)
For documentation on this error, please visit: https://www.selenium.dev/documentation/webdriver/troubleshooting/errors#no-such-element-exception
Build info: version: &apos;4.23.0&apos;, revision: &apos;4df0a231af&apos;
System info: os.name: &apos;Windows 10&apos;, os.arch: &apos;amd64&apos;, os.version: &apos;10.0&apos;, java.version: &apos;17.0.7&apos;
Driver info: org.openqa.selenium.chrome.ChromeDriver
Command: [37c4b637ff4e964457bde12b82cb2151, findElement {using=xpath, value=//div[text()=&apos;Sauce Labs Backpack&apos;]}]
Capabilities {acceptInsecureCerts: false, browserName: chrome, browserVersion: 130.0.6723.59, chrome: {chromedriverVersion: 130.0.6723.69 (3ec172b971b9..., userDataDir: C:\Users\Admin\AppData\Loca...}, fedcm:accounts: true, goog:chromeOptions: {debuggerAddress: localhost:57994}, networkConnectionEnabled: false, pageLoadStrategy: normal, platformName: windows, proxy: Proxy(), se:cdp: ws://localhost:57994/devtoo..., se:cdpVersion: 130.0.6723.59, setWindowRect: true, strictFileInteractability: false, timeouts: {implicit: 0, pageLoad: 300000, script: 30000}, unhandledPromptBehavior: dismiss and notify, webauthn:extension:credBlob: true, webauthn:extension:largeBlob: true, webauthn:extension:minPinLength: true, webauthn:extension:prf: true, webauthn:virtualAuthenticators: true}
Session ID: 37c4b637ff4e964457bde12b82cb2151
	at org.openqa.selenium.remote.ErrorCodec.decode(ErrorCodec.java:167)
	at org.openqa.selenium.remote.codec.w3c.W3CHttpResponseCodec.decode(W3CHttpResponseCodec.java:138)
	at org.openqa.selenium.remote.codec.w3c.W3CHttpResponseCodec.decode(W3CHttpResponseCodec.java:50)
	at org.openqa.selenium.remote.HttpCommandExecutor.execute(HttpCommandExecutor.java:190)
	at org.openqa.selenium.remote.service.DriverCommandExecutor.invokeExecute(DriverCommandExecutor.java:216)
	at org.openqa.selenium.remote.service.DriverCommandExecutor.execute(DriverCommandExecutor.java:174)
	at org.openqa.selenium.remote.RemoteWebDriver.execute(RemoteWebDriver.java:527)
	at org.openqa.selenium.remote.ElementLocation$ElementFinder$2.findElement(ElementLocation.java:165)
	at org.openqa.selenium.remote.ElementLocation.findElement(ElementLocation.java:59)
	at org.openqa.selenium.remote.RemoteWebDriver.findElement(RemoteWebDriver.java:357)
	at org.openqa.selenium.remote.RemoteWebDriver.findElement(RemoteWebDriver.java:351)
	at testCase.SwagLabs3ProductPageTest.verifyUserCanRemoveProductFromCart(SwagLabs3ProductPageTest.java:89)
	at java.base/java.util.ArrayList.forEach(ArrayList.java:1511)
... Removed 36 stack frames</div></td></tr></table><p class="totop"><a href="#summary">back to summary</a></p>
<h3 id="m2">testCase.SwagLabs5CheckoutPageTest#verifyCheckoutFunctionality</h3><table class="result"><tr class="param"><th>Parameter #1</th><th>Parameter #2</th><th>Parameter #3</th><th>Parameter #4</th></tr><tr class="param stripe"><td>Verify Login functionality using invalid data. (wrong username and wrong password.)</td><td>AAAA</td><td>AAAA</td><td>Fail</td></tr><tr><th colspan="4">Exception</th></tr><tr><td colspan="4"><div class="stacktrace">java.lang.AssertionError: Url should not match. did not expect [https://www.saucedemo.com/checkout-step-two.html] but found [https://www.saucedemo.com/checkout-step-two.html]
	at testCase.SwagLabs5CheckoutPageTest.verifyCheckoutFunctionality(SwagLabs5CheckoutPageTest.java:90)
	at java.base/java.util.ArrayList.forEach(ArrayList.java:1511)
... Removed 35 stack frames</div></td></tr></table><p class="totop"><a href="#summary">back to summary</a></p>
<h3 id="m3">testCase.SwagLabs5CheckoutPageTest#verifyCheckoutFunctionality</h3><table class="result"><tr class="param"><th>Parameter #1</th><th>Parameter #2</th><th>Parameter #3</th><th>Parameter #4</th></tr><tr class="param stripe"><td>Verify Login functionality using data. (wrong username and correct password.)</td><td>AAAA</td><td>secret_sauce</td><td>Fail</td></tr><tr><th colspan="4">Exception</th></tr><tr><td colspan="4"><div class="stacktrace">java.lang.AssertionError: Url should not match. did not expect [https://www.saucedemo.com/checkout-step-two.html] but found [https://www.saucedemo.com/checkout-step-two.html]
	at testCase.SwagLabs5CheckoutPageTest.verifyCheckoutFunctionality(SwagLabs5CheckoutPageTest.java:90)
	at java.base/java.util.ArrayList.forEach(ArrayList.java:1511)
... Removed 35 stack frames</div></td></tr></table><p class="totop"><a href="#summary">back to summary</a></p>
<h3 id="m4">testCase.SwagLabs5CheckoutPageTest#verifyCheckoutFunctionality</h3><table class="result"><tr class="param"><th>Parameter #1</th><th>Parameter #2</th><th>Parameter #3</th><th>Parameter #4</th></tr><tr class="param stripe"><td>Verify Login functionality using invalid data. (correct username and wrong password.)</td><td>standard_user</td><td>AAAA</td><td>Fail</td></tr><tr><th colspan="4">Exception</th></tr><tr><td colspan="4"><div class="stacktrace">java.lang.AssertionError: Url should not match. did not expect [https://www.saucedemo.com/checkout-step-two.html] but found [https://www.saucedemo.com/checkout-step-two.html]
	at testCase.SwagLabs5CheckoutPageTest.verifyCheckoutFunctionality(SwagLabs5CheckoutPageTest.java:90)
	at java.base/java.util.ArrayList.forEach(ArrayList.java:1511)
... Removed 35 stack frames</div></td></tr></table><p class="totop"><a href="#summary">back to summary</a></p>
<h3 id="m5">testCase.SwagLabs1LoginPageTest#checkLoginFunctionality</h3><table class="result"><tr class="param"><th>Parameter #1</th><th>Parameter #2</th><th>Parameter #3</th><th>Parameter #4</th></tr><tr class="param stripe"><td>Verify Login functionality using valid data. (correct username and correct password.)</td><td>standard_user</td><td>secret_sauce</td><td>Pass</td></tr></table><p class="totop"><a href="#summary">back to summary</a></p>
<h3 id="m6">testCase.SwagLabs1LoginPageTest#checkLoginFunctionality</h3><table class="result"><tr class="param"><th>Parameter #1</th><th>Parameter #2</th><th>Parameter #3</th><th>Parameter #4</th></tr><tr class="param stripe"><td>Verify Login functionality for username field is mandatory. (empty username and correct password.)</td><td></td><td>secret_sauce</td><td>Fail</td></tr></table><p class="totop"><a href="#summary">back to summary</a></p>
<h3 id="m7">testCase.SwagLabs1LoginPageTest#checkLoginFunctionality</h3><table class="result"><tr class="param"><th>Parameter #1</th><th>Parameter #2</th><th>Parameter #3</th><th>Parameter #4</th></tr><tr class="param stripe"><td>Verify Login functionality using data. (wrong username and correct password.)</td><td>AAAA</td><td>secret_sauce</td><td>Fail</td></tr></table><p class="totop"><a href="#summary">back to summary</a></p>
<h3 id="m8">testCase.SwagLabs1LoginPageTest#checkLoginFunctionality</h3><table class="result"><tr class="param"><th>Parameter #1</th><th>Parameter #2</th><th>Parameter #3</th><th>Parameter #4</th></tr><tr class="param stripe"><td>Verify Login functionality using invalid data. (correct username and wrong password.)</td><td>standard_user</td><td>AAAA</td><td>Fail</td></tr></table><p class="totop"><a href="#summary">back to summary</a></p>
<h3 id="m9">testCase.SwagLabs1LoginPageTest#checkLoginFunctionality</h3><table class="result"><tr class="param"><th>Parameter #1</th><th>Parameter #2</th><th>Parameter #3</th><th>Parameter #4</th></tr><tr class="param stripe"><td>Verify Login functionality for password field is mandatory. (empty username and correct password.)</td><td>standard_user</td><td></td><td>Fail</td></tr></table><p class="totop"><a href="#summary">back to summary</a></p>
<h3 id="m10">testCase.SwagLabs1LoginPageTest#checkLoginFunctionality</h3><table class="result"><tr class="param"><th>Parameter #1</th><th>Parameter #2</th><th>Parameter #3</th><th>Parameter #4</th></tr><tr class="param stripe"><td>Verify Login functionality using invalid data. (wrong username and wrong password.)</td><td>AAAA</td><td>AAAA</td><td>Fail</td></tr></table><p class="totop"><a href="#summary">back to summary</a></p>
<h3 id="m11">testCase.SwagLabs2InventoryPageTest#verifySortFunctionality</h3><table class="result"><tr><th class="invisible"/></tr></table><p class="totop"><a href="#summary">back to summary</a></p>
<h3 id="m12">testCase.SwagLabs2InventoryPageTest#verifyUserIsAbleToNavigateToSocialMediaSites</h3><table class="result"><tr><th class="invisible"/></tr></table><p class="totop"><a href="#summary">back to summary</a></p>
<h3 id="m13">testCase.SwagLabs3ProductPageTest#verifyUserCanAddProductToCart</h3><table class="result"><tr><th class="invisible"/></tr></table><p class="totop"><a href="#summary">back to summary</a></p>
<h3 id="m14">testCase.SwagLabs4CartPageTest#navigateToHomepageAndAddItems</h3><table class="result"><tr><th class="invisible"/></tr></table><p class="totop"><a href="#summary">back to summary</a></p>
<h3 id="m15">testCase.SwagLabs4CartPageTest#verifyNavigationToCheckoutPage</h3><table class="result"><tr><th class="invisible"/></tr></table><p class="totop"><a href="#summary">back to summary</a></p>
<h3 id="m16">testCase.SwagLabs5CheckoutPageTest#verifyCancelCheckoutFunctionality</h3><table class="result"><tr><th class="invisible"/></tr></table><p class="totop"><a href="#summary">back to summary</a></p>
<h3 id="m17">testCase.SwagLabs5CheckoutPageTest#verifyCheckoutFunctionality</h3><table class="result"><tr class="param"><th>Parameter #1</th><th>Parameter #2</th><th>Parameter #3</th><th>Parameter #4</th></tr><tr class="param stripe"><td>Verify Login functionality using valid data. (correct username and correct password.)</td><td>standard_user</td><td>secret_sauce</td><td>Pass</td></tr></table><p class="totop"><a href="#summary">back to summary</a></p>
<h3 id="m18">testCase.SwagLabs5CheckoutPageTest#verifyCheckoutFunctionality</h3><table class="result"><tr class="param"><th>Parameter #1</th><th>Parameter #2</th><th>Parameter #3</th><th>Parameter #4</th></tr><tr class="param stripe"><td>Verify Login functionality for username field is mandatory. (empty username and correct password.)</td><td></td><td>secret_sauce</td><td>Fail</td></tr></table><p class="totop"><a href="#summary">back to summary</a></p>
<h3 id="m19">testCase.SwagLabs5CheckoutPageTest#verifyCheckoutFunctionality</h3><table class="result"><tr class="param"><th>Parameter #1</th><th>Parameter #2</th><th>Parameter #3</th><th>Parameter #4</th></tr><tr class="param stripe"><td>Verify Login functionality for password field is mandatory. (empty username and correct password.)</td><td>standard_user</td><td></td><td>Fail</td></tr></table><p class="totop"><a href="#summary">back to summary</a></p>
<h3 id="m20">testCase.SwagLabs6CheckoutOverviewPageTest#verifyCheckoutProcessCancellation</h3><table class="result"><tr><th class="invisible"/></tr></table><p class="totop"><a href="#summary">back to summary</a></p>
<h3 id="m21">testCase.SwagLabs6CheckoutOverviewPageTest#verifyUserCanOrderSuccessfully</h3><table class="result"><tr><th class="invisible"/></tr></table><p class="totop"><a href="#summary">back to summary</a></p>
<h3 id="m22">testCase.SwagLabs7CheckoutCompletepageTest#openCheckoutComplete_BackToHomeButton_RedirectedToProductpage</h3><table class="result"><tr><th class="invisible"/></tr></table><p class="totop"><a href="#summary">back to summary</a></p>
<h3 id="m23">testCase.SwagLabs7CheckoutCompletepageTest#verifyOrderConformationMessageDisplayed</h3><table class="result"><tr><th class="invisible"/></tr></table><p class="totop"><a href="#summary">back to summary</a></p>
</body>
</html>
