<?xml version="1.0" encoding="UTF-8"?>
<testng-results ignored="0" total="24" passed="19" failed="5" skipped="0">
  <reporter-output>
  </reporter-output>
  <suite started-at="2024-10-25T14:49:04 IST" name="Suite" finished-at="2024-10-25T14:59:25 IST" duration-ms="620687">
    <groups>
    </groups>
    <test started-at="2024-10-25T14:49:04 IST" name="Test" finished-at="2024-10-25T14:59:25 IST" duration-ms="620687">
      <class name="testCase.SwagLabs1LoginPageTest">
        <test-method is-config="true" signature="setUp(java.lang.String)[pri:0, instance:testCase.SwagLabs1LoginPageTest@52e6fdee]" started-at="2024-10-25T14:49:08 IST" name="setUp" finished-at="2024-10-25T14:49:13 IST" duration-ms="5280" status="PASS">
          <params>
            <param index="0">
              <value>
                <![CDATA[chrome]]>
              </value>
            </param>
          </params>
          <reporter-output>
          </reporter-output>
        </test-method> <!-- setUp -->
        <test-method signature="checkLoginFunctionality(java.lang.String,java.lang.String,java.lang.String,java.lang.String)[pri:1, instance:testCase.SwagLabs1LoginPageTest@52e6fdee]" started-at="2024-10-25T14:49:13 IST" name="checkLoginFunctionality" data-provider="loginData" finished-at="2024-10-25T14:49:27 IST" duration-ms="13571" status="PASS">
          <params>
            <param index="0">
              <value>
                <![CDATA[Verify Login functionality using valid data. (correct username and correct password.)]]>
              </value>
            </param>
            <param index="1">
              <value>
                <![CDATA[standard_user]]>
              </value>
            </param>
            <param index="2">
              <value>
                <![CDATA[secret_sauce]]>
              </value>
            </param>
            <param index="3">
              <value>
                <![CDATA[Pass]]>
              </value>
            </param>
          </params>
          <reporter-output>
          </reporter-output>
        </test-method> <!-- checkLoginFunctionality -->
        <test-method is-config="true" signature="closeBrowser(org.testng.ITestResult)[pri:0, instance:testCase.SwagLabs1LoginPageTest@52e6fdee]" started-at="2024-10-25T14:49:27 IST" name="closeBrowser" finished-at="2024-10-25T14:49:36 IST" duration-ms="9699" status="PASS">
          <params>
            <param index="0">
              <value>
                <![CDATA[[TestResult name=checkLoginFunctionality status=SUCCESS method=SwagLabs1LoginPageTest.checkLoginFunctionality(java.lang.String,java.lang.String,java.lang.String,java.lang.String)[pri:1, instance:testCase.SwagLabs1LoginPageTest@52e6fdee] output={null}]]]>
              </value>
            </param>
          </params>
          <reporter-output>
          </reporter-output>
        </test-method> <!-- closeBrowser -->
        <test-method is-config="true" signature="setUp(java.lang.String)[pri:0, instance:testCase.SwagLabs1LoginPageTest@52e6fdee]" started-at="2024-10-25T14:49:36 IST" name="setUp" finished-at="2024-10-25T14:49:40 IST" duration-ms="3699" status="PASS">
          <params>
            <param index="0">
              <value>
                <![CDATA[chrome]]>
              </value>
            </param>
          </params>
          <reporter-output>
          </reporter-output>
        </test-method> <!-- setUp -->
        <test-method signature="checkLoginFunctionality(java.lang.String,java.lang.String,java.lang.String,java.lang.String)[pri:1, instance:testCase.SwagLabs1LoginPageTest@52e6fdee]" started-at="2024-10-25T14:49:40 IST" name="checkLoginFunctionality" data-provider="loginData" finished-at="2024-10-25T14:49:53 IST" duration-ms="13298" status="PASS">
          <params>
            <param index="0">
              <value>
                <![CDATA[Verify Login functionality using data. (wrong username and correct password.)]]>
              </value>
            </param>
            <param index="1">
              <value>
                <![CDATA[AAAA]]>
              </value>
            </param>
            <param index="2">
              <value>
                <![CDATA[secret_sauce]]>
              </value>
            </param>
            <param index="3">
              <value>
                <![CDATA[Fail]]>
              </value>
            </param>
          </params>
          <reporter-output>
          </reporter-output>
        </test-method> <!-- checkLoginFunctionality -->
        <test-method is-config="true" signature="closeBrowser(org.testng.ITestResult)[pri:0, instance:testCase.SwagLabs1LoginPageTest@52e6fdee]" started-at="2024-10-25T14:49:53 IST" name="closeBrowser" finished-at="2024-10-25T14:49:59 IST" duration-ms="5454" status="PASS">
          <params>
            <param index="0">
              <value>
                <![CDATA[[TestResult name=checkLoginFunctionality status=SUCCESS method=SwagLabs1LoginPageTest.checkLoginFunctionality(java.lang.String,java.lang.String,java.lang.String,java.lang.String)[pri:1, instance:testCase.SwagLabs1LoginPageTest@52e6fdee] output={null}]]]>
              </value>
            </param>
          </params>
          <reporter-output>
          </reporter-output>
        </test-method> <!-- closeBrowser -->
        <test-method is-config="true" signature="setUp(java.lang.String)[pri:0, instance:testCase.SwagLabs1LoginPageTest@52e6fdee]" started-at="2024-10-25T14:49:59 IST" name="setUp" finished-at="2024-10-25T14:50:03 IST" duration-ms="4607" status="PASS">
          <params>
            <param index="0">
              <value>
                <![CDATA[chrome]]>
              </value>
            </param>
          </params>
          <reporter-output>
          </reporter-output>
        </test-method> <!-- setUp -->
        <test-method signature="checkLoginFunctionality(java.lang.String,java.lang.String,java.lang.String,java.lang.String)[pri:1, instance:testCase.SwagLabs1LoginPageTest@52e6fdee]" started-at="2024-10-25T14:50:03 IST" name="checkLoginFunctionality" data-provider="loginData" finished-at="2024-10-25T14:50:17 IST" duration-ms="13246" status="PASS">
          <params>
            <param index="0">
              <value>
                <![CDATA[Verify Login functionality using invalid data. (correct username and wrong password.)]]>
              </value>
            </param>
            <param index="1">
              <value>
                <![CDATA[standard_user]]>
              </value>
            </param>
            <param index="2">
              <value>
                <![CDATA[AAAA]]>
              </value>
            </param>
            <param index="3">
              <value>
                <![CDATA[Fail]]>
              </value>
            </param>
          </params>
          <reporter-output>
          </reporter-output>
        </test-method> <!-- checkLoginFunctionality -->
        <test-method is-config="true" signature="closeBrowser(org.testng.ITestResult)[pri:0, instance:testCase.SwagLabs1LoginPageTest@52e6fdee]" started-at="2024-10-25T14:50:17 IST" name="closeBrowser" finished-at="2024-10-25T14:50:22 IST" duration-ms="5353" status="PASS">
          <params>
            <param index="0">
              <value>
                <![CDATA[[TestResult name=checkLoginFunctionality status=SUCCESS method=SwagLabs1LoginPageTest.checkLoginFunctionality(java.lang.String,java.lang.String,java.lang.String,java.lang.String)[pri:1, instance:testCase.SwagLabs1LoginPageTest@52e6fdee] output={null}]]]>
              </value>
            </param>
          </params>
          <reporter-output>
          </reporter-output>
        </test-method> <!-- closeBrowser -->
        <test-method is-config="true" signature="setUp(java.lang.String)[pri:0, instance:testCase.SwagLabs1LoginPageTest@52e6fdee]" started-at="2024-10-25T14:50:22 IST" name="setUp" finished-at="2024-10-25T14:50:25 IST" duration-ms="3149" status="PASS">
          <params>
            <param index="0">
              <value>
                <![CDATA[chrome]]>
              </value>
            </param>
          </params>
          <reporter-output>
          </reporter-output>
        </test-method> <!-- setUp -->
        <test-method signature="checkLoginFunctionality(java.lang.String,java.lang.String,java.lang.String,java.lang.String)[pri:1, instance:testCase.SwagLabs1LoginPageTest@52e6fdee]" started-at="2024-10-25T14:50:25 IST" name="checkLoginFunctionality" data-provider="loginData" finished-at="2024-10-25T14:50:38 IST" duration-ms="13170" status="PASS">
          <params>
            <param index="0">
              <value>
                <![CDATA[Verify Login functionality using invalid data. (wrong username and wrong password.)]]>
              </value>
            </param>
            <param index="1">
              <value>
                <![CDATA[AAAA]]>
              </value>
            </param>
            <param index="2">
              <value>
                <![CDATA[AAAA]]>
              </value>
            </param>
            <param index="3">
              <value>
                <![CDATA[Fail]]>
              </value>
            </param>
          </params>
          <reporter-output>
          </reporter-output>
        </test-method> <!-- checkLoginFunctionality -->
        <test-method is-config="true" signature="closeBrowser(org.testng.ITestResult)[pri:0, instance:testCase.SwagLabs1LoginPageTest@52e6fdee]" started-at="2024-10-25T14:50:38 IST" name="closeBrowser" finished-at="2024-10-25T14:50:44 IST" duration-ms="5458" status="PASS">
          <params>
            <param index="0">
              <value>
                <![CDATA[[TestResult name=checkLoginFunctionality status=SUCCESS method=SwagLabs1LoginPageTest.checkLoginFunctionality(java.lang.String,java.lang.String,java.lang.String,java.lang.String)[pri:1, instance:testCase.SwagLabs1LoginPageTest@52e6fdee] output={null}]]]>
              </value>
            </param>
          </params>
          <reporter-output>
          </reporter-output>
        </test-method> <!-- closeBrowser -->
        <test-method is-config="true" signature="setUp(java.lang.String)[pri:0, instance:testCase.SwagLabs1LoginPageTest@52e6fdee]" started-at="2024-10-25T14:50:44 IST" name="setUp" finished-at="2024-10-25T14:50:47 IST" duration-ms="3603" status="PASS">
          <params>
            <param index="0">
              <value>
                <![CDATA[chrome]]>
              </value>
            </param>
          </params>
          <reporter-output>
          </reporter-output>
        </test-method> <!-- setUp -->
        <test-method signature="checkLoginFunctionality(java.lang.String,java.lang.String,java.lang.String,java.lang.String)[pri:1, instance:testCase.SwagLabs1LoginPageTest@52e6fdee]" started-at="2024-10-25T14:50:47 IST" name="checkLoginFunctionality" data-provider="loginData" finished-at="2024-10-25T14:51:00 IST" duration-ms="13195" status="PASS">
          <params>
            <param index="0">
              <value>
                <![CDATA[Verify Login functionality for username field is mandatory. (empty username and correct password.)]]>
              </value>
            </param>
            <param index="1">
              <value>
                <![CDATA[]]>
              </value>
            </param>
            <param index="2">
              <value>
                <![CDATA[secret_sauce]]>
              </value>
            </param>
            <param index="3">
              <value>
                <![CDATA[Fail]]>
              </value>
            </param>
          </params>
          <reporter-output>
          </reporter-output>
        </test-method> <!-- checkLoginFunctionality -->
        <test-method is-config="true" signature="closeBrowser(org.testng.ITestResult)[pri:0, instance:testCase.SwagLabs1LoginPageTest@52e6fdee]" started-at="2024-10-25T14:51:00 IST" name="closeBrowser" finished-at="2024-10-25T14:51:06 IST" duration-ms="5677" status="PASS">
          <params>
            <param index="0">
              <value>
                <![CDATA[[TestResult name=checkLoginFunctionality status=SUCCESS method=SwagLabs1LoginPageTest.checkLoginFunctionality(java.lang.String,java.lang.String,java.lang.String,java.lang.String)[pri:1, instance:testCase.SwagLabs1LoginPageTest@52e6fdee] output={null}]]]>
              </value>
            </param>
          </params>
          <reporter-output>
          </reporter-output>
        </test-method> <!-- closeBrowser -->
        <test-method is-config="true" signature="setUp(java.lang.String)[pri:0, instance:testCase.SwagLabs1LoginPageTest@52e6fdee]" started-at="2024-10-25T14:51:06 IST" name="setUp" finished-at="2024-10-25T14:51:09 IST" duration-ms="3227" status="PASS">
          <params>
            <param index="0">
              <value>
                <![CDATA[chrome]]>
              </value>
            </param>
          </params>
          <reporter-output>
          </reporter-output>
        </test-method> <!-- setUp -->
        <test-method signature="checkLoginFunctionality(java.lang.String,java.lang.String,java.lang.String,java.lang.String)[pri:1, instance:testCase.SwagLabs1LoginPageTest@52e6fdee]" started-at="2024-10-25T14:51:09 IST" name="checkLoginFunctionality" data-provider="loginData" finished-at="2024-10-25T14:51:23 IST" duration-ms="13234" status="PASS">
          <params>
            <param index="0">
              <value>
                <![CDATA[Verify Login functionality for password field is mandatory. (empty username and correct password.)]]>
              </value>
            </param>
            <param index="1">
              <value>
                <![CDATA[standard_user]]>
              </value>
            </param>
            <param index="2">
              <value>
                <![CDATA[]]>
              </value>
            </param>
            <param index="3">
              <value>
                <![CDATA[Fail]]>
              </value>
            </param>
          </params>
          <reporter-output>
          </reporter-output>
        </test-method> <!-- checkLoginFunctionality -->
        <test-method is-config="true" signature="closeBrowser(org.testng.ITestResult)[pri:0, instance:testCase.SwagLabs1LoginPageTest@52e6fdee]" started-at="2024-10-25T14:51:23 IST" name="closeBrowser" finished-at="2024-10-25T14:51:28 IST" duration-ms="5487" status="PASS">
          <params>
            <param index="0">
              <value>
                <![CDATA[[TestResult name=checkLoginFunctionality status=SUCCESS method=SwagLabs1LoginPageTest.checkLoginFunctionality(java.lang.String,java.lang.String,java.lang.String,java.lang.String)[pri:1, instance:testCase.SwagLabs1LoginPageTest@52e6fdee] output={null}]]]>
              </value>
            </param>
          </params>
          <reporter-output>
          </reporter-output>
        </test-method> <!-- closeBrowser -->
      </class> <!-- testCase.SwagLabs1LoginPageTest -->
      <class name="testCase.SwagLabs7CheckoutCompletepageTest">
        <test-method is-config="true" signature="setUp(java.lang.String)[pri:0, instance:testCase.SwagLabs7CheckoutCompletepageTest@515aebb0]" started-at="2024-10-25T14:58:47 IST" name="setUp" finished-at="2024-10-25T14:58:55 IST" duration-ms="7759" status="PASS">
          <params>
            <param index="0">
              <value>
                <![CDATA[chrome]]>
              </value>
            </param>
          </params>
          <reporter-output>
          </reporter-output>
        </test-method> <!-- setUp -->
        <test-method signature="verifyOrderConformationMessageDisplayed()[pri:1, instance:testCase.SwagLabs7CheckoutCompletepageTest@515aebb0]" started-at="2024-10-25T14:58:55 IST" name="verifyOrderConformationMessageDisplayed" finished-at="2024-10-25T14:58:55 IST" duration-ms="160" status="PASS">
          <reporter-output>
          </reporter-output>
        </test-method> <!-- verifyOrderConformationMessageDisplayed -->
        <test-method is-config="true" signature="tearDown(org.testng.ITestResult)[pri:0, instance:testCase.SwagLabs7CheckoutCompletepageTest@515aebb0]" started-at="2024-10-25T14:58:55 IST" name="tearDown" finished-at="2024-10-25T14:59:05 IST" duration-ms="9674" status="PASS">
          <params>
            <param index="0">
              <value>
                <![CDATA[[TestResult name=verifyOrderConformationMessageDisplayed status=SUCCESS method=SwagLabs7CheckoutCompletepageTest.verifyOrderConformationMessageDisplayed()[pri:1, instance:testCase.SwagLabs7CheckoutCompletepageTest@515aebb0] output={null}]]]>
              </value>
            </param>
          </params>
          <reporter-output>
          </reporter-output>
        </test-method> <!-- tearDown -->
        <test-method is-config="true" signature="setUp(java.lang.String)[pri:0, instance:testCase.SwagLabs7CheckoutCompletepageTest@515aebb0]" started-at="2024-10-25T14:59:05 IST" name="setUp" finished-at="2024-10-25T14:59:13 IST" duration-ms="7807" status="PASS">
          <params>
            <param index="0">
              <value>
                <![CDATA[chrome]]>
              </value>
            </param>
          </params>
          <reporter-output>
          </reporter-output>
        </test-method> <!-- setUp -->
        <test-method signature="openCheckoutComplete_BackToHomeButton_RedirectedToProductpage()[pri:2, instance:testCase.SwagLabs7CheckoutCompletepageTest@515aebb0]" started-at="2024-10-25T14:59:13 IST" name="openCheckoutComplete_BackToHomeButton_RedirectedToProductpage" finished-at="2024-10-25T14:59:15 IST" duration-ms="2353" status="PASS">
          <reporter-output>
          </reporter-output>
        </test-method> <!-- openCheckoutComplete_BackToHomeButton_RedirectedToProductpage -->
        <test-method is-config="true" signature="tearDown(org.testng.ITestResult)[pri:0, instance:testCase.SwagLabs7CheckoutCompletepageTest@515aebb0]" started-at="2024-10-25T14:59:15 IST" name="tearDown" finished-at="2024-10-25T14:59:25 IST" duration-ms="9648" status="PASS">
          <params>
            <param index="0">
              <value>
                <![CDATA[[TestResult name=openCheckoutComplete_BackToHomeButton_RedirectedToProductpage status=SUCCESS method=SwagLabs7CheckoutCompletepageTest.openCheckoutComplete_BackToHomeButton_RedirectedToProductpage()[pri:2, instance:testCase.SwagLabs7CheckoutCompletepageTest@515aebb0] output={null}]]]>
              </value>
            </param>
          </params>
          <reporter-output>
          </reporter-output>
        </test-method> <!-- tearDown -->
      </class> <!-- testCase.SwagLabs7CheckoutCompletepageTest -->
      <class name="testCase.SwagLabs3ProductPageTest">
        <test-method is-config="true" signature="setUp(java.lang.String)[pri:0, instance:testCase.SwagLabs3ProductPageTest@2a798d51]" started-at="2024-10-25T14:53:57 IST" name="setUp" finished-at="2024-10-25T14:54:01 IST" duration-ms="4045" status="PASS">
          <params>
            <param index="0">
              <value>
                <![CDATA[chrome]]>
              </value>
            </param>
          </params>
          <reporter-output>
          </reporter-output>
        </test-method> <!-- setUp -->
        <test-method signature="verifyUserCanAddProductToCart()[pri:1, instance:testCase.SwagLabs3ProductPageTest@2a798d51]" started-at="2024-10-25T14:54:01 IST" name="verifyUserCanAddProductToCart" finished-at="2024-10-25T14:54:05 IST" duration-ms="4636" status="PASS">
          <reporter-output>
          </reporter-output>
        </test-method> <!-- verifyUserCanAddProductToCart -->
        <test-method is-config="true" signature="closeBrowser(org.testng.ITestResult)[pri:0, instance:testCase.SwagLabs3ProductPageTest@2a798d51]" started-at="2024-10-25T14:54:05 IST" name="closeBrowser" finished-at="2024-10-25T14:54:15 IST" duration-ms="9594" status="PASS">
          <params>
            <param index="0">
              <value>
                <![CDATA[[TestResult name=verifyUserCanAddProductToCart status=SUCCESS method=SwagLabs3ProductPageTest.verifyUserCanAddProductToCart()[pri:1, instance:testCase.SwagLabs3ProductPageTest@2a798d51] output={null}]]]>
              </value>
            </param>
          </params>
          <reporter-output>
          </reporter-output>
        </test-method> <!-- closeBrowser -->
        <test-method is-config="true" signature="setUp(java.lang.String)[pri:0, instance:testCase.SwagLabs3ProductPageTest@2a798d51]" started-at="2024-10-25T14:54:15 IST" name="setUp" finished-at="2024-10-25T14:54:19 IST" duration-ms="3650" status="PASS">
          <params>
            <param index="0">
              <value>
                <![CDATA[chrome]]>
              </value>
            </param>
          </params>
          <reporter-output>
          </reporter-output>
        </test-method> <!-- setUp -->
        <test-method signature="verifyUserCanRemoveProductFromCart()[pri:2, instance:testCase.SwagLabs3ProductPageTest@2a798d51]" started-at="2024-10-25T14:54:19 IST" name="verifyUserCanRemoveProductFromCart" finished-at="2024-10-25T14:54:37 IST" duration-ms="18294" status="FAIL">
          <exception class="org.openqa.selenium.NoSuchElementException">
            <message>
              <![CDATA[no such element: Unable to locate element: {"method":"xpath","selector":"//div[text()='Sauce Labs Backpack']"}
  (Session info: chrome=130.0.6723.59)
For documentation on this error, please visit: https://www.selenium.dev/documentation/webdriver/troubleshooting/errors#no-such-element-exception
Build info: version: '4.23.0', revision: '4df0a231af'
System info: os.name: 'Windows 10', os.arch: 'amd64', os.version: '10.0', java.version: '17.0.7'
Driver info: org.openqa.selenium.chrome.ChromeDriver
Command: [37c4b637ff4e964457bde12b82cb2151, findElement {using=xpath, value=//div[text()='Sauce Labs Backpack']}]
Capabilities {acceptInsecureCerts: false, browserName: chrome, browserVersion: 130.0.6723.59, chrome: {chromedriverVersion: 130.0.6723.69 (3ec172b971b9..., userDataDir: C:\Users\Admin\AppData\Loca...}, fedcm:accounts: true, goog:chromeOptions: {debuggerAddress: localhost:57994}, networkConnectionEnabled: false, pageLoadStrategy: normal, platformName: windows, proxy: Proxy(), se:cdp: ws://localhost:57994/devtoo..., se:cdpVersion: 130.0.6723.59, setWindowRect: true, strictFileInteractability: false, timeouts: {implicit: 0, pageLoad: 300000, script: 30000}, unhandledPromptBehavior: dismiss and notify, webauthn:extension:credBlob: true, webauthn:extension:largeBlob: true, webauthn:extension:minPinLength: true, webauthn:extension:prf: true, webauthn:virtualAuthenticators: true}
Session ID: 37c4b637ff4e964457bde12b82cb2151]]>
            </message>
            <full-stacktrace>
              <![CDATA[org.openqa.selenium.NoSuchElementException: no such element: Unable to locate element: {"method":"xpath","selector":"//div[text()='Sauce Labs Backpack']"}
  (Session info: chrome=130.0.6723.59)
For documentation on this error, please visit: https://www.selenium.dev/documentation/webdriver/troubleshooting/errors#no-such-element-exception
Build info: version: '4.23.0', revision: '4df0a231af'
System info: os.name: 'Windows 10', os.arch: 'amd64', os.version: '10.0', java.version: '17.0.7'
Driver info: org.openqa.selenium.chrome.ChromeDriver
Command: [37c4b637ff4e964457bde12b82cb2151, findElement {using=xpath, value=//div[text()='Sauce Labs Backpack']}]
Capabilities {acceptInsecureCerts: false, browserName: chrome, browserVersion: 130.0.6723.59, chrome: {chromedriverVersion: 130.0.6723.69 (3ec172b971b9..., userDataDir: C:\Users\Admin\AppData\Loca...}, fedcm:accounts: true, goog:chromeOptions: {debuggerAddress: localhost:57994}, networkConnectionEnabled: false, pageLoadStrategy: normal, platformName: windows, proxy: Proxy(), se:cdp: ws://localhost:57994/devtoo..., se:cdpVersion: 130.0.6723.59, setWindowRect: true, strictFileInteractability: false, timeouts: {implicit: 0, pageLoad: 300000, script: 30000}, unhandledPromptBehavior: dismiss and notify, webauthn:extension:credBlob: true, webauthn:extension:largeBlob: true, webauthn:extension:minPinLength: true, webauthn:extension:prf: true, webauthn:virtualAuthenticators: true}
Session ID: 37c4b637ff4e964457bde12b82cb2151
at java.base/jdk.internal.reflect.NativeConstructorAccessorImpl.newInstance0(Native Method)
at java.base/jdk.internal.reflect.NativeConstructorAccessorImpl.newInstance(NativeConstructorAccessorImpl.java:77)
at java.base/jdk.internal.reflect.DelegatingConstructorAccessorImpl.newInstance(DelegatingConstructorAccessorImpl.java:45)
at java.base/java.lang.reflect.Constructor.newInstanceWithCaller(Constructor.java:499)
at java.base/java.lang.reflect.Constructor.newInstance(Constructor.java:480)
at org.openqa.selenium.remote.ErrorCodec.decode(ErrorCodec.java:167)
at org.openqa.selenium.remote.codec.w3c.W3CHttpResponseCodec.decode(W3CHttpResponseCodec.java:138)
at org.openqa.selenium.remote.codec.w3c.W3CHttpResponseCodec.decode(W3CHttpResponseCodec.java:50)
at org.openqa.selenium.remote.HttpCommandExecutor.execute(HttpCommandExecutor.java:190)
at org.openqa.selenium.remote.service.DriverCommandExecutor.invokeExecute(DriverCommandExecutor.java:216)
at org.openqa.selenium.remote.service.DriverCommandExecutor.execute(DriverCommandExecutor.java:174)
at org.openqa.selenium.remote.RemoteWebDriver.execute(RemoteWebDriver.java:527)
at org.openqa.selenium.remote.ElementLocation$ElementFinder$2.findElement(ElementLocation.java:165)
at org.openqa.selenium.remote.ElementLocation.findElement(ElementLocation.java:59)
at org.openqa.selenium.remote.RemoteWebDriver.findElement(RemoteWebDriver.java:357)
at org.openqa.selenium.remote.RemoteWebDriver.findElement(RemoteWebDriver.java:351)
at testCase.SwagLabs3ProductPageTest.verifyUserCanRemoveProductFromCart(SwagLabs3ProductPageTest.java:89)
at java.base/jdk.internal.reflect.NativeMethodAccessorImpl.invoke0(Native Method)
at java.base/jdk.internal.reflect.NativeMethodAccessorImpl.invoke(NativeMethodAccessorImpl.java:77)
at java.base/jdk.internal.reflect.DelegatingMethodAccessorImpl.invoke(DelegatingMethodAccessorImpl.java:43)
at java.base/java.lang.reflect.Method.invoke(Method.java:568)
at org.testng.internal.invokers.MethodInvocationHelper.invokeMethod(MethodInvocationHelper.java:139)
at org.testng.internal.invokers.TestInvoker.invokeMethod(TestInvoker.java:664)
at org.testng.internal.invokers.TestInvoker.invokeTestMethod(TestInvoker.java:227)
at org.testng.internal.invokers.MethodRunner.runInSequence(MethodRunner.java:50)
at org.testng.internal.invokers.TestInvoker$MethodInvocationAgent.invoke(TestInvoker.java:957)
at org.testng.internal.invokers.TestInvoker.invokeTestMethods(TestInvoker.java:200)
at org.testng.internal.invokers.TestMethodWorker.invokeTestMethods(TestMethodWorker.java:148)
at org.testng.internal.invokers.TestMethodWorker.run(TestMethodWorker.java:128)
at java.base/java.util.ArrayList.forEach(ArrayList.java:1511)
at org.testng.TestRunner.privateRun(TestRunner.java:848)
at org.testng.TestRunner.run(TestRunner.java:621)
at org.testng.SuiteRunner.runTest(SuiteRunner.java:443)
at org.testng.SuiteRunner.runSequentially(SuiteRunner.java:437)
at org.testng.SuiteRunner.privateRun(SuiteRunner.java:397)
at org.testng.SuiteRunner.run(SuiteRunner.java:336)
at org.testng.SuiteRunnerWorker.runSuite(SuiteRunnerWorker.java:52)
at org.testng.SuiteRunnerWorker.run(SuiteRunnerWorker.java:95)
at org.testng.TestNG.runSuitesSequentially(TestNG.java:1280)
at org.testng.TestNG.runSuitesLocally(TestNG.java:1200)
at org.testng.TestNG.runSuites(TestNG.java:1114)
at org.testng.TestNG.run(TestNG.java:1082)
at org.apache.maven.surefire.testng.TestNGExecutor.run(TestNGExecutor.java:308)
at org.apache.maven.surefire.testng.TestNGXmlTestSuite.execute(TestNGXmlTestSuite.java:71)
at org.apache.maven.surefire.testng.TestNGProvider.invoke(TestNGProvider.java:113)
at org.apache.maven.surefire.booter.ForkedBooter.runSuitesInProcess(ForkedBooter.java:385)
at org.apache.maven.surefire.booter.ForkedBooter.execute(ForkedBooter.java:162)
at org.apache.maven.surefire.booter.ForkedBooter.run(ForkedBooter.java:507)
at org.apache.maven.surefire.booter.ForkedBooter.main(ForkedBooter.java:495)
]]>
            </full-stacktrace>
          </exception> <!-- org.openqa.selenium.NoSuchElementException -->
          <reporter-output>
          </reporter-output>
        </test-method> <!-- verifyUserCanRemoveProductFromCart -->
        <test-method is-config="true" signature="closeBrowser(org.testng.ITestResult)[pri:0, instance:testCase.SwagLabs3ProductPageTest@2a798d51]" started-at="2024-10-25T14:54:37 IST" name="closeBrowser" finished-at="2024-10-25T14:54:47 IST" duration-ms="9617" status="PASS">
          <params>
            <param index="0">
              <value>
                <![CDATA[[TestResult name=verifyUserCanRemoveProductFromCart status=FAILURE method=SwagLabs3ProductPageTest.verifyUserCanRemoveProductFromCart()[pri:2, instance:testCase.SwagLabs3ProductPageTest@2a798d51] output={null}]]]>
              </value>
            </param>
          </params>
          <reporter-output>
          </reporter-output>
        </test-method> <!-- closeBrowser -->
      </class> <!-- testCase.SwagLabs3ProductPageTest -->
      <class name="testCase.SwagLabs2InventoryPageTest">
        <test-method is-config="true" signature="Setup(java.lang.String)[pri:0, instance:testCase.SwagLabs2InventoryPageTest@6b81ce95]" started-at="2024-10-25T14:51:28 IST" name="Setup" finished-at="2024-10-25T14:51:32 IST" duration-ms="3977" status="PASS">
          <params>
            <param index="0">
              <value>
                <![CDATA[chrome]]>
              </value>
            </param>
          </params>
          <reporter-output>
          </reporter-output>
        </test-method> <!-- Setup -->
        <test-method signature="verifySortFunctionality()[pri:1, instance:testCase.SwagLabs2InventoryPageTest@6b81ce95]" started-at="2024-10-25T14:51:32 IST" name="verifySortFunctionality" finished-at="2024-10-25T14:52:02 IST" duration-ms="29733" status="PASS">
          <reporter-output>
          </reporter-output>
        </test-method> <!-- verifySortFunctionality -->
        <test-method is-config="true" signature="closeBrowser(org.testng.ITestResult)[pri:0, instance:testCase.SwagLabs2InventoryPageTest@6b81ce95]" started-at="2024-10-25T14:52:02 IST" name="closeBrowser" finished-at="2024-10-25T14:52:11 IST" duration-ms="9612" status="PASS">
          <params>
            <param index="0">
              <value>
                <![CDATA[[TestResult name=verifySortFunctionality status=SUCCESS method=SwagLabs2InventoryPageTest.verifySortFunctionality()[pri:1, instance:testCase.SwagLabs2InventoryPageTest@6b81ce95] output={null}]]]>
              </value>
            </param>
          </params>
          <reporter-output>
          </reporter-output>
        </test-method> <!-- closeBrowser -->
        <test-method is-config="true" signature="Setup(java.lang.String)[pri:0, instance:testCase.SwagLabs2InventoryPageTest@6b81ce95]" started-at="2024-10-25T14:52:11 IST" name="Setup" finished-at="2024-10-25T14:52:15 IST" duration-ms="3826" status="PASS">
          <params>
            <param index="0">
              <value>
                <![CDATA[chrome]]>
              </value>
            </param>
          </params>
          <reporter-output>
          </reporter-output>
        </test-method> <!-- Setup -->
        <test-method signature="verifyUserIsAbleToNavigateToSocialMediaSites()[pri:2, instance:testCase.SwagLabs2InventoryPageTest@6b81ce95]" started-at="2024-10-25T14:52:15 IST" name="verifyUserIsAbleToNavigateToSocialMediaSites" finished-at="2024-10-25T14:53:06 IST" duration-ms="50511" status="PASS">
          <reporter-output>
          </reporter-output>
        </test-method> <!-- verifyUserIsAbleToNavigateToSocialMediaSites -->
        <test-method is-config="true" signature="closeBrowser(org.testng.ITestResult)[pri:0, instance:testCase.SwagLabs2InventoryPageTest@6b81ce95]" started-at="2024-10-25T14:53:06 IST" name="closeBrowser" finished-at="2024-10-25T14:53:16 IST" duration-ms="9967" status="PASS">
          <params>
            <param index="0">
              <value>
                <![CDATA[[TestResult name=verifyUserIsAbleToNavigateToSocialMediaSites status=SUCCESS method=SwagLabs2InventoryPageTest.verifyUserIsAbleToNavigateToSocialMediaSites()[pri:2, instance:testCase.SwagLabs2InventoryPageTest@6b81ce95] output={null}]]]>
              </value>
            </param>
          </params>
          <reporter-output>
          </reporter-output>
        </test-method> <!-- closeBrowser -->
        <test-method is-config="true" signature="Setup(java.lang.String)[pri:0, instance:testCase.SwagLabs2InventoryPageTest@6b81ce95]" started-at="2024-10-25T14:53:16 IST" name="Setup" finished-at="2024-10-25T14:53:20 IST" duration-ms="3835" status="PASS">
          <params>
            <param index="0">
              <value>
                <![CDATA[chrome]]>
              </value>
            </param>
          </params>
          <reporter-output>
          </reporter-output>
        </test-method> <!-- Setup -->
        <test-method signature="verifyUserCanAddItemToCart()[pri:3, instance:testCase.SwagLabs2InventoryPageTest@6b81ce95]" started-at="2024-10-25T14:53:20 IST" name="verifyUserCanAddItemToCart" finished-at="2024-10-25T14:53:47 IST" duration-ms="27479" status="FAIL">
          <exception class="java.lang.AssertionError">
            <message>
              <![CDATA[Both array length does not matches. expected [true] but found [false]]]>
            </message>
            <full-stacktrace>
              <![CDATA[java.lang.AssertionError: Both array length does not matches. expected [true] but found [false]
at org.testng.Assert.fail(Assert.java:111)
at org.testng.Assert.failNotEquals(Assert.java:1578)
at org.testng.Assert.assertTrue(Assert.java:57)
at testCase.SwagLabs2InventoryPageTest.verifyUserCanAddItemToCart(SwagLabs2InventoryPageTest.java:126)
at java.base/jdk.internal.reflect.NativeMethodAccessorImpl.invoke0(Native Method)
at java.base/jdk.internal.reflect.NativeMethodAccessorImpl.invoke(NativeMethodAccessorImpl.java:77)
at java.base/jdk.internal.reflect.DelegatingMethodAccessorImpl.invoke(DelegatingMethodAccessorImpl.java:43)
at java.base/java.lang.reflect.Method.invoke(Method.java:568)
at org.testng.internal.invokers.MethodInvocationHelper.invokeMethod(MethodInvocationHelper.java:139)
at org.testng.internal.invokers.TestInvoker.invokeMethod(TestInvoker.java:664)
at org.testng.internal.invokers.TestInvoker.invokeTestMethod(TestInvoker.java:227)
at org.testng.internal.invokers.MethodRunner.runInSequence(MethodRunner.java:50)
at org.testng.internal.invokers.TestInvoker$MethodInvocationAgent.invoke(TestInvoker.java:957)
at org.testng.internal.invokers.TestInvoker.invokeTestMethods(TestInvoker.java:200)
at org.testng.internal.invokers.TestMethodWorker.invokeTestMethods(TestMethodWorker.java:148)
at org.testng.internal.invokers.TestMethodWorker.run(TestMethodWorker.java:128)
at java.base/java.util.ArrayList.forEach(ArrayList.java:1511)
at org.testng.TestRunner.privateRun(TestRunner.java:848)
at org.testng.TestRunner.run(TestRunner.java:621)
at org.testng.SuiteRunner.runTest(SuiteRunner.java:443)
at org.testng.SuiteRunner.runSequentially(SuiteRunner.java:437)
at org.testng.SuiteRunner.privateRun(SuiteRunner.java:397)
at org.testng.SuiteRunner.run(SuiteRunner.java:336)
at org.testng.SuiteRunnerWorker.runSuite(SuiteRunnerWorker.java:52)
at org.testng.SuiteRunnerWorker.run(SuiteRunnerWorker.java:95)
at org.testng.TestNG.runSuitesSequentially(TestNG.java:1280)
at org.testng.TestNG.runSuitesLocally(TestNG.java:1200)
at org.testng.TestNG.runSuites(TestNG.java:1114)
at org.testng.TestNG.run(TestNG.java:1082)
at org.apache.maven.surefire.testng.TestNGExecutor.run(TestNGExecutor.java:308)
at org.apache.maven.surefire.testng.TestNGXmlTestSuite.execute(TestNGXmlTestSuite.java:71)
at org.apache.maven.surefire.testng.TestNGProvider.invoke(TestNGProvider.java:113)
at org.apache.maven.surefire.booter.ForkedBooter.runSuitesInProcess(ForkedBooter.java:385)
at org.apache.maven.surefire.booter.ForkedBooter.execute(ForkedBooter.java:162)
at org.apache.maven.surefire.booter.ForkedBooter.run(ForkedBooter.java:507)
at org.apache.maven.surefire.booter.ForkedBooter.main(ForkedBooter.java:495)
]]>
            </full-stacktrace>
          </exception> <!-- java.lang.AssertionError -->
          <reporter-output>
          </reporter-output>
        </test-method> <!-- verifyUserCanAddItemToCart -->
        <test-method is-config="true" signature="closeBrowser(org.testng.ITestResult)[pri:0, instance:testCase.SwagLabs2InventoryPageTest@6b81ce95]" started-at="2024-10-25T14:53:47 IST" name="closeBrowser" finished-at="2024-10-25T14:53:57 IST" duration-ms="9607" status="PASS">
          <params>
            <param index="0">
              <value>
                <![CDATA[[TestResult name=verifyUserCanAddItemToCart status=FAILURE method=SwagLabs2InventoryPageTest.verifyUserCanAddItemToCart()[pri:3, instance:testCase.SwagLabs2InventoryPageTest@6b81ce95] output={null}]]]>
              </value>
            </param>
          </params>
          <reporter-output>
          </reporter-output>
        </test-method> <!-- closeBrowser -->
      </class> <!-- testCase.SwagLabs2InventoryPageTest -->
      <class name="testCase.SwagLabs6CheckoutOverviewPageTest">
        <test-method is-config="true" signature="setUp(java.lang.String)[pri:0, instance:testCase.SwagLabs6CheckoutOverviewPageTest@37afeb11]" started-at="2024-10-25T14:58:08 IST" name="setUp" finished-at="2024-10-25T14:58:16 IST" duration-ms="7777" status="PASS">
          <params>
            <param index="0">
              <value>
                <![CDATA[chrome]]>
              </value>
            </param>
          </params>
          <reporter-output>
          </reporter-output>
        </test-method> <!-- setUp -->
        <test-method signature="verifyUserCanOrderSuccessfully()[pri:1, instance:testCase.SwagLabs6CheckoutOverviewPageTest@37afeb11]" started-at="2024-10-25T14:58:16 IST" name="verifyUserCanOrderSuccessfully" finished-at="2024-10-25T14:58:18 IST" duration-ms="2193" status="PASS">
          <reporter-output>
          </reporter-output>
        </test-method> <!-- verifyUserCanOrderSuccessfully -->
        <test-method is-config="true" signature="tearDown(org.testng.ITestResult)[pri:0, instance:testCase.SwagLabs6CheckoutOverviewPageTest@37afeb11]" started-at="2024-10-25T14:58:18 IST" name="tearDown" finished-at="2024-10-25T14:58:28 IST" duration-ms="9581" status="PASS">
          <params>
            <param index="0">
              <value>
                <![CDATA[[TestResult name=verifyUserCanOrderSuccessfully status=SUCCESS method=SwagLabs6CheckoutOverviewPageTest.verifyUserCanOrderSuccessfully()[pri:1, instance:testCase.SwagLabs6CheckoutOverviewPageTest@37afeb11] output={null}]]]>
              </value>
            </param>
          </params>
          <reporter-output>
          </reporter-output>
        </test-method> <!-- tearDown -->
        <test-method is-config="true" signature="setUp(java.lang.String)[pri:0, instance:testCase.SwagLabs6CheckoutOverviewPageTest@37afeb11]" started-at="2024-10-25T14:58:28 IST" name="setUp" finished-at="2024-10-25T14:58:35 IST" duration-ms="7534" status="PASS">
          <params>
            <param index="0">
              <value>
                <![CDATA[chrome]]>
              </value>
            </param>
          </params>
          <reporter-output>
          </reporter-output>
        </test-method> <!-- setUp -->
        <test-method signature="verifyCheckoutProcessCancellation()[pri:2, instance:testCase.SwagLabs6CheckoutOverviewPageTest@37afeb11]" started-at="2024-10-25T14:58:35 IST" name="verifyCheckoutProcessCancellation" finished-at="2024-10-25T14:58:38 IST" duration-ms="2284" status="PASS">
          <reporter-output>
          </reporter-output>
        </test-method> <!-- verifyCheckoutProcessCancellation -->
        <test-method is-config="true" signature="tearDown(org.testng.ITestResult)[pri:0, instance:testCase.SwagLabs6CheckoutOverviewPageTest@37afeb11]" started-at="2024-10-25T14:58:38 IST" name="tearDown" finished-at="2024-10-25T14:58:47 IST" duration-ms="9605" status="PASS">
          <params>
            <param index="0">
              <value>
                <![CDATA[[TestResult name=verifyCheckoutProcessCancellation status=SUCCESS method=SwagLabs6CheckoutOverviewPageTest.verifyCheckoutProcessCancellation()[pri:2, instance:testCase.SwagLabs6CheckoutOverviewPageTest@37afeb11] output={null}]]]>
              </value>
            </param>
          </params>
          <reporter-output>
          </reporter-output>
        </test-method> <!-- tearDown -->
      </class> <!-- testCase.SwagLabs6CheckoutOverviewPageTest -->
      <class name="testCase.SwagLabs4CartPageTest">
        <test-method is-config="true" signature="Setup(java.lang.String)[pri:0, instance:testCase.SwagLabs4CartPageTest@6d763516]" started-at="2024-10-25T14:54:47 IST" name="Setup" finished-at="2024-10-25T14:54:56 IST" duration-ms="9740" status="PASS">
          <params>
            <param index="0">
              <value>
                <![CDATA[chrome]]>
              </value>
            </param>
          </params>
          <reporter-output>
          </reporter-output>
        </test-method> <!-- Setup -->
        <test-method signature="verifyNavigationToCheckoutPage()[pri:1, instance:testCase.SwagLabs4CartPageTest@6d763516]" started-at="2024-10-25T14:54:56 IST" name="verifyNavigationToCheckoutPage" finished-at="2024-10-25T14:55:01 IST" duration-ms="4344" status="PASS">
          <reporter-output>
          </reporter-output>
        </test-method> <!-- verifyNavigationToCheckoutPage -->
        <test-method is-config="true" signature="closeBrowser(org.testng.ITestResult)[pri:0, instance:testCase.SwagLabs4CartPageTest@6d763516]" started-at="2024-10-25T14:55:01 IST" name="closeBrowser" finished-at="2024-10-25T14:55:10 IST" duration-ms="9714" status="PASS">
          <params>
            <param index="0">
              <value>
                <![CDATA[[TestResult name=verifyNavigationToCheckoutPage status=SUCCESS method=SwagLabs4CartPageTest.verifyNavigationToCheckoutPage()[pri:1, instance:testCase.SwagLabs4CartPageTest@6d763516] output={null}]]]>
              </value>
            </param>
          </params>
          <reporter-output>
          </reporter-output>
        </test-method> <!-- closeBrowser -->
        <test-method is-config="true" signature="Setup(java.lang.String)[pri:0, instance:testCase.SwagLabs4CartPageTest@6d763516]" started-at="2024-10-25T14:55:10 IST" name="Setup" finished-at="2024-10-25T14:55:19 IST" duration-ms="8831" status="PASS">
          <params>
            <param index="0">
              <value>
                <![CDATA[chrome]]>
              </value>
            </param>
          </params>
          <reporter-output>
          </reporter-output>
        </test-method> <!-- Setup -->
        <test-method signature="navigateToHomepageAndAddItems()[pri:2, instance:testCase.SwagLabs4CartPageTest@6d763516]" started-at="2024-10-25T14:55:19 IST" name="navigateToHomepageAndAddItems" finished-at="2024-10-25T14:55:27 IST" duration-ms="7657" status="PASS">
          <reporter-output>
          </reporter-output>
        </test-method> <!-- navigateToHomepageAndAddItems -->
        <test-method is-config="true" signature="closeBrowser(org.testng.ITestResult)[pri:0, instance:testCase.SwagLabs4CartPageTest@6d763516]" started-at="2024-10-25T14:55:27 IST" name="closeBrowser" finished-at="2024-10-25T14:55:37 IST" duration-ms="9672" status="PASS">
          <params>
            <param index="0">
              <value>
                <![CDATA[[TestResult name=navigateToHomepageAndAddItems status=SUCCESS method=SwagLabs4CartPageTest.navigateToHomepageAndAddItems()[pri:2, instance:testCase.SwagLabs4CartPageTest@6d763516] output={null}]]]>
              </value>
            </param>
          </params>
          <reporter-output>
          </reporter-output>
        </test-method> <!-- closeBrowser -->
      </class> <!-- testCase.SwagLabs4CartPageTest -->
      <class name="testCase.SwagLabs5CheckoutPageTest">
        <test-method is-config="true" signature="Setup(java.lang.String)[pri:0, instance:testCase.SwagLabs5CheckoutPageTest@52bf72b5]" started-at="2024-10-25T14:55:37 IST" name="Setup" finished-at="2024-10-25T14:55:44 IST" duration-ms="7232" status="PASS">
          <params>
            <param index="0">
              <value>
                <![CDATA[chrome]]>
              </value>
            </param>
          </params>
          <reporter-output>
          </reporter-output>
        </test-method> <!-- Setup -->
        <test-method signature="verifyCancelCheckoutFunctionality()[pri:1, instance:testCase.SwagLabs5CheckoutPageTest@52bf72b5]" started-at="2024-10-25T14:55:44 IST" name="verifyCancelCheckoutFunctionality" finished-at="2024-10-25T14:55:46 IST" duration-ms="2212" status="PASS">
          <reporter-output>
          </reporter-output>
        </test-method> <!-- verifyCancelCheckoutFunctionality -->
        <test-method is-config="true" signature="closeBrowser(org.testng.ITestResult)[pri:0, instance:testCase.SwagLabs5CheckoutPageTest@52bf72b5]" started-at="2024-10-25T14:55:46 IST" name="closeBrowser" finished-at="2024-10-25T14:55:56 IST" duration-ms="9820" status="PASS">
          <params>
            <param index="0">
              <value>
                <![CDATA[[TestResult name=verifyCancelCheckoutFunctionality status=SUCCESS method=SwagLabs5CheckoutPageTest.verifyCancelCheckoutFunctionality()[pri:1, instance:testCase.SwagLabs5CheckoutPageTest@52bf72b5] output={null}]]]>
              </value>
            </param>
          </params>
          <reporter-output>
          </reporter-output>
        </test-method> <!-- closeBrowser -->
        <test-method is-config="true" signature="Setup(java.lang.String)[pri:0, instance:testCase.SwagLabs5CheckoutPageTest@52bf72b5]" started-at="2024-10-25T14:55:57 IST" name="Setup" finished-at="2024-10-25T14:56:06 IST" duration-ms="8532" status="PASS">
          <params>
            <param index="0">
              <value>
                <![CDATA[chrome]]>
              </value>
            </param>
          </params>
          <reporter-output>
          </reporter-output>
        </test-method> <!-- Setup -->
        <test-method signature="verifyCheckoutFunctionality(java.lang.String,java.lang.String,java.lang.String,java.lang.String)[pri:2, instance:testCase.SwagLabs5CheckoutPageTest@52bf72b5]" started-at="2024-10-25T14:56:06 IST" name="verifyCheckoutFunctionality" data-provider="checkoutData" finished-at="2024-10-25T14:56:09 IST" duration-ms="3067" status="PASS">
          <params>
            <param index="0">
              <value>
                <![CDATA[Verify Login functionality using valid data. (correct username and correct password.)]]>
              </value>
            </param>
            <param index="1">
              <value>
                <![CDATA[standard_user]]>
              </value>
            </param>
            <param index="2">
              <value>
                <![CDATA[secret_sauce]]>
              </value>
            </param>
            <param index="3">
              <value>
                <![CDATA[Pass]]>
              </value>
            </param>
          </params>
          <reporter-output>
          </reporter-output>
        </test-method> <!-- verifyCheckoutFunctionality -->
        <test-method is-config="true" signature="closeBrowser(org.testng.ITestResult)[pri:0, instance:testCase.SwagLabs5CheckoutPageTest@52bf72b5]" started-at="2024-10-25T14:56:09 IST" name="closeBrowser" finished-at="2024-10-25T14:56:18 IST" duration-ms="9592" status="PASS">
          <params>
            <param index="0">
              <value>
                <![CDATA[[TestResult name=verifyCheckoutFunctionality status=SUCCESS method=SwagLabs5CheckoutPageTest.verifyCheckoutFunctionality(java.lang.String,java.lang.String,java.lang.String,java.lang.String)[pri:2, instance:testCase.SwagLabs5CheckoutPageTest@52bf72b5] output={null}]]]>
              </value>
            </param>
          </params>
          <reporter-output>
          </reporter-output>
        </test-method> <!-- closeBrowser -->
        <test-method is-config="true" signature="Setup(java.lang.String)[pri:0, instance:testCase.SwagLabs5CheckoutPageTest@52bf72b5]" started-at="2024-10-25T14:56:18 IST" name="Setup" finished-at="2024-10-25T14:56:28 IST" duration-ms="10106" status="PASS">
          <params>
            <param index="0">
              <value>
                <![CDATA[chrome]]>
              </value>
            </param>
          </params>
          <reporter-output>
          </reporter-output>
        </test-method> <!-- Setup -->
        <test-method signature="verifyCheckoutFunctionality(java.lang.String,java.lang.String,java.lang.String,java.lang.String)[pri:2, instance:testCase.SwagLabs5CheckoutPageTest@52bf72b5]" started-at="2024-10-25T14:56:28 IST" name="verifyCheckoutFunctionality" data-provider="checkoutData" finished-at="2024-10-25T14:56:31 IST" duration-ms="2921" status="FAIL">
          <params>
            <param index="0">
              <value>
                <![CDATA[Verify Login functionality using data. (wrong username and correct password.)]]>
              </value>
            </param>
            <param index="1">
              <value>
                <![CDATA[AAAA]]>
              </value>
            </param>
            <param index="2">
              <value>
                <![CDATA[secret_sauce]]>
              </value>
            </param>
            <param index="3">
              <value>
                <![CDATA[Fail]]>
              </value>
            </param>
          </params>
          <exception class="java.lang.AssertionError">
            <message>
              <![CDATA[Url should not match. did not expect [https://www.saucedemo.com/checkout-step-two.html] but found [https://www.saucedemo.com/checkout-step-two.html]]]>
            </message>
            <full-stacktrace>
              <![CDATA[java.lang.AssertionError: Url should not match. did not expect [https://www.saucedemo.com/checkout-step-two.html] but found [https://www.saucedemo.com/checkout-step-two.html]
at org.testng.Assert.fail(Assert.java:111)
at org.testng.Assert.failEquals(Assert.java:1582)
at org.testng.Assert.assertNotEqualsImpl(Assert.java:157)
at org.testng.Assert.assertNotEquals(Assert.java:2198)
at testCase.SwagLabs5CheckoutPageTest.verifyCheckoutFunctionality(SwagLabs5CheckoutPageTest.java:90)
at java.base/jdk.internal.reflect.NativeMethodAccessorImpl.invoke0(Native Method)
at java.base/jdk.internal.reflect.NativeMethodAccessorImpl.invoke(NativeMethodAccessorImpl.java:77)
at java.base/jdk.internal.reflect.DelegatingMethodAccessorImpl.invoke(DelegatingMethodAccessorImpl.java:43)
at java.base/java.lang.reflect.Method.invoke(Method.java:568)
at org.testng.internal.invokers.MethodInvocationHelper.invokeMethod(MethodInvocationHelper.java:139)
at org.testng.internal.invokers.TestInvoker.invokeMethod(TestInvoker.java:664)
at org.testng.internal.invokers.TestInvoker.invokeTestMethod(TestInvoker.java:227)
at org.testng.internal.invokers.MethodRunner.runInSequence(MethodRunner.java:50)
at org.testng.internal.invokers.TestInvoker$MethodInvocationAgent.invoke(TestInvoker.java:957)
at org.testng.internal.invokers.TestInvoker.invokeTestMethods(TestInvoker.java:200)
at org.testng.internal.invokers.TestMethodWorker.invokeTestMethods(TestMethodWorker.java:148)
at org.testng.internal.invokers.TestMethodWorker.run(TestMethodWorker.java:128)
at java.base/java.util.ArrayList.forEach(ArrayList.java:1511)
at org.testng.TestRunner.privateRun(TestRunner.java:848)
at org.testng.TestRunner.run(TestRunner.java:621)
at org.testng.SuiteRunner.runTest(SuiteRunner.java:443)
at org.testng.SuiteRunner.runSequentially(SuiteRunner.java:437)
at org.testng.SuiteRunner.privateRun(SuiteRunner.java:397)
at org.testng.SuiteRunner.run(SuiteRunner.java:336)
at org.testng.SuiteRunnerWorker.runSuite(SuiteRunnerWorker.java:52)
at org.testng.SuiteRunnerWorker.run(SuiteRunnerWorker.java:95)
at org.testng.TestNG.runSuitesSequentially(TestNG.java:1280)
at org.testng.TestNG.runSuitesLocally(TestNG.java:1200)
at org.testng.TestNG.runSuites(TestNG.java:1114)
at org.testng.TestNG.run(TestNG.java:1082)
at org.apache.maven.surefire.testng.TestNGExecutor.run(TestNGExecutor.java:308)
at org.apache.maven.surefire.testng.TestNGXmlTestSuite.execute(TestNGXmlTestSuite.java:71)
at org.apache.maven.surefire.testng.TestNGProvider.invoke(TestNGProvider.java:113)
at org.apache.maven.surefire.booter.ForkedBooter.runSuitesInProcess(ForkedBooter.java:385)
at org.apache.maven.surefire.booter.ForkedBooter.execute(ForkedBooter.java:162)
at org.apache.maven.surefire.booter.ForkedBooter.run(ForkedBooter.java:507)
at org.apache.maven.surefire.booter.ForkedBooter.main(ForkedBooter.java:495)
]]>
            </full-stacktrace>
          </exception> <!-- java.lang.AssertionError -->
          <reporter-output>
          </reporter-output>
        </test-method> <!-- verifyCheckoutFunctionality -->
        <test-method is-config="true" signature="closeBrowser(org.testng.ITestResult)[pri:0, instance:testCase.SwagLabs5CheckoutPageTest@52bf72b5]" started-at="2024-10-25T14:56:32 IST" name="closeBrowser" finished-at="2024-10-25T14:56:41 IST" duration-ms="9573" status="PASS">
          <params>
            <param index="0">
              <value>
                <![CDATA[[TestResult name=verifyCheckoutFunctionality status=FAILURE method=SwagLabs5CheckoutPageTest.verifyCheckoutFunctionality(java.lang.String,java.lang.String,java.lang.String,java.lang.String)[pri:2, instance:testCase.SwagLabs5CheckoutPageTest@52bf72b5] output={null}]]]>
              </value>
            </param>
          </params>
          <reporter-output>
          </reporter-output>
        </test-method> <!-- closeBrowser -->
        <test-method is-config="true" signature="Setup(java.lang.String)[pri:0, instance:testCase.SwagLabs5CheckoutPageTest@52bf72b5]" started-at="2024-10-25T14:56:41 IST" name="Setup" finished-at="2024-10-25T14:56:49 IST" duration-ms="7582" status="PASS">
          <params>
            <param index="0">
              <value>
                <![CDATA[chrome]]>
              </value>
            </param>
          </params>
          <reporter-output>
          </reporter-output>
        </test-method> <!-- Setup -->
        <test-method signature="verifyCheckoutFunctionality(java.lang.String,java.lang.String,java.lang.String,java.lang.String)[pri:2, instance:testCase.SwagLabs5CheckoutPageTest@52bf72b5]" started-at="2024-10-25T14:56:49 IST" name="verifyCheckoutFunctionality" data-provider="checkoutData" finished-at="2024-10-25T14:56:52 IST" duration-ms="3098" status="FAIL">
          <params>
            <param index="0">
              <value>
                <![CDATA[Verify Login functionality using invalid data. (correct username and wrong password.)]]>
              </value>
            </param>
            <param index="1">
              <value>
                <![CDATA[standard_user]]>
              </value>
            </param>
            <param index="2">
              <value>
                <![CDATA[AAAA]]>
              </value>
            </param>
            <param index="3">
              <value>
                <![CDATA[Fail]]>
              </value>
            </param>
          </params>
          <exception class="java.lang.AssertionError">
            <message>
              <![CDATA[Url should not match. did not expect [https://www.saucedemo.com/checkout-step-two.html] but found [https://www.saucedemo.com/checkout-step-two.html]]]>
            </message>
            <full-stacktrace>
              <![CDATA[java.lang.AssertionError: Url should not match. did not expect [https://www.saucedemo.com/checkout-step-two.html] but found [https://www.saucedemo.com/checkout-step-two.html]
at org.testng.Assert.fail(Assert.java:111)
at org.testng.Assert.failEquals(Assert.java:1582)
at org.testng.Assert.assertNotEqualsImpl(Assert.java:157)
at org.testng.Assert.assertNotEquals(Assert.java:2198)
at testCase.SwagLabs5CheckoutPageTest.verifyCheckoutFunctionality(SwagLabs5CheckoutPageTest.java:90)
at java.base/jdk.internal.reflect.NativeMethodAccessorImpl.invoke0(Native Method)
at java.base/jdk.internal.reflect.NativeMethodAccessorImpl.invoke(NativeMethodAccessorImpl.java:77)
at java.base/jdk.internal.reflect.DelegatingMethodAccessorImpl.invoke(DelegatingMethodAccessorImpl.java:43)
at java.base/java.lang.reflect.Method.invoke(Method.java:568)
at org.testng.internal.invokers.MethodInvocationHelper.invokeMethod(MethodInvocationHelper.java:139)
at org.testng.internal.invokers.TestInvoker.invokeMethod(TestInvoker.java:664)
at org.testng.internal.invokers.TestInvoker.invokeTestMethod(TestInvoker.java:227)
at org.testng.internal.invokers.MethodRunner.runInSequence(MethodRunner.java:50)
at org.testng.internal.invokers.TestInvoker$MethodInvocationAgent.invoke(TestInvoker.java:957)
at org.testng.internal.invokers.TestInvoker.invokeTestMethods(TestInvoker.java:200)
at org.testng.internal.invokers.TestMethodWorker.invokeTestMethods(TestMethodWorker.java:148)
at org.testng.internal.invokers.TestMethodWorker.run(TestMethodWorker.java:128)
at java.base/java.util.ArrayList.forEach(ArrayList.java:1511)
at org.testng.TestRunner.privateRun(TestRunner.java:848)
at org.testng.TestRunner.run(TestRunner.java:621)
at org.testng.SuiteRunner.runTest(SuiteRunner.java:443)
at org.testng.SuiteRunner.runSequentially(SuiteRunner.java:437)
at org.testng.SuiteRunner.privateRun(SuiteRunner.java:397)
at org.testng.SuiteRunner.run(SuiteRunner.java:336)
at org.testng.SuiteRunnerWorker.runSuite(SuiteRunnerWorker.java:52)
at org.testng.SuiteRunnerWorker.run(SuiteRunnerWorker.java:95)
at org.testng.TestNG.runSuitesSequentially(TestNG.java:1280)
at org.testng.TestNG.runSuitesLocally(TestNG.java:1200)
at org.testng.TestNG.runSuites(TestNG.java:1114)
at org.testng.TestNG.run(TestNG.java:1082)
at org.apache.maven.surefire.testng.TestNGExecutor.run(TestNGExecutor.java:308)
at org.apache.maven.surefire.testng.TestNGXmlTestSuite.execute(TestNGXmlTestSuite.java:71)
at org.apache.maven.surefire.testng.TestNGProvider.invoke(TestNGProvider.java:113)
at org.apache.maven.surefire.booter.ForkedBooter.runSuitesInProcess(ForkedBooter.java:385)
at org.apache.maven.surefire.booter.ForkedBooter.execute(ForkedBooter.java:162)
at org.apache.maven.surefire.booter.ForkedBooter.run(ForkedBooter.java:507)
at org.apache.maven.surefire.booter.ForkedBooter.main(ForkedBooter.java:495)
]]>
            </full-stacktrace>
          </exception> <!-- java.lang.AssertionError -->
          <reporter-output>
          </reporter-output>
        </test-method> <!-- verifyCheckoutFunctionality -->
        <test-method is-config="true" signature="closeBrowser(org.testng.ITestResult)[pri:0, instance:testCase.SwagLabs5CheckoutPageTest@52bf72b5]" started-at="2024-10-25T14:56:52 IST" name="closeBrowser" finished-at="2024-10-25T14:57:02 IST" duration-ms="9778" status="PASS">
          <params>
            <param index="0">
              <value>
                <![CDATA[[TestResult name=verifyCheckoutFunctionality status=FAILURE method=SwagLabs5CheckoutPageTest.verifyCheckoutFunctionality(java.lang.String,java.lang.String,java.lang.String,java.lang.String)[pri:2, instance:testCase.SwagLabs5CheckoutPageTest@52bf72b5] output={null}]]]>
              </value>
            </param>
          </params>
          <reporter-output>
          </reporter-output>
        </test-method> <!-- closeBrowser -->
        <test-method is-config="true" signature="Setup(java.lang.String)[pri:0, instance:testCase.SwagLabs5CheckoutPageTest@52bf72b5]" started-at="2024-10-25T14:57:02 IST" name="Setup" finished-at="2024-10-25T14:57:10 IST" duration-ms="8009" status="PASS">
          <params>
            <param index="0">
              <value>
                <![CDATA[chrome]]>
              </value>
            </param>
          </params>
          <reporter-output>
          </reporter-output>
        </test-method> <!-- Setup -->
        <test-method signature="verifyCheckoutFunctionality(java.lang.String,java.lang.String,java.lang.String,java.lang.String)[pri:2, instance:testCase.SwagLabs5CheckoutPageTest@52bf72b5]" started-at="2024-10-25T14:57:10 IST" name="verifyCheckoutFunctionality" data-provider="checkoutData" finished-at="2024-10-25T14:57:13 IST" duration-ms="2913" status="FAIL">
          <params>
            <param index="0">
              <value>
                <![CDATA[Verify Login functionality using invalid data. (wrong username and wrong password.)]]>
              </value>
            </param>
            <param index="1">
              <value>
                <![CDATA[AAAA]]>
              </value>
            </param>
            <param index="2">
              <value>
                <![CDATA[AAAA]]>
              </value>
            </param>
            <param index="3">
              <value>
                <![CDATA[Fail]]>
              </value>
            </param>
          </params>
          <exception class="java.lang.AssertionError">
            <message>
              <![CDATA[Url should not match. did not expect [https://www.saucedemo.com/checkout-step-two.html] but found [https://www.saucedemo.com/checkout-step-two.html]]]>
            </message>
            <full-stacktrace>
              <![CDATA[java.lang.AssertionError: Url should not match. did not expect [https://www.saucedemo.com/checkout-step-two.html] but found [https://www.saucedemo.com/checkout-step-two.html]
at org.testng.Assert.fail(Assert.java:111)
at org.testng.Assert.failEquals(Assert.java:1582)
at org.testng.Assert.assertNotEqualsImpl(Assert.java:157)
at org.testng.Assert.assertNotEquals(Assert.java:2198)
at testCase.SwagLabs5CheckoutPageTest.verifyCheckoutFunctionality(SwagLabs5CheckoutPageTest.java:90)
at java.base/jdk.internal.reflect.NativeMethodAccessorImpl.invoke0(Native Method)
at java.base/jdk.internal.reflect.NativeMethodAccessorImpl.invoke(NativeMethodAccessorImpl.java:77)
at java.base/jdk.internal.reflect.DelegatingMethodAccessorImpl.invoke(DelegatingMethodAccessorImpl.java:43)
at java.base/java.lang.reflect.Method.invoke(Method.java:568)
at org.testng.internal.invokers.MethodInvocationHelper.invokeMethod(MethodInvocationHelper.java:139)
at org.testng.internal.invokers.TestInvoker.invokeMethod(TestInvoker.java:664)
at org.testng.internal.invokers.TestInvoker.invokeTestMethod(TestInvoker.java:227)
at org.testng.internal.invokers.MethodRunner.runInSequence(MethodRunner.java:50)
at org.testng.internal.invokers.TestInvoker$MethodInvocationAgent.invoke(TestInvoker.java:957)
at org.testng.internal.invokers.TestInvoker.invokeTestMethods(TestInvoker.java:200)
at org.testng.internal.invokers.TestMethodWorker.invokeTestMethods(TestMethodWorker.java:148)
at org.testng.internal.invokers.TestMethodWorker.run(TestMethodWorker.java:128)
at java.base/java.util.ArrayList.forEach(ArrayList.java:1511)
at org.testng.TestRunner.privateRun(TestRunner.java:848)
at org.testng.TestRunner.run(TestRunner.java:621)
at org.testng.SuiteRunner.runTest(SuiteRunner.java:443)
at org.testng.SuiteRunner.runSequentially(SuiteRunner.java:437)
at org.testng.SuiteRunner.privateRun(SuiteRunner.java:397)
at org.testng.SuiteRunner.run(SuiteRunner.java:336)
at org.testng.SuiteRunnerWorker.runSuite(SuiteRunnerWorker.java:52)
at org.testng.SuiteRunnerWorker.run(SuiteRunnerWorker.java:95)
at org.testng.TestNG.runSuitesSequentially(TestNG.java:1280)
at org.testng.TestNG.runSuitesLocally(TestNG.java:1200)
at org.testng.TestNG.runSuites(TestNG.java:1114)
at org.testng.TestNG.run(TestNG.java:1082)
at org.apache.maven.surefire.testng.TestNGExecutor.run(TestNGExecutor.java:308)
at org.apache.maven.surefire.testng.TestNGXmlTestSuite.execute(TestNGXmlTestSuite.java:71)
at org.apache.maven.surefire.testng.TestNGProvider.invoke(TestNGProvider.java:113)
at org.apache.maven.surefire.booter.ForkedBooter.runSuitesInProcess(ForkedBooter.java:385)
at org.apache.maven.surefire.booter.ForkedBooter.execute(ForkedBooter.java:162)
at org.apache.maven.surefire.booter.ForkedBooter.run(ForkedBooter.java:507)
at org.apache.maven.surefire.booter.ForkedBooter.main(ForkedBooter.java:495)
]]>
            </full-stacktrace>
          </exception> <!-- java.lang.AssertionError -->
          <reporter-output>
          </reporter-output>
        </test-method> <!-- verifyCheckoutFunctionality -->
        <test-method is-config="true" signature="closeBrowser(org.testng.ITestResult)[pri:0, instance:testCase.SwagLabs5CheckoutPageTest@52bf72b5]" started-at="2024-10-25T14:57:13 IST" name="closeBrowser" finished-at="2024-10-25T14:57:22 IST" duration-ms="9745" status="PASS">
          <params>
            <param index="0">
              <value>
                <![CDATA[[TestResult name=verifyCheckoutFunctionality status=FAILURE method=SwagLabs5CheckoutPageTest.verifyCheckoutFunctionality(java.lang.String,java.lang.String,java.lang.String,java.lang.String)[pri:2, instance:testCase.SwagLabs5CheckoutPageTest@52bf72b5] output={null}]]]>
              </value>
            </param>
          </params>
          <reporter-output>
          </reporter-output>
        </test-method> <!-- closeBrowser -->
        <test-method is-config="true" signature="Setup(java.lang.String)[pri:0, instance:testCase.SwagLabs5CheckoutPageTest@52bf72b5]" started-at="2024-10-25T14:57:22 IST" name="Setup" finished-at="2024-10-25T14:57:34 IST" duration-ms="11162" status="PASS">
          <params>
            <param index="0">
              <value>
                <![CDATA[chrome]]>
              </value>
            </param>
          </params>
          <reporter-output>
          </reporter-output>
        </test-method> <!-- Setup -->
        <test-method signature="verifyCheckoutFunctionality(java.lang.String,java.lang.String,java.lang.String,java.lang.String)[pri:2, instance:testCase.SwagLabs5CheckoutPageTest@52bf72b5]" started-at="2024-10-25T14:57:34 IST" name="verifyCheckoutFunctionality" data-provider="checkoutData" finished-at="2024-10-25T14:57:37 IST" duration-ms="2919" status="PASS">
          <params>
            <param index="0">
              <value>
                <![CDATA[Verify Login functionality for username field is mandatory. (empty username and correct password.)]]>
              </value>
            </param>
            <param index="1">
              <value>
                <![CDATA[]]>
              </value>
            </param>
            <param index="2">
              <value>
                <![CDATA[secret_sauce]]>
              </value>
            </param>
            <param index="3">
              <value>
                <![CDATA[Fail]]>
              </value>
            </param>
          </params>
          <reporter-output>
          </reporter-output>
        </test-method> <!-- verifyCheckoutFunctionality -->
        <test-method is-config="true" signature="closeBrowser(org.testng.ITestResult)[pri:0, instance:testCase.SwagLabs5CheckoutPageTest@52bf72b5]" started-at="2024-10-25T14:57:37 IST" name="closeBrowser" finished-at="2024-10-25T14:57:46 IST" duration-ms="9852" status="PASS">
          <params>
            <param index="0">
              <value>
                <![CDATA[[TestResult name=verifyCheckoutFunctionality status=SUCCESS method=SwagLabs5CheckoutPageTest.verifyCheckoutFunctionality(java.lang.String,java.lang.String,java.lang.String,java.lang.String)[pri:2, instance:testCase.SwagLabs5CheckoutPageTest@52bf72b5] output={null}]]]>
              </value>
            </param>
          </params>
          <reporter-output>
          </reporter-output>
        </test-method> <!-- closeBrowser -->
        <test-method is-config="true" signature="Setup(java.lang.String)[pri:0, instance:testCase.SwagLabs5CheckoutPageTest@52bf72b5]" started-at="2024-10-25T14:57:46 IST" name="Setup" finished-at="2024-10-25T14:57:55 IST" duration-ms="9132" status="PASS">
          <params>
            <param index="0">
              <value>
                <![CDATA[chrome]]>
              </value>
            </param>
          </params>
          <reporter-output>
          </reporter-output>
        </test-method> <!-- Setup -->
        <test-method signature="verifyCheckoutFunctionality(java.lang.String,java.lang.String,java.lang.String,java.lang.String)[pri:2, instance:testCase.SwagLabs5CheckoutPageTest@52bf72b5]" started-at="2024-10-25T14:57:55 IST" name="verifyCheckoutFunctionality" data-provider="checkoutData" finished-at="2024-10-25T14:57:58 IST" duration-ms="2958" status="PASS">
          <params>
            <param index="0">
              <value>
                <![CDATA[Verify Login functionality for password field is mandatory. (empty username and correct password.)]]>
              </value>
            </param>
            <param index="1">
              <value>
                <![CDATA[standard_user]]>
              </value>
            </param>
            <param index="2">
              <value>
                <![CDATA[]]>
              </value>
            </param>
            <param index="3">
              <value>
                <![CDATA[Fail]]>
              </value>
            </param>
          </params>
          <reporter-output>
          </reporter-output>
        </test-method> <!-- verifyCheckoutFunctionality -->
        <test-method is-config="true" signature="closeBrowser(org.testng.ITestResult)[pri:0, instance:testCase.SwagLabs5CheckoutPageTest@52bf72b5]" started-at="2024-10-25T14:57:58 IST" name="closeBrowser" finished-at="2024-10-25T14:58:08 IST" duration-ms="9689" status="PASS">
          <params>
            <param index="0">
              <value>
                <![CDATA[[TestResult name=verifyCheckoutFunctionality status=SUCCESS method=SwagLabs5CheckoutPageTest.verifyCheckoutFunctionality(java.lang.String,java.lang.String,java.lang.String,java.lang.String)[pri:2, instance:testCase.SwagLabs5CheckoutPageTest@52bf72b5] output={null}]]]>
              </value>
            </param>
          </params>
          <reporter-output>
          </reporter-output>
        </test-method> <!-- closeBrowser -->
      </class> <!-- testCase.SwagLabs5CheckoutPageTest -->
    </test> <!-- Test -->
  </suite> <!-- Suite -->
</testng-results>
