<!DOCTYPE html PUBLIC "-//W3C//DTD XHTML 1.1//EN" "https://www.w3.org/TR/xhtml11/DTD/xhtml11.dtd">
<html xmlns="https://www.w3.org/1999/xhtml">
<head>
<meta http-equiv="content-type" content="text/html; charset=UTF-8"/>
<title>TestNG Report</title>
<style type="text/css">table {margin-bottom:10px;border-collapse:collapse;empty-cells:show}th,td {border:1px solid #009;padding:.25em .5em}th {vertical-align:bottom}td {vertical-align:top}table a {font-weight:bold}.stripe td {background-color: #E6EBF9}.num {text-align:right}.passedodd td {background-color: #3F3}.passedeven td {background-color: #0A0}.skippedodd td {background-color: #DDD}.skippedeven td {background-color: #CCC}.failedodd td,.attn {background-color: #F33}.failedeven td,.stripe .attn {background-color: #D00}.stacktrace {white-space:pre;font-family:monospace}.totop {font-size:85%;text-align:center;border-bottom:2px solid #000}.invisible {display:none}</style>
</head>
<body>
<table>
<tr><th>Test</th><th># Passed</th><th># Skipped</th><th># Retried</th><th># Failed</th><th>Time (ms)</th><th>Included Groups</th><th>Excluded Groups</th></tr>
<tr><th colspan="8">Suite</th></tr>
<tr><td><a href="#t0">Test</a></td><td class="num">8</td><td class="num">0</td><td class="num">0</td><td class="num attn">5</td><td class="num">406,076</td><td></td><td></td></tr>
</table>
<table id='summary'><thead><tr><th>Class</th><th>Method</th><th>Start</th><th>Time (ms)</th></tr></thead><tbody><tr><th colspan="4">Suite</th></tr></tbody><tbody id="t0"><tr><th colspan="4">Test &#8212; failed</th></tr><tr class="failedeven"><td rowspan="1">com.swagLabs.tests.CheckoutCompletepageTest</td><td><a href="#m0">verifyCheckoutSuccessMessage</a></td><td rowspan="1">1735914235058</td><td rowspan="1">47060</td></tr><tr class="failedodd"><td rowspan="1">com.swagLabs.tests.CheckoutOverviewPageTest</td><td><a href="#m1">verifyCheckoutFinishFunctionality</a></td><td rowspan="1">1735914164720</td><td rowspan="1">0</td></tr><tr class="failedeven"><td rowspan="1">com.swagLabs.tests.CheckoutPageTest</td><td><a href="#m2">verifyCheckoutFunctionality</a></td><td rowspan="1">1735914290589</td><td rowspan="1">42045</td></tr><tr class="failedodd"><td rowspan="1">com.swagLabs.tests.InventoryPageTest</td><td><a href="#m3">verifyUserIsAbleToNavigateToSocialMediaSites</a></td><td rowspan="1">1735914170723</td><td rowspan="1">28068</td></tr><tr class="failedeven"><td rowspan="1">com.swagLabs.tests.LoginPageTest</td><td><a href="#m4">checkLoginFunctionality</a></td><td rowspan="1">1735914404372</td><td rowspan="1">4013</td></tr><tr><th colspan="4">Test &#8212; passed</th></tr><tr class="passedeven"><td rowspan="2">com.swagLabs.tests.CartPageTest</td><td><a href="#m5">verifyUserCanCheckOut</a></td><td rowspan="1">1735914077778</td><td rowspan="1">30074</td></tr><tr class="passedeven"><td><a href="#m6">verifyUserCanRemoveItemsFromCart</a></td><td rowspan="1">1735914044115</td><td rowspan="1">30449</td></tr><tr class="passedodd"><td rowspan="1">com.swagLabs.tests.CheckoutPageTest</td><td><a href="#m7">verifyCheckoutFunctionality</a></td><td rowspan="1">1735914339690</td><td rowspan="1">41974</td></tr><tr class="passedeven"><td rowspan="1">com.swagLabs.tests.EndToEndTest</td><td><a href="#m8">verifyEndToEndPurchasingFunctionality</a></td><td rowspan="1">1735914111448</td><td rowspan="1">52677</td></tr><tr class="passedodd"><td rowspan="1">com.swagLabs.tests.InventoryPageTest</td><td><a href="#m9">verifyUserCanAddItemToCart</a></td><td rowspan="1">1735914204206</td><td rowspan="1">23794</td></tr><tr class="passedeven"><td rowspan="3">com.swagLabs.tests.LoginPageTest</td><td><a href="#m10">checkLoginFunctionality</a></td><td rowspan="3">1735914429600</td><td rowspan="3">14198</td></tr><tr class="passedeven"><td><a href="#m11">checkLoginFunctionality</a></td></tr><tr class="passedeven"><td><a href="#m12">checkLoginFunctionality</a></td></tr></tbody>
</table>
<h2>Test</h2><h3 id="m0">com.swagLabs.tests.CheckoutCompletepageTest#verifyCheckoutSuccessMessage</h3><table class="result"><tr><th>Exception</th></tr><tr><td><div class="stacktrace">org.openqa.selenium.NoSuchElementException: no such element: Unable to locate element: {&quot;method&quot;:&quot;xpath&quot;,&quot;selector&quot;:&quot;//div[@id=&apos;checkout_complete_container&apos;]&quot;}
  (Session info: chrome=131.0.6778.205)
For documentation on this error, please visit: https://www.selenium.dev/documentation/webdriver/troubleshooting/errors#no-such-element-exception
Build info: version: &apos;4.23.0&apos;, revision: &apos;4df0a231af&apos;
System info: os.name: &apos;Windows 10&apos;, os.arch: &apos;amd64&apos;, os.version: &apos;10.0&apos;, java.version: &apos;17.0.7&apos;
Driver info: org.openqa.selenium.chrome.ChromeDriver
Command: [230f85ff37d4ecd4d38eff9a62863a69, findElement {value=//div[@id=&apos;checkout_complete_container&apos;], using=xpath}]
Capabilities {acceptInsecureCerts: false, browserName: chrome, browserVersion: 131.0.6778.205, chrome: {chromedriverVersion: 131.0.6778.204 (52183f9e99a..., userDataDir: C:\Users\Admin\AppData\Loca...}, fedcm:accounts: true, goog:chromeOptions: {debuggerAddress: localhost:50488}, networkConnectionEnabled: false, pageLoadStrategy: normal, platformName: windows, proxy: Proxy(), se:cdp: ws://localhost:50488/devtoo..., se:cdpVersion: 131.0.6778.205, setWindowRect: true, strictFileInteractability: false, timeouts: {implicit: 0, pageLoad: 300000, script: 30000}, unhandledPromptBehavior: dismiss and notify, webauthn:extension:credBlob: true, webauthn:extension:largeBlob: true, webauthn:extension:minPinLength: true, webauthn:extension:prf: true, webauthn:virtualAuthenticators: true}
Session ID: 230f85ff37d4ecd4d38eff9a62863a69
	at org.openqa.selenium.remote.ErrorCodec.decode(ErrorCodec.java:167)
	at org.openqa.selenium.remote.codec.w3c.W3CHttpResponseCodec.decode(W3CHttpResponseCodec.java:138)
	at org.openqa.selenium.remote.codec.w3c.W3CHttpResponseCodec.decode(W3CHttpResponseCodec.java:50)
	at org.openqa.selenium.remote.HttpCommandExecutor.execute(HttpCommandExecutor.java:190)
	at org.openqa.selenium.remote.service.DriverCommandExecutor.invokeExecute(DriverCommandExecutor.java:216)
	at org.openqa.selenium.remote.service.DriverCommandExecutor.execute(DriverCommandExecutor.java:174)
	at org.openqa.selenium.remote.RemoteWebDriver.execute(RemoteWebDriver.java:527)
	at org.openqa.selenium.remote.ElementLocation$ElementFinder$2.findElement(ElementLocation.java:165)
	at org.openqa.selenium.remote.ElementLocation.findElement(ElementLocation.java:59)
	at org.openqa.selenium.remote.RemoteWebDriver.findElement(RemoteWebDriver.java:357)
	at org.openqa.selenium.remote.RemoteWebDriver.findElement(RemoteWebDriver.java:351)
	at org.openqa.selenium.support.pagefactory.DefaultElementLocator.findElement(DefaultElementLocator.java:68)
	at org.openqa.selenium.support.pagefactory.internal.LocatingElementHandler.invoke(LocatingElementHandler.java:38)
	at jdk.proxy2/jdk.proxy2.$Proxy33.getText(Unknown Source)
	at com.swagLabs.tests.CheckoutCompletepageTest.verifyCheckoutSuccessMessage(CheckoutCompletepageTest.java:53)
	at java.base/java.util.ArrayList.forEach(ArrayList.java:1511)
... Removed 32 stack frames</div></td></tr></table><p class="totop"><a href="#summary">back to summary</a></p>
<h3 id="m1">com.swagLabs.tests.CheckoutOverviewPageTest#verifyCheckoutFinishFunctionality</h3><table class="result"><tr><th>Exception</th></tr><tr><td><div class="stacktrace">org.testng.TestNGException: 
Cannot inject @Test annotated Method [verifyCheckoutFinishFunctionality] with [class java.lang.String, class java.lang.String, class java.lang.String, class java.lang.String].
For more information on native dependency injection please refer to https://testng.org/#_dependency_injection
	at java.base/java.util.ArrayList.forEach(ArrayList.java:1511)
... Removed 26 stack frames</div></td></tr></table><p class="totop"><a href="#summary">back to summary</a></p>
<h3 id="m2">com.swagLabs.tests.CheckoutPageTest#verifyCheckoutFunctionality</h3><table class="result"><tr class="param"><th>Parameter #1</th><th>Parameter #2</th><th>Parameter #3</th><th>Parameter #4</th></tr><tr class="param stripe"><td>Krushna</td><td>Patare</td><td>411016</td><td>Pass</td></tr><tr><th colspan="4">Exception</th></tr><tr><td colspan="4"><div class="stacktrace">java.lang.AssertionError: Assertion error occurred: Page Url should match. expected [https://www.saucedemo.com/checkout-complete.html] but found [https://www.saucedemo.com/checkout-step-two.html]
	at com.swagLabs.tests.CheckoutPageTest.verifyCheckoutFunctionality(CheckoutPageTest.java:79)
	at java.base/java.util.ArrayList.forEach(ArrayList.java:1511)
... Removed 28 stack frames</div></td></tr></table><p class="totop"><a href="#summary">back to summary</a></p>
<h3 id="m3">com.swagLabs.tests.InventoryPageTest#verifyUserIsAbleToNavigateToSocialMediaSites</h3><table class="result"><tr><th>Exception</th></tr><tr><td><div class="stacktrace">java.lang.AssertionError: Assertion error occurred: Page title should match. expected [Sauce Labs | LinkedIn] but found [Swag Labs]
	at com.swagLabs.tests.InventoryPageTest.verifyUserIsAbleToNavigateToSocialMediaSites(InventoryPageTest.java:115)
	at java.base/java.util.ArrayList.forEach(ArrayList.java:1511)
... Removed 28 stack frames</div></td></tr></table><p class="totop"><a href="#summary">back to summary</a></p>
<h3 id="m4">com.swagLabs.tests.LoginPageTest#checkLoginFunctionality</h3><table class="result"><tr class="param"><th>Parameter #1</th><th>Parameter #2</th><th>Parameter #3</th></tr><tr class="param stripe"><td>locked_out_user</td><td>secret_sauce</td><td>pass</td></tr><tr><th colspan="3">Exception</th></tr><tr><td colspan="3"><div class="stacktrace">java.lang.AssertionError: null
	at com.swagLabs.tests.LoginPageTest.checkLoginFunctionality(LoginPageTest.java:91)
	at java.base/java.util.ArrayList.forEach(ArrayList.java:1511)
... Removed 29 stack frames</div></td></tr></table><p class="totop"><a href="#summary">back to summary</a></p>
<h3 id="m5">com.swagLabs.tests.CartPageTest#verifyUserCanCheckOut</h3><table class="result"><tr><th class="invisible"/></tr></table><p class="totop"><a href="#summary">back to summary</a></p>
<h3 id="m6">com.swagLabs.tests.CartPageTest#verifyUserCanRemoveItemsFromCart</h3><table class="result"><tr><th class="invisible"/></tr></table><p class="totop"><a href="#summary">back to summary</a></p>
<h3 id="m7">com.swagLabs.tests.CheckoutPageTest#verifyCheckoutFunctionality</h3><table class="result"><tr class="param"><th>Parameter #1</th><th>Parameter #2</th><th>Parameter #3</th><th>Parameter #4</th></tr><tr class="param stripe"><td>12345</td><td>Patare</td><td>411016</td><td>Fail</td></tr></table><p class="totop"><a href="#summary">back to summary</a></p>
<h3 id="m8">com.swagLabs.tests.EndToEndTest#verifyEndToEndPurchasingFunctionality</h3><table class="result"><tr><th class="invisible"/></tr></table><p class="totop"><a href="#summary">back to summary</a></p>
<h3 id="m9">com.swagLabs.tests.InventoryPageTest#verifyUserCanAddItemToCart</h3><table class="result"><tr><th class="invisible"/></tr></table><p class="totop"><a href="#summary">back to summary</a></p>
<h3 id="m10">com.swagLabs.tests.LoginPageTest#checkLoginFunctionality</h3><table class="result"><tr class="param"><th>Parameter #1</th><th>Parameter #2</th><th>Parameter #3</th></tr><tr class="param stripe"><td>performance_glitch_user</td><td>secret_sauce</td><td>pass</td></tr></table><p class="totop"><a href="#summary">back to summary</a></p>
<h3 id="m11">com.swagLabs.tests.LoginPageTest#checkLoginFunctionality</h3><table class="result"><tr class="param"><th>Parameter #1</th><th>Parameter #2</th><th>Parameter #3</th></tr><tr class="param stripe"><td>problem_user</td><td>secret_sauce</td><td>pass</td></tr></table><p class="totop"><a href="#summary">back to summary</a></p>
<h3 id="m12">com.swagLabs.tests.LoginPageTest#checkLoginFunctionality</h3><table class="result"><tr class="param"><th>Parameter #1</th><th>Parameter #2</th><th>Parameter #3</th></tr><tr class="param stripe"><td>standard_user</td><td>secret_sauce</td><td>pass</td></tr></table><p class="totop"><a href="#summary">back to summary</a></p>
</body>
</html>
