<?xml version="1.0" encoding="UTF-8"?>
<testng-results ignored="0" total="13" passed="8" failed="5" skipped="0">
  <reporter-output>
  </reporter-output>
  <suite started-at="2025-01-13T21:22:45 IST" name="Suite" finished-at="2025-01-13T21:30:45 IST" duration-ms="479687">
    <groups>
    </groups>
    <test started-at="2025-01-13T21:22:45 IST" name="Test" finished-at="2025-01-13T21:30:45 IST" duration-ms="479687">
      <class name="com.swagLabs.tests.InventoryPageTest">
        <test-method is-config="true" signature="initializeBrowser(java.lang.String)[pri:0, instance:com.swagLabs.tests.InventoryPageTest@22ffa91a]" started-at="2025-01-13T21:25:21 IST" name="initializeBrowser" finished-at="2025-01-13T21:25:28 IST" duration-ms="6514" status="PASS">
          <params>
            <param index="0">
              <value>
                <![CDATA[chrome]]>
              </value>
            </param>
          </params>
          <reporter-output>
          </reporter-output>
        </test-method> <!-- initializeBrowser -->
        <test-method signature="verifyUserIsAbleToNavigateToSocialMediaSites()[pri:1, instance:com.swagLabs.tests.InventoryPageTest@22ffa91a]" started-at="2025-01-13T21:25:28 IST" name="verifyUserIsAbleToNavigateToSocialMediaSites" description="&lt;html&gt;&lt;body&gt;&lt;b&gt;&lt;pre&gt;&lt;span style=&#039;color:yellow;&#039;&gt;This test verifies that user is able to different social media handles of SwagLabs.com.&lt;/span&gt;&lt;/pre&gt;&lt;/b&gt;&lt;/body&gt;&lt;/html&gt;" finished-at="2025-01-13T21:26:19 IST" duration-ms="50968" status="FAIL">
          <exception class="java.lang.RuntimeException">
            <message>
              <![CDATA[java.lang.AssertionError: Expected Title 'Sauce Labs (@saucelabs) / X' does not match Actual Title ''. expected [Sauce Labs (@saucelabs) / X] but found []]]>
            </message>
            <full-stacktrace>
              <![CDATA[java.lang.RuntimeException: java.lang.AssertionError: Expected Title 'Sauce Labs (@saucelabs) / X' does not match Actual Title ''. expected [Sauce Labs (@saucelabs) / X] but found []
at com.swagLabs.utilities.ExceptionHandler.handleException(ExceptionHandler.java:16)
at com.swagLabs.tests.InventoryPageTest.verifyUserIsAbleToNavigateToSocialMediaSites(InventoryPageTest.java:120)
at java.base/jdk.internal.reflect.NativeMethodAccessorImpl.invoke0(Native Method)
at java.base/jdk.internal.reflect.NativeMethodAccessorImpl.invoke(NativeMethodAccessorImpl.java:77)
at java.base/jdk.internal.reflect.DelegatingMethodAccessorImpl.invoke(DelegatingMethodAccessorImpl.java:43)
at java.base/java.lang.reflect.Method.invoke(Method.java:568)
at org.testng.internal.invokers.MethodInvocationHelper.invokeMethod(MethodInvocationHelper.java:141)
at org.testng.internal.invokers.TestInvoker.invokeMethod(TestInvoker.java:686)
at org.testng.internal.invokers.TestInvoker.invokeTestMethod(TestInvoker.java:230)
at org.testng.internal.invokers.MethodRunner.runInSequence(MethodRunner.java:63)
at org.testng.internal.invokers.TestInvoker$MethodInvocationAgent.invoke(TestInvoker.java:992)
at org.testng.internal.invokers.TestInvoker.invokeTestMethods(TestInvoker.java:203)
at org.testng.internal.invokers.TestMethodWorker.invokeTestMethods(TestMethodWorker.java:154)
at org.testng.internal.invokers.TestMethodWorker.run(TestMethodWorker.java:134)
at java.base/java.util.ArrayList.forEach(ArrayList.java:1511)
at org.testng.TestRunner.privateRun(TestRunner.java:739)
at org.testng.TestRunner.run(TestRunner.java:614)
at org.testng.SuiteRunner.runTest(SuiteRunner.java:421)
at org.testng.SuiteRunner.runSequentially(SuiteRunner.java:413)
at org.testng.SuiteRunner.privateRun(SuiteRunner.java:373)
at org.testng.SuiteRunner.run(SuiteRunner.java:312)
at org.testng.SuiteRunnerWorker.runSuite(SuiteRunnerWorker.java:52)
at org.testng.SuiteRunnerWorker.run(SuiteRunnerWorker.java:95)
at org.testng.TestNG.runSuitesSequentially(TestNG.java:1274)
at org.testng.TestNG.runSuitesLocally(TestNG.java:1208)
at org.testng.TestNG.runSuites(TestNG.java:1112)
at org.testng.TestNG.run(TestNG.java:1079)
at org.testng.remote.AbstractRemoteTestNG.run(AbstractRemoteTestNG.java:115)
at org.testng.remote.RemoteTestNG.initAndRun(RemoteTestNG.java:293)
at org.testng.remote.RemoteTestNG.main(RemoteTestNG.java:91)
Caused by: java.lang.AssertionError: Expected Title 'Sauce Labs (@saucelabs) / X' does not match Actual Title ''. expected [Sauce Labs (@saucelabs) / X] but found []
at org.testng.Assert.fail(Assert.java:111)
at org.testng.Assert.failNotEquals(Assert.java:1578)
at org.testng.Assert.assertEqualsImpl(Assert.java:150)
at org.testng.Assert.assertEquals(Assert.java:132)
at org.testng.Assert.assertEquals(Assert.java:656)
at com.swagLabs.utilities.Validator.verifyTitle(Validator.java:117)
at com.swagLabs.tests.InventoryPageTest.verifyUserIsAbleToNavigateToSocialMediaSites(InventoryPageTest.java:89)
... 28 more
]]>
            </full-stacktrace>
          </exception> <!-- java.lang.RuntimeException -->
          <reporter-output>
          </reporter-output>
        </test-method> <!-- verifyUserIsAbleToNavigateToSocialMediaSites -->
        <test-method is-config="true" signature="tearDown()[pri:0, instance:com.swagLabs.tests.InventoryPageTest@22ffa91a]" started-at="2025-01-13T21:26:19 IST" name="tearDown" finished-at="2025-01-13T21:26:20 IST" duration-ms="580" status="PASS">
          <reporter-output>
          </reporter-output>
        </test-method> <!-- tearDown -->
        <test-method is-config="true" signature="initializeBrowser(java.lang.String)[pri:0, instance:com.swagLabs.tests.InventoryPageTest@22ffa91a]" started-at="2025-01-13T21:26:20 IST" name="initializeBrowser" finished-at="2025-01-13T21:26:24 IST" duration-ms="4046" status="PASS">
          <params>
            <param index="0">
              <value>
                <![CDATA[chrome]]>
              </value>
            </param>
          </params>
          <reporter-output>
          </reporter-output>
        </test-method> <!-- initializeBrowser -->
        <test-method signature="verifyUserCanAddItemToCart()[pri:2, instance:com.swagLabs.tests.InventoryPageTest@22ffa91a]" started-at="2025-01-13T21:26:24 IST" name="verifyUserCanAddItemToCart" description="&lt;html&gt;&lt;body&gt;&lt;b&gt;&lt;pre&gt;&lt;span style=&#039;color:yellow;&#039;&gt;This test verifies that user can add items to cart he wants to buy.&lt;/span&gt;&lt;/pre&gt;&lt;/b&gt;&lt;/body&gt;&lt;/html&gt;" finished-at="2025-01-13T21:26:48 IST" duration-ms="23996" status="PASS">
          <reporter-output>
          </reporter-output>
        </test-method> <!-- verifyUserCanAddItemToCart -->
        <test-method is-config="true" signature="tearDown()[pri:0, instance:com.swagLabs.tests.InventoryPageTest@22ffa91a]" started-at="2025-01-13T21:26:48 IST" name="tearDown" finished-at="2025-01-13T21:26:48 IST" duration-ms="474" status="PASS">
          <reporter-output>
          </reporter-output>
        </test-method> <!-- tearDown -->
      </class> <!-- com.swagLabs.tests.InventoryPageTest -->
      <class name="com.swagLabs.tests.CheckoutCompletepageTest">
        <test-method is-config="true" signature="initializeBrowser(java.lang.String)[pri:0, instance:com.swagLabs.tests.CheckoutCompletepageTest@74960bfa]" started-at="2025-01-13T21:26:48 IST" name="initializeBrowser" finished-at="2025-01-13T21:26:52 IST" duration-ms="3818" status="PASS">
          <params>
            <param index="0">
              <value>
                <![CDATA[chrome]]>
              </value>
            </param>
          </params>
          <reporter-output>
          </reporter-output>
        </test-method> <!-- initializeBrowser -->
        <test-method signature="verifyCheckoutSuccessMessage()[pri:1, instance:com.swagLabs.tests.CheckoutCompletepageTest@74960bfa]" started-at="2025-01-13T21:26:52 IST" name="verifyCheckoutSuccessMessage" description="&lt;html&gt;&lt;body&gt;&lt;b&gt;&lt;pre&gt;&lt;span style=&#039;color:yellow;&#039;&gt;This test verifies that user after order placing process completion, a success message is displayed.&lt;/span&gt;&lt;/pre&gt;&lt;/b&gt;&lt;/body&gt;&lt;/html&gt;" finished-at="2025-01-13T21:27:50 IST" duration-ms="58140" status="PASS">
          <reporter-output>
          </reporter-output>
        </test-method> <!-- verifyCheckoutSuccessMessage -->
        <test-method is-config="true" signature="tearDown()[pri:0, instance:com.swagLabs.tests.CheckoutCompletepageTest@74960bfa]" started-at="2025-01-13T21:27:50 IST" name="tearDown" finished-at="2025-01-13T21:27:50 IST" duration-ms="453" status="PASS">
          <reporter-output>
          </reporter-output>
        </test-method> <!-- tearDown -->
      </class> <!-- com.swagLabs.tests.CheckoutCompletepageTest -->
      <class name="com.swagLabs.tests.EndToEndTest">
        <test-method is-config="true" signature="initializeBrowser(java.lang.String)[pri:0, instance:com.swagLabs.tests.EndToEndTest@232a7d73]" started-at="2025-01-13T21:24:21 IST" name="initializeBrowser" finished-at="2025-01-13T21:24:27 IST" duration-ms="5356" status="PASS">
          <params>
            <param index="0">
              <value>
                <![CDATA[chrome]]>
              </value>
            </param>
          </params>
          <reporter-output>
          </reporter-output>
        </test-method> <!-- initializeBrowser -->
        <test-method signature="verifyEndToEndPurchasingFunctionality()[pri:1, instance:com.swagLabs.tests.EndToEndTest@232a7d73]" started-at="2025-01-13T21:24:27 IST" name="verifyEndToEndPurchasingFunctionality" description="&lt;html&gt;&lt;body&gt;&lt;b&gt;&lt;pre&gt;&lt;span style=&#039;color:yellow;&#039;&gt;This test verifies complete purchasing functionality cycle.&lt;/span&gt;&lt;/pre&gt;&lt;/b&gt;&lt;/body&gt;&lt;/html&gt;" finished-at="2025-01-13T21:25:21 IST" duration-ms="53828" status="FAIL">
          <exception class="java.lang.RuntimeException">
            <message>
              <![CDATA[java.lang.IllegalArgumentException: Invalid result argument 'Page url should match.'. Use 'pass' or 'fail'.]]>
            </message>
            <full-stacktrace>
              <![CDATA[java.lang.RuntimeException: java.lang.IllegalArgumentException: Invalid result argument 'Page url should match.'. Use 'pass' or 'fail'.
at com.swagLabs.utilities.ExceptionHandler.handleException(ExceptionHandler.java:9)
at com.swagLabs.tests.EndToEndTest.verifyEndToEndPurchasingFunctionality(EndToEndTest.java:82)
at java.base/jdk.internal.reflect.NativeMethodAccessorImpl.invoke0(Native Method)
at java.base/jdk.internal.reflect.NativeMethodAccessorImpl.invoke(NativeMethodAccessorImpl.java:77)
at java.base/jdk.internal.reflect.DelegatingMethodAccessorImpl.invoke(DelegatingMethodAccessorImpl.java:43)
at java.base/java.lang.reflect.Method.invoke(Method.java:568)
at org.testng.internal.invokers.MethodInvocationHelper.invokeMethod(MethodInvocationHelper.java:141)
at org.testng.internal.invokers.TestInvoker.invokeMethod(TestInvoker.java:686)
at org.testng.internal.invokers.TestInvoker.invokeTestMethod(TestInvoker.java:230)
at org.testng.internal.invokers.MethodRunner.runInSequence(MethodRunner.java:63)
at org.testng.internal.invokers.TestInvoker$MethodInvocationAgent.invoke(TestInvoker.java:992)
at org.testng.internal.invokers.TestInvoker.invokeTestMethods(TestInvoker.java:203)
at org.testng.internal.invokers.TestMethodWorker.invokeTestMethods(TestMethodWorker.java:154)
at org.testng.internal.invokers.TestMethodWorker.run(TestMethodWorker.java:134)
at java.base/java.util.ArrayList.forEach(ArrayList.java:1511)
at org.testng.TestRunner.privateRun(TestRunner.java:739)
at org.testng.TestRunner.run(TestRunner.java:614)
at org.testng.SuiteRunner.runTest(SuiteRunner.java:421)
at org.testng.SuiteRunner.runSequentially(SuiteRunner.java:413)
at org.testng.SuiteRunner.privateRun(SuiteRunner.java:373)
at org.testng.SuiteRunner.run(SuiteRunner.java:312)
at org.testng.SuiteRunnerWorker.runSuite(SuiteRunnerWorker.java:52)
at org.testng.SuiteRunnerWorker.run(SuiteRunnerWorker.java:95)
at org.testng.TestNG.runSuitesSequentially(TestNG.java:1274)
at org.testng.TestNG.runSuitesLocally(TestNG.java:1208)
at org.testng.TestNG.runSuites(TestNG.java:1112)
at org.testng.TestNG.run(TestNG.java:1079)
at org.testng.remote.AbstractRemoteTestNG.run(AbstractRemoteTestNG.java:115)
at org.testng.remote.RemoteTestNG.initAndRun(RemoteTestNG.java:293)
at org.testng.remote.RemoteTestNG.main(RemoteTestNG.java:91)
Caused by: java.lang.IllegalArgumentException: Invalid result argument 'Page url should match.'. Use 'pass' or 'fail'.
at com.swagLabs.utilities.Validator.verifyUrl(Validator.java:23)
at com.swagLabs.tests.EndToEndTest.verifyEndToEndPurchasingFunctionality(EndToEndTest.java:71)
... 28 more
]]>
            </full-stacktrace>
          </exception> <!-- java.lang.RuntimeException -->
          <reporter-output>
          </reporter-output>
        </test-method> <!-- verifyEndToEndPurchasingFunctionality -->
        <test-method is-config="true" signature="tearDown()[pri:0, instance:com.swagLabs.tests.EndToEndTest@232a7d73]" started-at="2025-01-13T21:25:21 IST" name="tearDown" finished-at="2025-01-13T21:25:21 IST" duration-ms="391" status="PASS">
          <reporter-output>
          </reporter-output>
        </test-method> <!-- tearDown -->
      </class> <!-- com.swagLabs.tests.EndToEndTest -->
      <class name="com.swagLabs.tests.CheckoutOverviewPageTest">
        <test-method signature="verifyCheckoutFinishFunctionality(java.lang.String,java.lang.String,java.lang.String,java.lang.String)[pri:1, instance:com.swagLabs.tests.CheckoutOverviewPageTest@4b41e4dd]" started-at="2025-01-13T21:25:21 IST" name="verifyCheckoutFinishFunctionality" description="&lt;html&gt;&lt;body&gt;&lt;b&gt;&lt;pre&gt;&lt;span style=&#039;color:yellow;&#039;&gt;This test verifies that user can complete the order placing process.&lt;/span&gt;&lt;/pre&gt;&lt;/b&gt;&lt;/body&gt;&lt;/html&gt;" finished-at="2025-01-13T21:25:21 IST" duration-ms="0" status="FAIL">
          <exception class="org.testng.TestNGException">
            <message>
              <![CDATA[
Cannot inject @Test annotated Method [verifyCheckoutFinishFunctionality] with [class java.lang.String, class java.lang.String, class java.lang.String, class java.lang.String].
For more information on native dependency injection please refer to https://testng.org/#_dependency_injection]]>
            </message>
            <full-stacktrace>
              <![CDATA[org.testng.TestNGException: 
Cannot inject @Test annotated Method [verifyCheckoutFinishFunctionality] with [class java.lang.String, class java.lang.String, class java.lang.String, class java.lang.String].
For more information on native dependency injection please refer to https://testng.org/#_dependency_injection
at org.testng.internal.Parameters.checkParameterTypes(Parameters.java:442)
at org.testng.internal.Parameters.createParametersForMethod(Parameters.java:347)
at org.testng.internal.Parameters.createParameters(Parameters.java:699)
at org.testng.internal.Parameters.handleParameters(Parameters.java:885)
at org.testng.internal.Parameters.handleParameters(Parameters.java:734)
at org.testng.internal.invokers.ParameterHandler.handleParameters(ParameterHandler.java:72)
at org.testng.internal.invokers.ParameterHandler.createParameters(ParameterHandler.java:51)
at org.testng.internal.invokers.TestInvoker$MethodInvocationAgent.invoke(TestInvoker.java:946)
at org.testng.internal.invokers.TestInvoker.invokeTestMethods(TestInvoker.java:203)
at org.testng.internal.invokers.TestMethodWorker.invokeTestMethods(TestMethodWorker.java:154)
at org.testng.internal.invokers.TestMethodWorker.run(TestMethodWorker.java:134)
at java.base/java.util.ArrayList.forEach(ArrayList.java:1511)
at org.testng.TestRunner.privateRun(TestRunner.java:739)
at org.testng.TestRunner.run(TestRunner.java:614)
at org.testng.SuiteRunner.runTest(SuiteRunner.java:421)
at org.testng.SuiteRunner.runSequentially(SuiteRunner.java:413)
at org.testng.SuiteRunner.privateRun(SuiteRunner.java:373)
at org.testng.SuiteRunner.run(SuiteRunner.java:312)
at org.testng.SuiteRunnerWorker.runSuite(SuiteRunnerWorker.java:52)
at org.testng.SuiteRunnerWorker.run(SuiteRunnerWorker.java:95)
at org.testng.TestNG.runSuitesSequentially(TestNG.java:1274)
at org.testng.TestNG.runSuitesLocally(TestNG.java:1208)
at org.testng.TestNG.runSuites(TestNG.java:1112)
at org.testng.TestNG.run(TestNG.java:1079)
at org.testng.remote.AbstractRemoteTestNG.run(AbstractRemoteTestNG.java:115)
at org.testng.remote.RemoteTestNG.initAndRun(RemoteTestNG.java:293)
at org.testng.remote.RemoteTestNG.main(RemoteTestNG.java:91)
]]>
            </full-stacktrace>
          </exception> <!-- org.testng.TestNGException -->
          <reporter-output>
          </reporter-output>
        </test-method> <!-- verifyCheckoutFinishFunctionality -->
      </class> <!-- com.swagLabs.tests.CheckoutOverviewPageTest -->
      <class name="com.swagLabs.tests.CartPageTest">
        <test-method is-config="true" signature="initializeBrowser(java.lang.String)[pri:0, instance:com.swagLabs.tests.CartPageTest@32193bea]" started-at="2025-01-13T21:22:46 IST" name="initializeBrowser" finished-at="2025-01-13T21:22:57 IST" duration-ms="10373" status="PASS">
          <params>
            <param index="0">
              <value>
                <![CDATA[chrome]]>
              </value>
            </param>
          </params>
          <reporter-output>
          </reporter-output>
        </test-method> <!-- initializeBrowser -->
        <test-method signature="verifyUserCanRemoveItemsFromCart()[pri:1, instance:com.swagLabs.tests.CartPageTest@32193bea]" started-at="2025-01-13T21:22:57 IST" name="verifyUserCanRemoveItemsFromCart" description="&lt;html&gt;&lt;body&gt;&lt;b&gt;&lt;pre&gt;&lt;span style=&#039;color:yellow;&#039;&gt;This test verifies that user can remove mutiple items from the cart.&lt;/span&gt;&lt;/pre&gt;&lt;/b&gt;&lt;/body&gt;&lt;/html&gt;" finished-at="2025-01-13T21:23:36 IST" duration-ms="39542" status="PASS">
          <reporter-output>
          </reporter-output>
        </test-method> <!-- verifyUserCanRemoveItemsFromCart -->
        <test-method is-config="true" signature="tearDown()[pri:0, instance:com.swagLabs.tests.CartPageTest@32193bea]" started-at="2025-01-13T21:23:36 IST" name="tearDown" finished-at="2025-01-13T21:23:37 IST" duration-ms="737" status="PASS">
          <reporter-output>
          </reporter-output>
        </test-method> <!-- tearDown -->
        <test-method is-config="true" signature="initializeBrowser(java.lang.String)[pri:0, instance:com.swagLabs.tests.CartPageTest@32193bea]" started-at="2025-01-13T21:23:37 IST" name="initializeBrowser" finished-at="2025-01-13T21:23:41 IST" duration-ms="4310" status="PASS">
          <params>
            <param index="0">
              <value>
                <![CDATA[chrome]]>
              </value>
            </param>
          </params>
          <reporter-output>
          </reporter-output>
        </test-method> <!-- initializeBrowser -->
        <test-method signature="verifyUserCanCheckOut()[pri:2, instance:com.swagLabs.tests.CartPageTest@32193bea]" started-at="2025-01-13T21:23:41 IST" name="verifyUserCanCheckOut" description="&lt;html&gt;&lt;body&gt;&lt;b&gt;&lt;pre&gt;&lt;span style=&#039;color:yellow;&#039;&gt;This test verifies that user can navigate to checkout page for futher process.&lt;/span&gt;&lt;/pre&gt;&lt;/b&gt;&lt;/body&gt;&lt;/html&gt;" finished-at="2025-01-13T21:24:21 IST" duration-ms="39782" status="PASS">
          <reporter-output>
          </reporter-output>
        </test-method> <!-- verifyUserCanCheckOut -->
        <test-method is-config="true" signature="tearDown()[pri:0, instance:com.swagLabs.tests.CartPageTest@32193bea]" started-at="2025-01-13T21:24:21 IST" name="tearDown" finished-at="2025-01-13T21:24:21 IST" duration-ms="473" status="PASS">
          <reporter-output>
          </reporter-output>
        </test-method> <!-- tearDown -->
      </class> <!-- com.swagLabs.tests.CartPageTest -->
      <class name="com.swagLabs.tests.CheckoutPageTest">
        <test-method is-config="true" signature="initializeBrowser(java.lang.String)[pri:0, instance:com.swagLabs.tests.CheckoutPageTest@42721fe]" started-at="2025-01-13T21:27:52 IST" name="initializeBrowser" finished-at="2025-01-13T21:28:00 IST" duration-ms="7275" status="PASS">
          <params>
            <param index="0">
              <value>
                <![CDATA[chrome]]>
              </value>
            </param>
          </params>
          <reporter-output>
          </reporter-output>
        </test-method> <!-- initializeBrowser -->
        <test-method signature="verifyCheckoutFunctionality(java.lang.String,java.lang.String,java.lang.String,java.lang.String)[pri:1, instance:com.swagLabs.tests.CheckoutPageTest@42721fe]" started-at="2025-01-13T21:28:00 IST" name="verifyCheckoutFunctionality" description="&lt;html&gt;&lt;body&gt;&lt;b&gt;&lt;pre&gt;&lt;span style=&#039;color:yellow;&#039;&gt;This test verifies that user can complete the order placing process.&lt;/span&gt;&lt;/pre&gt;&lt;/b&gt;&lt;/body&gt;&lt;/html&gt;" data-provider="checkoutData" finished-at="2025-01-13T21:28:42 IST" duration-ms="42855" status="FAIL">
          <params>
            <param index="0">
              <value>
                <![CDATA[Krushna]]>
              </value>
            </param>
            <param index="1">
              <value>
                <![CDATA[Patare]]>
              </value>
            </param>
            <param index="2">
              <value>
                <![CDATA[411016]]>
              </value>
            </param>
            <param index="3">
              <value>
                <![CDATA[Pass]]>
              </value>
            </param>
          </params>
          <exception class="java.lang.RuntimeException">
            <message>
              <![CDATA[java.lang.AssertionError: Expected URL 'https://www.saucedemo.com/checkout-complete.html' does not match Actual URL 'https://www.saucedemo.com/checkout-step-two.html' for 'pass' condition. expected [https://www.saucedemo.com/checkout-complete.html] but found [https://www.saucedemo.com/checkout-step-two.html]]]>
            </message>
            <full-stacktrace>
              <![CDATA[java.lang.RuntimeException: java.lang.AssertionError: Expected URL 'https://www.saucedemo.com/checkout-complete.html' does not match Actual URL 'https://www.saucedemo.com/checkout-step-two.html' for 'pass' condition. expected [https://www.saucedemo.com/checkout-complete.html] but found [https://www.saucedemo.com/checkout-step-two.html]
at com.swagLabs.utilities.ExceptionHandler.handleException(ExceptionHandler.java:16)
at com.swagLabs.tests.CheckoutPageTest.verifyCheckoutFunctionality(CheckoutPageTest.java:77)
at java.base/jdk.internal.reflect.NativeMethodAccessorImpl.invoke0(Native Method)
at java.base/jdk.internal.reflect.NativeMethodAccessorImpl.invoke(NativeMethodAccessorImpl.java:77)
at java.base/jdk.internal.reflect.DelegatingMethodAccessorImpl.invoke(DelegatingMethodAccessorImpl.java:43)
at java.base/java.lang.reflect.Method.invoke(Method.java:568)
at org.testng.internal.invokers.MethodInvocationHelper.invokeMethod(MethodInvocationHelper.java:141)
at org.testng.internal.invokers.TestInvoker.invokeMethod(TestInvoker.java:686)
at org.testng.internal.invokers.TestInvoker.invokeTestMethod(TestInvoker.java:230)
at org.testng.internal.invokers.MethodRunner.runInSequence(MethodRunner.java:63)
at org.testng.internal.invokers.TestInvoker$MethodInvocationAgent.invoke(TestInvoker.java:992)
at org.testng.internal.invokers.TestInvoker.invokeTestMethods(TestInvoker.java:203)
at org.testng.internal.invokers.TestMethodWorker.invokeTestMethods(TestMethodWorker.java:154)
at org.testng.internal.invokers.TestMethodWorker.run(TestMethodWorker.java:134)
at java.base/java.util.ArrayList.forEach(ArrayList.java:1511)
at org.testng.TestRunner.privateRun(TestRunner.java:739)
at org.testng.TestRunner.run(TestRunner.java:614)
at org.testng.SuiteRunner.runTest(SuiteRunner.java:421)
at org.testng.SuiteRunner.runSequentially(SuiteRunner.java:413)
at org.testng.SuiteRunner.privateRun(SuiteRunner.java:373)
at org.testng.SuiteRunner.run(SuiteRunner.java:312)
at org.testng.SuiteRunnerWorker.runSuite(SuiteRunnerWorker.java:52)
at org.testng.SuiteRunnerWorker.run(SuiteRunnerWorker.java:95)
at org.testng.TestNG.runSuitesSequentially(TestNG.java:1274)
at org.testng.TestNG.runSuitesLocally(TestNG.java:1208)
at org.testng.TestNG.runSuites(TestNG.java:1112)
at org.testng.TestNG.run(TestNG.java:1079)
at org.testng.remote.AbstractRemoteTestNG.run(AbstractRemoteTestNG.java:115)
at org.testng.remote.RemoteTestNG.initAndRun(RemoteTestNG.java:293)
at org.testng.remote.RemoteTestNG.main(RemoteTestNG.java:91)
Caused by: java.lang.AssertionError: Expected URL 'https://www.saucedemo.com/checkout-complete.html' does not match Actual URL 'https://www.saucedemo.com/checkout-step-two.html' for 'pass' condition. expected [https://www.saucedemo.com/checkout-complete.html] but found [https://www.saucedemo.com/checkout-step-two.html]
at org.testng.Assert.fail(Assert.java:111)
at org.testng.Assert.failNotEquals(Assert.java:1578)
at org.testng.Assert.assertEqualsImpl(Assert.java:150)
at org.testng.Assert.assertEquals(Assert.java:132)
at org.testng.Assert.assertEquals(Assert.java:656)
at com.swagLabs.utilities.Validator.verifyUrl(Validator.java:14)
at com.swagLabs.tests.CheckoutPageTest.verifyCheckoutFunctionality(CheckoutPageTest.java:70)
... 28 more
]]>
            </full-stacktrace>
          </exception> <!-- java.lang.RuntimeException -->
          <reporter-output>
          </reporter-output>
        </test-method> <!-- verifyCheckoutFunctionality -->
        <test-method is-config="true" signature="tearDown()[pri:0, instance:com.swagLabs.tests.CheckoutPageTest@42721fe]" started-at="2025-01-13T21:28:43 IST" name="tearDown" finished-at="2025-01-13T21:28:43 IST" duration-ms="418" status="PASS">
          <reporter-output>
          </reporter-output>
        </test-method> <!-- tearDown -->
        <test-method is-config="true" signature="initializeBrowser(java.lang.String)[pri:0, instance:com.swagLabs.tests.CheckoutPageTest@42721fe]" started-at="2025-01-13T21:28:43 IST" name="initializeBrowser" finished-at="2025-01-13T21:28:50 IST" duration-ms="6861" status="PASS">
          <params>
            <param index="0">
              <value>
                <![CDATA[chrome]]>
              </value>
            </param>
          </params>
          <reporter-output>
          </reporter-output>
        </test-method> <!-- initializeBrowser -->
        <test-method signature="verifyCheckoutFunctionality(java.lang.String,java.lang.String,java.lang.String,java.lang.String)[pri:1, instance:com.swagLabs.tests.CheckoutPageTest@42721fe]" started-at="2025-01-13T21:28:50 IST" name="verifyCheckoutFunctionality" description="&lt;html&gt;&lt;body&gt;&lt;b&gt;&lt;pre&gt;&lt;span style=&#039;color:yellow;&#039;&gt;This test verifies that user can complete the order placing process.&lt;/span&gt;&lt;/pre&gt;&lt;/b&gt;&lt;/body&gt;&lt;/html&gt;" data-provider="checkoutData" finished-at="2025-01-13T21:29:42 IST" duration-ms="52257" status="PASS">
          <params>
            <param index="0">
              <value>
                <![CDATA[12345]]>
              </value>
            </param>
            <param index="1">
              <value>
                <![CDATA[Patare]]>
              </value>
            </param>
            <param index="2">
              <value>
                <![CDATA[411016]]>
              </value>
            </param>
            <param index="3">
              <value>
                <![CDATA[Fail]]>
              </value>
            </param>
          </params>
          <reporter-output>
          </reporter-output>
        </test-method> <!-- verifyCheckoutFunctionality -->
        <test-method is-config="true" signature="tearDown()[pri:0, instance:com.swagLabs.tests.CheckoutPageTest@42721fe]" started-at="2025-01-13T21:29:42 IST" name="tearDown" finished-at="2025-01-13T21:29:42 IST" duration-ms="421" status="PASS">
          <reporter-output>
          </reporter-output>
        </test-method> <!-- tearDown -->
      </class> <!-- com.swagLabs.tests.CheckoutPageTest -->
      <class name="com.swagLabs.tests.LoginPageTest">
        <test-method is-config="true" signature="initializeBrowser(java.lang.String)[pri:0, instance:com.swagLabs.tests.LoginPageTest@40844aab]" started-at="2025-01-13T21:29:43 IST" name="initializeBrowser" finished-at="2025-01-13T21:29:47 IST" duration-ms="3708" status="PASS">
          <params>
            <param index="0">
              <value>
                <![CDATA[chrome]]>
              </value>
            </param>
          </params>
          <reporter-output>
          </reporter-output>
        </test-method> <!-- initializeBrowser -->
        <test-method signature="checkLoginFunctionality(java.lang.String,java.lang.String,java.lang.String)[pri:1, instance:com.swagLabs.tests.LoginPageTest@40844aab]" started-at="2025-01-13T21:29:47 IST" name="checkLoginFunctionality" description="&lt;html&gt;&lt;body&gt;&lt;b&gt;&lt;pre&gt;&lt;span style=&#039;color:yellow;&#039;&gt;This test verifies the login functionality with testdata provided.&lt;/span&gt;&lt;/pre&gt;&lt;/b&gt;&lt;/body&gt;&lt;/html&gt;" data-provider="loginData" finished-at="2025-01-13T21:29:56 IST" duration-ms="9133" status="PASS">
          <params>
            <param index="0">
              <value>
                <![CDATA[standard_user]]>
              </value>
            </param>
            <param index="1">
              <value>
                <![CDATA[secret_sauce]]>
              </value>
            </param>
            <param index="2">
              <value>
                <![CDATA[pass]]>
              </value>
            </param>
          </params>
          <reporter-output>
          </reporter-output>
        </test-method> <!-- checkLoginFunctionality -->
        <test-method is-config="true" signature="tearDown()[pri:0, instance:com.swagLabs.tests.LoginPageTest@40844aab]" started-at="2025-01-13T21:29:56 IST" name="tearDown" finished-at="2025-01-13T21:29:56 IST" duration-ms="397" status="PASS">
          <reporter-output>
          </reporter-output>
        </test-method> <!-- tearDown -->
        <test-method is-config="true" signature="initializeBrowser(java.lang.String)[pri:0, instance:com.swagLabs.tests.LoginPageTest@40844aab]" started-at="2025-01-13T21:29:56 IST" name="initializeBrowser" finished-at="2025-01-13T21:30:03 IST" duration-ms="6612" status="PASS">
          <params>
            <param index="0">
              <value>
                <![CDATA[chrome]]>
              </value>
            </param>
          </params>
          <reporter-output>
          </reporter-output>
        </test-method> <!-- initializeBrowser -->
        <test-method signature="checkLoginFunctionality(java.lang.String,java.lang.String,java.lang.String)[pri:1, instance:com.swagLabs.tests.LoginPageTest@40844aab]" started-at="2025-01-13T21:30:03 IST" name="checkLoginFunctionality" description="&lt;html&gt;&lt;body&gt;&lt;b&gt;&lt;pre&gt;&lt;span style=&#039;color:yellow;&#039;&gt;This test verifies the login functionality with testdata provided.&lt;/span&gt;&lt;/pre&gt;&lt;/b&gt;&lt;/body&gt;&lt;/html&gt;" data-provider="loginData" finished-at="2025-01-13T21:30:07 IST" duration-ms="4306" status="FAIL">
          <params>
            <param index="0">
              <value>
                <![CDATA[locked_out_user]]>
              </value>
            </param>
            <param index="1">
              <value>
                <![CDATA[secret_sauce]]>
              </value>
            </param>
            <param index="2">
              <value>
                <![CDATA[pass]]>
              </value>
            </param>
          </params>
          <exception class="java.lang.RuntimeException">
            <message>
              <![CDATA[java.lang.AssertionError: Expected URL 'https://www.saucedemo.com/inventory.html' does not match Actual URL 'https://www.saucedemo.com/' for 'pass' condition. expected [https://www.saucedemo.com/inventory.html] but found [https://www.saucedemo.com/]]]>
            </message>
            <full-stacktrace>
              <![CDATA[java.lang.RuntimeException: java.lang.AssertionError: Expected URL 'https://www.saucedemo.com/inventory.html' does not match Actual URL 'https://www.saucedemo.com/' for 'pass' condition. expected [https://www.saucedemo.com/inventory.html] but found [https://www.saucedemo.com/]
at com.swagLabs.utilities.ExceptionHandler.handleException(ExceptionHandler.java:16)
at com.swagLabs.tests.LoginPageTest.checkLoginFunctionality(LoginPageTest.java:65)
at java.base/jdk.internal.reflect.NativeMethodAccessorImpl.invoke0(Native Method)
at java.base/jdk.internal.reflect.NativeMethodAccessorImpl.invoke(NativeMethodAccessorImpl.java:77)
at java.base/jdk.internal.reflect.DelegatingMethodAccessorImpl.invoke(DelegatingMethodAccessorImpl.java:43)
at java.base/java.lang.reflect.Method.invoke(Method.java:568)
at org.testng.internal.invokers.MethodInvocationHelper.invokeMethod(MethodInvocationHelper.java:141)
at org.testng.internal.invokers.TestInvoker.invokeMethod(TestInvoker.java:686)
at org.testng.internal.invokers.TestInvoker.invokeTestMethod(TestInvoker.java:230)
at org.testng.internal.invokers.MethodRunner.runInSequence(MethodRunner.java:63)
at org.testng.internal.invokers.TestInvoker$MethodInvocationAgent.invoke(TestInvoker.java:992)
at org.testng.internal.invokers.TestInvoker.invokeTestMethods(TestInvoker.java:203)
at org.testng.internal.invokers.TestMethodWorker.invokeTestMethods(TestMethodWorker.java:154)
at org.testng.internal.invokers.TestMethodWorker.run(TestMethodWorker.java:134)
at java.base/java.util.ArrayList.forEach(ArrayList.java:1511)
at org.testng.TestRunner.privateRun(TestRunner.java:739)
at org.testng.TestRunner.run(TestRunner.java:614)
at org.testng.SuiteRunner.runTest(SuiteRunner.java:421)
at org.testng.SuiteRunner.runSequentially(SuiteRunner.java:413)
at org.testng.SuiteRunner.privateRun(SuiteRunner.java:373)
at org.testng.SuiteRunner.run(SuiteRunner.java:312)
at org.testng.SuiteRunnerWorker.runSuite(SuiteRunnerWorker.java:52)
at org.testng.SuiteRunnerWorker.run(SuiteRunnerWorker.java:95)
at org.testng.TestNG.runSuitesSequentially(TestNG.java:1274)
at org.testng.TestNG.runSuitesLocally(TestNG.java:1208)
at org.testng.TestNG.runSuites(TestNG.java:1112)
at org.testng.TestNG.run(TestNG.java:1079)
at org.testng.remote.AbstractRemoteTestNG.run(AbstractRemoteTestNG.java:115)
at org.testng.remote.RemoteTestNG.initAndRun(RemoteTestNG.java:293)
at org.testng.remote.RemoteTestNG.main(RemoteTestNG.java:91)
Caused by: java.lang.AssertionError: Expected URL 'https://www.saucedemo.com/inventory.html' does not match Actual URL 'https://www.saucedemo.com/' for 'pass' condition. expected [https://www.saucedemo.com/inventory.html] but found [https://www.saucedemo.com/]
at org.testng.Assert.fail(Assert.java:111)
at org.testng.Assert.failNotEquals(Assert.java:1578)
at org.testng.Assert.assertEqualsImpl(Assert.java:150)
at org.testng.Assert.assertEquals(Assert.java:132)
at org.testng.Assert.assertEquals(Assert.java:656)
at com.swagLabs.utilities.Validator.verifyUrl(Validator.java:14)
at com.swagLabs.tests.LoginPageTest.checkLoginFunctionality(LoginPageTest.java:61)
... 28 more
]]>
            </full-stacktrace>
          </exception> <!-- java.lang.RuntimeException -->
          <reporter-output>
          </reporter-output>
        </test-method> <!-- checkLoginFunctionality -->
        <test-method is-config="true" signature="tearDown()[pri:0, instance:com.swagLabs.tests.LoginPageTest@40844aab]" started-at="2025-01-13T21:30:07 IST" name="tearDown" finished-at="2025-01-13T21:30:08 IST" duration-ms="413" status="PASS">
          <reporter-output>
          </reporter-output>
        </test-method> <!-- tearDown -->
        <test-method is-config="true" signature="initializeBrowser(java.lang.String)[pri:0, instance:com.swagLabs.tests.LoginPageTest@40844aab]" started-at="2025-01-13T21:30:08 IST" name="initializeBrowser" finished-at="2025-01-13T21:30:14 IST" duration-ms="5722" status="PASS">
          <params>
            <param index="0">
              <value>
                <![CDATA[chrome]]>
              </value>
            </param>
          </params>
          <reporter-output>
          </reporter-output>
        </test-method> <!-- initializeBrowser -->
        <test-method signature="checkLoginFunctionality(java.lang.String,java.lang.String,java.lang.String)[pri:1, instance:com.swagLabs.tests.LoginPageTest@40844aab]" started-at="2025-01-13T21:30:14 IST" name="checkLoginFunctionality" description="&lt;html&gt;&lt;body&gt;&lt;b&gt;&lt;pre&gt;&lt;span style=&#039;color:yellow;&#039;&gt;This test verifies the login functionality with testdata provided.&lt;/span&gt;&lt;/pre&gt;&lt;/b&gt;&lt;/body&gt;&lt;/html&gt;" data-provider="loginData" finished-at="2025-01-13T21:30:23 IST" duration-ms="9404" status="PASS">
          <params>
            <param index="0">
              <value>
                <![CDATA[problem_user]]>
              </value>
            </param>
            <param index="1">
              <value>
                <![CDATA[secret_sauce]]>
              </value>
            </param>
            <param index="2">
              <value>
                <![CDATA[pass]]>
              </value>
            </param>
          </params>
          <reporter-output>
          </reporter-output>
        </test-method> <!-- checkLoginFunctionality -->
        <test-method is-config="true" signature="tearDown()[pri:0, instance:com.swagLabs.tests.LoginPageTest@40844aab]" started-at="2025-01-13T21:30:23 IST" name="tearDown" finished-at="2025-01-13T21:30:23 IST" duration-ms="394" status="PASS">
          <reporter-output>
          </reporter-output>
        </test-method> <!-- tearDown -->
        <test-method is-config="true" signature="initializeBrowser(java.lang.String)[pri:0, instance:com.swagLabs.tests.LoginPageTest@40844aab]" started-at="2025-01-13T21:30:23 IST" name="initializeBrowser" finished-at="2025-01-13T21:30:29 IST" duration-ms="5369" status="PASS">
          <params>
            <param index="0">
              <value>
                <![CDATA[chrome]]>
              </value>
            </param>
          </params>
          <reporter-output>
          </reporter-output>
        </test-method> <!-- initializeBrowser -->
        <test-method signature="checkLoginFunctionality(java.lang.String,java.lang.String,java.lang.String)[pri:1, instance:com.swagLabs.tests.LoginPageTest@40844aab]" started-at="2025-01-13T21:30:29 IST" name="checkLoginFunctionality" description="&lt;html&gt;&lt;body&gt;&lt;b&gt;&lt;pre&gt;&lt;span style=&#039;color:yellow;&#039;&gt;This test verifies the login functionality with testdata provided.&lt;/span&gt;&lt;/pre&gt;&lt;/b&gt;&lt;/body&gt;&lt;/html&gt;" data-provider="loginData" finished-at="2025-01-13T21:30:43 IST" duration-ms="14478" status="PASS">
          <params>
            <param index="0">
              <value>
                <![CDATA[performance_glitch_user]]>
              </value>
            </param>
            <param index="1">
              <value>
                <![CDATA[secret_sauce]]>
              </value>
            </param>
            <param index="2">
              <value>
                <![CDATA[pass]]>
              </value>
            </param>
          </params>
          <reporter-output>
          </reporter-output>
        </test-method> <!-- checkLoginFunctionality -->
        <test-method is-config="true" signature="tearDown()[pri:0, instance:com.swagLabs.tests.LoginPageTest@40844aab]" started-at="2025-01-13T21:30:43 IST" name="tearDown" finished-at="2025-01-13T21:30:45 IST" duration-ms="1988" status="PASS">
          <reporter-output>
          </reporter-output>
        </test-method> <!-- tearDown -->
      </class> <!-- com.swagLabs.tests.LoginPageTest -->
    </test> <!-- Test -->
  </suite> <!-- Suite -->
</testng-results>
